[0.142s] Invoking command in '/home/pi/linorobot2_ws/build/linorobot2_description': CMAKE_PREFIX_PATH=${CMAKE_PREFIX_PATH}:/home/pi/linorobot2_ws/install/linorobot2_control:/home/pi/uros_ws/install/my_robot_controller:/opt/ros/humble /usr/bin/cmake --build /home/pi/linorobot2_ws/build/linorobot2_description -- -j4 -l4
[0.365s] Invoked command in '/home/pi/linorobot2_ws/build/linorobot2_description' returned '0': CMAKE_PREFIX_PATH=${CMAKE_PREFIX_PATH}:/home/pi/linorobot2_ws/install/linorobot2_control:/home/pi/uros_ws/install/my_robot_controller:/opt/ros/humble /usr/bin/cmake --build /home/pi/linorobot2_ws/build/linorobot2_description -- -j4 -l4
[0.367s] Invoking command in '/home/pi/linorobot2_ws/build/linorobot2_description': CMAKE_PREFIX_PATH=${CMAKE_PREFIX_PATH}:/home/pi/linorobot2_ws/install/linorobot2_control:/home/pi/uros_ws/install/my_robot_controller:/opt/ros/humble /usr/bin/cmake --install /home/pi/linorobot2_ws/build/linorobot2_description
[0.415s] -- Install configuration: ""
[0.416s] -- Up-to-date: /home/pi/linorobot2_ws/install/linorobot2_description/share/linorobot2_description/launch
[0.416s] -- Up-to-date: /home/pi/linorobot2_ws/install/linorobot2_description/share/linorobot2_description/launch/description.launch.py
[0.417s] -- Up-to-date: /home/pi/linorobot2_ws/install/linorobot2_description/share/linorobot2_description/urdf
[0.418s] -- Up-to-date: /home/pi/linorobot2_ws/install/linorobot2_description/share/linorobot2_description/urdf/mech
[0.420s] -- Up-to-date: /home/pi/linorobot2_ws/install/linorobot2_description/share/linorobot2_description/urdf/mech/base.urdf.xacro
[0.420s] -- Up-to-date: /home/pi/linorobot2_ws/install/linorobot2_description/share/linorobot2_description/urdf/mech/caster_wheel.urdf.xacro
[0.421s] -- Up-to-date: /home/pi/linorobot2_ws/install/linorobot2_description/share/linorobot2_description/urdf/mech/wheel.urdf.xacro
[0.421s] -- Up-to-date: /home/pi/linorobot2_ws/install/linorobot2_description/share/linorobot2_description/urdf/mech/mecanum_wheel.urdf.xacro
[0.422s] -- Up-to-date: /home/pi/linorobot2_ws/install/linorobot2_description/share/linorobot2_description/urdf/2wd_properties.urdf.xacro
[0.423s] -- Up-to-date: /home/pi/linorobot2_ws/install/linorobot2_description/share/linorobot2_description/urdf/mecanum_properties.urdf.xacro
[0.423s] -- Up-to-date: /home/pi/linorobot2_ws/install/linorobot2_description/share/linorobot2_description/urdf/4wd_properties.urdf.xacro
[0.426s] -- Up-to-date: /home/pi/linorobot2_ws/install/linorobot2_description/share/linorobot2_description/urdf/sensors
[0.427s] -- Up-to-date: /home/pi/linorobot2_ws/install/linorobot2_description/share/linorobot2_description/urdf/sensors/imu.urdf.xacro
[0.427s] -- Up-to-date: /home/pi/linorobot2_ws/install/linorobot2_description/share/linorobot2_description/urdf/sensors/depth_sensor.urdf.xacro
[0.428s] -- Up-to-date: /home/pi/linorobot2_ws/install/linorobot2_description/share/linorobot2_description/urdf/sensors/sonar.urdf.xacro
[0.428s] -- Up-to-date: /home/pi/linorobot2_ws/install/linorobot2_description/share/linorobot2_description/urdf/sensors/laser.urdf.xacro
[0.428s] -- Up-to-date: /home/pi/linorobot2_ws/install/linorobot2_description/share/linorobot2_description/urdf/sensors/generic_laser.urdf.xacro
[0.429s] -- Up-to-date: /home/pi/linorobot2_ws/install/linorobot2_description/share/linorobot2_description/urdf/controllers
[0.429s] -- Up-to-date: /home/pi/linorobot2_ws/install/linorobot2_description/share/linorobot2_description/urdf/controllers/skid_steer.urdf.xacro
[0.430s] -- Up-to-date: /home/pi/linorobot2_ws/install/linorobot2_description/share/linorobot2_description/urdf/controllers/diff_drive.urdf.xacro
[0.430s] -- Up-to-date: /home/pi/linorobot2_ws/install/linorobot2_description/share/linorobot2_description/urdf/controllers/omni_drive.urdf.xacro
[0.431s] -- Up-to-date: /home/pi/linorobot2_ws/install/linorobot2_description/share/linorobot2_description/urdf/robots
[0.431s] -- Up-to-date: /home/pi/linorobot2_ws/install/linorobot2_description/share/linorobot2_description/urdf/robots/4wd.urdf.xacro
[0.432s] -- Up-to-date: /home/pi/linorobot2_ws/install/linorobot2_description/share/linorobot2_description/urdf/robots/turtlebot.urdf.xacro
[0.432s] -- Up-to-date: /home/pi/linorobot2_ws/install/linorobot2_description/share/linorobot2_description/urdf/robots/2wd.urdf.xacro
[0.433s] -- Up-to-date: /home/pi/linorobot2_ws/install/linorobot2_description/share/linorobot2_description/urdf/robots/vattenkar.urdf.xacro
[0.433s] -- Up-to-date: /home/pi/linorobot2_ws/install/linorobot2_description/share/linorobot2_description/urdf/robots/mecanum.urdf.xacro
[0.434s] -- Up-to-date: /home/pi/linorobot2_ws/install/linorobot2_description/share/linorobot2_description/rviz
[0.435s] -- Up-to-date: /home/pi/linorobot2_ws/install/linorobot2_description/share/linorobot2_description/rviz/description.rviz
[0.435s] -- Up-to-date: /home/pi/linorobot2_ws/install/linorobot2_description/share/ament_index/resource_index/package_run_dependencies/linorobot2_description
[0.435s] -- Up-to-date: /home/pi/linorobot2_ws/install/linorobot2_description/share/ament_index/resource_index/parent_prefix_path/linorobot2_description
[0.436s] -- Up-to-date: /home/pi/linorobot2_ws/install/linorobot2_description/share/linorobot2_description/environment/ament_prefix_path.sh
[0.436s] -- Up-to-date: /home/pi/linorobot2_ws/install/linorobot2_description/share/linorobot2_description/environment/ament_prefix_path.dsv
[0.437s] -- Up-to-date: /home/pi/linorobot2_ws/install/linorobot2_description/share/linorobot2_description/environment/path.sh
[0.437s] -- Up-to-date: /home/pi/linorobot2_ws/install/linorobot2_description/share/linorobot2_description/environment/path.dsv
[0.438s] -- Up-to-date: /home/pi/linorobot2_ws/install/linorobot2_description/share/linorobot2_description/local_setup.bash
[0.439s] -- Up-to-date: /home/pi/linorobot2_ws/install/linorobot2_description/share/linorobot2_description/local_setup.sh
[0.440s] -- Up-to-date: /home/pi/linorobot2_ws/install/linorobot2_description/share/linorobot2_description/local_setup.zsh
[0.442s] -- Up-to-date: /home/pi/linorobot2_ws/install/linorobot2_description/share/linorobot2_description/local_setup.dsv
[0.442s] -- Installing: /home/pi/linorobot2_ws/install/linorobot2_description/share/linorobot2_description/package.dsv
[0.443s] -- Up-to-date: /home/pi/linorobot2_ws/install/linorobot2_description/share/ament_index/resource_index/packages/linorobot2_description
[0.444s] -- Up-to-date: /home/pi/linorobot2_ws/install/linorobot2_description/share/linorobot2_description/cmake/linorobot2_descriptionConfig.cmake
[0.444s] -- Up-to-date: /home/pi/linorobot2_ws/install/linorobot2_description/share/linorobot2_description/cmake/linorobot2_descriptionConfig-version.cmake
[0.446s] -- Up-to-date: /home/pi/linorobot2_ws/install/linorobot2_description/share/linorobot2_description/package.xml
[0.719s] Invoked command in '/home/pi/linorobot2_ws/build/linorobot2_description' returned '0': CMAKE_PREFIX_PATH=${CMAKE_PREFIX_PATH}:/home/pi/linorobot2_ws/install/linorobot2_control:/home/pi/uros_ws/install/my_robot_controller:/opt/ros/humble /usr/bin/cmake --install /home/pi/linorobot2_ws/build/linorobot2_description
