[0.102s] Invoking command in '/home/pi/linorobot2_ws/build/linorobot2_bringup': CMAKE_PREFIX_PATH=${CMAKE_PREFIX_PATH}:/opt/ros/humble /usr/bin/cmake --build /home/pi/linorobot2_ws/build/linorobot2_bringup -- -j4 -l4
[0.205s] -- Found ament_cmake: 1.3.11 (/opt/ros/humble/share/ament_cmake/cmake)
[1.478s] -- Configuring done
[1.515s] -- Generating done
[1.528s] -- Build files have been written to: /home/pi/linorobot2_ws/build/linorobot2_bringup
[1.655s] Invoked command in '/home/pi/linorobot2_ws/build/linorobot2_bringup' returned '0': CMAKE_PREFIX_PATH=${CMAKE_PREFIX_PATH}:/opt/ros/humble /usr/bin/cmake --build /home/pi/linorobot2_ws/build/linorobot2_bringup -- -j4 -l4
[1.657s] Invoking command in '/home/pi/linorobot2_ws/build/linorobot2_bringup': CMAKE_PREFIX_PATH=${CMAKE_PREFIX_PATH}:/opt/ros/humble /usr/bin/cmake --install /home/pi/linorobot2_ws/build/linorobot2_bringup
[1.716s] -- Install configuration: ""
[1.717s] -- Up-to-date: /home/pi/linorobot2_ws/install/linorobot2_bringup/share/linorobot2_bringup/launch
[1.717s] -- Installing: /home/pi/linorobot2_ws/install/linorobot2_bringup/share/linorobot2_bringup/launch/extra.launch.py
[1.718s] -- Installing: /home/pi/linorobot2_ws/install/linorobot2_bringup/share/linorobot2_bringup/launch/bringup.launch.py
[1.719s] -- Installing: /home/pi/linorobot2_ws/install/linorobot2_bringup/share/linorobot2_bringup/launch/depth.launch.py
[1.721s] -- Installing: /home/pi/linorobot2_ws/install/linorobot2_bringup/share/linorobot2_bringup/launch/joy_teleop.launch.py
[1.721s] -- Installing: /home/pi/linorobot2_ws/install/linorobot2_bringup/share/linorobot2_bringup/launch/lasers.launch.py
[1.722s] -- Installing: /home/pi/linorobot2_ws/install/linorobot2_bringup/share/linorobot2_bringup/launch/sensors.launch.py
[1.726s] -- Installing: /home/pi/linorobot2_ws/install/linorobot2_bringup/share/linorobot2_bringup/launch/custom_robot.launch.py
[1.727s] -- Installing: /home/pi/linorobot2_ws/install/linorobot2_bringup/share/linorobot2_bringup/launch/default_robot.launch.py
[1.729s] -- Up-to-date: /home/pi/linorobot2_ws/install/linorobot2_bringup/share/linorobot2_bringup/config
[1.730s] -- Installing: /home/pi/linorobot2_ws/install/linorobot2_bringup/share/linorobot2_bringup/config/box_laser_filter.yaml
[1.730s] -- Installing: /home/pi/linorobot2_ws/install/linorobot2_bringup/share/linorobot2_bringup/config/zed_common.yaml
[1.731s] -- Installing: /home/pi/linorobot2_ws/install/linorobot2_bringup/share/linorobot2_bringup/config/joy.yaml
[1.734s] -- Installing: /home/pi/linorobot2_ws/install/linorobot2_bringup/share/linorobot2_bringup/config/laser_filter.yaml
[1.735s] -- Installing: /home/pi/linorobot2_ws/install/linorobot2_bringup/share/linorobot2_bringup/config/fake_laser.yaml
[1.736s] -- Up-to-date: /home/pi/linorobot2_ws/install/linorobot2_bringup/share/ament_index/resource_index/package_run_dependencies/linorobot2_bringup
[1.737s] -- Up-to-date: /home/pi/linorobot2_ws/install/linorobot2_bringup/share/ament_index/resource_index/parent_prefix_path/linorobot2_bringup
[1.738s] -- Up-to-date: /home/pi/linorobot2_ws/install/linorobot2_bringup/share/linorobot2_bringup/environment/ament_prefix_path.sh
[1.741s] -- Installing: /home/pi/linorobot2_ws/install/linorobot2_bringup/share/linorobot2_bringup/environment/ament_prefix_path.dsv
[1.741s] -- Up-to-date: /home/pi/linorobot2_ws/install/linorobot2_bringup/share/linorobot2_bringup/environment/path.sh
[1.742s] -- Installing: /home/pi/linorobot2_ws/install/linorobot2_bringup/share/linorobot2_bringup/environment/path.dsv
[1.744s] -- Up-to-date: /home/pi/linorobot2_ws/install/linorobot2_bringup/share/linorobot2_bringup/local_setup.bash
[1.745s] -- Up-to-date: /home/pi/linorobot2_ws/install/linorobot2_bringup/share/linorobot2_bringup/local_setup.sh
[1.746s] -- Up-to-date: /home/pi/linorobot2_ws/install/linorobot2_bringup/share/linorobot2_bringup/local_setup.zsh
[1.750s] -- Installing: /home/pi/linorobot2_ws/install/linorobot2_bringup/share/linorobot2_bringup/local_setup.dsv
[1.751s] -- Installing: /home/pi/linorobot2_ws/install/linorobot2_bringup/share/linorobot2_bringup/package.dsv
[1.754s] -- Up-to-date: /home/pi/linorobot2_ws/install/linorobot2_bringup/share/ament_index/resource_index/packages/linorobot2_bringup
[1.756s] -- Up-to-date: /home/pi/linorobot2_ws/install/linorobot2_bringup/share/linorobot2_bringup/cmake/linorobot2_bringupConfig.cmake
[1.761s] -- Up-to-date: /home/pi/linorobot2_ws/install/linorobot2_bringup/share/linorobot2_bringup/cmake/linorobot2_bringupConfig-version.cmake
[1.762s] -- Installing: /home/pi/linorobot2_ws/install/linorobot2_bringup/share/linorobot2_bringup/package.xml
[1.930s] Invoked command in '/home/pi/linorobot2_ws/build/linorobot2_bringup' returned '0': CMAKE_PREFIX_PATH=${CMAKE_PREFIX_PATH}:/opt/ros/humble /usr/bin/cmake --install /home/pi/linorobot2_ws/build/linorobot2_bringup
