[0.122s] Invoking command in '/home/pi/linorobot2_ws/src/build/linorobot2_bringup': CMAKE_PREFIX_PATH=${CMAKE_PREFIX_PATH}:/home/pi/linorobot2_ws/install/linorobot2_rect:/home/pi/uros_ws/install/my_robot_controller:/opt/ros/humble /usr/bin/cmake --build /home/pi/linorobot2_ws/src/build/linorobot2_bringup -- -j4 -l4
[0.278s] -- Found ament_cmake: 1.3.11 (/opt/ros/humble/share/ament_cmake/cmake)
[3.460s] -- Configuring done
[3.843s] -- Generating done
[3.844s] -- Build files have been written to: /home/pi/linorobot2_ws/src/build/linorobot2_bringup
[4.628s] Invoked command in '/home/pi/linorobot2_ws/src/build/linorobot2_bringup' returned '0': CMAKE_PREFIX_PATH=${CMAKE_PREFIX_PATH}:/home/pi/linorobot2_ws/install/linorobot2_rect:/home/pi/uros_ws/install/my_robot_controller:/opt/ros/humble /usr/bin/cmake --build /home/pi/linorobot2_ws/src/build/linorobot2_bringup -- -j4 -l4
[4.731s] Invoking command in '/home/pi/linorobot2_ws/src/build/linorobot2_bringup': CMAKE_PREFIX_PATH=${CMAKE_PREFIX_PATH}:/home/pi/linorobot2_ws/install/linorobot2_rect:/home/pi/uros_ws/install/my_robot_controller:/opt/ros/humble /usr/bin/cmake --install /home/pi/linorobot2_ws/src/build/linorobot2_bringup
[4.872s] -- Install configuration: ""
[4.872s] -- Up-to-date: /home/pi/linorobot2_ws/src/install/linorobot2_bringup/share/linorobot2_bringup/launch
[4.967s] -- Installing: /home/pi/linorobot2_ws/src/install/linorobot2_bringup/share/linorobot2_bringup/launch/extra.launch.py
[4.970s] -- Installing: /home/pi/linorobot2_ws/src/install/linorobot2_bringup/share/linorobot2_bringup/launch/bringup.launch.py
[4.977s] -- Installing: /home/pi/linorobot2_ws/src/install/linorobot2_bringup/share/linorobot2_bringup/launch/depth.launch.py
[5.104s] -- Installing: /home/pi/linorobot2_ws/src/install/linorobot2_bringup/share/linorobot2_bringup/launch/joy_teleop.launch.py
[5.108s] -- Installing: /home/pi/linorobot2_ws/src/install/linorobot2_bringup/share/linorobot2_bringup/launch/lasers.launch.py
[5.116s] -- Installing: /home/pi/linorobot2_ws/src/install/linorobot2_bringup/share/linorobot2_bringup/launch/sensors.launch.py
[5.231s] -- Installing: /home/pi/linorobot2_ws/src/install/linorobot2_bringup/share/linorobot2_bringup/launch/custom_robot.launch.py
[5.246s] -- Installing: /home/pi/linorobot2_ws/src/install/linorobot2_bringup/share/linorobot2_bringup/launch/default_robot.launch.py
[5.363s] -- Up-to-date: /home/pi/linorobot2_ws/src/install/linorobot2_bringup/share/linorobot2_bringup/config
[5.501s] -- Installing: /home/pi/linorobot2_ws/src/install/linorobot2_bringup/share/linorobot2_bringup/config/box_laser_filter.yaml
[5.504s] -- Installing: /home/pi/linorobot2_ws/src/install/linorobot2_bringup/share/linorobot2_bringup/config/zed_common.yaml
[5.518s] -- Installing: /home/pi/linorobot2_ws/src/install/linorobot2_bringup/share/linorobot2_bringup/config/joy.yaml
[5.616s] -- Installing: /home/pi/linorobot2_ws/src/install/linorobot2_bringup/share/linorobot2_bringup/config/laser_filter.yaml
[5.619s] -- Installing: /home/pi/linorobot2_ws/src/install/linorobot2_bringup/share/linorobot2_bringup/config/fake_laser.yaml
[5.734s] -- Up-to-date: /home/pi/linorobot2_ws/src/install/linorobot2_bringup/share/ament_index/resource_index/package_run_dependencies/linorobot2_bringup
[5.736s] -- Installing: /home/pi/linorobot2_ws/src/install/linorobot2_bringup/share/ament_index/resource_index/parent_prefix_path/linorobot2_bringup
[5.867s] -- Installing: /home/pi/linorobot2_ws/src/install/linorobot2_bringup/share/linorobot2_bringup/environment/ament_prefix_path.sh
[5.868s] -- Installing: /home/pi/linorobot2_ws/src/install/linorobot2_bringup/share/linorobot2_bringup/environment/ament_prefix_path.dsv
[5.869s] -- Installing: /home/pi/linorobot2_ws/src/install/linorobot2_bringup/share/linorobot2_bringup/environment/path.sh
[5.871s] -- Installing: /home/pi/linorobot2_ws/src/install/linorobot2_bringup/share/linorobot2_bringup/environment/path.dsv
[5.872s] -- Up-to-date: /home/pi/linorobot2_ws/src/install/linorobot2_bringup/share/linorobot2_bringup/local_setup.bash
[5.873s] -- Up-to-date: /home/pi/linorobot2_ws/src/install/linorobot2_bringup/share/linorobot2_bringup/local_setup.sh
[5.873s] -- Up-to-date: /home/pi/linorobot2_ws/src/install/linorobot2_bringup/share/linorobot2_bringup/local_setup.zsh
[5.874s] -- Installing: /home/pi/linorobot2_ws/src/install/linorobot2_bringup/share/linorobot2_bringup/local_setup.dsv
[5.886s] -- Installing: /home/pi/linorobot2_ws/src/install/linorobot2_bringup/share/linorobot2_bringup/package.dsv
[5.984s] -- Up-to-date: /home/pi/linorobot2_ws/src/install/linorobot2_bringup/share/ament_index/resource_index/packages/linorobot2_bringup
[5.988s] -- Up-to-date: /home/pi/linorobot2_ws/src/install/linorobot2_bringup/share/linorobot2_bringup/cmake/linorobot2_bringupConfig.cmake
[5.989s] -- Up-to-date: /home/pi/linorobot2_ws/src/install/linorobot2_bringup/share/linorobot2_bringup/cmake/linorobot2_bringupConfig-version.cmake
[5.990s] -- Installing: /home/pi/linorobot2_ws/src/install/linorobot2_bringup/share/linorobot2_bringup/package.xml
[6.263s] Invoked command in '/home/pi/linorobot2_ws/src/build/linorobot2_bringup' returned '0': CMAKE_PREFIX_PATH=${CMAKE_PREFIX_PATH}:/home/pi/linorobot2_ws/install/linorobot2_rect:/home/pi/uros_ws/install/my_robot_controller:/opt/ros/humble /usr/bin/cmake --install /home/pi/linorobot2_ws/src/build/linorobot2_bringup
