[0.120s] Invoking command in '/home/pi/linorobot2_ws/build/linorobot2': CMAKE_PREFIX_PATH=${CMAKE_PREFIX_PATH}:/opt/ros/humble /usr/bin/cmake --build /home/pi/linorobot2_ws/build/linorobot2 -- -j4 -l4
[0.318s] Invoked command in '/home/pi/linorobot2_ws/build/linorobot2' returned '0': CMAKE_PREFIX_PATH=${CMAKE_PREFIX_PATH}:/opt/ros/humble /usr/bin/cmake --build /home/pi/linorobot2_ws/build/linorobot2 -- -j4 -l4
[0.359s] Invoking command in '/home/pi/linorobot2_ws/build/linorobot2': CMAKE_PREFIX_PATH=${CMAKE_PREFIX_PATH}:/opt/ros/humble /usr/bin/cmake --install /home/pi/linorobot2_ws/build/linorobot2
[0.390s] -- Install configuration: ""
[0.391s] -- Up-to-date: /home/pi/linorobot2_ws/install/linorobot2/share/ament_index/resource_index/package_run_dependencies/linorobot2
[0.395s] -- Up-to-date: /home/pi/linorobot2_ws/install/linorobot2/share/ament_index/resource_index/parent_prefix_path/linorobot2
[0.396s] -- Up-to-date: /home/pi/linorobot2_ws/install/linorobot2/share/linorobot2/environment/ament_prefix_path.sh
[0.396s] -- Up-to-date: /home/pi/linorobot2_ws/install/linorobot2/share/linorobot2/environment/ament_prefix_path.dsv
[0.397s] -- Up-to-date: /home/pi/linorobot2_ws/install/linorobot2/share/linorobot2/environment/path.sh
[0.399s] -- Up-to-date: /home/pi/linorobot2_ws/install/linorobot2/share/linorobot2/environment/path.dsv
[0.400s] -- Up-to-date: /home/pi/linorobot2_ws/install/linorobot2/share/linorobot2/local_setup.bash
[0.404s] -- Up-to-date: /home/pi/linorobot2_ws/install/linorobot2/share/linorobot2/local_setup.sh
[0.406s] -- Up-to-date: /home/pi/linorobot2_ws/install/linorobot2/share/linorobot2/local_setup.zsh
[0.408s] -- Up-to-date: /home/pi/linorobot2_ws/install/linorobot2/share/linorobot2/local_setup.dsv
[0.409s] -- Up-to-date: /home/pi/linorobot2_ws/install/linorobot2/share/linorobot2/package.dsv
[0.410s] -- Up-to-date: /home/pi/linorobot2_ws/install/linorobot2/share/ament_index/resource_index/packages/linorobot2
[0.412s] -- Up-to-date: /home/pi/linorobot2_ws/install/linorobot2/share/linorobot2/cmake/linorobot2Config.cmake
[0.413s] -- Up-to-date: /home/pi/linorobot2_ws/install/linorobot2/share/linorobot2/cmake/linorobot2Config-version.cmake
[0.414s] -- Up-to-date: /home/pi/linorobot2_ws/install/linorobot2/share/linorobot2/package.xml
[0.452s] Invoked command in '/home/pi/linorobot2_ws/build/linorobot2' returned '0': CMAKE_PREFIX_PATH=${CMAKE_PREFIX_PATH}:/opt/ros/humble /usr/bin/cmake --install /home/pi/linorobot2_ws/build/linorobot2
