[0.417s] DEBUG:colcon:Command line arguments: ['/usr/bin/colcon', 'build']
[0.418s] DEBUG:colcon:Parsed command line arguments: Namespace(log_base=None, log_level=None, verb_name='build', build_base='build', install_base='install', merge_install=False, symlink_install=False, test_result_base=None, continue_on_error=False, executor='parallel', parallel_workers=4, event_handlers=None, ignore_user_meta=False, metas=['./colcon.meta'], base_paths=['.'], packages_ignore=None, packages_ignore_regex=None, paths=None, packages_up_to=None, packages_up_to_regex=None, packages_above=None, packages_above_and_dependencies=None, packages_above_depth=None, packages_select_by_dep=None, packages_skip_by_dep=None, packages_skip_up_to=None, packages_select_build_failed=False, packages_skip_build_finished=False, packages_select_test_failures=False, packages_skip_test_passed=False, packages_select=None, packages_skip=None, packages_select_regex=None, packages_skip_regex=None, packages_start=None, packages_end=None, allow_overriding=[], cmake_args=None, cmake_target=None, cmake_target_skip_unavailable=False, cmake_clean_cache=False, cmake_clean_first=False, cmake_force_configure=False, ament_cmake_args=None, catkin_cmake_args=None, catkin_skip_building_tests=False, verb_parser=<colcon_defaults.argument_parser.defaults.DefaultArgumentsDecorator object at 0xffffbad26b00>, verb_extension=<colcon_core.verb.build.BuildVerb object at 0xffffbae68130>, main=<bound method BuildVerb.main of <colcon_core.verb.build.BuildVerb object at 0xffffbae68130>>)
[1.125s] Level 1:colcon.colcon_core.package_discovery:discover_packages(colcon_meta) check parameters
[1.125s] Level 1:colcon.colcon_core.package_discovery:discover_packages(recursive) check parameters
[1.125s] Level 1:colcon.colcon_core.package_discovery:discover_packages(ignore) check parameters
[1.125s] Level 1:colcon.colcon_core.package_discovery:discover_packages(path) check parameters
[1.125s] Level 1:colcon.colcon_core.package_discovery:discover_packages(colcon_meta) discover
[1.126s] Level 1:colcon.colcon_core.package_discovery:discover_packages(recursive) discover
[1.126s] INFO:colcon.colcon_core.package_discovery:Crawling recursively for packages in '/home/pi/linorobot2_ws'
[1.126s] Level 1:colcon.colcon_core.package_identification:_identify(.) by extensions ['ignore', 'ignore_ament_install']
[1.126s] Level 1:colcon.colcon_core.package_identification:_identify(.) by extension 'ignore'
[1.127s] Level 1:colcon.colcon_core.package_identification:_identify(.) by extension 'ignore_ament_install'
[1.127s] Level 1:colcon.colcon_core.package_identification:_identify(.) by extensions ['colcon_pkg']
[1.127s] Level 1:colcon.colcon_core.package_identification:_identify(.) by extension 'colcon_pkg'
[1.127s] Level 1:colcon.colcon_core.package_identification:_identify(.) by extensions ['colcon_meta']
[1.127s] Level 1:colcon.colcon_core.package_identification:_identify(.) by extension 'colcon_meta'
[1.127s] Level 1:colcon.colcon_core.package_identification:_identify(.) by extensions ['ros']
[1.128s] Level 1:colcon.colcon_core.package_identification:_identify(.) by extension 'ros'
[1.171s] Level 1:colcon.colcon_core.package_identification:_identify(.) by extensions ['cmake', 'python']
[1.171s] Level 1:colcon.colcon_core.package_identification:_identify(.) by extension 'cmake'
[1.172s] Level 1:colcon.colcon_core.package_identification:_identify(.) by extension 'python'
[1.172s] Level 1:colcon.colcon_core.package_identification:_identify(.) by extensions ['python_setup_py']
[1.172s] Level 1:colcon.colcon_core.package_identification:_identify(.) by extension 'python_setup_py'
[1.172s] Level 1:colcon.colcon_core.package_identification:_identify(build) by extensions ['ignore', 'ignore_ament_install']
[1.173s] Level 1:colcon.colcon_core.package_identification:_identify(build) by extension 'ignore'
[1.173s] Level 1:colcon.colcon_core.package_identification:_identify(build) ignored
[1.173s] Level 1:colcon.colcon_core.package_identification:_identify(install) by extensions ['ignore', 'ignore_ament_install']
[1.174s] Level 1:colcon.colcon_core.package_identification:_identify(install) by extension 'ignore'
[1.174s] Level 1:colcon.colcon_core.package_identification:_identify(install) ignored
[1.174s] Level 1:colcon.colcon_core.package_identification:_identify(log) by extensions ['ignore', 'ignore_ament_install']
[1.175s] Level 1:colcon.colcon_core.package_identification:_identify(log) by extension 'ignore'
[1.175s] Level 1:colcon.colcon_core.package_identification:_identify(log) ignored
[1.175s] Level 1:colcon.colcon_core.package_identification:_identify(src) by extensions ['ignore', 'ignore_ament_install']
[1.175s] Level 1:colcon.colcon_core.package_identification:_identify(src) by extension 'ignore'
[1.176s] Level 1:colcon.colcon_core.package_identification:_identify(src) by extension 'ignore_ament_install'
[1.176s] Level 1:colcon.colcon_core.package_identification:_identify(src) by extensions ['colcon_pkg']
[1.176s] Level 1:colcon.colcon_core.package_identification:_identify(src) by extension 'colcon_pkg'
[1.176s] Level 1:colcon.colcon_core.package_identification:_identify(src) by extensions ['colcon_meta']
[1.176s] Level 1:colcon.colcon_core.package_identification:_identify(src) by extension 'colcon_meta'
[1.176s] Level 1:colcon.colcon_core.package_identification:_identify(src) by extensions ['ros']
[1.177s] Level 1:colcon.colcon_core.package_identification:_identify(src) by extension 'ros'
[1.177s] Level 1:colcon.colcon_core.package_identification:_identify(src) by extensions ['cmake', 'python']
[1.177s] Level 1:colcon.colcon_core.package_identification:_identify(src) by extension 'cmake'
[1.177s] Level 1:colcon.colcon_core.package_identification:_identify(src) by extension 'python'
[1.177s] Level 1:colcon.colcon_core.package_identification:_identify(src) by extensions ['python_setup_py']
[1.177s] Level 1:colcon.colcon_core.package_identification:_identify(src) by extension 'python_setup_py'
[1.178s] Level 1:colcon.colcon_core.package_identification:_identify(src/linorobot2) by extensions ['ignore', 'ignore_ament_install']
[1.178s] Level 1:colcon.colcon_core.package_identification:_identify(src/linorobot2) by extension 'ignore'
[1.178s] Level 1:colcon.colcon_core.package_identification:_identify(src/linorobot2) by extension 'ignore_ament_install'
[1.179s] Level 1:colcon.colcon_core.package_identification:_identify(src/linorobot2) by extensions ['colcon_pkg']
[1.179s] Level 1:colcon.colcon_core.package_identification:_identify(src/linorobot2) by extension 'colcon_pkg'
[1.179s] Level 1:colcon.colcon_core.package_identification:_identify(src/linorobot2) by extensions ['colcon_meta']
[1.179s] Level 1:colcon.colcon_core.package_identification:_identify(src/linorobot2) by extension 'colcon_meta'
[1.179s] Level 1:colcon.colcon_core.package_identification:_identify(src/linorobot2) by extensions ['ros']
[1.179s] Level 1:colcon.colcon_core.package_identification:_identify(src/linorobot2) by extension 'ros'
[1.180s] Level 1:colcon.colcon_core.package_identification:_identify(src/linorobot2) by extensions ['cmake', 'python']
[1.180s] Level 1:colcon.colcon_core.package_identification:_identify(src/linorobot2) by extension 'cmake'
[1.180s] Level 1:colcon.colcon_core.package_identification:_identify(src/linorobot2) by extension 'python'
[1.180s] Level 1:colcon.colcon_core.package_identification:_identify(src/linorobot2) by extensions ['python_setup_py']
[1.180s] Level 1:colcon.colcon_core.package_identification:_identify(src/linorobot2) by extension 'python_setup_py'
[1.181s] Level 1:colcon.colcon_core.package_identification:_identify(src/linorobot2/docker) by extensions ['ignore', 'ignore_ament_install']
[1.181s] Level 1:colcon.colcon_core.package_identification:_identify(src/linorobot2/docker) by extension 'ignore'
[1.181s] Level 1:colcon.colcon_core.package_identification:_identify(src/linorobot2/docker) by extension 'ignore_ament_install'
[1.181s] Level 1:colcon.colcon_core.package_identification:_identify(src/linorobot2/docker) by extensions ['colcon_pkg']
[1.181s] Level 1:colcon.colcon_core.package_identification:_identify(src/linorobot2/docker) by extension 'colcon_pkg'
[1.182s] Level 1:colcon.colcon_core.package_identification:_identify(src/linorobot2/docker) by extensions ['colcon_meta']
[1.182s] Level 1:colcon.colcon_core.package_identification:_identify(src/linorobot2/docker) by extension 'colcon_meta'
[1.182s] Level 1:colcon.colcon_core.package_identification:_identify(src/linorobot2/docker) by extensions ['ros']
[1.182s] Level 1:colcon.colcon_core.package_identification:_identify(src/linorobot2/docker) by extension 'ros'
[1.182s] Level 1:colcon.colcon_core.package_identification:_identify(src/linorobot2/docker) by extensions ['cmake', 'python']
[1.183s] Level 1:colcon.colcon_core.package_identification:_identify(src/linorobot2/docker) by extension 'cmake'
[1.183s] Level 1:colcon.colcon_core.package_identification:_identify(src/linorobot2/docker) by extension 'python'
[1.183s] Level 1:colcon.colcon_core.package_identification:_identify(src/linorobot2/docker) by extensions ['python_setup_py']
[1.183s] Level 1:colcon.colcon_core.package_identification:_identify(src/linorobot2/docker) by extension 'python_setup_py'
[1.183s] Level 1:colcon.colcon_core.package_identification:_identify(src/linorobot2/docs) by extensions ['ignore', 'ignore_ament_install']
[1.184s] Level 1:colcon.colcon_core.package_identification:_identify(src/linorobot2/docs) by extension 'ignore'
[1.184s] Level 1:colcon.colcon_core.package_identification:_identify(src/linorobot2/docs) by extension 'ignore_ament_install'
[1.184s] Level 1:colcon.colcon_core.package_identification:_identify(src/linorobot2/docs) by extensions ['colcon_pkg']
[1.184s] Level 1:colcon.colcon_core.package_identification:_identify(src/linorobot2/docs) by extension 'colcon_pkg'
[1.184s] Level 1:colcon.colcon_core.package_identification:_identify(src/linorobot2/docs) by extensions ['colcon_meta']
[1.185s] Level 1:colcon.colcon_core.package_identification:_identify(src/linorobot2/docs) by extension 'colcon_meta'
[1.185s] Level 1:colcon.colcon_core.package_identification:_identify(src/linorobot2/docs) by extensions ['ros']
[1.185s] Level 1:colcon.colcon_core.package_identification:_identify(src/linorobot2/docs) by extension 'ros'
[1.185s] Level 1:colcon.colcon_core.package_identification:_identify(src/linorobot2/docs) by extensions ['cmake', 'python']
[1.185s] Level 1:colcon.colcon_core.package_identification:_identify(src/linorobot2/docs) by extension 'cmake'
[1.186s] Level 1:colcon.colcon_core.package_identification:_identify(src/linorobot2/docs) by extension 'python'
[1.186s] Level 1:colcon.colcon_core.package_identification:_identify(src/linorobot2/docs) by extensions ['python_setup_py']
[1.186s] Level 1:colcon.colcon_core.package_identification:_identify(src/linorobot2/docs) by extension 'python_setup_py'
[1.186s] Level 1:colcon.colcon_core.package_identification:_identify(src/linorobot2/linorobot2) by extensions ['ignore', 'ignore_ament_install']
[1.186s] Level 1:colcon.colcon_core.package_identification:_identify(src/linorobot2/linorobot2) by extension 'ignore'
[1.187s] Level 1:colcon.colcon_core.package_identification:_identify(src/linorobot2/linorobot2) by extension 'ignore_ament_install'
[1.187s] Level 1:colcon.colcon_core.package_identification:_identify(src/linorobot2/linorobot2) by extensions ['colcon_pkg']
[1.187s] Level 1:colcon.colcon_core.package_identification:_identify(src/linorobot2/linorobot2) by extension 'colcon_pkg'
[1.187s] Level 1:colcon.colcon_core.package_identification:_identify(src/linorobot2/linorobot2) by extensions ['colcon_meta']
[1.187s] Level 1:colcon.colcon_core.package_identification:_identify(src/linorobot2/linorobot2) by extension 'colcon_meta'
[1.188s] Level 1:colcon.colcon_core.package_identification:_identify(src/linorobot2/linorobot2) by extensions ['ros']
[1.188s] Level 1:colcon.colcon_core.package_identification:_identify(src/linorobot2/linorobot2) by extension 'ros'
[1.196s] DEBUG:colcon.colcon_core.package_identification:Package 'src/linorobot2/linorobot2' with type 'ros.ament_cmake' and name 'linorobot2'
[1.197s] Level 1:colcon.colcon_core.package_identification:_identify(src/linorobot2/linorobot2_base) by extensions ['ignore', 'ignore_ament_install']
[1.197s] Level 1:colcon.colcon_core.package_identification:_identify(src/linorobot2/linorobot2_base) by extension 'ignore'
[1.197s] Level 1:colcon.colcon_core.package_identification:_identify(src/linorobot2/linorobot2_base) by extension 'ignore_ament_install'
[1.198s] Level 1:colcon.colcon_core.package_identification:_identify(src/linorobot2/linorobot2_base) by extensions ['colcon_pkg']
[1.198s] Level 1:colcon.colcon_core.package_identification:_identify(src/linorobot2/linorobot2_base) by extension 'colcon_pkg'
[1.198s] Level 1:colcon.colcon_core.package_identification:_identify(src/linorobot2/linorobot2_base) by extensions ['colcon_meta']
[1.198s] Level 1:colcon.colcon_core.package_identification:_identify(src/linorobot2/linorobot2_base) by extension 'colcon_meta'
[1.198s] Level 1:colcon.colcon_core.package_identification:_identify(src/linorobot2/linorobot2_base) by extensions ['ros']
[1.198s] Level 1:colcon.colcon_core.package_identification:_identify(src/linorobot2/linorobot2_base) by extension 'ros'
[1.201s] DEBUG:colcon.colcon_core.package_identification:Package 'src/linorobot2/linorobot2_base' with type 'ros.ament_cmake' and name 'linorobot2_base'
[1.201s] Level 1:colcon.colcon_core.package_identification:_identify(src/linorobot2/linorobot2_bringup) by extensions ['ignore', 'ignore_ament_install']
[1.201s] Level 1:colcon.colcon_core.package_identification:_identify(src/linorobot2/linorobot2_bringup) by extension 'ignore'
[1.202s] Level 1:colcon.colcon_core.package_identification:_identify(src/linorobot2/linorobot2_bringup) by extension 'ignore_ament_install'
[1.202s] Level 1:colcon.colcon_core.package_identification:_identify(src/linorobot2/linorobot2_bringup) by extensions ['colcon_pkg']
[1.202s] Level 1:colcon.colcon_core.package_identification:_identify(src/linorobot2/linorobot2_bringup) by extension 'colcon_pkg'
[1.202s] Level 1:colcon.colcon_core.package_identification:_identify(src/linorobot2/linorobot2_bringup) by extensions ['colcon_meta']
[1.202s] Level 1:colcon.colcon_core.package_identification:_identify(src/linorobot2/linorobot2_bringup) by extension 'colcon_meta'
[1.203s] Level 1:colcon.colcon_core.package_identification:_identify(src/linorobot2/linorobot2_bringup) by extensions ['ros']
[1.203s] Level 1:colcon.colcon_core.package_identification:_identify(src/linorobot2/linorobot2_bringup) by extension 'ros'
[1.205s] DEBUG:colcon.colcon_core.package_identification:Package 'src/linorobot2/linorobot2_bringup' with type 'ros.ament_cmake' and name 'linorobot2_bringup'
[1.206s] Level 1:colcon.colcon_core.package_identification:_identify(src/linorobot2/linorobot2_description) by extensions ['ignore', 'ignore_ament_install']
[1.206s] Level 1:colcon.colcon_core.package_identification:_identify(src/linorobot2/linorobot2_description) by extension 'ignore'
[1.206s] Level 1:colcon.colcon_core.package_identification:_identify(src/linorobot2/linorobot2_description) by extension 'ignore_ament_install'
[1.207s] Level 1:colcon.colcon_core.package_identification:_identify(src/linorobot2/linorobot2_description) by extensions ['colcon_pkg']
[1.207s] Level 1:colcon.colcon_core.package_identification:_identify(src/linorobot2/linorobot2_description) by extension 'colcon_pkg'
[1.207s] Level 1:colcon.colcon_core.package_identification:_identify(src/linorobot2/linorobot2_description) by extensions ['colcon_meta']
[1.207s] Level 1:colcon.colcon_core.package_identification:_identify(src/linorobot2/linorobot2_description) by extension 'colcon_meta'
[1.207s] Level 1:colcon.colcon_core.package_identification:_identify(src/linorobot2/linorobot2_description) by extensions ['ros']
[1.207s] Level 1:colcon.colcon_core.package_identification:_identify(src/linorobot2/linorobot2_description) by extension 'ros'
[1.210s] DEBUG:colcon.colcon_core.package_identification:Package 'src/linorobot2/linorobot2_description' with type 'ros.ament_cmake' and name 'linorobot2_description'
[1.210s] Level 1:colcon.colcon_core.package_identification:_identify(src/linorobot2/linorobot2_gazebo) by extensions ['ignore', 'ignore_ament_install']
[1.211s] Level 1:colcon.colcon_core.package_identification:_identify(src/linorobot2/linorobot2_gazebo) by extension 'ignore'
[1.211s] Level 1:colcon.colcon_core.package_identification:_identify(src/linorobot2/linorobot2_gazebo) ignored
[1.211s] Level 1:colcon.colcon_core.package_identification:_identify(src/linorobot2/linorobot2_navigation) by extensions ['ignore', 'ignore_ament_install']
[1.212s] Level 1:colcon.colcon_core.package_identification:_identify(src/linorobot2/linorobot2_navigation) by extension 'ignore'
[1.212s] Level 1:colcon.colcon_core.package_identification:_identify(src/linorobot2/linorobot2_navigation) by extension 'ignore_ament_install'
[1.212s] Level 1:colcon.colcon_core.package_identification:_identify(src/linorobot2/linorobot2_navigation) by extensions ['colcon_pkg']
[1.212s] Level 1:colcon.colcon_core.package_identification:_identify(src/linorobot2/linorobot2_navigation) by extension 'colcon_pkg'
[1.213s] Level 1:colcon.colcon_core.package_identification:_identify(src/linorobot2/linorobot2_navigation) by extensions ['colcon_meta']
[1.213s] Level 1:colcon.colcon_core.package_identification:_identify(src/linorobot2/linorobot2_navigation) by extension 'colcon_meta'
[1.213s] Level 1:colcon.colcon_core.package_identification:_identify(src/linorobot2/linorobot2_navigation) by extensions ['ros']
[1.213s] Level 1:colcon.colcon_core.package_identification:_identify(src/linorobot2/linorobot2_navigation) by extension 'ros'
[1.215s] DEBUG:colcon.colcon_core.package_identification:Package 'src/linorobot2/linorobot2_navigation' with type 'ros.ament_cmake' and name 'linorobot2_navigation'
[1.216s] Level 1:colcon.colcon_core.package_identification:_identify(src/sllidar_ros2) by extensions ['ignore', 'ignore_ament_install']
[1.216s] Level 1:colcon.colcon_core.package_identification:_identify(src/sllidar_ros2) by extension 'ignore'
[1.216s] Level 1:colcon.colcon_core.package_identification:_identify(src/sllidar_ros2) by extension 'ignore_ament_install'
[1.217s] Level 1:colcon.colcon_core.package_identification:_identify(src/sllidar_ros2) by extensions ['colcon_pkg']
[1.217s] Level 1:colcon.colcon_core.package_identification:_identify(src/sllidar_ros2) by extension 'colcon_pkg'
[1.217s] Level 1:colcon.colcon_core.package_identification:_identify(src/sllidar_ros2) by extensions ['colcon_meta']
[1.217s] Level 1:colcon.colcon_core.package_identification:_identify(src/sllidar_ros2) by extension 'colcon_meta'
[1.217s] Level 1:colcon.colcon_core.package_identification:_identify(src/sllidar_ros2) by extensions ['ros']
[1.217s] Level 1:colcon.colcon_core.package_identification:_identify(src/sllidar_ros2) by extension 'ros'
[1.220s] DEBUG:colcon.colcon_core.package_identification:Package 'src/sllidar_ros2' with type 'ros.ament_cmake' and name 'sllidar_ros2'
[1.220s] Level 1:colcon.colcon_core.package_discovery:discover_packages(recursive) using defaults
[1.220s] Level 1:colcon.colcon_core.package_discovery:discover_packages(ignore) discover
[1.220s] Level 1:colcon.colcon_core.package_discovery:discover_packages(ignore) using defaults
[1.220s] Level 1:colcon.colcon_core.package_discovery:discover_packages(path) discover
[1.221s] Level 1:colcon.colcon_core.package_discovery:discover_packages(path) using defaults
[1.333s] Level 1:colcon.colcon_core.package_discovery:discover_packages(prefix_path) check parameters
[1.333s] Level 1:colcon.colcon_core.package_discovery:discover_packages(prefix_path) discover
[1.339s] WARNING:colcon.colcon_ros.prefix_path.ament:The path '/home/pi/linorobot2_ws/install/micro_ros_setup' in the environment variable AMENT_PREFIX_PATH doesn't exist
[1.339s] WARNING:colcon.colcon_ros.prefix_path.ament:The path '/home/pi/linorobot2_ws/install/linorobot2_bringup' in the environment variable AMENT_PREFIX_PATH doesn't exist
[1.339s] WARNING:colcon.colcon_ros.prefix_path.ament:The path '/home/pi/linorobot2_ws/install/micro_ros_agent' in the environment variable AMENT_PREFIX_PATH doesn't exist
[1.340s] WARNING:colcon.colcon_ros.prefix_path.ament:The path '/home/pi/linorobot2_ws/install/micro_ros_msgs' in the environment variable AMENT_PREFIX_PATH doesn't exist
[1.340s] WARNING:colcon.colcon_ros.prefix_path.ament:The path '/home/pi/linorobot2_ws/install/linorobot2_navigation' in the environment variable AMENT_PREFIX_PATH doesn't exist
[1.340s] WARNING:colcon.colcon_ros.prefix_path.ament:The path '/home/pi/linorobot2_ws/install/linorobot2_description' in the environment variable AMENT_PREFIX_PATH doesn't exist
[1.340s] WARNING:colcon.colcon_ros.prefix_path.ament:The path '/home/pi/linorobot2_ws/install/linorobot2_base' in the environment variable AMENT_PREFIX_PATH doesn't exist
[1.340s] WARNING:colcon.colcon_ros.prefix_path.ament:The path '/home/pi/linorobot2_ws/install/linorobot2' in the environment variable AMENT_PREFIX_PATH doesn't exist
[1.341s] WARNING:colcon.colcon_ros.prefix_path.catkin:The path '/home/pi/linorobot2_ws/install/micro_ros_setup' in the environment variable CMAKE_PREFIX_PATH doesn't exist
[1.341s] WARNING:colcon.colcon_ros.prefix_path.catkin:The path '/home/pi/linorobot2_ws/install/linorobot2_bringup' in the environment variable CMAKE_PREFIX_PATH doesn't exist
[1.341s] WARNING:colcon.colcon_ros.prefix_path.catkin:The path '/home/pi/linorobot2_ws/install/micro_ros_agent' in the environment variable CMAKE_PREFIX_PATH doesn't exist
[1.342s] WARNING:colcon.colcon_ros.prefix_path.catkin:The path '/home/pi/linorobot2_ws/install/micro_ros_msgs' in the environment variable CMAKE_PREFIX_PATH doesn't exist
[1.342s] WARNING:colcon.colcon_ros.prefix_path.catkin:The path '/home/pi/linorobot2_ws/install/linorobot2_navigation' in the environment variable CMAKE_PREFIX_PATH doesn't exist
[1.342s] WARNING:colcon.colcon_ros.prefix_path.catkin:The path '/home/pi/linorobot2_ws/install/linorobot2_description' in the environment variable CMAKE_PREFIX_PATH doesn't exist
[1.342s] WARNING:colcon.colcon_ros.prefix_path.catkin:The path '/home/pi/linorobot2_ws/install/linorobot2_base' in the environment variable CMAKE_PREFIX_PATH doesn't exist
[1.342s] WARNING:colcon.colcon_ros.prefix_path.catkin:The path '/home/pi/linorobot2_ws/install/linorobot2' in the environment variable CMAKE_PREFIX_PATH doesn't exist
[1.346s] DEBUG:colcon.colcon_installed_package_information.package_discovery:Found 2 installed packages in /home/pi/uros_ws/install
[1.348s] DEBUG:colcon.colcon_installed_package_information.package_discovery:Found 1 installed packages in /home/pi/linorobot2_ws/install
[1.357s] DEBUG:colcon.colcon_installed_package_information.package_discovery:Found 267 installed packages in /opt/ros/humble
[1.363s] Level 1:colcon.colcon_core.package_discovery:discover_packages(prefix_path) using defaults
[1.507s] Level 5:colcon.colcon_core.verb:set package 'linorobot2' build argument 'cmake_args' from command line to 'None'
[1.508s] Level 5:colcon.colcon_core.verb:set package 'linorobot2' build argument 'cmake_target' from command line to 'None'
[1.508s] Level 5:colcon.colcon_core.verb:set package 'linorobot2' build argument 'cmake_target_skip_unavailable' from command line to 'False'
[1.508s] Level 5:colcon.colcon_core.verb:set package 'linorobot2' build argument 'cmake_clean_cache' from command line to 'False'
[1.508s] Level 5:colcon.colcon_core.verb:set package 'linorobot2' build argument 'cmake_clean_first' from command line to 'False'
[1.508s] Level 5:colcon.colcon_core.verb:set package 'linorobot2' build argument 'cmake_force_configure' from command line to 'False'
[1.508s] Level 5:colcon.colcon_core.verb:set package 'linorobot2' build argument 'ament_cmake_args' from command line to 'None'
[1.508s] Level 5:colcon.colcon_core.verb:set package 'linorobot2' build argument 'catkin_cmake_args' from command line to 'None'
[1.508s] Level 5:colcon.colcon_core.verb:set package 'linorobot2' build argument 'catkin_skip_building_tests' from command line to 'False'
[1.509s] DEBUG:colcon.colcon_core.verb:Building package 'linorobot2' with the following arguments: {'ament_cmake_args': None, 'build_base': '/home/pi/linorobot2_ws/build/linorobot2', 'catkin_cmake_args': None, 'catkin_skip_building_tests': False, 'cmake_args': None, 'cmake_clean_cache': False, 'cmake_clean_first': False, 'cmake_force_configure': False, 'cmake_target': None, 'cmake_target_skip_unavailable': False, 'install_base': '/home/pi/linorobot2_ws/install/linorobot2', 'merge_install': False, 'path': '/home/pi/linorobot2_ws/src/linorobot2/linorobot2', 'symlink_install': False, 'test_result_base': None}
[1.510s] Level 5:colcon.colcon_core.verb:set package 'linorobot2_base' build argument 'cmake_args' from command line to 'None'
[1.510s] Level 5:colcon.colcon_core.verb:set package 'linorobot2_base' build argument 'cmake_target' from command line to 'None'
[1.510s] Level 5:colcon.colcon_core.verb:set package 'linorobot2_base' build argument 'cmake_target_skip_unavailable' from command line to 'False'
[1.510s] Level 5:colcon.colcon_core.verb:set package 'linorobot2_base' build argument 'cmake_clean_cache' from command line to 'False'
[1.511s] Level 5:colcon.colcon_core.verb:set package 'linorobot2_base' build argument 'cmake_clean_first' from command line to 'False'
[1.511s] Level 5:colcon.colcon_core.verb:set package 'linorobot2_base' build argument 'cmake_force_configure' from command line to 'False'
[1.511s] Level 5:colcon.colcon_core.verb:set package 'linorobot2_base' build argument 'ament_cmake_args' from command line to 'None'
[1.511s] Level 5:colcon.colcon_core.verb:set package 'linorobot2_base' build argument 'catkin_cmake_args' from command line to 'None'
[1.511s] Level 5:colcon.colcon_core.verb:set package 'linorobot2_base' build argument 'catkin_skip_building_tests' from command line to 'False'
[1.511s] DEBUG:colcon.colcon_core.verb:Building package 'linorobot2_base' with the following arguments: {'ament_cmake_args': None, 'build_base': '/home/pi/linorobot2_ws/build/linorobot2_base', 'catkin_cmake_args': None, 'catkin_skip_building_tests': False, 'cmake_args': None, 'cmake_clean_cache': False, 'cmake_clean_first': False, 'cmake_force_configure': False, 'cmake_target': None, 'cmake_target_skip_unavailable': False, 'install_base': '/home/pi/linorobot2_ws/install/linorobot2_base', 'merge_install': False, 'path': '/home/pi/linorobot2_ws/src/linorobot2/linorobot2_base', 'symlink_install': False, 'test_result_base': None}
[1.513s] Level 5:colcon.colcon_core.verb:set package 'linorobot2_bringup' build argument 'cmake_args' from command line to 'None'
[1.513s] Level 5:colcon.colcon_core.verb:set package 'linorobot2_bringup' build argument 'cmake_target' from command line to 'None'
[1.513s] Level 5:colcon.colcon_core.verb:set package 'linorobot2_bringup' build argument 'cmake_target_skip_unavailable' from command line to 'False'
[1.513s] Level 5:colcon.colcon_core.verb:set package 'linorobot2_bringup' build argument 'cmake_clean_cache' from command line to 'False'
[1.513s] Level 5:colcon.colcon_core.verb:set package 'linorobot2_bringup' build argument 'cmake_clean_first' from command line to 'False'
[1.513s] Level 5:colcon.colcon_core.verb:set package 'linorobot2_bringup' build argument 'cmake_force_configure' from command line to 'False'
[1.513s] Level 5:colcon.colcon_core.verb:set package 'linorobot2_bringup' build argument 'ament_cmake_args' from command line to 'None'
[1.513s] Level 5:colcon.colcon_core.verb:set package 'linorobot2_bringup' build argument 'catkin_cmake_args' from command line to 'None'
[1.513s] Level 5:colcon.colcon_core.verb:set package 'linorobot2_bringup' build argument 'catkin_skip_building_tests' from command line to 'False'
[1.513s] DEBUG:colcon.colcon_core.verb:Building package 'linorobot2_bringup' with the following arguments: {'ament_cmake_args': None, 'build_base': '/home/pi/linorobot2_ws/build/linorobot2_bringup', 'catkin_cmake_args': None, 'catkin_skip_building_tests': False, 'cmake_args': None, 'cmake_clean_cache': False, 'cmake_clean_first': False, 'cmake_force_configure': False, 'cmake_target': None, 'cmake_target_skip_unavailable': False, 'install_base': '/home/pi/linorobot2_ws/install/linorobot2_bringup', 'merge_install': False, 'path': '/home/pi/linorobot2_ws/src/linorobot2/linorobot2_bringup', 'symlink_install': False, 'test_result_base': None}
[1.515s] Level 5:colcon.colcon_core.verb:set package 'linorobot2_description' build argument 'cmake_args' from command line to 'None'
[1.515s] Level 5:colcon.colcon_core.verb:set package 'linorobot2_description' build argument 'cmake_target' from command line to 'None'
[1.515s] Level 5:colcon.colcon_core.verb:set package 'linorobot2_description' build argument 'cmake_target_skip_unavailable' from command line to 'False'
[1.515s] Level 5:colcon.colcon_core.verb:set package 'linorobot2_description' build argument 'cmake_clean_cache' from command line to 'False'
[1.515s] Level 5:colcon.colcon_core.verb:set package 'linorobot2_description' build argument 'cmake_clean_first' from command line to 'False'
[1.515s] Level 5:colcon.colcon_core.verb:set package 'linorobot2_description' build argument 'cmake_force_configure' from command line to 'False'
[1.516s] Level 5:colcon.colcon_core.verb:set package 'linorobot2_description' build argument 'ament_cmake_args' from command line to 'None'
[1.516s] Level 5:colcon.colcon_core.verb:set package 'linorobot2_description' build argument 'catkin_cmake_args' from command line to 'None'
[1.516s] Level 5:colcon.colcon_core.verb:set package 'linorobot2_description' build argument 'catkin_skip_building_tests' from command line to 'False'
[1.516s] DEBUG:colcon.colcon_core.verb:Building package 'linorobot2_description' with the following arguments: {'ament_cmake_args': None, 'build_base': '/home/pi/linorobot2_ws/build/linorobot2_description', 'catkin_cmake_args': None, 'catkin_skip_building_tests': False, 'cmake_args': None, 'cmake_clean_cache': False, 'cmake_clean_first': False, 'cmake_force_configure': False, 'cmake_target': None, 'cmake_target_skip_unavailable': False, 'install_base': '/home/pi/linorobot2_ws/install/linorobot2_description', 'merge_install': False, 'path': '/home/pi/linorobot2_ws/src/linorobot2/linorobot2_description', 'symlink_install': False, 'test_result_base': None}
[1.517s] Level 5:colcon.colcon_core.verb:set package 'linorobot2_navigation' build argument 'cmake_args' from command line to 'None'
[1.517s] Level 5:colcon.colcon_core.verb:set package 'linorobot2_navigation' build argument 'cmake_target' from command line to 'None'
[1.517s] Level 5:colcon.colcon_core.verb:set package 'linorobot2_navigation' build argument 'cmake_target_skip_unavailable' from command line to 'False'
[1.517s] Level 5:colcon.colcon_core.verb:set package 'linorobot2_navigation' build argument 'cmake_clean_cache' from command line to 'False'
[1.518s] Level 5:colcon.colcon_core.verb:set package 'linorobot2_navigation' build argument 'cmake_clean_first' from command line to 'False'
[1.518s] Level 5:colcon.colcon_core.verb:set package 'linorobot2_navigation' build argument 'cmake_force_configure' from command line to 'False'
[1.518s] Level 5:colcon.colcon_core.verb:set package 'linorobot2_navigation' build argument 'ament_cmake_args' from command line to 'None'
[1.518s] Level 5:colcon.colcon_core.verb:set package 'linorobot2_navigation' build argument 'catkin_cmake_args' from command line to 'None'
[1.518s] Level 5:colcon.colcon_core.verb:set package 'linorobot2_navigation' build argument 'catkin_skip_building_tests' from command line to 'False'
[1.518s] DEBUG:colcon.colcon_core.verb:Building package 'linorobot2_navigation' with the following arguments: {'ament_cmake_args': None, 'build_base': '/home/pi/linorobot2_ws/build/linorobot2_navigation', 'catkin_cmake_args': None, 'catkin_skip_building_tests': False, 'cmake_args': None, 'cmake_clean_cache': False, 'cmake_clean_first': False, 'cmake_force_configure': False, 'cmake_target': None, 'cmake_target_skip_unavailable': False, 'install_base': '/home/pi/linorobot2_ws/install/linorobot2_navigation', 'merge_install': False, 'path': '/home/pi/linorobot2_ws/src/linorobot2/linorobot2_navigation', 'symlink_install': False, 'test_result_base': None}
[1.519s] Level 5:colcon.colcon_core.verb:set package 'sllidar_ros2' build argument 'cmake_args' from command line to 'None'
[1.520s] Level 5:colcon.colcon_core.verb:set package 'sllidar_ros2' build argument 'cmake_target' from command line to 'None'
[1.520s] Level 5:colcon.colcon_core.verb:set package 'sllidar_ros2' build argument 'cmake_target_skip_unavailable' from command line to 'False'
[1.520s] Level 5:colcon.colcon_core.verb:set package 'sllidar_ros2' build argument 'cmake_clean_cache' from command line to 'False'
[1.520s] Level 5:colcon.colcon_core.verb:set package 'sllidar_ros2' build argument 'cmake_clean_first' from command line to 'False'
[1.520s] Level 5:colcon.colcon_core.verb:set package 'sllidar_ros2' build argument 'cmake_force_configure' from command line to 'False'
[1.520s] Level 5:colcon.colcon_core.verb:set package 'sllidar_ros2' build argument 'ament_cmake_args' from command line to 'None'
[1.520s] Level 5:colcon.colcon_core.verb:set package 'sllidar_ros2' build argument 'catkin_cmake_args' from command line to 'None'
[1.520s] Level 5:colcon.colcon_core.verb:set package 'sllidar_ros2' build argument 'catkin_skip_building_tests' from command line to 'False'
[1.520s] DEBUG:colcon.colcon_core.verb:Building package 'sllidar_ros2' with the following arguments: {'ament_cmake_args': None, 'build_base': '/home/pi/linorobot2_ws/build/sllidar_ros2', 'catkin_cmake_args': None, 'catkin_skip_building_tests': False, 'cmake_args': None, 'cmake_clean_cache': False, 'cmake_clean_first': False, 'cmake_force_configure': False, 'cmake_target': None, 'cmake_target_skip_unavailable': False, 'install_base': '/home/pi/linorobot2_ws/install/sllidar_ros2', 'merge_install': False, 'path': '/home/pi/linorobot2_ws/src/sllidar_ros2', 'symlink_install': False, 'test_result_base': None}
[1.521s] INFO:colcon.colcon_core.executor:Executing jobs using 'parallel' executor
[1.524s] DEBUG:colcon.colcon_parallel_executor.executor.parallel:run_until_complete
[1.525s] INFO:colcon.colcon_ros.task.ament_cmake.build:Building ROS package in '/home/pi/linorobot2_ws/src/linorobot2/linorobot2' with build type 'ament_cmake'
[1.526s] INFO:colcon.colcon_cmake.task.cmake.build:Building CMake package in '/home/pi/linorobot2_ws/src/linorobot2/linorobot2'
[1.534s] INFO:colcon.colcon_core.plugin_system:Skipping extension 'colcon_core.shell.bat': Not used on non-Windows systems
[1.535s] INFO:colcon.colcon_core.shell:Skip shell extension 'powershell' for command environment: Not usable outside of PowerShell
[1.535s] DEBUG:colcon.colcon_core.shell:Skip shell extension 'dsv' for command environment
[1.555s] INFO:colcon.colcon_ros.task.ament_cmake.build:Building ROS package in '/home/pi/linorobot2_ws/src/linorobot2/linorobot2_base' with build type 'ament_cmake'
[1.556s] INFO:colcon.colcon_cmake.task.cmake.build:Building CMake package in '/home/pi/linorobot2_ws/src/linorobot2/linorobot2_base'
[1.557s] INFO:colcon.colcon_core.shell:Skip shell extension 'powershell' for command environment: Not usable outside of PowerShell
[1.558s] DEBUG:colcon.colcon_core.shell:Skip shell extension 'dsv' for command environment
[1.579s] INFO:colcon.colcon_ros.task.ament_cmake.build:Building ROS package in '/home/pi/linorobot2_ws/src/linorobot2/linorobot2_bringup' with build type 'ament_cmake'
[1.579s] INFO:colcon.colcon_cmake.task.cmake.build:Building CMake package in '/home/pi/linorobot2_ws/src/linorobot2/linorobot2_bringup'
[1.580s] INFO:colcon.colcon_core.shell:Skip shell extension 'powershell' for command environment: Not usable outside of PowerShell
[1.581s] DEBUG:colcon.colcon_core.shell:Skip shell extension 'dsv' for command environment
[1.601s] INFO:colcon.colcon_ros.task.ament_cmake.build:Building ROS package in '/home/pi/linorobot2_ws/src/linorobot2/linorobot2_description' with build type 'ament_cmake'
[1.602s] INFO:colcon.colcon_cmake.task.cmake.build:Building CMake package in '/home/pi/linorobot2_ws/src/linorobot2/linorobot2_description'
[1.603s] INFO:colcon.colcon_core.shell:Skip shell extension 'powershell' for command environment: Not usable outside of PowerShell
[1.603s] DEBUG:colcon.colcon_core.shell:Skip shell extension 'dsv' for command environment
[1.637s] DEBUG:colcon.colcon_core.event_handler.log_command:Invoking command in '/home/pi/linorobot2_ws/build/linorobot2': CMAKE_PREFIX_PATH=${CMAKE_PREFIX_PATH}:/opt/ros/humble /usr/bin/cmake /home/pi/linorobot2_ws/src/linorobot2/linorobot2 -DCMAKE_INSTALL_PREFIX=/home/pi/linorobot2_ws/install/linorobot2
[1.655s] DEBUG:colcon.colcon_core.event_handler.log_command:Invoking command in '/home/pi/linorobot2_ws/build/linorobot2_base': CMAKE_PREFIX_PATH=${CMAKE_PREFIX_PATH}:/opt/ros/humble /usr/bin/cmake /home/pi/linorobot2_ws/src/linorobot2/linorobot2_base -DCMAKE_INSTALL_PREFIX=/home/pi/linorobot2_ws/install/linorobot2_base
[1.664s] DEBUG:colcon.colcon_core.event_handler.log_command:Invoking command in '/home/pi/linorobot2_ws/build/linorobot2_bringup': CMAKE_PREFIX_PATH=${CMAKE_PREFIX_PATH}:/opt/ros/humble /usr/bin/cmake /home/pi/linorobot2_ws/src/linorobot2/linorobot2_bringup -DCMAKE_INSTALL_PREFIX=/home/pi/linorobot2_ws/install/linorobot2_bringup
[1.697s] DEBUG:colcon.colcon_core.event_handler.log_command:Invoking command in '/home/pi/linorobot2_ws/build/linorobot2_description': CMAKE_PREFIX_PATH=${CMAKE_PREFIX_PATH}:/opt/ros/humble /usr/bin/cmake /home/pi/linorobot2_ws/src/linorobot2/linorobot2_description -DCMAKE_INSTALL_PREFIX=/home/pi/linorobot2_ws/install/linorobot2_description
[5.611s] DEBUG:colcon.colcon_core.event_handler.log_command:Invoked command in '/home/pi/linorobot2_ws/build/linorobot2_bringup' returned '0': CMAKE_PREFIX_PATH=${CMAKE_PREFIX_PATH}:/opt/ros/humble /usr/bin/cmake /home/pi/linorobot2_ws/src/linorobot2/linorobot2_bringup -DCMAKE_INSTALL_PREFIX=/home/pi/linorobot2_ws/install/linorobot2_bringup
[5.613s] DEBUG:colcon.colcon_core.event_handler.log_command:Invoking command in '/home/pi/linorobot2_ws/build/linorobot2_bringup': CMAKE_PREFIX_PATH=${CMAKE_PREFIX_PATH}:/opt/ros/humble /usr/bin/cmake --build /home/pi/linorobot2_ws/build/linorobot2_bringup -- -j4 -l4
[5.625s] DEBUG:colcon.colcon_core.event_handler.log_command:Invoked command in '/home/pi/linorobot2_ws/build/linorobot2_base' returned '0': CMAKE_PREFIX_PATH=${CMAKE_PREFIX_PATH}:/opt/ros/humble /usr/bin/cmake /home/pi/linorobot2_ws/src/linorobot2/linorobot2_base -DCMAKE_INSTALL_PREFIX=/home/pi/linorobot2_ws/install/linorobot2_base
[5.627s] DEBUG:colcon.colcon_core.event_handler.log_command:Invoking command in '/home/pi/linorobot2_ws/build/linorobot2_base': CMAKE_PREFIX_PATH=${CMAKE_PREFIX_PATH}:/opt/ros/humble /usr/bin/cmake --build /home/pi/linorobot2_ws/build/linorobot2_base -- -j4 -l4
[5.643s] DEBUG:colcon.colcon_core.event_handler.log_command:Invoked command in '/home/pi/linorobot2_ws/build/linorobot2' returned '0': CMAKE_PREFIX_PATH=${CMAKE_PREFIX_PATH}:/opt/ros/humble /usr/bin/cmake /home/pi/linorobot2_ws/src/linorobot2/linorobot2 -DCMAKE_INSTALL_PREFIX=/home/pi/linorobot2_ws/install/linorobot2
[5.644s] DEBUG:colcon.colcon_core.event_handler.log_command:Invoking command in '/home/pi/linorobot2_ws/build/linorobot2': CMAKE_PREFIX_PATH=${CMAKE_PREFIX_PATH}:/opt/ros/humble /usr/bin/cmake --build /home/pi/linorobot2_ws/build/linorobot2 -- -j4 -l4
[5.782s] DEBUG:colcon.colcon_core.event_handler.log_command:Invoked command in '/home/pi/linorobot2_ws/build/linorobot2_bringup' returned '0': CMAKE_PREFIX_PATH=${CMAKE_PREFIX_PATH}:/opt/ros/humble /usr/bin/cmake --build /home/pi/linorobot2_ws/build/linorobot2_bringup -- -j4 -l4
[5.830s] DEBUG:colcon.colcon_core.event_handler.log_command:Invoking command in '/home/pi/linorobot2_ws/build/linorobot2_bringup': CMAKE_PREFIX_PATH=${CMAKE_PREFIX_PATH}:/opt/ros/humble /usr/bin/cmake --install /home/pi/linorobot2_ws/build/linorobot2_bringup
[5.836s] DEBUG:colcon.colcon_core.event_handler.log_command:Invoked command in '/home/pi/linorobot2_ws/build/linorobot2_base' returned '0': CMAKE_PREFIX_PATH=${CMAKE_PREFIX_PATH}:/opt/ros/humble /usr/bin/cmake --build /home/pi/linorobot2_ws/build/linorobot2_base -- -j4 -l4
[5.840s] DEBUG:colcon.colcon_core.event_handler.log_command:Invoking command in '/home/pi/linorobot2_ws/build/linorobot2_base': CMAKE_PREFIX_PATH=${CMAKE_PREFIX_PATH}:/opt/ros/humble /usr/bin/cmake --install /home/pi/linorobot2_ws/build/linorobot2_base
[5.848s] DEBUG:colcon.colcon_core.event_handler.log_command:Invoked command in '/home/pi/linorobot2_ws/build/linorobot2' returned '0': CMAKE_PREFIX_PATH=${CMAKE_PREFIX_PATH}:/opt/ros/humble /usr/bin/cmake --build /home/pi/linorobot2_ws/build/linorobot2 -- -j4 -l4
[5.859s] DEBUG:colcon.colcon_core.event_handler.log_command:Invoking command in '/home/pi/linorobot2_ws/build/linorobot2': CMAKE_PREFIX_PATH=${CMAKE_PREFIX_PATH}:/opt/ros/humble /usr/bin/cmake --install /home/pi/linorobot2_ws/build/linorobot2
[5.916s] Level 1:colcon.colcon_core.environment:create_environment_scripts_only(linorobot2_base)
[5.945s] Level 1:colcon.colcon_core.environment:checking '/home/pi/linorobot2_ws/install/linorobot2_base' for CMake module files
[5.946s] DEBUG:colcon.colcon_core.event_handler.log_command:Invoked command in '/home/pi/linorobot2_ws/build/linorobot2_base' returned '0': CMAKE_PREFIX_PATH=${CMAKE_PREFIX_PATH}:/opt/ros/humble /usr/bin/cmake --install /home/pi/linorobot2_ws/build/linorobot2_base
[5.953s] Level 1:colcon.colcon_core.environment:checking '/home/pi/linorobot2_ws/install/linorobot2_base' for CMake config files
[5.956s] Level 1:colcon.colcon_core.shell:create_environment_hook('linorobot2_base', 'cmake_prefix_path')
[5.957s] INFO:colcon.colcon_core.shell:Creating environment hook '/home/pi/linorobot2_ws/install/linorobot2_base/share/linorobot2_base/hook/cmake_prefix_path.ps1'
[5.961s] INFO:colcon.colcon_core.shell:Creating environment descriptor '/home/pi/linorobot2_ws/install/linorobot2_base/share/linorobot2_base/hook/cmake_prefix_path.dsv'
[5.963s] INFO:colcon.colcon_core.shell:Creating environment hook '/home/pi/linorobot2_ws/install/linorobot2_base/share/linorobot2_base/hook/cmake_prefix_path.sh'
[5.967s] Level 1:colcon.colcon_core.environment:checking '/home/pi/linorobot2_ws/install/linorobot2_base/bin'
[5.968s] Level 1:colcon.colcon_core.environment:checking '/home/pi/linorobot2_ws/install/linorobot2_base/lib/pkgconfig/linorobot2_base.pc'
[5.969s] Level 1:colcon.colcon_core.environment:checking '/home/pi/linorobot2_ws/install/linorobot2_base/lib/python3.10/site-packages'
[5.970s] Level 1:colcon.colcon_core.environment:checking '/home/pi/linorobot2_ws/install/linorobot2_base/bin'
[5.971s] INFO:colcon.colcon_core.shell:Creating package script '/home/pi/linorobot2_ws/install/linorobot2_base/share/linorobot2_base/package.ps1'
[5.975s] INFO:colcon.colcon_core.shell:Creating package descriptor '/home/pi/linorobot2_ws/install/linorobot2_base/share/linorobot2_base/package.dsv'
[5.979s] INFO:colcon.colcon_core.shell:Creating package script '/home/pi/linorobot2_ws/install/linorobot2_base/share/linorobot2_base/package.sh'
[5.983s] INFO:colcon.colcon_core.shell:Creating package script '/home/pi/linorobot2_ws/install/linorobot2_base/share/linorobot2_base/package.bash'
[5.986s] INFO:colcon.colcon_core.shell:Creating package script '/home/pi/linorobot2_ws/install/linorobot2_base/share/linorobot2_base/package.zsh'
[5.989s] Level 1:colcon.colcon_core.environment:create_file_with_runtime_dependencies(/home/pi/linorobot2_ws/install/linorobot2_base/share/colcon-core/packages/linorobot2_base)
[5.992s] Level 1:colcon.colcon_core.environment:create_environment_scripts_only(linorobot2_base)
[5.993s] Level 1:colcon.colcon_core.environment:checking '/home/pi/linorobot2_ws/install/linorobot2_base' for CMake module files
[5.996s] Level 1:colcon.colcon_core.environment:checking '/home/pi/linorobot2_ws/install/linorobot2_base' for CMake config files
[5.998s] Level 1:colcon.colcon_core.shell:create_environment_hook('linorobot2_base', 'cmake_prefix_path')
[5.999s] INFO:colcon.colcon_core.shell:Creating environment hook '/home/pi/linorobot2_ws/install/linorobot2_base/share/linorobot2_base/hook/cmake_prefix_path.ps1'
[6.001s] INFO:colcon.colcon_core.shell:Creating environment descriptor '/home/pi/linorobot2_ws/install/linorobot2_base/share/linorobot2_base/hook/cmake_prefix_path.dsv'
[6.003s] INFO:colcon.colcon_core.shell:Creating environment hook '/home/pi/linorobot2_ws/install/linorobot2_base/share/linorobot2_base/hook/cmake_prefix_path.sh'
[6.007s] Level 1:colcon.colcon_core.environment:checking '/home/pi/linorobot2_ws/install/linorobot2_base/bin'
[6.007s] Level 1:colcon.colcon_core.environment:checking '/home/pi/linorobot2_ws/install/linorobot2_base/lib/pkgconfig/linorobot2_base.pc'
[6.008s] Level 1:colcon.colcon_core.environment:checking '/home/pi/linorobot2_ws/install/linorobot2_base/lib/python3.10/site-packages'
[6.009s] Level 1:colcon.colcon_core.environment:checking '/home/pi/linorobot2_ws/install/linorobot2_base/bin'
[6.010s] INFO:colcon.colcon_core.shell:Creating package script '/home/pi/linorobot2_ws/install/linorobot2_base/share/linorobot2_base/package.ps1'
[6.013s] INFO:colcon.colcon_core.shell:Creating package descriptor '/home/pi/linorobot2_ws/install/linorobot2_base/share/linorobot2_base/package.dsv'
[6.016s] INFO:colcon.colcon_core.shell:Creating package script '/home/pi/linorobot2_ws/install/linorobot2_base/share/linorobot2_base/package.sh'
[6.018s] INFO:colcon.colcon_core.shell:Creating package script '/home/pi/linorobot2_ws/install/linorobot2_base/share/linorobot2_base/package.bash'
[6.021s] INFO:colcon.colcon_core.shell:Creating package script '/home/pi/linorobot2_ws/install/linorobot2_base/share/linorobot2_base/package.zsh'
[6.024s] Level 1:colcon.colcon_core.environment:create_file_with_runtime_dependencies(/home/pi/linorobot2_ws/install/linorobot2_base/share/colcon-core/packages/linorobot2_base)
[6.026s] INFO:colcon.colcon_ros.task.ament_cmake.build:Building ROS package in '/home/pi/linorobot2_ws/src/linorobot2/linorobot2_navigation' with build type 'ament_cmake'
[6.026s] INFO:colcon.colcon_cmake.task.cmake.build:Building CMake package in '/home/pi/linorobot2_ws/src/linorobot2/linorobot2_navigation'
[6.027s] INFO:colcon.colcon_core.shell:Skip shell extension 'powershell' for command environment: Not usable outside of PowerShell
[6.028s] DEBUG:colcon.colcon_core.shell:Skip shell extension 'dsv' for command environment
[6.053s] Level 1:colcon.colcon_core.environment:create_environment_scripts_only(linorobot2)
[6.054s] Level 1:colcon.colcon_core.environment:checking '/home/pi/linorobot2_ws/install/linorobot2' for CMake module files
[6.056s] DEBUG:colcon.colcon_core.event_handler.log_command:Invoked command in '/home/pi/linorobot2_ws/build/linorobot2' returned '0': CMAKE_PREFIX_PATH=${CMAKE_PREFIX_PATH}:/opt/ros/humble /usr/bin/cmake --install /home/pi/linorobot2_ws/build/linorobot2
[6.058s] Level 1:colcon.colcon_core.environment:checking '/home/pi/linorobot2_ws/install/linorobot2' for CMake config files
[6.059s] Level 1:colcon.colcon_core.shell:create_environment_hook('linorobot2', 'cmake_prefix_path')
[6.060s] INFO:colcon.colcon_core.shell:Creating environment hook '/home/pi/linorobot2_ws/install/linorobot2/share/linorobot2/hook/cmake_prefix_path.ps1'
[6.063s] INFO:colcon.colcon_core.shell:Creating environment descriptor '/home/pi/linorobot2_ws/install/linorobot2/share/linorobot2/hook/cmake_prefix_path.dsv'
[6.064s] INFO:colcon.colcon_core.shell:Creating environment hook '/home/pi/linorobot2_ws/install/linorobot2/share/linorobot2/hook/cmake_prefix_path.sh'
[6.067s] Level 1:colcon.colcon_core.environment:checking '/home/pi/linorobot2_ws/install/linorobot2/bin'
[6.068s] Level 1:colcon.colcon_core.environment:checking '/home/pi/linorobot2_ws/install/linorobot2/lib/pkgconfig/linorobot2.pc'
[6.069s] Level 1:colcon.colcon_core.environment:checking '/home/pi/linorobot2_ws/install/linorobot2/lib/python3.10/site-packages'
[6.070s] Level 1:colcon.colcon_core.environment:checking '/home/pi/linorobot2_ws/install/linorobot2/bin'
[6.072s] INFO:colcon.colcon_core.shell:Creating package script '/home/pi/linorobot2_ws/install/linorobot2/share/linorobot2/package.ps1'
[6.077s] INFO:colcon.colcon_core.shell:Creating package descriptor '/home/pi/linorobot2_ws/install/linorobot2/share/linorobot2/package.dsv'
[6.080s] INFO:colcon.colcon_core.shell:Creating package script '/home/pi/linorobot2_ws/install/linorobot2/share/linorobot2/package.sh'
[6.086s] INFO:colcon.colcon_core.shell:Creating package script '/home/pi/linorobot2_ws/install/linorobot2/share/linorobot2/package.bash'
[6.090s] INFO:colcon.colcon_core.shell:Creating package script '/home/pi/linorobot2_ws/install/linorobot2/share/linorobot2/package.zsh'
[6.093s] Level 1:colcon.colcon_core.environment:create_file_with_runtime_dependencies(/home/pi/linorobot2_ws/install/linorobot2/share/colcon-core/packages/linorobot2)
[6.097s] Level 1:colcon.colcon_core.environment:create_environment_scripts_only(linorobot2)
[6.098s] Level 1:colcon.colcon_core.environment:checking '/home/pi/linorobot2_ws/install/linorobot2' for CMake module files
[6.101s] Level 1:colcon.colcon_core.environment:checking '/home/pi/linorobot2_ws/install/linorobot2' for CMake config files
[6.104s] Level 1:colcon.colcon_core.shell:create_environment_hook('linorobot2', 'cmake_prefix_path')
[6.105s] INFO:colcon.colcon_core.shell:Creating environment hook '/home/pi/linorobot2_ws/install/linorobot2/share/linorobot2/hook/cmake_prefix_path.ps1'
[6.109s] INFO:colcon.colcon_core.shell:Creating environment descriptor '/home/pi/linorobot2_ws/install/linorobot2/share/linorobot2/hook/cmake_prefix_path.dsv'
[6.112s] INFO:colcon.colcon_core.shell:Creating environment hook '/home/pi/linorobot2_ws/install/linorobot2/share/linorobot2/hook/cmake_prefix_path.sh'
[6.115s] Level 1:colcon.colcon_core.environment:checking '/home/pi/linorobot2_ws/install/linorobot2/bin'
[6.116s] Level 1:colcon.colcon_core.environment:checking '/home/pi/linorobot2_ws/install/linorobot2/lib/pkgconfig/linorobot2.pc'
[6.117s] Level 1:colcon.colcon_core.environment:checking '/home/pi/linorobot2_ws/install/linorobot2/lib/python3.10/site-packages'
[6.118s] Level 1:colcon.colcon_core.environment:checking '/home/pi/linorobot2_ws/install/linorobot2/bin'
[6.119s] INFO:colcon.colcon_core.shell:Creating package script '/home/pi/linorobot2_ws/install/linorobot2/share/linorobot2/package.ps1'
[6.121s] INFO:colcon.colcon_core.shell:Creating package descriptor '/home/pi/linorobot2_ws/install/linorobot2/share/linorobot2/package.dsv'
[6.124s] INFO:colcon.colcon_core.shell:Creating package script '/home/pi/linorobot2_ws/install/linorobot2/share/linorobot2/package.sh'
[6.126s] INFO:colcon.colcon_core.shell:Creating package script '/home/pi/linorobot2_ws/install/linorobot2/share/linorobot2/package.bash'
[6.129s] INFO:colcon.colcon_core.shell:Creating package script '/home/pi/linorobot2_ws/install/linorobot2/share/linorobot2/package.zsh'
[6.131s] Level 1:colcon.colcon_core.environment:create_file_with_runtime_dependencies(/home/pi/linorobot2_ws/install/linorobot2/share/colcon-core/packages/linorobot2)
[6.133s] Level 1:colcon.colcon_core.environment:create_environment_scripts_only(linorobot2_bringup)
[6.134s] Level 1:colcon.colcon_core.environment:checking '/home/pi/linorobot2_ws/install/linorobot2_bringup' for CMake module files
[6.137s] DEBUG:colcon.colcon_core.event_handler.log_command:Invoked command in '/home/pi/linorobot2_ws/build/linorobot2_bringup' returned '0': CMAKE_PREFIX_PATH=${CMAKE_PREFIX_PATH}:/opt/ros/humble /usr/bin/cmake --install /home/pi/linorobot2_ws/build/linorobot2_bringup
[6.139s] Level 1:colcon.colcon_core.environment:checking '/home/pi/linorobot2_ws/install/linorobot2_bringup' for CMake config files
[6.140s] Level 1:colcon.colcon_core.shell:create_environment_hook('linorobot2_bringup', 'cmake_prefix_path')
[6.141s] INFO:colcon.colcon_core.shell:Creating environment hook '/home/pi/linorobot2_ws/install/linorobot2_bringup/share/linorobot2_bringup/hook/cmake_prefix_path.ps1'
[6.143s] INFO:colcon.colcon_core.shell:Creating environment descriptor '/home/pi/linorobot2_ws/install/linorobot2_bringup/share/linorobot2_bringup/hook/cmake_prefix_path.dsv'
[6.144s] INFO:colcon.colcon_core.shell:Creating environment hook '/home/pi/linorobot2_ws/install/linorobot2_bringup/share/linorobot2_bringup/hook/cmake_prefix_path.sh'
[6.147s] Level 1:colcon.colcon_core.environment:checking '/home/pi/linorobot2_ws/install/linorobot2_bringup/bin'
[6.147s] Level 1:colcon.colcon_core.environment:checking '/home/pi/linorobot2_ws/install/linorobot2_bringup/lib/pkgconfig/linorobot2_bringup.pc'
[6.148s] Level 1:colcon.colcon_core.environment:checking '/home/pi/linorobot2_ws/install/linorobot2_bringup/lib/python3.10/site-packages'
[6.149s] Level 1:colcon.colcon_core.environment:checking '/home/pi/linorobot2_ws/install/linorobot2_bringup/bin'
[6.150s] INFO:colcon.colcon_core.shell:Creating package script '/home/pi/linorobot2_ws/install/linorobot2_bringup/share/linorobot2_bringup/package.ps1'
[6.152s] INFO:colcon.colcon_core.shell:Creating package descriptor '/home/pi/linorobot2_ws/install/linorobot2_bringup/share/linorobot2_bringup/package.dsv'
[6.154s] INFO:colcon.colcon_core.shell:Creating package script '/home/pi/linorobot2_ws/install/linorobot2_bringup/share/linorobot2_bringup/package.sh'
[6.156s] INFO:colcon.colcon_core.shell:Creating package script '/home/pi/linorobot2_ws/install/linorobot2_bringup/share/linorobot2_bringup/package.bash'
[6.158s] INFO:colcon.colcon_core.shell:Creating package script '/home/pi/linorobot2_ws/install/linorobot2_bringup/share/linorobot2_bringup/package.zsh'
[6.160s] Level 1:colcon.colcon_core.environment:create_file_with_runtime_dependencies(/home/pi/linorobot2_ws/install/linorobot2_bringup/share/colcon-core/packages/linorobot2_bringup)
[6.163s] Level 1:colcon.colcon_core.environment:create_environment_scripts_only(linorobot2_bringup)
[6.164s] Level 1:colcon.colcon_core.environment:checking '/home/pi/linorobot2_ws/install/linorobot2_bringup' for CMake module files
[6.167s] Level 1:colcon.colcon_core.environment:checking '/home/pi/linorobot2_ws/install/linorobot2_bringup' for CMake config files
[6.169s] Level 1:colcon.colcon_core.shell:create_environment_hook('linorobot2_bringup', 'cmake_prefix_path')
[6.170s] INFO:colcon.colcon_core.shell:Creating environment hook '/home/pi/linorobot2_ws/install/linorobot2_bringup/share/linorobot2_bringup/hook/cmake_prefix_path.ps1'
[6.174s] INFO:colcon.colcon_core.shell:Creating environment descriptor '/home/pi/linorobot2_ws/install/linorobot2_bringup/share/linorobot2_bringup/hook/cmake_prefix_path.dsv'
[6.178s] INFO:colcon.colcon_core.shell:Creating environment hook '/home/pi/linorobot2_ws/install/linorobot2_bringup/share/linorobot2_bringup/hook/cmake_prefix_path.sh'
[6.183s] Level 1:colcon.colcon_core.environment:checking '/home/pi/linorobot2_ws/install/linorobot2_bringup/bin'
[6.183s] Level 1:colcon.colcon_core.environment:checking '/home/pi/linorobot2_ws/install/linorobot2_bringup/lib/pkgconfig/linorobot2_bringup.pc'
[6.184s] Level 1:colcon.colcon_core.environment:checking '/home/pi/linorobot2_ws/install/linorobot2_bringup/lib/python3.10/site-packages'
[6.186s] Level 1:colcon.colcon_core.environment:checking '/home/pi/linorobot2_ws/install/linorobot2_bringup/bin'
[6.188s] INFO:colcon.colcon_core.shell:Creating package script '/home/pi/linorobot2_ws/install/linorobot2_bringup/share/linorobot2_bringup/package.ps1'
[6.191s] INFO:colcon.colcon_core.shell:Creating package descriptor '/home/pi/linorobot2_ws/install/linorobot2_bringup/share/linorobot2_bringup/package.dsv'
[6.194s] INFO:colcon.colcon_core.shell:Creating package script '/home/pi/linorobot2_ws/install/linorobot2_bringup/share/linorobot2_bringup/package.sh'
[6.196s] INFO:colcon.colcon_core.shell:Creating package script '/home/pi/linorobot2_ws/install/linorobot2_bringup/share/linorobot2_bringup/package.bash'
[6.198s] INFO:colcon.colcon_core.shell:Creating package script '/home/pi/linorobot2_ws/install/linorobot2_bringup/share/linorobot2_bringup/package.zsh'
[6.200s] Level 1:colcon.colcon_core.environment:create_file_with_runtime_dependencies(/home/pi/linorobot2_ws/install/linorobot2_bringup/share/colcon-core/packages/linorobot2_bringup)
[6.203s] INFO:colcon.colcon_ros.task.ament_cmake.build:Building ROS package in '/home/pi/linorobot2_ws/src/sllidar_ros2' with build type 'ament_cmake'
[6.203s] INFO:colcon.colcon_cmake.task.cmake.build:Building CMake package in '/home/pi/linorobot2_ws/src/sllidar_ros2'
[6.204s] INFO:colcon.colcon_core.shell:Skip shell extension 'powershell' for command environment: Not usable outside of PowerShell
[6.205s] DEBUG:colcon.colcon_core.shell:Skip shell extension 'dsv' for command environment
[6.249s] DEBUG:colcon.colcon_core.event_handler.log_command:Invoking command in '/home/pi/linorobot2_ws/build/linorobot2_navigation': CMAKE_PREFIX_PATH=${CMAKE_PREFIX_PATH}:/opt/ros/humble /usr/bin/cmake /home/pi/linorobot2_ws/src/linorobot2/linorobot2_navigation -DCMAKE_INSTALL_PREFIX=/home/pi/linorobot2_ws/install/linorobot2_navigation
[6.250s] DEBUG:colcon.colcon_core.event_handler.log_command:Invoked command in '/home/pi/linorobot2_ws/build/linorobot2_description' returned '0': CMAKE_PREFIX_PATH=${CMAKE_PREFIX_PATH}:/opt/ros/humble /usr/bin/cmake /home/pi/linorobot2_ws/src/linorobot2/linorobot2_description -DCMAKE_INSTALL_PREFIX=/home/pi/linorobot2_ws/install/linorobot2_description
[6.254s] DEBUG:colcon.colcon_core.event_handler.log_command:Invoking command in '/home/pi/linorobot2_ws/build/linorobot2_description': CMAKE_PREFIX_PATH=${CMAKE_PREFIX_PATH}:/opt/ros/humble /usr/bin/cmake --build /home/pi/linorobot2_ws/build/linorobot2_description -- -j4 -l4
[6.270s] DEBUG:colcon.colcon_core.event_handler.log_command:Invoking command in '/home/pi/linorobot2_ws/build/sllidar_ros2': CMAKE_PREFIX_PATH=${CMAKE_PREFIX_PATH}:/opt/ros/humble /usr/bin/cmake --build /home/pi/linorobot2_ws/build/sllidar_ros2 -- -j4 -l4
[6.412s] DEBUG:colcon.colcon_core.event_handler.log_command:Invoked command in '/home/pi/linorobot2_ws/build/linorobot2_description' returned '0': CMAKE_PREFIX_PATH=${CMAKE_PREFIX_PATH}:/opt/ros/humble /usr/bin/cmake --build /home/pi/linorobot2_ws/build/linorobot2_description -- -j4 -l4
[6.421s] DEBUG:colcon.colcon_core.event_handler.log_command:Invoking command in '/home/pi/linorobot2_ws/build/linorobot2_description': CMAKE_PREFIX_PATH=${CMAKE_PREFIX_PATH}:/opt/ros/humble /usr/bin/cmake --install /home/pi/linorobot2_ws/build/linorobot2_description
[6.520s] Level 1:colcon.colcon_core.environment:create_environment_scripts_only(linorobot2_description)
[6.522s] Level 1:colcon.colcon_core.environment:checking '/home/pi/linorobot2_ws/install/linorobot2_description' for CMake module files
[6.524s] DEBUG:colcon.colcon_core.event_handler.log_command:Invoked command in '/home/pi/linorobot2_ws/build/linorobot2_description' returned '0': CMAKE_PREFIX_PATH=${CMAKE_PREFIX_PATH}:/opt/ros/humble /usr/bin/cmake --install /home/pi/linorobot2_ws/build/linorobot2_description
[6.526s] Level 1:colcon.colcon_core.environment:checking '/home/pi/linorobot2_ws/install/linorobot2_description' for CMake config files
[6.528s] Level 1:colcon.colcon_core.shell:create_environment_hook('linorobot2_description', 'cmake_prefix_path')
[6.529s] INFO:colcon.colcon_core.shell:Creating environment hook '/home/pi/linorobot2_ws/install/linorobot2_description/share/linorobot2_description/hook/cmake_prefix_path.ps1'
[6.532s] INFO:colcon.colcon_core.shell:Creating environment descriptor '/home/pi/linorobot2_ws/install/linorobot2_description/share/linorobot2_description/hook/cmake_prefix_path.dsv'
[6.534s] INFO:colcon.colcon_core.shell:Creating environment hook '/home/pi/linorobot2_ws/install/linorobot2_description/share/linorobot2_description/hook/cmake_prefix_path.sh'
[6.538s] Level 1:colcon.colcon_core.environment:checking '/home/pi/linorobot2_ws/install/linorobot2_description/bin'
[6.538s] Level 1:colcon.colcon_core.environment:checking '/home/pi/linorobot2_ws/install/linorobot2_description/lib/pkgconfig/linorobot2_description.pc'
[6.540s] Level 1:colcon.colcon_core.environment:checking '/home/pi/linorobot2_ws/install/linorobot2_description/lib/python3.10/site-packages'
[6.541s] Level 1:colcon.colcon_core.environment:checking '/home/pi/linorobot2_ws/install/linorobot2_description/bin'
[6.543s] INFO:colcon.colcon_core.shell:Creating package script '/home/pi/linorobot2_ws/install/linorobot2_description/share/linorobot2_description/package.ps1'
[6.545s] INFO:colcon.colcon_core.shell:Creating package descriptor '/home/pi/linorobot2_ws/install/linorobot2_description/share/linorobot2_description/package.dsv'
[6.548s] INFO:colcon.colcon_core.shell:Creating package script '/home/pi/linorobot2_ws/install/linorobot2_description/share/linorobot2_description/package.sh'
[6.551s] INFO:colcon.colcon_core.shell:Creating package script '/home/pi/linorobot2_ws/install/linorobot2_description/share/linorobot2_description/package.bash'
[6.553s] INFO:colcon.colcon_core.shell:Creating package script '/home/pi/linorobot2_ws/install/linorobot2_description/share/linorobot2_description/package.zsh'
[6.555s] Level 1:colcon.colcon_core.environment:create_file_with_runtime_dependencies(/home/pi/linorobot2_ws/install/linorobot2_description/share/colcon-core/packages/linorobot2_description)
[6.559s] Level 1:colcon.colcon_core.environment:create_environment_scripts_only(linorobot2_description)
[6.561s] Level 1:colcon.colcon_core.environment:checking '/home/pi/linorobot2_ws/install/linorobot2_description' for CMake module files
[6.564s] Level 1:colcon.colcon_core.environment:checking '/home/pi/linorobot2_ws/install/linorobot2_description' for CMake config files
[6.566s] Level 1:colcon.colcon_core.shell:create_environment_hook('linorobot2_description', 'cmake_prefix_path')
[6.567s] INFO:colcon.colcon_core.shell:Creating environment hook '/home/pi/linorobot2_ws/install/linorobot2_description/share/linorobot2_description/hook/cmake_prefix_path.ps1'
[6.570s] INFO:colcon.colcon_core.shell:Creating environment descriptor '/home/pi/linorobot2_ws/install/linorobot2_description/share/linorobot2_description/hook/cmake_prefix_path.dsv'
[6.573s] INFO:colcon.colcon_core.shell:Creating environment hook '/home/pi/linorobot2_ws/install/linorobot2_description/share/linorobot2_description/hook/cmake_prefix_path.sh'
[6.577s] Level 1:colcon.colcon_core.environment:checking '/home/pi/linorobot2_ws/install/linorobot2_description/bin'
[6.577s] Level 1:colcon.colcon_core.environment:checking '/home/pi/linorobot2_ws/install/linorobot2_description/lib/pkgconfig/linorobot2_description.pc'
[6.578s] Level 1:colcon.colcon_core.environment:checking '/home/pi/linorobot2_ws/install/linorobot2_description/lib/python3.10/site-packages'
[6.580s] Level 1:colcon.colcon_core.environment:checking '/home/pi/linorobot2_ws/install/linorobot2_description/bin'
[6.582s] INFO:colcon.colcon_core.shell:Creating package script '/home/pi/linorobot2_ws/install/linorobot2_description/share/linorobot2_description/package.ps1'
[6.585s] INFO:colcon.colcon_core.shell:Creating package descriptor '/home/pi/linorobot2_ws/install/linorobot2_description/share/linorobot2_description/package.dsv'
[6.591s] INFO:colcon.colcon_core.shell:Creating package script '/home/pi/linorobot2_ws/install/linorobot2_description/share/linorobot2_description/package.sh'
[6.593s] INFO:colcon.colcon_core.shell:Creating package script '/home/pi/linorobot2_ws/install/linorobot2_description/share/linorobot2_description/package.bash'
[6.595s] INFO:colcon.colcon_core.shell:Creating package script '/home/pi/linorobot2_ws/install/linorobot2_description/share/linorobot2_description/package.zsh'
[6.597s] Level 1:colcon.colcon_core.environment:create_file_with_runtime_dependencies(/home/pi/linorobot2_ws/install/linorobot2_description/share/colcon-core/packages/linorobot2_description)
[6.687s] DEBUG:colcon.colcon_core.event_handler.log_command:Invoked command in '/home/pi/linorobot2_ws/build/sllidar_ros2' returned '0': CMAKE_PREFIX_PATH=${CMAKE_PREFIX_PATH}:/opt/ros/humble /usr/bin/cmake --build /home/pi/linorobot2_ws/build/sllidar_ros2 -- -j4 -l4
[6.697s] DEBUG:colcon.colcon_core.event_handler.log_command:Invoking command in '/home/pi/linorobot2_ws/build/sllidar_ros2': CMAKE_PREFIX_PATH=${CMAKE_PREFIX_PATH}:/opt/ros/humble /usr/bin/cmake --install /home/pi/linorobot2_ws/build/sllidar_ros2
[6.750s] Level 1:colcon.colcon_core.environment:create_environment_scripts_only(sllidar_ros2)
[6.752s] Level 1:colcon.colcon_core.environment:checking '/home/pi/linorobot2_ws/install/sllidar_ros2' for CMake module files
[6.754s] DEBUG:colcon.colcon_core.event_handler.log_command:Invoked command in '/home/pi/linorobot2_ws/build/sllidar_ros2' returned '0': CMAKE_PREFIX_PATH=${CMAKE_PREFIX_PATH}:/opt/ros/humble /usr/bin/cmake --install /home/pi/linorobot2_ws/build/sllidar_ros2
[6.756s] Level 1:colcon.colcon_core.environment:checking '/home/pi/linorobot2_ws/install/sllidar_ros2' for CMake config files
[6.758s] Level 1:colcon.colcon_core.shell:create_environment_hook('sllidar_ros2', 'cmake_prefix_path')
[6.759s] INFO:colcon.colcon_core.shell:Creating environment hook '/home/pi/linorobot2_ws/install/sllidar_ros2/share/sllidar_ros2/hook/cmake_prefix_path.ps1'
[6.761s] INFO:colcon.colcon_core.shell:Creating environment descriptor '/home/pi/linorobot2_ws/install/sllidar_ros2/share/sllidar_ros2/hook/cmake_prefix_path.dsv'
[6.763s] INFO:colcon.colcon_core.shell:Creating environment hook '/home/pi/linorobot2_ws/install/sllidar_ros2/share/sllidar_ros2/hook/cmake_prefix_path.sh'
[6.767s] Level 1:colcon.colcon_core.environment:checking '/home/pi/linorobot2_ws/install/sllidar_ros2/lib'
[6.768s] Level 1:colcon.colcon_core.environment:checking '/home/pi/linorobot2_ws/install/sllidar_ros2/bin'
[6.768s] Level 1:colcon.colcon_core.environment:checking '/home/pi/linorobot2_ws/install/sllidar_ros2/lib/pkgconfig/sllidar_ros2.pc'
[6.770s] Level 1:colcon.colcon_core.environment:checking '/home/pi/linorobot2_ws/install/sllidar_ros2/lib/python3.10/site-packages'
[6.771s] Level 1:colcon.colcon_core.environment:checking '/home/pi/linorobot2_ws/install/sllidar_ros2/bin'
[6.772s] INFO:colcon.colcon_core.shell:Creating package script '/home/pi/linorobot2_ws/install/sllidar_ros2/share/sllidar_ros2/package.ps1'
[6.776s] INFO:colcon.colcon_core.shell:Creating package descriptor '/home/pi/linorobot2_ws/install/sllidar_ros2/share/sllidar_ros2/package.dsv'
[6.779s] INFO:colcon.colcon_core.shell:Creating package script '/home/pi/linorobot2_ws/install/sllidar_ros2/share/sllidar_ros2/package.sh'
[6.782s] INFO:colcon.colcon_core.shell:Creating package script '/home/pi/linorobot2_ws/install/sllidar_ros2/share/sllidar_ros2/package.bash'
[6.785s] INFO:colcon.colcon_core.shell:Creating package script '/home/pi/linorobot2_ws/install/sllidar_ros2/share/sllidar_ros2/package.zsh'
[6.787s] Level 1:colcon.colcon_core.environment:create_file_with_runtime_dependencies(/home/pi/linorobot2_ws/install/sllidar_ros2/share/colcon-core/packages/sllidar_ros2)
[6.793s] Level 1:colcon.colcon_core.environment:create_environment_scripts_only(sllidar_ros2)
[6.794s] Level 1:colcon.colcon_core.environment:checking '/home/pi/linorobot2_ws/install/sllidar_ros2' for CMake module files
[6.797s] Level 1:colcon.colcon_core.environment:checking '/home/pi/linorobot2_ws/install/sllidar_ros2' for CMake config files
[6.799s] Level 1:colcon.colcon_core.shell:create_environment_hook('sllidar_ros2', 'cmake_prefix_path')
[6.800s] INFO:colcon.colcon_core.shell:Creating environment hook '/home/pi/linorobot2_ws/install/sllidar_ros2/share/sllidar_ros2/hook/cmake_prefix_path.ps1'
[6.803s] INFO:colcon.colcon_core.shell:Creating environment descriptor '/home/pi/linorobot2_ws/install/sllidar_ros2/share/sllidar_ros2/hook/cmake_prefix_path.dsv'
[6.805s] INFO:colcon.colcon_core.shell:Creating environment hook '/home/pi/linorobot2_ws/install/sllidar_ros2/share/sllidar_ros2/hook/cmake_prefix_path.sh'
[6.809s] Level 1:colcon.colcon_core.environment:checking '/home/pi/linorobot2_ws/install/sllidar_ros2/lib'
[6.810s] Level 1:colcon.colcon_core.environment:checking '/home/pi/linorobot2_ws/install/sllidar_ros2/bin'
[6.810s] Level 1:colcon.colcon_core.environment:checking '/home/pi/linorobot2_ws/install/sllidar_ros2/lib/pkgconfig/sllidar_ros2.pc'
[6.811s] Level 1:colcon.colcon_core.environment:checking '/home/pi/linorobot2_ws/install/sllidar_ros2/lib/python3.10/site-packages'
[6.813s] Level 1:colcon.colcon_core.environment:checking '/home/pi/linorobot2_ws/install/sllidar_ros2/bin'
[6.814s] INFO:colcon.colcon_core.shell:Creating package script '/home/pi/linorobot2_ws/install/sllidar_ros2/share/sllidar_ros2/package.ps1'
[6.817s] INFO:colcon.colcon_core.shell:Creating package descriptor '/home/pi/linorobot2_ws/install/sllidar_ros2/share/sllidar_ros2/package.dsv'
[6.820s] INFO:colcon.colcon_core.shell:Creating package script '/home/pi/linorobot2_ws/install/sllidar_ros2/share/sllidar_ros2/package.sh'
[6.822s] INFO:colcon.colcon_core.shell:Creating package script '/home/pi/linorobot2_ws/install/sllidar_ros2/share/sllidar_ros2/package.bash'
[6.824s] INFO:colcon.colcon_core.shell:Creating package script '/home/pi/linorobot2_ws/install/sllidar_ros2/share/sllidar_ros2/package.zsh'
[6.826s] Level 1:colcon.colcon_core.environment:create_file_with_runtime_dependencies(/home/pi/linorobot2_ws/install/sllidar_ros2/share/colcon-core/packages/sllidar_ros2)
[9.275s] DEBUG:colcon.colcon_core.event_handler.log_command:Invoked command in '/home/pi/linorobot2_ws/build/linorobot2_navigation' returned '0': CMAKE_PREFIX_PATH=${CMAKE_PREFIX_PATH}:/opt/ros/humble /usr/bin/cmake /home/pi/linorobot2_ws/src/linorobot2/linorobot2_navigation -DCMAKE_INSTALL_PREFIX=/home/pi/linorobot2_ws/install/linorobot2_navigation
[9.283s] DEBUG:colcon.colcon_core.event_handler.log_command:Invoking command in '/home/pi/linorobot2_ws/build/linorobot2_navigation': CMAKE_PREFIX_PATH=${CMAKE_PREFIX_PATH}:/opt/ros/humble /usr/bin/cmake --build /home/pi/linorobot2_ws/build/linorobot2_navigation -- -j4 -l4
[9.433s] DEBUG:colcon.colcon_core.event_handler.log_command:Invoked command in '/home/pi/linorobot2_ws/build/linorobot2_navigation' returned '0': CMAKE_PREFIX_PATH=${CMAKE_PREFIX_PATH}:/opt/ros/humble /usr/bin/cmake --build /home/pi/linorobot2_ws/build/linorobot2_navigation -- -j4 -l4
[9.442s] DEBUG:colcon.colcon_core.event_handler.log_command:Invoking command in '/home/pi/linorobot2_ws/build/linorobot2_navigation': CMAKE_PREFIX_PATH=${CMAKE_PREFIX_PATH}:/opt/ros/humble /usr/bin/cmake --install /home/pi/linorobot2_ws/build/linorobot2_navigation
[9.510s] Level 1:colcon.colcon_core.environment:create_environment_scripts_only(linorobot2_navigation)
[9.511s] Level 1:colcon.colcon_core.environment:checking '/home/pi/linorobot2_ws/install/linorobot2_navigation' for CMake module files
[9.512s] DEBUG:colcon.colcon_core.event_handler.log_command:Invoked command in '/home/pi/linorobot2_ws/build/linorobot2_navigation' returned '0': CMAKE_PREFIX_PATH=${CMAKE_PREFIX_PATH}:/opt/ros/humble /usr/bin/cmake --install /home/pi/linorobot2_ws/build/linorobot2_navigation
[9.514s] Level 1:colcon.colcon_core.environment:checking '/home/pi/linorobot2_ws/install/linorobot2_navigation' for CMake config files
[9.515s] Level 1:colcon.colcon_core.shell:create_environment_hook('linorobot2_navigation', 'cmake_prefix_path')
[9.516s] INFO:colcon.colcon_core.shell:Creating environment hook '/home/pi/linorobot2_ws/install/linorobot2_navigation/share/linorobot2_navigation/hook/cmake_prefix_path.ps1'
[9.518s] INFO:colcon.colcon_core.shell:Creating environment descriptor '/home/pi/linorobot2_ws/install/linorobot2_navigation/share/linorobot2_navigation/hook/cmake_prefix_path.dsv'
[9.520s] INFO:colcon.colcon_core.shell:Creating environment hook '/home/pi/linorobot2_ws/install/linorobot2_navigation/share/linorobot2_navigation/hook/cmake_prefix_path.sh'
[9.523s] Level 1:colcon.colcon_core.environment:checking '/home/pi/linorobot2_ws/install/linorobot2_navigation/bin'
[9.523s] Level 1:colcon.colcon_core.environment:checking '/home/pi/linorobot2_ws/install/linorobot2_navigation/lib/pkgconfig/linorobot2_navigation.pc'
[9.524s] Level 1:colcon.colcon_core.environment:checking '/home/pi/linorobot2_ws/install/linorobot2_navigation/lib/python3.10/site-packages'
[9.525s] Level 1:colcon.colcon_core.environment:checking '/home/pi/linorobot2_ws/install/linorobot2_navigation/bin'
[9.527s] INFO:colcon.colcon_core.shell:Creating package script '/home/pi/linorobot2_ws/install/linorobot2_navigation/share/linorobot2_navigation/package.ps1'
[9.529s] INFO:colcon.colcon_core.shell:Creating package descriptor '/home/pi/linorobot2_ws/install/linorobot2_navigation/share/linorobot2_navigation/package.dsv'
[9.531s] INFO:colcon.colcon_core.shell:Creating package script '/home/pi/linorobot2_ws/install/linorobot2_navigation/share/linorobot2_navigation/package.sh'
[9.533s] INFO:colcon.colcon_core.shell:Creating package script '/home/pi/linorobot2_ws/install/linorobot2_navigation/share/linorobot2_navigation/package.bash'
[9.534s] INFO:colcon.colcon_core.shell:Creating package script '/home/pi/linorobot2_ws/install/linorobot2_navigation/share/linorobot2_navigation/package.zsh'
[9.536s] Level 1:colcon.colcon_core.environment:create_file_with_runtime_dependencies(/home/pi/linorobot2_ws/install/linorobot2_navigation/share/colcon-core/packages/linorobot2_navigation)
[9.538s] Level 1:colcon.colcon_core.environment:create_environment_scripts_only(linorobot2_navigation)
[9.539s] Level 1:colcon.colcon_core.environment:checking '/home/pi/linorobot2_ws/install/linorobot2_navigation' for CMake module files
[9.542s] Level 1:colcon.colcon_core.environment:checking '/home/pi/linorobot2_ws/install/linorobot2_navigation' for CMake config files
[9.543s] Level 1:colcon.colcon_core.shell:create_environment_hook('linorobot2_navigation', 'cmake_prefix_path')
[9.544s] INFO:colcon.colcon_core.shell:Creating environment hook '/home/pi/linorobot2_ws/install/linorobot2_navigation/share/linorobot2_navigation/hook/cmake_prefix_path.ps1'
[9.546s] INFO:colcon.colcon_core.shell:Creating environment descriptor '/home/pi/linorobot2_ws/install/linorobot2_navigation/share/linorobot2_navigation/hook/cmake_prefix_path.dsv'
[9.547s] INFO:colcon.colcon_core.shell:Creating environment hook '/home/pi/linorobot2_ws/install/linorobot2_navigation/share/linorobot2_navigation/hook/cmake_prefix_path.sh'
[9.550s] Level 1:colcon.colcon_core.environment:checking '/home/pi/linorobot2_ws/install/linorobot2_navigation/bin'
[9.550s] Level 1:colcon.colcon_core.environment:checking '/home/pi/linorobot2_ws/install/linorobot2_navigation/lib/pkgconfig/linorobot2_navigation.pc'
[9.551s] Level 1:colcon.colcon_core.environment:checking '/home/pi/linorobot2_ws/install/linorobot2_navigation/lib/python3.10/site-packages'
[9.552s] Level 1:colcon.colcon_core.environment:checking '/home/pi/linorobot2_ws/install/linorobot2_navigation/bin'
[9.553s] INFO:colcon.colcon_core.shell:Creating package script '/home/pi/linorobot2_ws/install/linorobot2_navigation/share/linorobot2_navigation/package.ps1'
[9.555s] INFO:colcon.colcon_core.shell:Creating package descriptor '/home/pi/linorobot2_ws/install/linorobot2_navigation/share/linorobot2_navigation/package.dsv'
[9.558s] INFO:colcon.colcon_core.shell:Creating package script '/home/pi/linorobot2_ws/install/linorobot2_navigation/share/linorobot2_navigation/package.sh'
[9.560s] INFO:colcon.colcon_core.shell:Creating package script '/home/pi/linorobot2_ws/install/linorobot2_navigation/share/linorobot2_navigation/package.bash'
[9.562s] INFO:colcon.colcon_core.shell:Creating package script '/home/pi/linorobot2_ws/install/linorobot2_navigation/share/linorobot2_navigation/package.zsh'
[9.564s] Level 1:colcon.colcon_core.environment:create_file_with_runtime_dependencies(/home/pi/linorobot2_ws/install/linorobot2_navigation/share/colcon-core/packages/linorobot2_navigation)
[9.566s] DEBUG:colcon.colcon_parallel_executor.executor.parallel:closing loop
[9.567s] DEBUG:colcon.colcon_parallel_executor.executor.parallel:loop closed
[9.567s] DEBUG:colcon.colcon_parallel_executor.executor.parallel:run_until_complete finished with '0'
[9.568s] DEBUG:colcon.colcon_core.event_reactor:joining thread
[9.588s] INFO:colcon.colcon_core.plugin_system:Skipping extension 'colcon_notification.desktop_notification.notify_send': Could not find 'notify-send'
[9.588s] INFO:colcon.colcon_core.plugin_system:Skipping extension 'colcon_notification.desktop_notification.terminal_notifier': Not used on non-Darwin systems
[9.588s] INFO:colcon.colcon_core.plugin_system:Skipping extension 'colcon_notification.desktop_notification.win32': Not used on non-Windows systems
[9.589s] INFO:colcon.colcon_notification.desktop_notification:Sending desktop notification using 'notify2'
[9.592s] DEBUG:colcon.colcon_notification.desktop_notification.notify2:Failed to initialize notify2: org.freedesktop.DBus.Error.ServiceUnknown: The name org.freedesktop.Notifications was not provided by any .service files
[9.592s] DEBUG:colcon.colcon_core.event_reactor:joined thread
[9.593s] INFO:colcon.colcon_core.shell:Creating prefix script '/home/pi/linorobot2_ws/install/local_setup.ps1'
[9.597s] INFO:colcon.colcon_core.shell:Creating prefix util module '/home/pi/linorobot2_ws/install/_local_setup_util_ps1.py'
[9.603s] INFO:colcon.colcon_core.shell:Creating prefix chain script '/home/pi/linorobot2_ws/install/setup.ps1'
[9.610s] INFO:colcon.colcon_core.shell:Creating prefix script '/home/pi/linorobot2_ws/install/local_setup.sh'
[9.613s] INFO:colcon.colcon_core.shell:Creating prefix util module '/home/pi/linorobot2_ws/install/_local_setup_util_sh.py'
[9.615s] INFO:colcon.colcon_core.shell:Creating prefix chain script '/home/pi/linorobot2_ws/install/setup.sh'
[9.622s] INFO:colcon.colcon_core.shell:Creating prefix script '/home/pi/linorobot2_ws/install/local_setup.bash'
[9.625s] INFO:colcon.colcon_core.shell:Creating prefix chain script '/home/pi/linorobot2_ws/install/setup.bash'
[9.631s] INFO:colcon.colcon_core.shell:Creating prefix script '/home/pi/linorobot2_ws/install/local_setup.zsh'
[9.633s] INFO:colcon.colcon_core.shell:Creating prefix chain script '/home/pi/linorobot2_ws/install/setup.zsh'
