[0.177s] Invoking command in '/home/pi/linorobot2_ws/build/linorobot2_navigation': CMAKE_PREFIX_PATH=${CMAKE_PREFIX_PATH}:/opt/ros/humble /usr/bin/cmake --build /home/pi/linorobot2_ws/build/linorobot2_navigation -- -j4 -l4
[0.325s] Invoked command in '/home/pi/linorobot2_ws/build/linorobot2_navigation' returned '0': CMAKE_PREFIX_PATH=${CMAKE_PREFIX_PATH}:/opt/ros/humble /usr/bin/cmake --build /home/pi/linorobot2_ws/build/linorobot2_navigation -- -j4 -l4
[0.335s] Invoking command in '/home/pi/linorobot2_ws/build/linorobot2_navigation': CMAKE_PREFIX_PATH=${CMAKE_PREFIX_PATH}:/opt/ros/humble /usr/bin/cmake --install /home/pi/linorobot2_ws/build/linorobot2_navigation
[0.362s] -- Install configuration: ""
[0.363s] -- Up-to-date: /home/pi/linorobot2_ws/install/linorobot2_navigation/share/linorobot2_navigation/launch
[0.364s] -- Up-to-date: /home/pi/linorobot2_ws/install/linorobot2_navigation/share/linorobot2_navigation/launch/slam.launch.py
[0.364s] -- Up-to-date: /home/pi/linorobot2_ws/install/linorobot2_navigation/share/linorobot2_navigation/launch/navigation.launch.py
[0.365s] -- Up-to-date: /home/pi/linorobot2_ws/install/linorobot2_navigation/share/linorobot2_navigation/rviz
[0.365s] -- Up-to-date: /home/pi/linorobot2_ws/install/linorobot2_navigation/share/linorobot2_navigation/rviz/linorobot2_navigation_minimal.rviz
[0.366s] -- Up-to-date: /home/pi/linorobot2_ws/install/linorobot2_navigation/share/linorobot2_navigation/rviz/linorobot2_navigation.rviz
[0.367s] -- Up-to-date: /home/pi/linorobot2_ws/install/linorobot2_navigation/share/linorobot2_navigation/rviz/linorobot2_slam.rviz
[0.367s] -- Up-to-date: /home/pi/linorobot2_ws/install/linorobot2_navigation/share/linorobot2_navigation/config
[0.368s] -- Up-to-date: /home/pi/linorobot2_ws/install/linorobot2_navigation/share/linorobot2_navigation/config/navigation.yaml
[0.368s] -- Up-to-date: /home/pi/linorobot2_ws/install/linorobot2_navigation/share/linorobot2_navigation/config/slam.yaml
[0.369s] -- Up-to-date: /home/pi/linorobot2_ws/install/linorobot2_navigation/share/linorobot2_navigation/config/navigation_sim.yaml
[0.369s] -- Up-to-date: /home/pi/linorobot2_ws/install/linorobot2_navigation/share/linorobot2_navigation/maps
[0.370s] -- Up-to-date: /home/pi/linorobot2_ws/install/linorobot2_navigation/share/linorobot2_navigation/maps/playground.pgm
[0.370s] -- Up-to-date: /home/pi/linorobot2_ws/install/linorobot2_navigation/share/linorobot2_navigation/maps/playground.yaml
[0.370s] -- Up-to-date: /home/pi/linorobot2_ws/install/linorobot2_navigation/share/ament_index/resource_index/package_run_dependencies/linorobot2_navigation
[0.371s] -- Up-to-date: /home/pi/linorobot2_ws/install/linorobot2_navigation/share/ament_index/resource_index/parent_prefix_path/linorobot2_navigation
[0.371s] -- Up-to-date: /home/pi/linorobot2_ws/install/linorobot2_navigation/share/linorobot2_navigation/environment/ament_prefix_path.sh
[0.372s] -- Up-to-date: /home/pi/linorobot2_ws/install/linorobot2_navigation/share/linorobot2_navigation/environment/ament_prefix_path.dsv
[0.372s] -- Up-to-date: /home/pi/linorobot2_ws/install/linorobot2_navigation/share/linorobot2_navigation/environment/path.sh
[0.372s] -- Up-to-date: /home/pi/linorobot2_ws/install/linorobot2_navigation/share/linorobot2_navigation/environment/path.dsv
[0.373s] -- Up-to-date: /home/pi/linorobot2_ws/install/linorobot2_navigation/share/linorobot2_navigation/local_setup.bash
[0.373s] -- Up-to-date: /home/pi/linorobot2_ws/install/linorobot2_navigation/share/linorobot2_navigation/local_setup.sh
[0.374s] -- Up-to-date: /home/pi/linorobot2_ws/install/linorobot2_navigation/share/linorobot2_navigation/local_setup.zsh
[0.374s] -- Up-to-date: /home/pi/linorobot2_ws/install/linorobot2_navigation/share/linorobot2_navigation/local_setup.dsv
[0.375s] -- Installing: /home/pi/linorobot2_ws/install/linorobot2_navigation/share/linorobot2_navigation/package.dsv
[0.376s] -- Up-to-date: /home/pi/linorobot2_ws/install/linorobot2_navigation/share/ament_index/resource_index/packages/linorobot2_navigation
[0.376s] -- Up-to-date: /home/pi/linorobot2_ws/install/linorobot2_navigation/share/linorobot2_navigation/cmake/linorobot2_navigationConfig.cmake
[0.377s] -- Up-to-date: /home/pi/linorobot2_ws/install/linorobot2_navigation/share/linorobot2_navigation/cmake/linorobot2_navigationConfig-version.cmake
[0.377s] -- Up-to-date: /home/pi/linorobot2_ws/install/linorobot2_navigation/share/linorobot2_navigation/package.xml
[0.382s] Invoked command in '/home/pi/linorobot2_ws/build/linorobot2_navigation' returned '0': CMAKE_PREFIX_PATH=${CMAKE_PREFIX_PATH}:/opt/ros/humble /usr/bin/cmake --install /home/pi/linorobot2_ws/build/linorobot2_navigation
