[0.105s] Invoking command in '/home/pi/linorobot2_ws/build/linorobot2_bringup': CMAKE_PREFIX_PATH=${CMAKE_PREFIX_PATH}:/opt/ros/humble /usr/bin/cmake --build /home/pi/linorobot2_ws/build/linorobot2_bringup -- -j4 -l4
[0.315s] Invoked command in '/home/pi/linorobot2_ws/build/linorobot2_bringup' returned '0': CMAKE_PREFIX_PATH=${CMAKE_PREFIX_PATH}:/opt/ros/humble /usr/bin/cmake --build /home/pi/linorobot2_ws/build/linorobot2_bringup -- -j4 -l4
[0.325s] Invoking command in '/home/pi/linorobot2_ws/build/linorobot2_bringup': CMAKE_PREFIX_PATH=${CMAKE_PREFIX_PATH}:/opt/ros/humble /usr/bin/cmake --install /home/pi/linorobot2_ws/build/linorobot2_bringup
[0.400s] -- Install configuration: ""
[0.400s] -- Up-to-date: /home/pi/linorobot2_ws/install/linorobot2_bringup/share/linorobot2_bringup/launch
[0.400s] -- Up-to-date: /home/pi/linorobot2_ws/install/linorobot2_bringup/share/linorobot2_bringup/launch/extra.launch.py
[0.401s] -- Up-to-date: /home/pi/linorobot2_ws/install/linorobot2_bringup/share/linorobot2_bringup/launch/bringup.launch.py
[0.401s] -- Up-to-date: /home/pi/linorobot2_ws/install/linorobot2_bringup/share/linorobot2_bringup/launch/depth.launch.py
[0.402s] -- Up-to-date: /home/pi/linorobot2_ws/install/linorobot2_bringup/share/linorobot2_bringup/launch/joy_teleop.launch.py
[0.402s] -- Up-to-date: /home/pi/linorobot2_ws/install/linorobot2_bringup/share/linorobot2_bringup/launch/lasers.launch.py
[0.403s] -- Up-to-date: /home/pi/linorobot2_ws/install/linorobot2_bringup/share/linorobot2_bringup/launch/sensors.launch.py
[0.403s] -- Up-to-date: /home/pi/linorobot2_ws/install/linorobot2_bringup/share/linorobot2_bringup/launch/custom_robot.launch.py
[0.404s] -- Up-to-date: /home/pi/linorobot2_ws/install/linorobot2_bringup/share/linorobot2_bringup/launch/default_robot.launch.py
[0.404s] -- Up-to-date: /home/pi/linorobot2_ws/install/linorobot2_bringup/share/linorobot2_bringup/config
[0.405s] -- Up-to-date: /home/pi/linorobot2_ws/install/linorobot2_bringup/share/linorobot2_bringup/config/box_laser_filter.yaml
[0.405s] -- Up-to-date: /home/pi/linorobot2_ws/install/linorobot2_bringup/share/linorobot2_bringup/config/zed_common.yaml
[0.406s] -- Up-to-date: /home/pi/linorobot2_ws/install/linorobot2_bringup/share/linorobot2_bringup/config/joy.yaml
[0.406s] -- Up-to-date: /home/pi/linorobot2_ws/install/linorobot2_bringup/share/linorobot2_bringup/config/laser_filter.yaml
[0.407s] -- Up-to-date: /home/pi/linorobot2_ws/install/linorobot2_bringup/share/linorobot2_bringup/config/fake_laser.yaml
[0.407s] -- Up-to-date: /home/pi/linorobot2_ws/install/linorobot2_bringup/share/ament_index/resource_index/package_run_dependencies/linorobot2_bringup
[0.408s] -- Up-to-date: /home/pi/linorobot2_ws/install/linorobot2_bringup/share/ament_index/resource_index/parent_prefix_path/linorobot2_bringup
[0.408s] -- Up-to-date: /home/pi/linorobot2_ws/install/linorobot2_bringup/share/linorobot2_bringup/environment/ament_prefix_path.sh
[0.409s] -- Up-to-date: /home/pi/linorobot2_ws/install/linorobot2_bringup/share/linorobot2_bringup/environment/ament_prefix_path.dsv
[0.409s] -- Up-to-date: /home/pi/linorobot2_ws/install/linorobot2_bringup/share/linorobot2_bringup/environment/path.sh
[0.410s] -- Up-to-date: /home/pi/linorobot2_ws/install/linorobot2_bringup/share/linorobot2_bringup/environment/path.dsv
[0.410s] -- Up-to-date: /home/pi/linorobot2_ws/install/linorobot2_bringup/share/linorobot2_bringup/local_setup.bash
[0.412s] -- Up-to-date: /home/pi/linorobot2_ws/install/linorobot2_bringup/share/linorobot2_bringup/local_setup.sh
[0.414s] -- Up-to-date: /home/pi/linorobot2_ws/install/linorobot2_bringup/share/linorobot2_bringup/local_setup.zsh
[0.415s] -- Up-to-date: /home/pi/linorobot2_ws/install/linorobot2_bringup/share/linorobot2_bringup/local_setup.dsv
[0.415s] -- Installing: /home/pi/linorobot2_ws/install/linorobot2_bringup/share/linorobot2_bringup/package.dsv
[0.416s] -- Up-to-date: /home/pi/linorobot2_ws/install/linorobot2_bringup/share/ament_index/resource_index/packages/linorobot2_bringup
[0.417s] -- Up-to-date: /home/pi/linorobot2_ws/install/linorobot2_bringup/share/linorobot2_bringup/cmake/linorobot2_bringupConfig.cmake
[0.418s] -- Up-to-date: /home/pi/linorobot2_ws/install/linorobot2_bringup/share/linorobot2_bringup/cmake/linorobot2_bringupConfig-version.cmake
[0.419s] -- Up-to-date: /home/pi/linorobot2_ws/install/linorobot2_bringup/share/linorobot2_bringup/package.xml
[0.603s] Invoked command in '/home/pi/linorobot2_ws/build/linorobot2_bringup' returned '0': CMAKE_PREFIX_PATH=${CMAKE_PREFIX_PATH}:/opt/ros/humble /usr/bin/cmake --install /home/pi/linorobot2_ws/build/linorobot2_bringup
