[0.111s] Invoking command in '/home/pi/linorobot2_ws/build/linorobot2_base': CMAKE_PREFIX_PATH=${CMAKE_PREFIX_PATH}:/opt/ros/humble /usr/bin/cmake --build /home/pi/linorobot2_ws/build/linorobot2_base -- -j4 -l4
[0.334s] Invoked command in '/home/pi/linorobot2_ws/build/linorobot2_base' returned '0': CMAKE_PREFIX_PATH=${CMAKE_PREFIX_PATH}:/opt/ros/humble /usr/bin/cmake --build /home/pi/linorobot2_ws/build/linorobot2_base -- -j4 -l4
[0.343s] Invoking command in '/home/pi/linorobot2_ws/build/linorobot2_base': CMAKE_PREFIX_PATH=${CMAKE_PREFIX_PATH}:/opt/ros/humble /usr/bin/cmake --install /home/pi/linorobot2_ws/build/linorobot2_base
[0.390s] -- Install configuration: ""
[0.393s] -- Up-to-date: /home/pi/linorobot2_ws/install/linorobot2_base/share/linorobot2_base/config
[0.396s] -- Up-to-date: /home/pi/linorobot2_ws/install/linorobot2_base/share/linorobot2_base/config/ekf.yaml
[0.396s] -- Up-to-date: /home/pi/linorobot2_ws/install/linorobot2_base/share/ament_index/resource_index/package_run_dependencies/linorobot2_base
[0.407s] -- Up-to-date: /home/pi/linorobot2_ws/install/linorobot2_base/share/ament_index/resource_index/parent_prefix_path/linorobot2_base
[0.407s] -- Up-to-date: /home/pi/linorobot2_ws/install/linorobot2_base/share/linorobot2_base/environment/ament_prefix_path.sh
[0.408s] -- Up-to-date: /home/pi/linorobot2_ws/install/linorobot2_base/share/linorobot2_base/environment/ament_prefix_path.dsv
[0.409s] -- Up-to-date: /home/pi/linorobot2_ws/install/linorobot2_base/share/linorobot2_base/environment/path.sh
[0.409s] -- Up-to-date: /home/pi/linorobot2_ws/install/linorobot2_base/share/linorobot2_base/environment/path.dsv
[0.410s] -- Up-to-date: /home/pi/linorobot2_ws/install/linorobot2_base/share/linorobot2_base/local_setup.bash
[0.411s] -- Up-to-date: /home/pi/linorobot2_ws/install/linorobot2_base/share/linorobot2_base/local_setup.sh
[0.412s] -- Up-to-date: /home/pi/linorobot2_ws/install/linorobot2_base/share/linorobot2_base/local_setup.zsh
[0.413s] -- Up-to-date: /home/pi/linorobot2_ws/install/linorobot2_base/share/linorobot2_base/local_setup.dsv
[0.413s] -- Up-to-date: /home/pi/linorobot2_ws/install/linorobot2_base/share/linorobot2_base/package.dsv
[0.415s] -- Up-to-date: /home/pi/linorobot2_ws/install/linorobot2_base/share/ament_index/resource_index/packages/linorobot2_base
[0.416s] -- Up-to-date: /home/pi/linorobot2_ws/install/linorobot2_base/share/linorobot2_base/cmake/linorobot2_baseConfig.cmake
[0.416s] -- Up-to-date: /home/pi/linorobot2_ws/install/linorobot2_base/share/linorobot2_base/cmake/linorobot2_baseConfig-version.cmake
[0.417s] -- Up-to-date: /home/pi/linorobot2_ws/install/linorobot2_base/share/linorobot2_base/package.xml
[0.547s] Invoked command in '/home/pi/linorobot2_ws/build/linorobot2_base' returned '0': CMAKE_PREFIX_PATH=${CMAKE_PREFIX_PATH}:/opt/ros/humble /usr/bin/cmake --install /home/pi/linorobot2_ws/build/linorobot2_base
