[0.437s] DEBUG:colcon:Command line arguments: ['/usr/bin/colcon', 'build']
[0.438s] DEBUG:colcon:Parsed command line arguments: Namespace(log_base=None, log_level=None, verb_name='build', build_base='build', install_base='install', merge_install=False, symlink_install=False, test_result_base=None, continue_on_error=False, executor='parallel', parallel_workers=4, event_handlers=None, ignore_user_meta=False, metas=['./colcon.meta'], base_paths=['.'], packages_ignore=None, packages_ignore_regex=None, paths=None, packages_up_to=None, packages_up_to_regex=None, packages_above=None, packages_above_and_dependencies=None, packages_above_depth=None, packages_select_by_dep=None, packages_skip_by_dep=None, packages_skip_up_to=None, packages_select_build_failed=False, packages_skip_build_finished=False, packages_select_test_failures=False, packages_skip_test_passed=False, packages_select=None, packages_skip=None, packages_select_regex=None, packages_skip_regex=None, packages_start=None, packages_end=None, allow_overriding=[], cmake_args=None, cmake_target=None, cmake_target_skip_unavailable=False, cmake_clean_cache=False, cmake_clean_first=False, cmake_force_configure=False, ament_cmake_args=None, catkin_cmake_args=None, catkin_skip_building_tests=False, verb_parser=<colcon_defaults.argument_parser.defaults.DefaultArgumentsDecorator object at 0xffffa1f03490>, verb_extension=<colcon_core.verb.build.BuildVerb object at 0xffffa2048ac0>, main=<bound method BuildVerb.main of <colcon_core.verb.build.BuildVerb object at 0xffffa2048ac0>>)
[1.198s] Level 1:colcon.colcon_core.package_discovery:discover_packages(colcon_meta) check parameters
[1.199s] Level 1:colcon.colcon_core.package_discovery:discover_packages(recursive) check parameters
[1.199s] Level 1:colcon.colcon_core.package_discovery:discover_packages(ignore) check parameters
[1.199s] Level 1:colcon.colcon_core.package_discovery:discover_packages(path) check parameters
[1.199s] Level 1:colcon.colcon_core.package_discovery:discover_packages(colcon_meta) discover
[1.200s] Level 1:colcon.colcon_core.package_discovery:discover_packages(recursive) discover
[1.200s] INFO:colcon.colcon_core.package_discovery:Crawling recursively for packages in '/home/pi/linorobot2_ws'
[1.200s] Level 1:colcon.colcon_core.package_identification:_identify(.) by extensions ['ignore', 'ignore_ament_install']
[1.201s] Level 1:colcon.colcon_core.package_identification:_identify(.) by extension 'ignore'
[1.201s] Level 1:colcon.colcon_core.package_identification:_identify(.) by extension 'ignore_ament_install'
[1.201s] Level 1:colcon.colcon_core.package_identification:_identify(.) by extensions ['colcon_pkg']
[1.202s] Level 1:colcon.colcon_core.package_identification:_identify(.) by extension 'colcon_pkg'
[1.202s] Level 1:colcon.colcon_core.package_identification:_identify(.) by extensions ['colcon_meta']
[1.202s] Level 1:colcon.colcon_core.package_identification:_identify(.) by extension 'colcon_meta'
[1.202s] Level 1:colcon.colcon_core.package_identification:_identify(.) by extensions ['ros']
[1.203s] Level 1:colcon.colcon_core.package_identification:_identify(.) by extension 'ros'
[1.249s] Level 1:colcon.colcon_core.package_identification:_identify(.) by extensions ['cmake', 'python']
[1.249s] Level 1:colcon.colcon_core.package_identification:_identify(.) by extension 'cmake'
[1.249s] Level 1:colcon.colcon_core.package_identification:_identify(.) by extension 'python'
[1.249s] Level 1:colcon.colcon_core.package_identification:_identify(.) by extensions ['python_setup_py']
[1.250s] Level 1:colcon.colcon_core.package_identification:_identify(.) by extension 'python_setup_py'
[1.250s] Level 1:colcon.colcon_core.package_identification:_identify(build) by extensions ['ignore', 'ignore_ament_install']
[1.251s] Level 1:colcon.colcon_core.package_identification:_identify(build) by extension 'ignore'
[1.251s] Level 1:colcon.colcon_core.package_identification:_identify(build) ignored
[1.252s] Level 1:colcon.colcon_core.package_identification:_identify(install) by extensions ['ignore', 'ignore_ament_install']
[1.252s] Level 1:colcon.colcon_core.package_identification:_identify(install) by extension 'ignore'
[1.252s] Level 1:colcon.colcon_core.package_identification:_identify(install) ignored
[1.253s] Level 1:colcon.colcon_core.package_identification:_identify(log) by extensions ['ignore', 'ignore_ament_install']
[1.253s] Level 1:colcon.colcon_core.package_identification:_identify(log) by extension 'ignore'
[1.254s] Level 1:colcon.colcon_core.package_identification:_identify(log) ignored
[1.254s] Level 1:colcon.colcon_core.package_identification:_identify(src) by extensions ['ignore', 'ignore_ament_install']
[1.254s] Level 1:colcon.colcon_core.package_identification:_identify(src) by extension 'ignore'
[1.254s] Level 1:colcon.colcon_core.package_identification:_identify(src) by extension 'ignore_ament_install'
[1.255s] Level 1:colcon.colcon_core.package_identification:_identify(src) by extensions ['colcon_pkg']
[1.255s] Level 1:colcon.colcon_core.package_identification:_identify(src) by extension 'colcon_pkg'
[1.255s] Level 1:colcon.colcon_core.package_identification:_identify(src) by extensions ['colcon_meta']
[1.255s] Level 1:colcon.colcon_core.package_identification:_identify(src) by extension 'colcon_meta'
[1.255s] Level 1:colcon.colcon_core.package_identification:_identify(src) by extensions ['ros']
[1.255s] Level 1:colcon.colcon_core.package_identification:_identify(src) by extension 'ros'
[1.256s] Level 1:colcon.colcon_core.package_identification:_identify(src) by extensions ['cmake', 'python']
[1.256s] Level 1:colcon.colcon_core.package_identification:_identify(src) by extension 'cmake'
[1.256s] Level 1:colcon.colcon_core.package_identification:_identify(src) by extension 'python'
[1.256s] Level 1:colcon.colcon_core.package_identification:_identify(src) by extensions ['python_setup_py']
[1.256s] Level 1:colcon.colcon_core.package_identification:_identify(src) by extension 'python_setup_py'
[1.257s] Level 1:colcon.colcon_core.package_identification:_identify(src/linorobot2) by extensions ['ignore', 'ignore_ament_install']
[1.257s] Level 1:colcon.colcon_core.package_identification:_identify(src/linorobot2) by extension 'ignore'
[1.258s] Level 1:colcon.colcon_core.package_identification:_identify(src/linorobot2) by extension 'ignore_ament_install'
[1.258s] Level 1:colcon.colcon_core.package_identification:_identify(src/linorobot2) by extensions ['colcon_pkg']
[1.258s] Level 1:colcon.colcon_core.package_identification:_identify(src/linorobot2) by extension 'colcon_pkg'
[1.258s] Level 1:colcon.colcon_core.package_identification:_identify(src/linorobot2) by extensions ['colcon_meta']
[1.258s] Level 1:colcon.colcon_core.package_identification:_identify(src/linorobot2) by extension 'colcon_meta'
[1.259s] Level 1:colcon.colcon_core.package_identification:_identify(src/linorobot2) by extensions ['ros']
[1.259s] Level 1:colcon.colcon_core.package_identification:_identify(src/linorobot2) by extension 'ros'
[1.259s] Level 1:colcon.colcon_core.package_identification:_identify(src/linorobot2) by extensions ['cmake', 'python']
[1.259s] Level 1:colcon.colcon_core.package_identification:_identify(src/linorobot2) by extension 'cmake'
[1.259s] Level 1:colcon.colcon_core.package_identification:_identify(src/linorobot2) by extension 'python'
[1.259s] Level 1:colcon.colcon_core.package_identification:_identify(src/linorobot2) by extensions ['python_setup_py']
[1.260s] Level 1:colcon.colcon_core.package_identification:_identify(src/linorobot2) by extension 'python_setup_py'
[1.260s] Level 1:colcon.colcon_core.package_identification:_identify(src/linorobot2/amcl) by extensions ['ignore', 'ignore_ament_install']
[1.260s] Level 1:colcon.colcon_core.package_identification:_identify(src/linorobot2/amcl) by extension 'ignore'
[1.261s] Level 1:colcon.colcon_core.package_identification:_identify(src/linorobot2/amcl) by extension 'ignore_ament_install'
[1.261s] Level 1:colcon.colcon_core.package_identification:_identify(src/linorobot2/amcl) by extensions ['colcon_pkg']
[1.261s] Level 1:colcon.colcon_core.package_identification:_identify(src/linorobot2/amcl) by extension 'colcon_pkg'
[1.261s] Level 1:colcon.colcon_core.package_identification:_identify(src/linorobot2/amcl) by extensions ['colcon_meta']
[1.261s] Level 1:colcon.colcon_core.package_identification:_identify(src/linorobot2/amcl) by extension 'colcon_meta'
[1.262s] Level 1:colcon.colcon_core.package_identification:_identify(src/linorobot2/amcl) by extensions ['ros']
[1.262s] Level 1:colcon.colcon_core.package_identification:_identify(src/linorobot2/amcl) by extension 'ros'
[1.262s] Level 1:colcon.colcon_core.package_identification:_identify(src/linorobot2/amcl) by extensions ['cmake', 'python']
[1.262s] Level 1:colcon.colcon_core.package_identification:_identify(src/linorobot2/amcl) by extension 'cmake'
[1.263s] Level 1:colcon.colcon_core.package_identification:_identify(src/linorobot2/amcl) by extension 'python'
[1.263s] Level 1:colcon.colcon_core.package_identification:_identify(src/linorobot2/amcl) by extensions ['python_setup_py']
[1.263s] Level 1:colcon.colcon_core.package_identification:_identify(src/linorobot2/amcl) by extension 'python_setup_py'
[1.263s] Level 1:colcon.colcon_core.package_identification:_identify(src/linorobot2/build) by extensions ['ignore', 'ignore_ament_install']
[1.264s] Level 1:colcon.colcon_core.package_identification:_identify(src/linorobot2/build) by extension 'ignore'
[1.264s] Level 1:colcon.colcon_core.package_identification:_identify(src/linorobot2/build) ignored
[1.264s] Level 1:colcon.colcon_core.package_identification:_identify(src/linorobot2/docker) by extensions ['ignore', 'ignore_ament_install']
[1.265s] Level 1:colcon.colcon_core.package_identification:_identify(src/linorobot2/docker) by extension 'ignore'
[1.265s] Level 1:colcon.colcon_core.package_identification:_identify(src/linorobot2/docker) by extension 'ignore_ament_install'
[1.265s] Level 1:colcon.colcon_core.package_identification:_identify(src/linorobot2/docker) by extensions ['colcon_pkg']
[1.265s] Level 1:colcon.colcon_core.package_identification:_identify(src/linorobot2/docker) by extension 'colcon_pkg'
[1.265s] Level 1:colcon.colcon_core.package_identification:_identify(src/linorobot2/docker) by extensions ['colcon_meta']
[1.266s] Level 1:colcon.colcon_core.package_identification:_identify(src/linorobot2/docker) by extension 'colcon_meta'
[1.266s] Level 1:colcon.colcon_core.package_identification:_identify(src/linorobot2/docker) by extensions ['ros']
[1.266s] Level 1:colcon.colcon_core.package_identification:_identify(src/linorobot2/docker) by extension 'ros'
[1.266s] Level 1:colcon.colcon_core.package_identification:_identify(src/linorobot2/docker) by extensions ['cmake', 'python']
[1.267s] Level 1:colcon.colcon_core.package_identification:_identify(src/linorobot2/docker) by extension 'cmake'
[1.267s] Level 1:colcon.colcon_core.package_identification:_identify(src/linorobot2/docker) by extension 'python'
[1.267s] Level 1:colcon.colcon_core.package_identification:_identify(src/linorobot2/docker) by extensions ['python_setup_py']
[1.267s] Level 1:colcon.colcon_core.package_identification:_identify(src/linorobot2/docker) by extension 'python_setup_py'
[1.268s] Level 1:colcon.colcon_core.package_identification:_identify(src/linorobot2/docs) by extensions ['ignore', 'ignore_ament_install']
[1.268s] Level 1:colcon.colcon_core.package_identification:_identify(src/linorobot2/docs) by extension 'ignore'
[1.268s] Level 1:colcon.colcon_core.package_identification:_identify(src/linorobot2/docs) by extension 'ignore_ament_install'
[1.268s] Level 1:colcon.colcon_core.package_identification:_identify(src/linorobot2/docs) by extensions ['colcon_pkg']
[1.269s] Level 1:colcon.colcon_core.package_identification:_identify(src/linorobot2/docs) by extension 'colcon_pkg'
[1.269s] Level 1:colcon.colcon_core.package_identification:_identify(src/linorobot2/docs) by extensions ['colcon_meta']
[1.269s] Level 1:colcon.colcon_core.package_identification:_identify(src/linorobot2/docs) by extension 'colcon_meta'
[1.269s] Level 1:colcon.colcon_core.package_identification:_identify(src/linorobot2/docs) by extensions ['ros']
[1.269s] Level 1:colcon.colcon_core.package_identification:_identify(src/linorobot2/docs) by extension 'ros'
[1.270s] Level 1:colcon.colcon_core.package_identification:_identify(src/linorobot2/docs) by extensions ['cmake', 'python']
[1.270s] Level 1:colcon.colcon_core.package_identification:_identify(src/linorobot2/docs) by extension 'cmake'
[1.270s] Level 1:colcon.colcon_core.package_identification:_identify(src/linorobot2/docs) by extension 'python'
[1.270s] Level 1:colcon.colcon_core.package_identification:_identify(src/linorobot2/docs) by extensions ['python_setup_py']
[1.270s] Level 1:colcon.colcon_core.package_identification:_identify(src/linorobot2/docs) by extension 'python_setup_py'
[1.271s] Level 1:colcon.colcon_core.package_identification:_identify(src/linorobot2/install) by extensions ['ignore', 'ignore_ament_install']
[1.272s] Level 1:colcon.colcon_core.package_identification:_identify(src/linorobot2/install) by extension 'ignore'
[1.272s] Level 1:colcon.colcon_core.package_identification:_identify(src/linorobot2/install) ignored
[1.272s] Level 1:colcon.colcon_core.package_identification:_identify(src/linorobot2/linorobot2) by extensions ['ignore', 'ignore_ament_install']
[1.273s] Level 1:colcon.colcon_core.package_identification:_identify(src/linorobot2/linorobot2) by extension 'ignore'
[1.273s] Level 1:colcon.colcon_core.package_identification:_identify(src/linorobot2/linorobot2) by extension 'ignore_ament_install'
[1.273s] Level 1:colcon.colcon_core.package_identification:_identify(src/linorobot2/linorobot2) by extensions ['colcon_pkg']
[1.273s] Level 1:colcon.colcon_core.package_identification:_identify(src/linorobot2/linorobot2) by extension 'colcon_pkg'
[1.274s] Level 1:colcon.colcon_core.package_identification:_identify(src/linorobot2/linorobot2) by extensions ['colcon_meta']
[1.274s] Level 1:colcon.colcon_core.package_identification:_identify(src/linorobot2/linorobot2) by extension 'colcon_meta'
[1.274s] Level 1:colcon.colcon_core.package_identification:_identify(src/linorobot2/linorobot2) by extensions ['ros']
[1.274s] Level 1:colcon.colcon_core.package_identification:_identify(src/linorobot2/linorobot2) by extension 'ros'
[1.283s] DEBUG:colcon.colcon_core.package_identification:Package 'src/linorobot2/linorobot2' with type 'ros.ament_cmake' and name 'linorobot2'
[1.284s] Level 1:colcon.colcon_core.package_identification:_identify(src/linorobot2/linorobot2_base) by extensions ['ignore', 'ignore_ament_install']
[1.284s] Level 1:colcon.colcon_core.package_identification:_identify(src/linorobot2/linorobot2_base) by extension 'ignore'
[1.284s] Level 1:colcon.colcon_core.package_identification:_identify(src/linorobot2/linorobot2_base) by extension 'ignore_ament_install'
[1.285s] Level 1:colcon.colcon_core.package_identification:_identify(src/linorobot2/linorobot2_base) by extensions ['colcon_pkg']
[1.285s] Level 1:colcon.colcon_core.package_identification:_identify(src/linorobot2/linorobot2_base) by extension 'colcon_pkg'
[1.285s] Level 1:colcon.colcon_core.package_identification:_identify(src/linorobot2/linorobot2_base) by extensions ['colcon_meta']
[1.285s] Level 1:colcon.colcon_core.package_identification:_identify(src/linorobot2/linorobot2_base) by extension 'colcon_meta'
[1.286s] Level 1:colcon.colcon_core.package_identification:_identify(src/linorobot2/linorobot2_base) by extensions ['ros']
[1.286s] Level 1:colcon.colcon_core.package_identification:_identify(src/linorobot2/linorobot2_base) by extension 'ros'
[1.288s] DEBUG:colcon.colcon_core.package_identification:Package 'src/linorobot2/linorobot2_base' with type 'ros.ament_cmake' and name 'linorobot2_base'
[1.288s] Level 1:colcon.colcon_core.package_identification:_identify(src/linorobot2/linorobot2_bringup) by extensions ['ignore', 'ignore_ament_install']
[1.289s] Level 1:colcon.colcon_core.package_identification:_identify(src/linorobot2/linorobot2_bringup) by extension 'ignore'
[1.289s] Level 1:colcon.colcon_core.package_identification:_identify(src/linorobot2/linorobot2_bringup) by extension 'ignore_ament_install'
[1.290s] Level 1:colcon.colcon_core.package_identification:_identify(src/linorobot2/linorobot2_bringup) by extensions ['colcon_pkg']
[1.290s] Level 1:colcon.colcon_core.package_identification:_identify(src/linorobot2/linorobot2_bringup) by extension 'colcon_pkg'
[1.290s] Level 1:colcon.colcon_core.package_identification:_identify(src/linorobot2/linorobot2_bringup) by extensions ['colcon_meta']
[1.290s] Level 1:colcon.colcon_core.package_identification:_identify(src/linorobot2/linorobot2_bringup) by extension 'colcon_meta'
[1.290s] Level 1:colcon.colcon_core.package_identification:_identify(src/linorobot2/linorobot2_bringup) by extensions ['ros']
[1.290s] Level 1:colcon.colcon_core.package_identification:_identify(src/linorobot2/linorobot2_bringup) by extension 'ros'
[1.293s] DEBUG:colcon.colcon_core.package_identification:Package 'src/linorobot2/linorobot2_bringup' with type 'ros.ament_cmake' and name 'linorobot2_bringup'
[1.294s] Level 1:colcon.colcon_core.package_identification:_identify(src/linorobot2/linorobot2_description) by extensions ['ignore', 'ignore_ament_install']
[1.294s] Level 1:colcon.colcon_core.package_identification:_identify(src/linorobot2/linorobot2_description) by extension 'ignore'
[1.294s] Level 1:colcon.colcon_core.package_identification:_identify(src/linorobot2/linorobot2_description) by extension 'ignore_ament_install'
[1.295s] Level 1:colcon.colcon_core.package_identification:_identify(src/linorobot2/linorobot2_description) by extensions ['colcon_pkg']
[1.295s] Level 1:colcon.colcon_core.package_identification:_identify(src/linorobot2/linorobot2_description) by extension 'colcon_pkg'
[1.295s] Level 1:colcon.colcon_core.package_identification:_identify(src/linorobot2/linorobot2_description) by extensions ['colcon_meta']
[1.295s] Level 1:colcon.colcon_core.package_identification:_identify(src/linorobot2/linorobot2_description) by extension 'colcon_meta'
[1.295s] Level 1:colcon.colcon_core.package_identification:_identify(src/linorobot2/linorobot2_description) by extensions ['ros']
[1.296s] Level 1:colcon.colcon_core.package_identification:_identify(src/linorobot2/linorobot2_description) by extension 'ros'
[1.298s] DEBUG:colcon.colcon_core.package_identification:Package 'src/linorobot2/linorobot2_description' with type 'ros.ament_cmake' and name 'linorobot2_description'
[1.299s] Level 1:colcon.colcon_core.package_identification:_identify(src/linorobot2/linorobot2_gazebo) by extensions ['ignore', 'ignore_ament_install']
[1.299s] Level 1:colcon.colcon_core.package_identification:_identify(src/linorobot2/linorobot2_gazebo) by extension 'ignore'
[1.299s] Level 1:colcon.colcon_core.package_identification:_identify(src/linorobot2/linorobot2_gazebo) ignored
[1.300s] Level 1:colcon.colcon_core.package_identification:_identify(src/linorobot2/linorobot2_navigation) by extensions ['ignore', 'ignore_ament_install']
[1.300s] Level 1:colcon.colcon_core.package_identification:_identify(src/linorobot2/linorobot2_navigation) by extension 'ignore'
[1.301s] Level 1:colcon.colcon_core.package_identification:_identify(src/linorobot2/linorobot2_navigation) by extension 'ignore_ament_install'
[1.301s] Level 1:colcon.colcon_core.package_identification:_identify(src/linorobot2/linorobot2_navigation) by extensions ['colcon_pkg']
[1.301s] Level 1:colcon.colcon_core.package_identification:_identify(src/linorobot2/linorobot2_navigation) by extension 'colcon_pkg'
[1.301s] Level 1:colcon.colcon_core.package_identification:_identify(src/linorobot2/linorobot2_navigation) by extensions ['colcon_meta']
[1.301s] Level 1:colcon.colcon_core.package_identification:_identify(src/linorobot2/linorobot2_navigation) by extension 'colcon_meta'
[1.302s] Level 1:colcon.colcon_core.package_identification:_identify(src/linorobot2/linorobot2_navigation) by extensions ['ros']
[1.302s] Level 1:colcon.colcon_core.package_identification:_identify(src/linorobot2/linorobot2_navigation) by extension 'ros'
[1.304s] DEBUG:colcon.colcon_core.package_identification:Package 'src/linorobot2/linorobot2_navigation' with type 'ros.ament_cmake' and name 'linorobot2_navigation'
[1.305s] Level 1:colcon.colcon_core.package_identification:_identify(src/linorobot2/linorobot2_rect) by extensions ['ignore', 'ignore_ament_install']
[1.305s] Level 1:colcon.colcon_core.package_identification:_identify(src/linorobot2/linorobot2_rect) by extension 'ignore'
[1.305s] Level 1:colcon.colcon_core.package_identification:_identify(src/linorobot2/linorobot2_rect) by extension 'ignore_ament_install'
[1.306s] Level 1:colcon.colcon_core.package_identification:_identify(src/linorobot2/linorobot2_rect) by extensions ['colcon_pkg']
[1.306s] Level 1:colcon.colcon_core.package_identification:_identify(src/linorobot2/linorobot2_rect) by extension 'colcon_pkg'
[1.306s] Level 1:colcon.colcon_core.package_identification:_identify(src/linorobot2/linorobot2_rect) by extensions ['colcon_meta']
[1.306s] Level 1:colcon.colcon_core.package_identification:_identify(src/linorobot2/linorobot2_rect) by extension 'colcon_meta'
[1.306s] Level 1:colcon.colcon_core.package_identification:_identify(src/linorobot2/linorobot2_rect) by extensions ['ros']
[1.306s] Level 1:colcon.colcon_core.package_identification:_identify(src/linorobot2/linorobot2_rect) by extension 'ros'
[1.308s] DEBUG:colcon.colcon_core.package_identification:Package 'src/linorobot2/linorobot2_rect' with type 'ros.ament_python' and name 'linorobot2_rect'
[1.309s] Level 1:colcon.colcon_core.package_identification:_identify(src/linorobot2/log) by extensions ['ignore', 'ignore_ament_install']
[1.310s] Level 1:colcon.colcon_core.package_identification:_identify(src/linorobot2/log) by extension 'ignore'
[1.310s] Level 1:colcon.colcon_core.package_identification:_identify(src/linorobot2/log) ignored
[1.310s] Level 1:colcon.colcon_core.package_identification:_identify(src/sllidar_ros2) by extensions ['ignore', 'ignore_ament_install']
[1.311s] Level 1:colcon.colcon_core.package_identification:_identify(src/sllidar_ros2) by extension 'ignore'
[1.311s] Level 1:colcon.colcon_core.package_identification:_identify(src/sllidar_ros2) by extension 'ignore_ament_install'
[1.311s] Level 1:colcon.colcon_core.package_identification:_identify(src/sllidar_ros2) by extensions ['colcon_pkg']
[1.311s] Level 1:colcon.colcon_core.package_identification:_identify(src/sllidar_ros2) by extension 'colcon_pkg'
[1.312s] Level 1:colcon.colcon_core.package_identification:_identify(src/sllidar_ros2) by extensions ['colcon_meta']
[1.312s] Level 1:colcon.colcon_core.package_identification:_identify(src/sllidar_ros2) by extension 'colcon_meta'
[1.312s] Level 1:colcon.colcon_core.package_identification:_identify(src/sllidar_ros2) by extensions ['ros']
[1.312s] Level 1:colcon.colcon_core.package_identification:_identify(src/sllidar_ros2) by extension 'ros'
[1.315s] DEBUG:colcon.colcon_core.package_identification:Package 'src/sllidar_ros2' with type 'ros.ament_cmake' and name 'sllidar_ros2'
[1.315s] Level 1:colcon.colcon_core.package_discovery:discover_packages(recursive) using defaults
[1.315s] Level 1:colcon.colcon_core.package_discovery:discover_packages(ignore) discover
[1.316s] Level 1:colcon.colcon_core.package_discovery:discover_packages(ignore) using defaults
[1.316s] Level 1:colcon.colcon_core.package_discovery:discover_packages(path) discover
[1.316s] Level 1:colcon.colcon_core.package_discovery:discover_packages(path) using defaults
[1.435s] Level 1:colcon.colcon_core.package_discovery:discover_packages(prefix_path) check parameters
[1.435s] Level 1:colcon.colcon_core.package_discovery:discover_packages(prefix_path) discover
[1.447s] DEBUG:colcon.colcon_installed_package_information.package_discovery:Found 8 installed packages in /home/pi/linorobot2_ws/install
[1.449s] DEBUG:colcon.colcon_installed_package_information.package_discovery:Found 3 installed packages in /home/pi/uros_ws/install
[1.458s] DEBUG:colcon.colcon_installed_package_information.package_discovery:Found 267 installed packages in /opt/ros/humble
[1.464s] Level 1:colcon.colcon_core.package_discovery:discover_packages(prefix_path) using defaults
[1.616s] Level 5:colcon.colcon_core.verb:set package 'linorobot2' build argument 'cmake_args' from command line to 'None'
[1.617s] Level 5:colcon.colcon_core.verb:set package 'linorobot2' build argument 'cmake_target' from command line to 'None'
[1.617s] Level 5:colcon.colcon_core.verb:set package 'linorobot2' build argument 'cmake_target_skip_unavailable' from command line to 'False'
[1.617s] Level 5:colcon.colcon_core.verb:set package 'linorobot2' build argument 'cmake_clean_cache' from command line to 'False'
[1.617s] Level 5:colcon.colcon_core.verb:set package 'linorobot2' build argument 'cmake_clean_first' from command line to 'False'
[1.617s] Level 5:colcon.colcon_core.verb:set package 'linorobot2' build argument 'cmake_force_configure' from command line to 'False'
[1.617s] Level 5:colcon.colcon_core.verb:set package 'linorobot2' build argument 'ament_cmake_args' from command line to 'None'
[1.618s] Level 5:colcon.colcon_core.verb:set package 'linorobot2' build argument 'catkin_cmake_args' from command line to 'None'
[1.618s] Level 5:colcon.colcon_core.verb:set package 'linorobot2' build argument 'catkin_skip_building_tests' from command line to 'False'
[1.618s] DEBUG:colcon.colcon_core.verb:Building package 'linorobot2' with the following arguments: {'ament_cmake_args': None, 'build_base': '/home/pi/linorobot2_ws/build/linorobot2', 'catkin_cmake_args': None, 'catkin_skip_building_tests': False, 'cmake_args': None, 'cmake_clean_cache': False, 'cmake_clean_first': False, 'cmake_force_configure': False, 'cmake_target': None, 'cmake_target_skip_unavailable': False, 'install_base': '/home/pi/linorobot2_ws/install/linorobot2', 'merge_install': False, 'path': '/home/pi/linorobot2_ws/src/linorobot2/linorobot2', 'symlink_install': False, 'test_result_base': None}
[1.620s] Level 5:colcon.colcon_core.verb:set package 'linorobot2_base' build argument 'cmake_args' from command line to 'None'
[1.620s] Level 5:colcon.colcon_core.verb:set package 'linorobot2_base' build argument 'cmake_target' from command line to 'None'
[1.620s] Level 5:colcon.colcon_core.verb:set package 'linorobot2_base' build argument 'cmake_target_skip_unavailable' from command line to 'False'
[1.620s] Level 5:colcon.colcon_core.verb:set package 'linorobot2_base' build argument 'cmake_clean_cache' from command line to 'False'
[1.620s] Level 5:colcon.colcon_core.verb:set package 'linorobot2_base' build argument 'cmake_clean_first' from command line to 'False'
[1.620s] Level 5:colcon.colcon_core.verb:set package 'linorobot2_base' build argument 'cmake_force_configure' from command line to 'False'
[1.620s] Level 5:colcon.colcon_core.verb:set package 'linorobot2_base' build argument 'ament_cmake_args' from command line to 'None'
[1.620s] Level 5:colcon.colcon_core.verb:set package 'linorobot2_base' build argument 'catkin_cmake_args' from command line to 'None'
[1.620s] Level 5:colcon.colcon_core.verb:set package 'linorobot2_base' build argument 'catkin_skip_building_tests' from command line to 'False'
[1.621s] DEBUG:colcon.colcon_core.verb:Building package 'linorobot2_base' with the following arguments: {'ament_cmake_args': None, 'build_base': '/home/pi/linorobot2_ws/build/linorobot2_base', 'catkin_cmake_args': None, 'catkin_skip_building_tests': False, 'cmake_args': None, 'cmake_clean_cache': False, 'cmake_clean_first': False, 'cmake_force_configure': False, 'cmake_target': None, 'cmake_target_skip_unavailable': False, 'install_base': '/home/pi/linorobot2_ws/install/linorobot2_base', 'merge_install': False, 'path': '/home/pi/linorobot2_ws/src/linorobot2/linorobot2_base', 'symlink_install': False, 'test_result_base': None}
[1.622s] Level 5:colcon.colcon_core.verb:set package 'linorobot2_bringup' build argument 'cmake_args' from command line to 'None'
[1.622s] Level 5:colcon.colcon_core.verb:set package 'linorobot2_bringup' build argument 'cmake_target' from command line to 'None'
[1.622s] Level 5:colcon.colcon_core.verb:set package 'linorobot2_bringup' build argument 'cmake_target_skip_unavailable' from command line to 'False'
[1.623s] Level 5:colcon.colcon_core.verb:set package 'linorobot2_bringup' build argument 'cmake_clean_cache' from command line to 'False'
[1.623s] Level 5:colcon.colcon_core.verb:set package 'linorobot2_bringup' build argument 'cmake_clean_first' from command line to 'False'
[1.623s] Level 5:colcon.colcon_core.verb:set package 'linorobot2_bringup' build argument 'cmake_force_configure' from command line to 'False'
[1.623s] Level 5:colcon.colcon_core.verb:set package 'linorobot2_bringup' build argument 'ament_cmake_args' from command line to 'None'
[1.623s] Level 5:colcon.colcon_core.verb:set package 'linorobot2_bringup' build argument 'catkin_cmake_args' from command line to 'None'
[1.623s] Level 5:colcon.colcon_core.verb:set package 'linorobot2_bringup' build argument 'catkin_skip_building_tests' from command line to 'False'
[1.623s] DEBUG:colcon.colcon_core.verb:Building package 'linorobot2_bringup' with the following arguments: {'ament_cmake_args': None, 'build_base': '/home/pi/linorobot2_ws/build/linorobot2_bringup', 'catkin_cmake_args': None, 'catkin_skip_building_tests': False, 'cmake_args': None, 'cmake_clean_cache': False, 'cmake_clean_first': False, 'cmake_force_configure': False, 'cmake_target': None, 'cmake_target_skip_unavailable': False, 'install_base': '/home/pi/linorobot2_ws/install/linorobot2_bringup', 'merge_install': False, 'path': '/home/pi/linorobot2_ws/src/linorobot2/linorobot2_bringup', 'symlink_install': False, 'test_result_base': None}
[1.625s] Level 5:colcon.colcon_core.verb:set package 'linorobot2_description' build argument 'cmake_args' from command line to 'None'
[1.625s] Level 5:colcon.colcon_core.verb:set package 'linorobot2_description' build argument 'cmake_target' from command line to 'None'
[1.625s] Level 5:colcon.colcon_core.verb:set package 'linorobot2_description' build argument 'cmake_target_skip_unavailable' from command line to 'False'
[1.625s] Level 5:colcon.colcon_core.verb:set package 'linorobot2_description' build argument 'cmake_clean_cache' from command line to 'False'
[1.625s] Level 5:colcon.colcon_core.verb:set package 'linorobot2_description' build argument 'cmake_clean_first' from command line to 'False'
[1.625s] Level 5:colcon.colcon_core.verb:set package 'linorobot2_description' build argument 'cmake_force_configure' from command line to 'False'
[1.625s] Level 5:colcon.colcon_core.verb:set package 'linorobot2_description' build argument 'ament_cmake_args' from command line to 'None'
[1.626s] Level 5:colcon.colcon_core.verb:set package 'linorobot2_description' build argument 'catkin_cmake_args' from command line to 'None'
[1.626s] Level 5:colcon.colcon_core.verb:set package 'linorobot2_description' build argument 'catkin_skip_building_tests' from command line to 'False'
[1.626s] DEBUG:colcon.colcon_core.verb:Building package 'linorobot2_description' with the following arguments: {'ament_cmake_args': None, 'build_base': '/home/pi/linorobot2_ws/build/linorobot2_description', 'catkin_cmake_args': None, 'catkin_skip_building_tests': False, 'cmake_args': None, 'cmake_clean_cache': False, 'cmake_clean_first': False, 'cmake_force_configure': False, 'cmake_target': None, 'cmake_target_skip_unavailable': False, 'install_base': '/home/pi/linorobot2_ws/install/linorobot2_description', 'merge_install': False, 'path': '/home/pi/linorobot2_ws/src/linorobot2/linorobot2_description', 'symlink_install': False, 'test_result_base': None}
[1.627s] Level 5:colcon.colcon_core.verb:set package 'linorobot2_navigation' build argument 'cmake_args' from command line to 'None'
[1.627s] Level 5:colcon.colcon_core.verb:set package 'linorobot2_navigation' build argument 'cmake_target' from command line to 'None'
[1.628s] Level 5:colcon.colcon_core.verb:set package 'linorobot2_navigation' build argument 'cmake_target_skip_unavailable' from command line to 'False'
[1.628s] Level 5:colcon.colcon_core.verb:set package 'linorobot2_navigation' build argument 'cmake_clean_cache' from command line to 'False'
[1.628s] Level 5:colcon.colcon_core.verb:set package 'linorobot2_navigation' build argument 'cmake_clean_first' from command line to 'False'
[1.628s] Level 5:colcon.colcon_core.verb:set package 'linorobot2_navigation' build argument 'cmake_force_configure' from command line to 'False'
[1.628s] Level 5:colcon.colcon_core.verb:set package 'linorobot2_navigation' build argument 'ament_cmake_args' from command line to 'None'
[1.628s] Level 5:colcon.colcon_core.verb:set package 'linorobot2_navigation' build argument 'catkin_cmake_args' from command line to 'None'
[1.628s] Level 5:colcon.colcon_core.verb:set package 'linorobot2_navigation' build argument 'catkin_skip_building_tests' from command line to 'False'
[1.628s] DEBUG:colcon.colcon_core.verb:Building package 'linorobot2_navigation' with the following arguments: {'ament_cmake_args': None, 'build_base': '/home/pi/linorobot2_ws/build/linorobot2_navigation', 'catkin_cmake_args': None, 'catkin_skip_building_tests': False, 'cmake_args': None, 'cmake_clean_cache': False, 'cmake_clean_first': False, 'cmake_force_configure': False, 'cmake_target': None, 'cmake_target_skip_unavailable': False, 'install_base': '/home/pi/linorobot2_ws/install/linorobot2_navigation', 'merge_install': False, 'path': '/home/pi/linorobot2_ws/src/linorobot2/linorobot2_navigation', 'symlink_install': False, 'test_result_base': None}
[1.630s] Level 5:colcon.colcon_core.verb:set package 'linorobot2_rect' build argument 'cmake_args' from command line to 'None'
[1.630s] Level 5:colcon.colcon_core.verb:set package 'linorobot2_rect' build argument 'cmake_target' from command line to 'None'
[1.630s] Level 5:colcon.colcon_core.verb:set package 'linorobot2_rect' build argument 'cmake_target_skip_unavailable' from command line to 'False'
[1.630s] Level 5:colcon.colcon_core.verb:set package 'linorobot2_rect' build argument 'cmake_clean_cache' from command line to 'False'
[1.630s] Level 5:colcon.colcon_core.verb:set package 'linorobot2_rect' build argument 'cmake_clean_first' from command line to 'False'
[1.630s] Level 5:colcon.colcon_core.verb:set package 'linorobot2_rect' build argument 'cmake_force_configure' from command line to 'False'
[1.631s] Level 5:colcon.colcon_core.verb:set package 'linorobot2_rect' build argument 'ament_cmake_args' from command line to 'None'
[1.631s] Level 5:colcon.colcon_core.verb:set package 'linorobot2_rect' build argument 'catkin_cmake_args' from command line to 'None'
[1.631s] Level 5:colcon.colcon_core.verb:set package 'linorobot2_rect' build argument 'catkin_skip_building_tests' from command line to 'False'
[1.631s] DEBUG:colcon.colcon_core.verb:Building package 'linorobot2_rect' with the following arguments: {'ament_cmake_args': None, 'build_base': '/home/pi/linorobot2_ws/build/linorobot2_rect', 'catkin_cmake_args': None, 'catkin_skip_building_tests': False, 'cmake_args': None, 'cmake_clean_cache': False, 'cmake_clean_first': False, 'cmake_force_configure': False, 'cmake_target': None, 'cmake_target_skip_unavailable': False, 'install_base': '/home/pi/linorobot2_ws/install/linorobot2_rect', 'merge_install': False, 'path': '/home/pi/linorobot2_ws/src/linorobot2/linorobot2_rect', 'symlink_install': False, 'test_result_base': None}
[1.632s] Level 5:colcon.colcon_core.verb:set package 'sllidar_ros2' build argument 'cmake_args' from command line to 'None'
[1.633s] Level 5:colcon.colcon_core.verb:set package 'sllidar_ros2' build argument 'cmake_target' from command line to 'None'
[1.633s] Level 5:colcon.colcon_core.verb:set package 'sllidar_ros2' build argument 'cmake_target_skip_unavailable' from command line to 'False'
[1.633s] Level 5:colcon.colcon_core.verb:set package 'sllidar_ros2' build argument 'cmake_clean_cache' from command line to 'False'
[1.633s] Level 5:colcon.colcon_core.verb:set package 'sllidar_ros2' build argument 'cmake_clean_first' from command line to 'False'
[1.633s] Level 5:colcon.colcon_core.verb:set package 'sllidar_ros2' build argument 'cmake_force_configure' from command line to 'False'
[1.633s] Level 5:colcon.colcon_core.verb:set package 'sllidar_ros2' build argument 'ament_cmake_args' from command line to 'None'
[1.633s] Level 5:colcon.colcon_core.verb:set package 'sllidar_ros2' build argument 'catkin_cmake_args' from command line to 'None'
[1.633s] Level 5:colcon.colcon_core.verb:set package 'sllidar_ros2' build argument 'catkin_skip_building_tests' from command line to 'False'
[1.634s] DEBUG:colcon.colcon_core.verb:Building package 'sllidar_ros2' with the following arguments: {'ament_cmake_args': None, 'build_base': '/home/pi/linorobot2_ws/build/sllidar_ros2', 'catkin_cmake_args': None, 'catkin_skip_building_tests': False, 'cmake_args': None, 'cmake_clean_cache': False, 'cmake_clean_first': False, 'cmake_force_configure': False, 'cmake_target': None, 'cmake_target_skip_unavailable': False, 'install_base': '/home/pi/linorobot2_ws/install/sllidar_ros2', 'merge_install': False, 'path': '/home/pi/linorobot2_ws/src/sllidar_ros2', 'symlink_install': False, 'test_result_base': None}
[1.634s] INFO:colcon.colcon_core.executor:Executing jobs using 'parallel' executor
[1.637s] DEBUG:colcon.colcon_parallel_executor.executor.parallel:run_until_complete
[1.639s] INFO:colcon.colcon_ros.task.ament_cmake.build:Building ROS package in '/home/pi/linorobot2_ws/src/linorobot2/linorobot2' with build type 'ament_cmake'
[1.639s] INFO:colcon.colcon_cmake.task.cmake.build:Building CMake package in '/home/pi/linorobot2_ws/src/linorobot2/linorobot2'
[1.649s] INFO:colcon.colcon_core.plugin_system:Skipping extension 'colcon_core.shell.bat': Not used on non-Windows systems
[1.650s] INFO:colcon.colcon_core.shell:Skip shell extension 'powershell' for command environment: Not usable outside of PowerShell
[1.650s] DEBUG:colcon.colcon_core.shell:Skip shell extension 'dsv' for command environment
[1.674s] INFO:colcon.colcon_ros.task.ament_cmake.build:Building ROS package in '/home/pi/linorobot2_ws/src/linorobot2/linorobot2_base' with build type 'ament_cmake'
[1.674s] INFO:colcon.colcon_cmake.task.cmake.build:Building CMake package in '/home/pi/linorobot2_ws/src/linorobot2/linorobot2_base'
[1.676s] INFO:colcon.colcon_core.shell:Skip shell extension 'powershell' for command environment: Not usable outside of PowerShell
[1.676s] DEBUG:colcon.colcon_core.shell:Skip shell extension 'dsv' for command environment
[1.701s] INFO:colcon.colcon_ros.task.ament_cmake.build:Building ROS package in '/home/pi/linorobot2_ws/src/linorobot2/linorobot2_bringup' with build type 'ament_cmake'
[1.702s] INFO:colcon.colcon_cmake.task.cmake.build:Building CMake package in '/home/pi/linorobot2_ws/src/linorobot2/linorobot2_bringup'
[1.703s] INFO:colcon.colcon_core.shell:Skip shell extension 'powershell' for command environment: Not usable outside of PowerShell
[1.703s] DEBUG:colcon.colcon_core.shell:Skip shell extension 'dsv' for command environment
[1.728s] INFO:colcon.colcon_ros.task.ament_cmake.build:Building ROS package in '/home/pi/linorobot2_ws/src/linorobot2/linorobot2_description' with build type 'ament_cmake'
[1.728s] INFO:colcon.colcon_cmake.task.cmake.build:Building CMake package in '/home/pi/linorobot2_ws/src/linorobot2/linorobot2_description'
[1.730s] INFO:colcon.colcon_core.shell:Skip shell extension 'powershell' for command environment: Not usable outside of PowerShell
[1.730s] DEBUG:colcon.colcon_core.shell:Skip shell extension 'dsv' for command environment
[1.773s] DEBUG:colcon.colcon_core.event_handler.log_command:Invoking command in '/home/pi/linorobot2_ws/build/linorobot2': CMAKE_PREFIX_PATH=${CMAKE_PREFIX_PATH}:/home/pi/linorobot2_ws/install/linorobot2_control:/home/pi/uros_ws/install/my_robot_controller:/opt/ros/humble /usr/bin/cmake --build /home/pi/linorobot2_ws/build/linorobot2 -- -j4 -l4
[1.796s] DEBUG:colcon.colcon_core.event_handler.log_command:Invoking command in '/home/pi/linorobot2_ws/build/linorobot2_base': CMAKE_PREFIX_PATH=${CMAKE_PREFIX_PATH}:/home/pi/linorobot2_ws/install/linorobot2_control:/home/pi/uros_ws/install/my_robot_controller:/opt/ros/humble /usr/bin/cmake --build /home/pi/linorobot2_ws/build/linorobot2_base -- -j4 -l4
[1.823s] DEBUG:colcon.colcon_core.event_handler.log_command:Invoking command in '/home/pi/linorobot2_ws/build/linorobot2_bringup': CMAKE_PREFIX_PATH=${CMAKE_PREFIX_PATH}:/home/pi/linorobot2_ws/install/linorobot2_control:/home/pi/uros_ws/install/my_robot_controller:/opt/ros/humble /usr/bin/cmake --build /home/pi/linorobot2_ws/build/linorobot2_bringup -- -j4 -l4
[1.871s] DEBUG:colcon.colcon_core.event_handler.log_command:Invoking command in '/home/pi/linorobot2_ws/build/linorobot2_description': CMAKE_PREFIX_PATH=${CMAKE_PREFIX_PATH}:/home/pi/linorobot2_ws/install/linorobot2_control:/home/pi/uros_ws/install/my_robot_controller:/opt/ros/humble /usr/bin/cmake --build /home/pi/linorobot2_ws/build/linorobot2_description -- -j4 -l4
[1.966s] DEBUG:colcon.colcon_core.event_handler.log_command:Invoked command in '/home/pi/linorobot2_ws/build/linorobot2' returned '0': CMAKE_PREFIX_PATH=${CMAKE_PREFIX_PATH}:/home/pi/linorobot2_ws/install/linorobot2_control:/home/pi/uros_ws/install/my_robot_controller:/opt/ros/humble /usr/bin/cmake --build /home/pi/linorobot2_ws/build/linorobot2 -- -j4 -l4
[2.015s] DEBUG:colcon.colcon_core.event_handler.log_command:Invoking command in '/home/pi/linorobot2_ws/build/linorobot2': CMAKE_PREFIX_PATH=${CMAKE_PREFIX_PATH}:/home/pi/linorobot2_ws/install/linorobot2_control:/home/pi/uros_ws/install/my_robot_controller:/opt/ros/humble /usr/bin/cmake --install /home/pi/linorobot2_ws/build/linorobot2
[2.021s] DEBUG:colcon.colcon_core.event_handler.log_command:Invoked command in '/home/pi/linorobot2_ws/build/linorobot2_base' returned '0': CMAKE_PREFIX_PATH=${CMAKE_PREFIX_PATH}:/home/pi/linorobot2_ws/install/linorobot2_control:/home/pi/uros_ws/install/my_robot_controller:/opt/ros/humble /usr/bin/cmake --build /home/pi/linorobot2_ws/build/linorobot2_base -- -j4 -l4
[2.032s] DEBUG:colcon.colcon_core.event_handler.log_command:Invoking command in '/home/pi/linorobot2_ws/build/linorobot2_base': CMAKE_PREFIX_PATH=${CMAKE_PREFIX_PATH}:/home/pi/linorobot2_ws/install/linorobot2_control:/home/pi/uros_ws/install/my_robot_controller:/opt/ros/humble /usr/bin/cmake --install /home/pi/linorobot2_ws/build/linorobot2_base
[2.046s] DEBUG:colcon.colcon_core.event_handler.log_command:Invoked command in '/home/pi/linorobot2_ws/build/linorobot2_bringup' returned '0': CMAKE_PREFIX_PATH=${CMAKE_PREFIX_PATH}:/home/pi/linorobot2_ws/install/linorobot2_control:/home/pi/uros_ws/install/my_robot_controller:/opt/ros/humble /usr/bin/cmake --build /home/pi/linorobot2_ws/build/linorobot2_bringup -- -j4 -l4
[2.049s] DEBUG:colcon.colcon_core.event_handler.log_command:Invoking command in '/home/pi/linorobot2_ws/build/linorobot2_bringup': CMAKE_PREFIX_PATH=${CMAKE_PREFIX_PATH}:/home/pi/linorobot2_ws/install/linorobot2_control:/home/pi/uros_ws/install/my_robot_controller:/opt/ros/humble /usr/bin/cmake --install /home/pi/linorobot2_ws/build/linorobot2_bringup
[2.094s] DEBUG:colcon.colcon_core.event_handler.log_command:Invoked command in '/home/pi/linorobot2_ws/build/linorobot2_description' returned '0': CMAKE_PREFIX_PATH=${CMAKE_PREFIX_PATH}:/home/pi/linorobot2_ws/install/linorobot2_control:/home/pi/uros_ws/install/my_robot_controller:/opt/ros/humble /usr/bin/cmake --build /home/pi/linorobot2_ws/build/linorobot2_description -- -j4 -l4
[2.095s] DEBUG:colcon.colcon_core.event_handler.log_command:Invoking command in '/home/pi/linorobot2_ws/build/linorobot2_description': CMAKE_PREFIX_PATH=${CMAKE_PREFIX_PATH}:/home/pi/linorobot2_ws/install/linorobot2_control:/home/pi/uros_ws/install/my_robot_controller:/opt/ros/humble /usr/bin/cmake --install /home/pi/linorobot2_ws/build/linorobot2_description
[2.114s] Level 1:colcon.colcon_core.environment:create_environment_scripts_only(linorobot2_base)
[2.142s] DEBUG:colcon.colcon_core.event_handler.log_command:Invoked command in '/home/pi/linorobot2_ws/build/linorobot2_base' returned '0': CMAKE_PREFIX_PATH=${CMAKE_PREFIX_PATH}:/home/pi/linorobot2_ws/install/linorobot2_control:/home/pi/uros_ws/install/my_robot_controller:/opt/ros/humble /usr/bin/cmake --install /home/pi/linorobot2_ws/build/linorobot2_base
[2.153s] Level 1:colcon.colcon_core.environment:checking '/home/pi/linorobot2_ws/install/linorobot2_base' for CMake module files
[2.162s] Level 1:colcon.colcon_core.environment:checking '/home/pi/linorobot2_ws/install/linorobot2_base' for CMake config files
[2.166s] Level 1:colcon.colcon_core.shell:create_environment_hook('linorobot2_base', 'cmake_prefix_path')
[2.167s] INFO:colcon.colcon_core.shell:Creating environment hook '/home/pi/linorobot2_ws/install/linorobot2_base/share/linorobot2_base/hook/cmake_prefix_path.ps1'
[2.172s] INFO:colcon.colcon_core.shell:Creating environment descriptor '/home/pi/linorobot2_ws/install/linorobot2_base/share/linorobot2_base/hook/cmake_prefix_path.dsv'
[2.175s] INFO:colcon.colcon_core.shell:Creating environment hook '/home/pi/linorobot2_ws/install/linorobot2_base/share/linorobot2_base/hook/cmake_prefix_path.sh'
[2.179s] Level 1:colcon.colcon_core.environment:checking '/home/pi/linorobot2_ws/install/linorobot2_base/bin'
[2.180s] Level 1:colcon.colcon_core.environment:checking '/home/pi/linorobot2_ws/install/linorobot2_base/lib/pkgconfig/linorobot2_base.pc'
[2.181s] Level 1:colcon.colcon_core.environment:checking '/home/pi/linorobot2_ws/install/linorobot2_base/lib/python3.10/site-packages'
[2.182s] Level 1:colcon.colcon_core.environment:checking '/home/pi/linorobot2_ws/install/linorobot2_base/bin'
[2.183s] INFO:colcon.colcon_core.shell:Creating package script '/home/pi/linorobot2_ws/install/linorobot2_base/share/linorobot2_base/package.ps1'
[2.186s] INFO:colcon.colcon_core.shell:Creating package descriptor '/home/pi/linorobot2_ws/install/linorobot2_base/share/linorobot2_base/package.dsv'
[2.189s] INFO:colcon.colcon_core.shell:Creating package script '/home/pi/linorobot2_ws/install/linorobot2_base/share/linorobot2_base/package.sh'
[2.192s] INFO:colcon.colcon_core.shell:Creating package script '/home/pi/linorobot2_ws/install/linorobot2_base/share/linorobot2_base/package.bash'
[2.195s] INFO:colcon.colcon_core.shell:Creating package script '/home/pi/linorobot2_ws/install/linorobot2_base/share/linorobot2_base/package.zsh'
[2.198s] Level 1:colcon.colcon_core.environment:create_file_with_runtime_dependencies(/home/pi/linorobot2_ws/install/linorobot2_base/share/colcon-core/packages/linorobot2_base)
[2.201s] Level 1:colcon.colcon_core.environment:create_environment_scripts_only(linorobot2_base)
[2.202s] Level 1:colcon.colcon_core.environment:checking '/home/pi/linorobot2_ws/install/linorobot2_base' for CMake module files
[2.205s] Level 1:colcon.colcon_core.environment:checking '/home/pi/linorobot2_ws/install/linorobot2_base' for CMake config files
[2.206s] Level 1:colcon.colcon_core.shell:create_environment_hook('linorobot2_base', 'cmake_prefix_path')
[2.207s] INFO:colcon.colcon_core.shell:Creating environment hook '/home/pi/linorobot2_ws/install/linorobot2_base/share/linorobot2_base/hook/cmake_prefix_path.ps1'
[2.209s] INFO:colcon.colcon_core.shell:Creating environment descriptor '/home/pi/linorobot2_ws/install/linorobot2_base/share/linorobot2_base/hook/cmake_prefix_path.dsv'
[2.211s] INFO:colcon.colcon_core.shell:Creating environment hook '/home/pi/linorobot2_ws/install/linorobot2_base/share/linorobot2_base/hook/cmake_prefix_path.sh'
[2.214s] Level 1:colcon.colcon_core.environment:checking '/home/pi/linorobot2_ws/install/linorobot2_base/bin'
[2.214s] Level 1:colcon.colcon_core.environment:checking '/home/pi/linorobot2_ws/install/linorobot2_base/lib/pkgconfig/linorobot2_base.pc'
[2.215s] Level 1:colcon.colcon_core.environment:checking '/home/pi/linorobot2_ws/install/linorobot2_base/lib/python3.10/site-packages'
[2.216s] Level 1:colcon.colcon_core.environment:checking '/home/pi/linorobot2_ws/install/linorobot2_base/bin'
[2.217s] INFO:colcon.colcon_core.shell:Creating package script '/home/pi/linorobot2_ws/install/linorobot2_base/share/linorobot2_base/package.ps1'
[2.220s] INFO:colcon.colcon_core.shell:Creating package descriptor '/home/pi/linorobot2_ws/install/linorobot2_base/share/linorobot2_base/package.dsv'
[2.222s] INFO:colcon.colcon_core.shell:Creating package script '/home/pi/linorobot2_ws/install/linorobot2_base/share/linorobot2_base/package.sh'
[2.224s] INFO:colcon.colcon_core.shell:Creating package script '/home/pi/linorobot2_ws/install/linorobot2_base/share/linorobot2_base/package.bash'
[2.227s] INFO:colcon.colcon_core.shell:Creating package script '/home/pi/linorobot2_ws/install/linorobot2_base/share/linorobot2_base/package.zsh'
[2.229s] Level 1:colcon.colcon_core.environment:create_file_with_runtime_dependencies(/home/pi/linorobot2_ws/install/linorobot2_base/share/colcon-core/packages/linorobot2_base)
[2.230s] Level 1:colcon.colcon_core.environment:create_environment_scripts_only(linorobot2)
[2.231s] Level 1:colcon.colcon_core.environment:checking '/home/pi/linorobot2_ws/install/linorobot2' for CMake module files
[2.235s] DEBUG:colcon.colcon_core.event_handler.log_command:Invoked command in '/home/pi/linorobot2_ws/build/linorobot2' returned '0': CMAKE_PREFIX_PATH=${CMAKE_PREFIX_PATH}:/home/pi/linorobot2_ws/install/linorobot2_control:/home/pi/uros_ws/install/my_robot_controller:/opt/ros/humble /usr/bin/cmake --install /home/pi/linorobot2_ws/build/linorobot2
[2.236s] Level 1:colcon.colcon_core.environment:checking '/home/pi/linorobot2_ws/install/linorobot2' for CMake config files
[2.237s] Level 1:colcon.colcon_core.shell:create_environment_hook('linorobot2', 'cmake_prefix_path')
[2.238s] INFO:colcon.colcon_core.shell:Creating environment hook '/home/pi/linorobot2_ws/install/linorobot2/share/linorobot2/hook/cmake_prefix_path.ps1'
[2.241s] INFO:colcon.colcon_core.shell:Creating environment descriptor '/home/pi/linorobot2_ws/install/linorobot2/share/linorobot2/hook/cmake_prefix_path.dsv'
[2.243s] INFO:colcon.colcon_core.shell:Creating environment hook '/home/pi/linorobot2_ws/install/linorobot2/share/linorobot2/hook/cmake_prefix_path.sh'
[2.246s] Level 1:colcon.colcon_core.environment:checking '/home/pi/linorobot2_ws/install/linorobot2/bin'
[2.246s] Level 1:colcon.colcon_core.environment:checking '/home/pi/linorobot2_ws/install/linorobot2/lib/pkgconfig/linorobot2.pc'
[2.247s] Level 1:colcon.colcon_core.environment:checking '/home/pi/linorobot2_ws/install/linorobot2/lib/python3.10/site-packages'
[2.248s] Level 1:colcon.colcon_core.environment:checking '/home/pi/linorobot2_ws/install/linorobot2/bin'
[2.250s] INFO:colcon.colcon_core.shell:Creating package script '/home/pi/linorobot2_ws/install/linorobot2/share/linorobot2/package.ps1'
[2.252s] INFO:colcon.colcon_core.shell:Creating package descriptor '/home/pi/linorobot2_ws/install/linorobot2/share/linorobot2/package.dsv'
[2.255s] INFO:colcon.colcon_core.shell:Creating package script '/home/pi/linorobot2_ws/install/linorobot2/share/linorobot2/package.sh'
[2.257s] INFO:colcon.colcon_core.shell:Creating package script '/home/pi/linorobot2_ws/install/linorobot2/share/linorobot2/package.bash'
[2.259s] INFO:colcon.colcon_core.shell:Creating package script '/home/pi/linorobot2_ws/install/linorobot2/share/linorobot2/package.zsh'
[2.261s] Level 1:colcon.colcon_core.environment:create_file_with_runtime_dependencies(/home/pi/linorobot2_ws/install/linorobot2/share/colcon-core/packages/linorobot2)
[2.263s] Level 1:colcon.colcon_core.environment:create_environment_scripts_only(linorobot2)
[2.265s] Level 1:colcon.colcon_core.environment:checking '/home/pi/linorobot2_ws/install/linorobot2' for CMake module files
[2.267s] Level 1:colcon.colcon_core.environment:checking '/home/pi/linorobot2_ws/install/linorobot2' for CMake config files
[2.268s] Level 1:colcon.colcon_core.shell:create_environment_hook('linorobot2', 'cmake_prefix_path')
[2.269s] INFO:colcon.colcon_core.shell:Creating environment hook '/home/pi/linorobot2_ws/install/linorobot2/share/linorobot2/hook/cmake_prefix_path.ps1'
[2.271s] INFO:colcon.colcon_core.shell:Creating environment descriptor '/home/pi/linorobot2_ws/install/linorobot2/share/linorobot2/hook/cmake_prefix_path.dsv'
[2.273s] INFO:colcon.colcon_core.shell:Creating environment hook '/home/pi/linorobot2_ws/install/linorobot2/share/linorobot2/hook/cmake_prefix_path.sh'
[2.276s] Level 1:colcon.colcon_core.environment:checking '/home/pi/linorobot2_ws/install/linorobot2/bin'
[2.276s] Level 1:colcon.colcon_core.environment:checking '/home/pi/linorobot2_ws/install/linorobot2/lib/pkgconfig/linorobot2.pc'
[2.277s] Level 1:colcon.colcon_core.environment:checking '/home/pi/linorobot2_ws/install/linorobot2/lib/python3.10/site-packages'
[2.278s] Level 1:colcon.colcon_core.environment:checking '/home/pi/linorobot2_ws/install/linorobot2/bin'
[2.279s] INFO:colcon.colcon_core.shell:Creating package script '/home/pi/linorobot2_ws/install/linorobot2/share/linorobot2/package.ps1'
[2.282s] INFO:colcon.colcon_core.shell:Creating package descriptor '/home/pi/linorobot2_ws/install/linorobot2/share/linorobot2/package.dsv'
[2.284s] INFO:colcon.colcon_core.shell:Creating package script '/home/pi/linorobot2_ws/install/linorobot2/share/linorobot2/package.sh'
[2.286s] INFO:colcon.colcon_core.shell:Creating package script '/home/pi/linorobot2_ws/install/linorobot2/share/linorobot2/package.bash'
[2.289s] INFO:colcon.colcon_core.shell:Creating package script '/home/pi/linorobot2_ws/install/linorobot2/share/linorobot2/package.zsh'
[2.291s] Level 1:colcon.colcon_core.environment:create_file_with_runtime_dependencies(/home/pi/linorobot2_ws/install/linorobot2/share/colcon-core/packages/linorobot2)
[2.292s] Level 1:colcon.colcon_core.environment:create_environment_scripts_only(linorobot2_bringup)
[2.293s] Level 1:colcon.colcon_core.environment:checking '/home/pi/linorobot2_ws/install/linorobot2_bringup' for CMake module files
[2.297s] DEBUG:colcon.colcon_core.event_handler.log_command:Invoked command in '/home/pi/linorobot2_ws/build/linorobot2_bringup' returned '0': CMAKE_PREFIX_PATH=${CMAKE_PREFIX_PATH}:/home/pi/linorobot2_ws/install/linorobot2_control:/home/pi/uros_ws/install/my_robot_controller:/opt/ros/humble /usr/bin/cmake --install /home/pi/linorobot2_ws/build/linorobot2_bringup
[2.298s] Level 1:colcon.colcon_core.environment:checking '/home/pi/linorobot2_ws/install/linorobot2_bringup' for CMake config files
[2.299s] Level 1:colcon.colcon_core.shell:create_environment_hook('linorobot2_bringup', 'cmake_prefix_path')
[2.300s] INFO:colcon.colcon_core.shell:Creating environment hook '/home/pi/linorobot2_ws/install/linorobot2_bringup/share/linorobot2_bringup/hook/cmake_prefix_path.ps1'
[2.303s] INFO:colcon.colcon_core.shell:Creating environment descriptor '/home/pi/linorobot2_ws/install/linorobot2_bringup/share/linorobot2_bringup/hook/cmake_prefix_path.dsv'
[2.305s] INFO:colcon.colcon_core.shell:Creating environment hook '/home/pi/linorobot2_ws/install/linorobot2_bringup/share/linorobot2_bringup/hook/cmake_prefix_path.sh'
[2.307s] Level 1:colcon.colcon_core.environment:checking '/home/pi/linorobot2_ws/install/linorobot2_bringup/bin'
[2.308s] Level 1:colcon.colcon_core.environment:checking '/home/pi/linorobot2_ws/install/linorobot2_bringup/lib/pkgconfig/linorobot2_bringup.pc'
[2.309s] Level 1:colcon.colcon_core.environment:checking '/home/pi/linorobot2_ws/install/linorobot2_bringup/lib/python3.10/site-packages'
[2.310s] Level 1:colcon.colcon_core.environment:checking '/home/pi/linorobot2_ws/install/linorobot2_bringup/bin'
[2.311s] INFO:colcon.colcon_core.shell:Creating package script '/home/pi/linorobot2_ws/install/linorobot2_bringup/share/linorobot2_bringup/package.ps1'
[2.314s] INFO:colcon.colcon_core.shell:Creating package descriptor '/home/pi/linorobot2_ws/install/linorobot2_bringup/share/linorobot2_bringup/package.dsv'
[2.316s] INFO:colcon.colcon_core.shell:Creating package script '/home/pi/linorobot2_ws/install/linorobot2_bringup/share/linorobot2_bringup/package.sh'
[2.318s] INFO:colcon.colcon_core.shell:Creating package script '/home/pi/linorobot2_ws/install/linorobot2_bringup/share/linorobot2_bringup/package.bash'
[2.320s] INFO:colcon.colcon_core.shell:Creating package script '/home/pi/linorobot2_ws/install/linorobot2_bringup/share/linorobot2_bringup/package.zsh'
[2.322s] Level 1:colcon.colcon_core.environment:create_file_with_runtime_dependencies(/home/pi/linorobot2_ws/install/linorobot2_bringup/share/colcon-core/packages/linorobot2_bringup)
[2.325s] Level 1:colcon.colcon_core.environment:create_environment_scripts_only(linorobot2_bringup)
[2.326s] Level 1:colcon.colcon_core.environment:checking '/home/pi/linorobot2_ws/install/linorobot2_bringup' for CMake module files
[2.328s] Level 1:colcon.colcon_core.environment:checking '/home/pi/linorobot2_ws/install/linorobot2_bringup' for CMake config files
[2.330s] Level 1:colcon.colcon_core.shell:create_environment_hook('linorobot2_bringup', 'cmake_prefix_path')
[2.330s] INFO:colcon.colcon_core.shell:Creating environment hook '/home/pi/linorobot2_ws/install/linorobot2_bringup/share/linorobot2_bringup/hook/cmake_prefix_path.ps1'
[2.333s] INFO:colcon.colcon_core.shell:Creating environment descriptor '/home/pi/linorobot2_ws/install/linorobot2_bringup/share/linorobot2_bringup/hook/cmake_prefix_path.dsv'
[2.334s] INFO:colcon.colcon_core.shell:Creating environment hook '/home/pi/linorobot2_ws/install/linorobot2_bringup/share/linorobot2_bringup/hook/cmake_prefix_path.sh'
[2.337s] Level 1:colcon.colcon_core.environment:checking '/home/pi/linorobot2_ws/install/linorobot2_bringup/bin'
[2.338s] Level 1:colcon.colcon_core.environment:checking '/home/pi/linorobot2_ws/install/linorobot2_bringup/lib/pkgconfig/linorobot2_bringup.pc'
[2.338s] Level 1:colcon.colcon_core.environment:checking '/home/pi/linorobot2_ws/install/linorobot2_bringup/lib/python3.10/site-packages'
[2.339s] Level 1:colcon.colcon_core.environment:checking '/home/pi/linorobot2_ws/install/linorobot2_bringup/bin'
[2.340s] INFO:colcon.colcon_core.shell:Creating package script '/home/pi/linorobot2_ws/install/linorobot2_bringup/share/linorobot2_bringup/package.ps1'
[2.343s] INFO:colcon.colcon_core.shell:Creating package descriptor '/home/pi/linorobot2_ws/install/linorobot2_bringup/share/linorobot2_bringup/package.dsv'
[2.345s] INFO:colcon.colcon_core.shell:Creating package script '/home/pi/linorobot2_ws/install/linorobot2_bringup/share/linorobot2_bringup/package.sh'
[2.347s] INFO:colcon.colcon_core.shell:Creating package script '/home/pi/linorobot2_ws/install/linorobot2_bringup/share/linorobot2_bringup/package.bash'
[2.350s] INFO:colcon.colcon_core.shell:Creating package script '/home/pi/linorobot2_ws/install/linorobot2_bringup/share/linorobot2_bringup/package.zsh'
[2.352s] Level 1:colcon.colcon_core.environment:create_file_with_runtime_dependencies(/home/pi/linorobot2_ws/install/linorobot2_bringup/share/colcon-core/packages/linorobot2_bringup)
[2.355s] INFO:colcon.colcon_ros.task.ament_cmake.build:Building ROS package in '/home/pi/linorobot2_ws/src/linorobot2/linorobot2_navigation' with build type 'ament_cmake'
[2.355s] INFO:colcon.colcon_cmake.task.cmake.build:Building CMake package in '/home/pi/linorobot2_ws/src/linorobot2/linorobot2_navigation'
[2.356s] INFO:colcon.colcon_core.shell:Skip shell extension 'powershell' for command environment: Not usable outside of PowerShell
[2.357s] DEBUG:colcon.colcon_core.shell:Skip shell extension 'dsv' for command environment
[2.381s] INFO:colcon.colcon_ros.task.ament_python.build:Building ROS package in '/home/pi/linorobot2_ws/src/linorobot2/linorobot2_rect' with build type 'ament_python'
[2.382s] Level 1:colcon.colcon_core.shell:create_environment_hook('linorobot2_rect', 'ament_prefix_path')
[2.383s] INFO:colcon.colcon_core.shell:Creating environment hook '/home/pi/linorobot2_ws/install/linorobot2_rect/share/linorobot2_rect/hook/ament_prefix_path.ps1'
[2.385s] INFO:colcon.colcon_core.shell:Creating environment descriptor '/home/pi/linorobot2_ws/install/linorobot2_rect/share/linorobot2_rect/hook/ament_prefix_path.dsv'
[2.389s] INFO:colcon.colcon_core.shell:Creating environment hook '/home/pi/linorobot2_ws/install/linorobot2_rect/share/linorobot2_rect/hook/ament_prefix_path.sh'
[2.392s] INFO:colcon.colcon_core.shell:Skip shell extension 'powershell' for command environment: Not usable outside of PowerShell
[2.392s] DEBUG:colcon.colcon_core.shell:Skip shell extension 'dsv' for command environment
[2.416s] INFO:colcon.colcon_ros.task.ament_cmake.build:Building ROS package in '/home/pi/linorobot2_ws/src/sllidar_ros2' with build type 'ament_cmake'
[2.416s] INFO:colcon.colcon_cmake.task.cmake.build:Building CMake package in '/home/pi/linorobot2_ws/src/sllidar_ros2'
[2.417s] INFO:colcon.colcon_core.shell:Skip shell extension 'powershell' for command environment: Not usable outside of PowerShell
[2.418s] DEBUG:colcon.colcon_core.shell:Skip shell extension 'dsv' for command environment
[2.445s] Level 1:colcon.colcon_core.environment:create_environment_scripts_only(linorobot2_description)
[2.447s] Level 1:colcon.colcon_core.environment:checking '/home/pi/linorobot2_ws/install/linorobot2_description' for CMake module files
[2.448s] DEBUG:colcon.colcon_core.event_handler.log_command:Invoked command in '/home/pi/linorobot2_ws/build/linorobot2_description' returned '0': CMAKE_PREFIX_PATH=${CMAKE_PREFIX_PATH}:/home/pi/linorobot2_ws/install/linorobot2_control:/home/pi/uros_ws/install/my_robot_controller:/opt/ros/humble /usr/bin/cmake --install /home/pi/linorobot2_ws/build/linorobot2_description
[2.452s] Level 1:colcon.colcon_core.environment:checking '/home/pi/linorobot2_ws/install/linorobot2_description' for CMake config files
[2.454s] Level 1:colcon.colcon_core.shell:create_environment_hook('linorobot2_description', 'cmake_prefix_path')
[2.455s] INFO:colcon.colcon_core.shell:Creating environment hook '/home/pi/linorobot2_ws/install/linorobot2_description/share/linorobot2_description/hook/cmake_prefix_path.ps1'
[2.457s] INFO:colcon.colcon_core.shell:Creating environment descriptor '/home/pi/linorobot2_ws/install/linorobot2_description/share/linorobot2_description/hook/cmake_prefix_path.dsv'
[2.460s] INFO:colcon.colcon_core.shell:Creating environment hook '/home/pi/linorobot2_ws/install/linorobot2_description/share/linorobot2_description/hook/cmake_prefix_path.sh'
[2.463s] Level 1:colcon.colcon_core.environment:checking '/home/pi/linorobot2_ws/install/linorobot2_description/bin'
[2.463s] Level 1:colcon.colcon_core.environment:checking '/home/pi/linorobot2_ws/install/linorobot2_description/lib/pkgconfig/linorobot2_description.pc'
[2.464s] Level 1:colcon.colcon_core.environment:checking '/home/pi/linorobot2_ws/install/linorobot2_description/lib/python3.10/site-packages'
[2.465s] Level 1:colcon.colcon_core.environment:checking '/home/pi/linorobot2_ws/install/linorobot2_description/bin'
[2.466s] INFO:colcon.colcon_core.shell:Creating package script '/home/pi/linorobot2_ws/install/linorobot2_description/share/linorobot2_description/package.ps1'
[2.468s] INFO:colcon.colcon_core.shell:Creating package descriptor '/home/pi/linorobot2_ws/install/linorobot2_description/share/linorobot2_description/package.dsv'
[2.471s] INFO:colcon.colcon_core.shell:Creating package script '/home/pi/linorobot2_ws/install/linorobot2_description/share/linorobot2_description/package.sh'
[2.473s] INFO:colcon.colcon_core.shell:Creating package script '/home/pi/linorobot2_ws/install/linorobot2_description/share/linorobot2_description/package.bash'
[2.475s] INFO:colcon.colcon_core.shell:Creating package script '/home/pi/linorobot2_ws/install/linorobot2_description/share/linorobot2_description/package.zsh'
[2.477s] Level 1:colcon.colcon_core.environment:create_file_with_runtime_dependencies(/home/pi/linorobot2_ws/install/linorobot2_description/share/colcon-core/packages/linorobot2_description)
[2.479s] Level 1:colcon.colcon_core.environment:create_environment_scripts_only(linorobot2_description)
[2.480s] Level 1:colcon.colcon_core.environment:checking '/home/pi/linorobot2_ws/install/linorobot2_description' for CMake module files
[2.483s] Level 1:colcon.colcon_core.environment:checking '/home/pi/linorobot2_ws/install/linorobot2_description' for CMake config files
[2.484s] Level 1:colcon.colcon_core.shell:create_environment_hook('linorobot2_description', 'cmake_prefix_path')
[2.485s] INFO:colcon.colcon_core.shell:Creating environment hook '/home/pi/linorobot2_ws/install/linorobot2_description/share/linorobot2_description/hook/cmake_prefix_path.ps1'
[2.487s] INFO:colcon.colcon_core.shell:Creating environment descriptor '/home/pi/linorobot2_ws/install/linorobot2_description/share/linorobot2_description/hook/cmake_prefix_path.dsv'
[2.489s] INFO:colcon.colcon_core.shell:Creating environment hook '/home/pi/linorobot2_ws/install/linorobot2_description/share/linorobot2_description/hook/cmake_prefix_path.sh'
[2.492s] Level 1:colcon.colcon_core.environment:checking '/home/pi/linorobot2_ws/install/linorobot2_description/bin'
[2.493s] Level 1:colcon.colcon_core.environment:checking '/home/pi/linorobot2_ws/install/linorobot2_description/lib/pkgconfig/linorobot2_description.pc'
[2.494s] Level 1:colcon.colcon_core.environment:checking '/home/pi/linorobot2_ws/install/linorobot2_description/lib/python3.10/site-packages'
[2.494s] Level 1:colcon.colcon_core.environment:checking '/home/pi/linorobot2_ws/install/linorobot2_description/bin'
[2.496s] INFO:colcon.colcon_core.shell:Creating package script '/home/pi/linorobot2_ws/install/linorobot2_description/share/linorobot2_description/package.ps1'
[2.498s] INFO:colcon.colcon_core.shell:Creating package descriptor '/home/pi/linorobot2_ws/install/linorobot2_description/share/linorobot2_description/package.dsv'
[2.500s] INFO:colcon.colcon_core.shell:Creating package script '/home/pi/linorobot2_ws/install/linorobot2_description/share/linorobot2_description/package.sh'
[2.503s] INFO:colcon.colcon_core.shell:Creating package script '/home/pi/linorobot2_ws/install/linorobot2_description/share/linorobot2_description/package.bash'
[2.505s] INFO:colcon.colcon_core.shell:Creating package script '/home/pi/linorobot2_ws/install/linorobot2_description/share/linorobot2_description/package.zsh'
[2.507s] Level 1:colcon.colcon_core.environment:create_file_with_runtime_dependencies(/home/pi/linorobot2_ws/install/linorobot2_description/share/colcon-core/packages/linorobot2_description)
[2.535s] DEBUG:colcon.colcon_core.event_handler.log_command:Invoking command in '/home/pi/linorobot2_ws/build/linorobot2_navigation': CMAKE_PREFIX_PATH=${CMAKE_PREFIX_PATH}:/home/pi/linorobot2_ws/install/linorobot2_control:/home/pi/uros_ws/install/my_robot_controller:/opt/ros/humble /usr/bin/cmake --build /home/pi/linorobot2_ws/build/linorobot2_navigation -- -j4 -l4
[3.659s] INFO:colcon.colcon_core.task.python.build:Building Python package in '/home/pi/linorobot2_ws/src/linorobot2/linorobot2_rect'
[3.660s] INFO:colcon.colcon_core.shell:Skip shell extension 'powershell' for command environment: Not usable outside of PowerShell
[3.660s] DEBUG:colcon.colcon_core.shell:Skip shell extension 'dsv' for command environment
[3.706s] DEBUG:colcon.colcon_core.event_handler.log_command:Invoking command in '/home/pi/linorobot2_ws/build/sllidar_ros2': CMAKE_PREFIX_PATH=${CMAKE_PREFIX_PATH}:/home/pi/linorobot2_ws/install/linorobot2_control:/home/pi/uros_ws/install/my_robot_controller:/opt/ros/humble /usr/bin/cmake --build /home/pi/linorobot2_ws/build/sllidar_ros2 -- -j4 -l4
[3.708s] DEBUG:colcon.colcon_core.event_handler.log_command:Invoked command in '/home/pi/linorobot2_ws/build/linorobot2_navigation' returned '0': CMAKE_PREFIX_PATH=${CMAKE_PREFIX_PATH}:/home/pi/linorobot2_ws/install/linorobot2_control:/home/pi/uros_ws/install/my_robot_controller:/opt/ros/humble /usr/bin/cmake --build /home/pi/linorobot2_ws/build/linorobot2_navigation -- -j4 -l4
[3.718s] DEBUG:colcon.colcon_core.event_handler.log_command:Invoking command in '/home/pi/linorobot2_ws/build/linorobot2_navigation': CMAKE_PREFIX_PATH=${CMAKE_PREFIX_PATH}:/home/pi/linorobot2_ws/install/linorobot2_control:/home/pi/uros_ws/install/my_robot_controller:/opt/ros/humble /usr/bin/cmake --install /home/pi/linorobot2_ws/build/linorobot2_navigation
[3.782s] Level 1:colcon.colcon_core.environment:create_environment_scripts_only(linorobot2_navigation)
[3.784s] Level 1:colcon.colcon_core.environment:checking '/home/pi/linorobot2_ws/install/linorobot2_navigation' for CMake module files
[3.788s] Level 1:colcon.colcon_core.environment:checking '/home/pi/linorobot2_ws/install/linorobot2_navigation' for CMake config files
[3.791s] DEBUG:colcon.colcon_core.event_handler.log_command:Invoked command in '/home/pi/linorobot2_ws/build/linorobot2_navigation' returned '0': CMAKE_PREFIX_PATH=${CMAKE_PREFIX_PATH}:/home/pi/linorobot2_ws/install/linorobot2_control:/home/pi/uros_ws/install/my_robot_controller:/opt/ros/humble /usr/bin/cmake --install /home/pi/linorobot2_ws/build/linorobot2_navigation
[3.792s] Level 1:colcon.colcon_core.shell:create_environment_hook('linorobot2_navigation', 'cmake_prefix_path')
[3.793s] INFO:colcon.colcon_core.shell:Creating environment hook '/home/pi/linorobot2_ws/install/linorobot2_navigation/share/linorobot2_navigation/hook/cmake_prefix_path.ps1'
[3.796s] INFO:colcon.colcon_core.shell:Creating environment descriptor '/home/pi/linorobot2_ws/install/linorobot2_navigation/share/linorobot2_navigation/hook/cmake_prefix_path.dsv'
[3.800s] INFO:colcon.colcon_core.shell:Creating environment hook '/home/pi/linorobot2_ws/install/linorobot2_navigation/share/linorobot2_navigation/hook/cmake_prefix_path.sh'
[3.804s] Level 1:colcon.colcon_core.environment:checking '/home/pi/linorobot2_ws/install/linorobot2_navigation/bin'
[3.804s] Level 1:colcon.colcon_core.environment:checking '/home/pi/linorobot2_ws/install/linorobot2_navigation/lib/pkgconfig/linorobot2_navigation.pc'
[3.806s] Level 1:colcon.colcon_core.environment:checking '/home/pi/linorobot2_ws/install/linorobot2_navigation/lib/python3.10/site-packages'
[3.807s] Level 1:colcon.colcon_core.environment:checking '/home/pi/linorobot2_ws/install/linorobot2_navigation/bin'
[3.808s] INFO:colcon.colcon_core.shell:Creating package script '/home/pi/linorobot2_ws/install/linorobot2_navigation/share/linorobot2_navigation/package.ps1'
[3.811s] INFO:colcon.colcon_core.shell:Creating package descriptor '/home/pi/linorobot2_ws/install/linorobot2_navigation/share/linorobot2_navigation/package.dsv'
[3.814s] INFO:colcon.colcon_core.shell:Creating package script '/home/pi/linorobot2_ws/install/linorobot2_navigation/share/linorobot2_navigation/package.sh'
[3.817s] INFO:colcon.colcon_core.shell:Creating package script '/home/pi/linorobot2_ws/install/linorobot2_navigation/share/linorobot2_navigation/package.bash'
[3.819s] INFO:colcon.colcon_core.shell:Creating package script '/home/pi/linorobot2_ws/install/linorobot2_navigation/share/linorobot2_navigation/package.zsh'
[3.822s] Level 1:colcon.colcon_core.environment:create_file_with_runtime_dependencies(/home/pi/linorobot2_ws/install/linorobot2_navigation/share/colcon-core/packages/linorobot2_navigation)
[3.826s] Level 1:colcon.colcon_core.environment:create_environment_scripts_only(linorobot2_navigation)
[3.827s] Level 1:colcon.colcon_core.environment:checking '/home/pi/linorobot2_ws/install/linorobot2_navigation' for CMake module files
[3.830s] Level 1:colcon.colcon_core.environment:checking '/home/pi/linorobot2_ws/install/linorobot2_navigation' for CMake config files
[3.832s] Level 1:colcon.colcon_core.shell:create_environment_hook('linorobot2_navigation', 'cmake_prefix_path')
[3.834s] INFO:colcon.colcon_core.shell:Creating environment hook '/home/pi/linorobot2_ws/install/linorobot2_navigation/share/linorobot2_navigation/hook/cmake_prefix_path.ps1'
[3.836s] INFO:colcon.colcon_core.shell:Creating environment descriptor '/home/pi/linorobot2_ws/install/linorobot2_navigation/share/linorobot2_navigation/hook/cmake_prefix_path.dsv'
[3.839s] INFO:colcon.colcon_core.shell:Creating environment hook '/home/pi/linorobot2_ws/install/linorobot2_navigation/share/linorobot2_navigation/hook/cmake_prefix_path.sh'
[3.842s] Level 1:colcon.colcon_core.environment:checking '/home/pi/linorobot2_ws/install/linorobot2_navigation/bin'
[3.843s] Level 1:colcon.colcon_core.environment:checking '/home/pi/linorobot2_ws/install/linorobot2_navigation/lib/pkgconfig/linorobot2_navigation.pc'
[3.844s] Level 1:colcon.colcon_core.environment:checking '/home/pi/linorobot2_ws/install/linorobot2_navigation/lib/python3.10/site-packages'
[3.845s] Level 1:colcon.colcon_core.environment:checking '/home/pi/linorobot2_ws/install/linorobot2_navigation/bin'
[3.847s] INFO:colcon.colcon_core.shell:Creating package script '/home/pi/linorobot2_ws/install/linorobot2_navigation/share/linorobot2_navigation/package.ps1'
[3.850s] INFO:colcon.colcon_core.shell:Creating package descriptor '/home/pi/linorobot2_ws/install/linorobot2_navigation/share/linorobot2_navigation/package.dsv'
[3.853s] INFO:colcon.colcon_core.shell:Creating package script '/home/pi/linorobot2_ws/install/linorobot2_navigation/share/linorobot2_navigation/package.sh'
[3.856s] INFO:colcon.colcon_core.shell:Creating package script '/home/pi/linorobot2_ws/install/linorobot2_navigation/share/linorobot2_navigation/package.bash'
[3.859s] INFO:colcon.colcon_core.shell:Creating package script '/home/pi/linorobot2_ws/install/linorobot2_navigation/share/linorobot2_navigation/package.zsh'
[3.863s] Level 1:colcon.colcon_core.environment:create_file_with_runtime_dependencies(/home/pi/linorobot2_ws/install/linorobot2_navigation/share/colcon-core/packages/linorobot2_navigation)
[4.052s] DEBUG:colcon.colcon_core.event_handler.log_command:Invoked command in '/home/pi/linorobot2_ws/build/sllidar_ros2' returned '0': CMAKE_PREFIX_PATH=${CMAKE_PREFIX_PATH}:/home/pi/linorobot2_ws/install/linorobot2_control:/home/pi/uros_ws/install/my_robot_controller:/opt/ros/humble /usr/bin/cmake --build /home/pi/linorobot2_ws/build/sllidar_ros2 -- -j4 -l4
[4.062s] DEBUG:colcon.colcon_core.event_handler.log_command:Invoking command in '/home/pi/linorobot2_ws/build/sllidar_ros2': CMAKE_PREFIX_PATH=${CMAKE_PREFIX_PATH}:/home/pi/linorobot2_ws/install/linorobot2_control:/home/pi/uros_ws/install/my_robot_controller:/opt/ros/humble /usr/bin/cmake --install /home/pi/linorobot2_ws/build/sllidar_ros2
[4.118s] Level 1:colcon.colcon_core.environment:create_environment_scripts_only(sllidar_ros2)
[4.119s] Level 1:colcon.colcon_core.environment:checking '/home/pi/linorobot2_ws/install/sllidar_ros2' for CMake module files
[4.130s] Level 1:colcon.colcon_core.environment:checking '/home/pi/linorobot2_ws/install/sllidar_ros2' for CMake config files
[4.136s] Level 1:colcon.colcon_core.shell:create_environment_hook('sllidar_ros2', 'cmake_prefix_path')
[4.137s] INFO:colcon.colcon_core.shell:Creating environment hook '/home/pi/linorobot2_ws/install/sllidar_ros2/share/sllidar_ros2/hook/cmake_prefix_path.ps1'
[4.140s] INFO:colcon.colcon_core.shell:Creating environment descriptor '/home/pi/linorobot2_ws/install/sllidar_ros2/share/sllidar_ros2/hook/cmake_prefix_path.dsv'
[4.145s] INFO:colcon.colcon_core.shell:Creating environment hook '/home/pi/linorobot2_ws/install/sllidar_ros2/share/sllidar_ros2/hook/cmake_prefix_path.sh'
[4.146s] DEBUG:colcon.colcon_core.event_handler.log_command:Invoked command in '/home/pi/linorobot2_ws/build/sllidar_ros2' returned '0': CMAKE_PREFIX_PATH=${CMAKE_PREFIX_PATH}:/home/pi/linorobot2_ws/install/linorobot2_control:/home/pi/uros_ws/install/my_robot_controller:/opt/ros/humble /usr/bin/cmake --install /home/pi/linorobot2_ws/build/sllidar_ros2
[4.149s] Level 1:colcon.colcon_core.environment:checking '/home/pi/linorobot2_ws/install/sllidar_ros2/lib'
[4.151s] Level 1:colcon.colcon_core.environment:checking '/home/pi/linorobot2_ws/install/sllidar_ros2/bin'
[4.151s] Level 1:colcon.colcon_core.environment:checking '/home/pi/linorobot2_ws/install/sllidar_ros2/lib/pkgconfig/sllidar_ros2.pc'
[4.152s] Level 1:colcon.colcon_core.environment:checking '/home/pi/linorobot2_ws/install/sllidar_ros2/lib/python3.10/site-packages'
[4.153s] Level 1:colcon.colcon_core.environment:checking '/home/pi/linorobot2_ws/install/sllidar_ros2/bin'
[4.155s] INFO:colcon.colcon_core.shell:Creating package script '/home/pi/linorobot2_ws/install/sllidar_ros2/share/sllidar_ros2/package.ps1'
[4.157s] INFO:colcon.colcon_core.shell:Creating package descriptor '/home/pi/linorobot2_ws/install/sllidar_ros2/share/sllidar_ros2/package.dsv'
[4.160s] INFO:colcon.colcon_core.shell:Creating package script '/home/pi/linorobot2_ws/install/sllidar_ros2/share/sllidar_ros2/package.sh'
[4.162s] INFO:colcon.colcon_core.shell:Creating package script '/home/pi/linorobot2_ws/install/sllidar_ros2/share/sllidar_ros2/package.bash'
[4.165s] INFO:colcon.colcon_core.shell:Creating package script '/home/pi/linorobot2_ws/install/sllidar_ros2/share/sllidar_ros2/package.zsh'
[4.168s] Level 1:colcon.colcon_core.environment:create_file_with_runtime_dependencies(/home/pi/linorobot2_ws/install/sllidar_ros2/share/colcon-core/packages/sllidar_ros2)
[4.171s] Level 1:colcon.colcon_core.environment:create_environment_scripts_only(sllidar_ros2)
[4.172s] Level 1:colcon.colcon_core.environment:checking '/home/pi/linorobot2_ws/install/sllidar_ros2' for CMake module files
[4.177s] Level 1:colcon.colcon_core.environment:checking '/home/pi/linorobot2_ws/install/sllidar_ros2' for CMake config files
[4.179s] Level 1:colcon.colcon_core.shell:create_environment_hook('sllidar_ros2', 'cmake_prefix_path')
[4.180s] INFO:colcon.colcon_core.shell:Creating environment hook '/home/pi/linorobot2_ws/install/sllidar_ros2/share/sllidar_ros2/hook/cmake_prefix_path.ps1'
[4.183s] INFO:colcon.colcon_core.shell:Creating environment descriptor '/home/pi/linorobot2_ws/install/sllidar_ros2/share/sllidar_ros2/hook/cmake_prefix_path.dsv'
[4.186s] INFO:colcon.colcon_core.shell:Creating environment hook '/home/pi/linorobot2_ws/install/sllidar_ros2/share/sllidar_ros2/hook/cmake_prefix_path.sh'
[4.190s] Level 1:colcon.colcon_core.environment:checking '/home/pi/linorobot2_ws/install/sllidar_ros2/lib'
[4.190s] Level 1:colcon.colcon_core.environment:checking '/home/pi/linorobot2_ws/install/sllidar_ros2/bin'
[4.191s] Level 1:colcon.colcon_core.environment:checking '/home/pi/linorobot2_ws/install/sllidar_ros2/lib/pkgconfig/sllidar_ros2.pc'
[4.192s] Level 1:colcon.colcon_core.environment:checking '/home/pi/linorobot2_ws/install/sllidar_ros2/lib/python3.10/site-packages'
[4.193s] Level 1:colcon.colcon_core.environment:checking '/home/pi/linorobot2_ws/install/sllidar_ros2/bin'
[4.195s] INFO:colcon.colcon_core.shell:Creating package script '/home/pi/linorobot2_ws/install/sllidar_ros2/share/sllidar_ros2/package.ps1'
[4.198s] INFO:colcon.colcon_core.shell:Creating package descriptor '/home/pi/linorobot2_ws/install/sllidar_ros2/share/sllidar_ros2/package.dsv'
[4.201s] INFO:colcon.colcon_core.shell:Creating package script '/home/pi/linorobot2_ws/install/sllidar_ros2/share/sllidar_ros2/package.sh'
[4.203s] INFO:colcon.colcon_core.shell:Creating package script '/home/pi/linorobot2_ws/install/sllidar_ros2/share/sllidar_ros2/package.bash'
[4.205s] INFO:colcon.colcon_core.shell:Creating package script '/home/pi/linorobot2_ws/install/sllidar_ros2/share/sllidar_ros2/package.zsh'
[4.208s] Level 1:colcon.colcon_core.environment:create_file_with_runtime_dependencies(/home/pi/linorobot2_ws/install/sllidar_ros2/share/colcon-core/packages/sllidar_ros2)
[5.362s] DEBUG:colcon.colcon_core.event_handler.log_command:Invoking command in '/home/pi/linorobot2_ws/src/linorobot2/linorobot2_rect': PYTHONPATH=/home/pi/linorobot2_ws/build/linorobot2_rect/prefix_override:/usr/lib/python3/dist-packages/colcon_core/task/python/colcon_distutils_commands:/home/pi/linorobot2_ws/install/linorobot2_rect/lib/python3.10/site-packages:${PYTHONPATH} /usr/bin/python3 -W ignore:setup.py install is deprecated -W ignore:easy_install command is deprecated setup.py egg_info --egg-base ../../../build/linorobot2_rect build --build-base /home/pi/linorobot2_ws/build/linorobot2_rect/build install --record /home/pi/linorobot2_ws/build/linorobot2_rect/install.log --single-version-externally-managed install_data
[6.620s] Level 1:colcon.colcon_core.environment:checking '/home/pi/linorobot2_ws/install/linorobot2_rect' for CMake module files
[6.622s] DEBUG:colcon.colcon_core.event_handler.log_command:Invoked command in '/home/pi/linorobot2_ws/src/linorobot2/linorobot2_rect' returned '0': PYTHONPATH=/home/pi/linorobot2_ws/build/linorobot2_rect/prefix_override:/usr/lib/python3/dist-packages/colcon_core/task/python/colcon_distutils_commands:/home/pi/linorobot2_ws/install/linorobot2_rect/lib/python3.10/site-packages:${PYTHONPATH} /usr/bin/python3 -W ignore:setup.py install is deprecated -W ignore:easy_install command is deprecated setup.py egg_info --egg-base ../../../build/linorobot2_rect build --build-base /home/pi/linorobot2_ws/build/linorobot2_rect/build install --record /home/pi/linorobot2_ws/build/linorobot2_rect/install.log --single-version-externally-managed install_data
[6.623s] Level 1:colcon.colcon_core.environment:checking '/home/pi/linorobot2_ws/install/linorobot2_rect' for CMake config files
[6.627s] Level 1:colcon.colcon_core.environment:checking '/home/pi/linorobot2_ws/install/linorobot2_rect/lib'
[6.627s] Level 1:colcon.colcon_core.environment:checking '/home/pi/linorobot2_ws/install/linorobot2_rect/bin'
[6.627s] Level 1:colcon.colcon_core.environment:checking '/home/pi/linorobot2_ws/install/linorobot2_rect/lib/pkgconfig/linorobot2_rect.pc'
[6.628s] Level 1:colcon.colcon_core.environment:checking '/home/pi/linorobot2_ws/install/linorobot2_rect/lib/python3.10/site-packages'
[6.628s] Level 1:colcon.colcon_core.shell:create_environment_hook('linorobot2_rect', 'pythonpath')
[6.630s] INFO:colcon.colcon_core.shell:Creating environment hook '/home/pi/linorobot2_ws/install/linorobot2_rect/share/linorobot2_rect/hook/pythonpath.ps1'
[6.632s] INFO:colcon.colcon_core.shell:Creating environment descriptor '/home/pi/linorobot2_ws/install/linorobot2_rect/share/linorobot2_rect/hook/pythonpath.dsv'
[6.635s] INFO:colcon.colcon_core.shell:Creating environment hook '/home/pi/linorobot2_ws/install/linorobot2_rect/share/linorobot2_rect/hook/pythonpath.sh'
[6.638s] Level 1:colcon.colcon_core.environment:checking '/home/pi/linorobot2_ws/install/linorobot2_rect/bin'
[6.638s] Level 1:colcon.colcon_core.environment:create_environment_scripts_only(linorobot2_rect)
[6.640s] INFO:colcon.colcon_core.shell:Creating package script '/home/pi/linorobot2_ws/install/linorobot2_rect/share/linorobot2_rect/package.ps1'
[6.642s] INFO:colcon.colcon_core.shell:Creating package descriptor '/home/pi/linorobot2_ws/install/linorobot2_rect/share/linorobot2_rect/package.dsv'
[6.644s] INFO:colcon.colcon_core.shell:Creating package script '/home/pi/linorobot2_ws/install/linorobot2_rect/share/linorobot2_rect/package.sh'
[6.647s] INFO:colcon.colcon_core.shell:Creating package script '/home/pi/linorobot2_ws/install/linorobot2_rect/share/linorobot2_rect/package.bash'
[6.649s] INFO:colcon.colcon_core.shell:Creating package script '/home/pi/linorobot2_ws/install/linorobot2_rect/share/linorobot2_rect/package.zsh'
[6.651s] Level 1:colcon.colcon_core.environment:create_file_with_runtime_dependencies(/home/pi/linorobot2_ws/install/linorobot2_rect/share/colcon-core/packages/linorobot2_rect)
[6.652s] DEBUG:colcon.colcon_parallel_executor.executor.parallel:closing loop
[6.653s] DEBUG:colcon.colcon_parallel_executor.executor.parallel:loop closed
[6.653s] DEBUG:colcon.colcon_parallel_executor.executor.parallel:run_until_complete finished with '0'
[6.654s] DEBUG:colcon.colcon_core.event_reactor:joining thread
[6.678s] INFO:colcon.colcon_core.plugin_system:Skipping extension 'colcon_notification.desktop_notification.notify_send': Could not find 'notify-send'
[6.679s] INFO:colcon.colcon_core.plugin_system:Skipping extension 'colcon_notification.desktop_notification.terminal_notifier': Not used on non-Darwin systems
[6.679s] INFO:colcon.colcon_core.plugin_system:Skipping extension 'colcon_notification.desktop_notification.win32': Not used on non-Windows systems
[6.679s] INFO:colcon.colcon_notification.desktop_notification:Sending desktop notification using 'notify2'
[6.682s] DEBUG:colcon.colcon_notification.desktop_notification.notify2:Failed to initialize notify2: org.freedesktop.DBus.Error.ServiceUnknown: The name org.freedesktop.Notifications was not provided by any .service files
[6.682s] DEBUG:colcon.colcon_core.event_reactor:joined thread
[6.683s] INFO:colcon.colcon_core.shell:Creating prefix script '/home/pi/linorobot2_ws/install/local_setup.ps1'
[6.687s] INFO:colcon.colcon_core.shell:Creating prefix util module '/home/pi/linorobot2_ws/install/_local_setup_util_ps1.py'
[6.693s] INFO:colcon.colcon_core.shell:Creating prefix chain script '/home/pi/linorobot2_ws/install/setup.ps1'
[6.701s] INFO:colcon.colcon_core.shell:Creating prefix script '/home/pi/linorobot2_ws/install/local_setup.sh'
[6.704s] INFO:colcon.colcon_core.shell:Creating prefix util module '/home/pi/linorobot2_ws/install/_local_setup_util_sh.py'
[6.707s] INFO:colcon.colcon_core.shell:Creating prefix chain script '/home/pi/linorobot2_ws/install/setup.sh'
[6.716s] INFO:colcon.colcon_core.shell:Creating prefix script '/home/pi/linorobot2_ws/install/local_setup.bash'
[6.718s] INFO:colcon.colcon_core.shell:Creating prefix chain script '/home/pi/linorobot2_ws/install/setup.bash'
[6.725s] INFO:colcon.colcon_core.shell:Creating prefix script '/home/pi/linorobot2_ws/install/local_setup.zsh'
[6.727s] INFO:colcon.colcon_core.shell:Creating prefix chain script '/home/pi/linorobot2_ws/install/setup.zsh'
