running egg_info
creating ../../build/linorobot2_rect/linorobot2_rect.egg-info
writing ../../build/linorobot2_rect/linorobot2_rect.egg-info/PKG-INFO
writing dependency_links to ../../build/linorobot2_rect/linorobot2_rect.egg-info/dependency_links.txt
writing entry points to ../../build/linorobot2_rect/linorobot2_rect.egg-info/entry_points.txt
writing requirements to ../../build/linorobot2_rect/linorobot2_rect.egg-info/requires.txt
writing top-level names to ../../build/linorobot2_rect/linorobot2_rect.egg-info/top_level.txt
writing manifest file '../../build/linorobot2_rect/linorobot2_rect.egg-info/SOURCES.txt'
reading manifest file '../../build/linorobot2_rect/linorobot2_rect.egg-info/SOURCES.txt'
writing manifest file '../../build/linorobot2_rect/linorobot2_rect.egg-info/SOURCES.txt'
running build
running build_py
creating /home/pi/linorobot2_ws/src/build/linorobot2_rect/build
creating /home/pi/linorobot2_ws/src/build/linorobot2_rect/build/lib
creating /home/pi/linorobot2_ws/src/build/linorobot2_rect/build/lib/linorobot2_rect
copying linorobot2_rect/__init__.py -> /home/pi/linorobot2_ws/src/build/linorobot2_rect/build/lib/linorobot2_rect
copying linorobot2_rect/rectangle_motion.py -> /home/pi/linorobot2_ws/src/build/linorobot2_rect/build/lib/linorobot2_rect
running install
running install_lib
creating /home/pi/linorobot2_ws/src/install/linorobot2_rect/lib/python3.10/site-packages/linorobot2_rect
copying /home/pi/linorobot2_ws/src/build/linorobot2_rect/build/lib/linorobot2_rect/__init__.py -> /home/pi/linorobot2_ws/src/install/linorobot2_rect/lib/python3.10/site-packages/linorobot2_rect
copying /home/pi/linorobot2_ws/src/build/linorobot2_rect/build/lib/linorobot2_rect/rectangle_motion.py -> /home/pi/linorobot2_ws/src/install/linorobot2_rect/lib/python3.10/site-packages/linorobot2_rect
byte-compiling /home/pi/linorobot2_ws/src/install/linorobot2_rect/lib/python3.10/site-packages/linorobot2_rect/__init__.py to __init__.cpython-310.pyc
byte-compiling /home/pi/linorobot2_ws/src/install/linorobot2_rect/lib/python3.10/site-packages/linorobot2_rect/rectangle_motion.py to rectangle_motion.cpython-310.pyc
running install_data
creating /home/pi/linorobot2_ws/src/install/linorobot2_rect/share/ament_index
creating /home/pi/linorobot2_ws/src/install/linorobot2_rect/share/ament_index/resource_index
creating /home/pi/linorobot2_ws/src/install/linorobot2_rect/share/ament_index/resource_index/packages
copying resource/linorobot2_rect -> /home/pi/linorobot2_ws/src/install/linorobot2_rect/share/ament_index/resource_index/packages
copying package.xml -> /home/pi/linorobot2_ws/src/install/linorobot2_rect/share/linorobot2_rect
running install_egg_info
Copying ../../build/linorobot2_rect/linorobot2_rect.egg-info to /home/pi/linorobot2_ws/src/install/linorobot2_rect/lib/python3.10/site-packages/linorobot2_rect-0.0.0-py3.10.egg-info
running install_scripts
Installing rectangle_motion script to /home/pi/linorobot2_ws/src/install/linorobot2_rect/lib/linorobot2_rect
writing list of installed files to '/home/pi/linorobot2_ws/src/build/linorobot2_rect/install.log'
