[3.704s] Invoking command in '/home/pi/linorobot2_ws/src/linorobot2/linorobot2_rect': PYTHONPATH=/home/pi/linorobot2_ws/src/build/linorobot2_rect/prefix_override:/usr/lib/python3/dist-packages/colcon_core/task/python/colcon_distutils_commands:/home/pi/linorobot2_ws/src/install/linorobot2_rect/lib/python3.10/site-packages:${PYTHONPATH} /usr/bin/python3 -W ignore:setup.py install is deprecated -W ignore:easy_install command is deprecated setup.py egg_info --egg-base ../../build/linorobot2_rect build --build-base /home/pi/linorobot2_ws/src/build/linorobot2_rect/build install --record /home/pi/linorobot2_ws/src/build/linorobot2_rect/install.log --single-version-externally-managed install_data
[4.963s] running egg_info
[4.965s] creating ../../build/linorobot2_rect/linorobot2_rect.egg-info
[4.966s] writing ../../build/linorobot2_rect/linorobot2_rect.egg-info/PKG-INFO
[4.968s] writing dependency_links to ../../build/linorobot2_rect/linorobot2_rect.egg-info/dependency_links.txt
[4.968s] writing entry points to ../../build/linorobot2_rect/linorobot2_rect.egg-info/entry_points.txt
[4.969s] writing requirements to ../../build/linorobot2_rect/linorobot2_rect.egg-info/requires.txt
[4.970s] writing top-level names to ../../build/linorobot2_rect/linorobot2_rect.egg-info/top_level.txt
[4.971s] writing manifest file '../../build/linorobot2_rect/linorobot2_rect.egg-info/SOURCES.txt'
[4.978s] reading manifest file '../../build/linorobot2_rect/linorobot2_rect.egg-info/SOURCES.txt'
[4.981s] writing manifest file '../../build/linorobot2_rect/linorobot2_rect.egg-info/SOURCES.txt'
[4.982s] running build
[4.982s] running build_py
[4.983s] creating /home/pi/linorobot2_ws/src/build/linorobot2_rect/build
[4.984s] creating /home/pi/linorobot2_ws/src/build/linorobot2_rect/build/lib
[4.985s] creating /home/pi/linorobot2_ws/src/build/linorobot2_rect/build/lib/linorobot2_rect
[4.985s] copying linorobot2_rect/__init__.py -> /home/pi/linorobot2_ws/src/build/linorobot2_rect/build/lib/linorobot2_rect
[4.986s] copying linorobot2_rect/rectangle_motion.py -> /home/pi/linorobot2_ws/src/build/linorobot2_rect/build/lib/linorobot2_rect
[4.986s] running install
[4.987s] running install_lib
[4.990s] creating /home/pi/linorobot2_ws/src/install/linorobot2_rect/lib/python3.10/site-packages/linorobot2_rect
[4.991s] copying /home/pi/linorobot2_ws/src/build/linorobot2_rect/build/lib/linorobot2_rect/__init__.py -> /home/pi/linorobot2_ws/src/install/linorobot2_rect/lib/python3.10/site-packages/linorobot2_rect
[4.991s] copying /home/pi/linorobot2_ws/src/build/linorobot2_rect/build/lib/linorobot2_rect/rectangle_motion.py -> /home/pi/linorobot2_ws/src/install/linorobot2_rect/lib/python3.10/site-packages/linorobot2_rect
[4.994s] byte-compiling /home/pi/linorobot2_ws/src/install/linorobot2_rect/lib/python3.10/site-packages/linorobot2_rect/__init__.py to __init__.cpython-310.pyc
[4.995s] byte-compiling /home/pi/linorobot2_ws/src/install/linorobot2_rect/lib/python3.10/site-packages/linorobot2_rect/rectangle_motion.py to rectangle_motion.cpython-310.pyc
[4.998s] running install_data
[4.999s] creating /home/pi/linorobot2_ws/src/install/linorobot2_rect/share/ament_index
[4.999s] creating /home/pi/linorobot2_ws/src/install/linorobot2_rect/share/ament_index/resource_index
[5.000s] creating /home/pi/linorobot2_ws/src/install/linorobot2_rect/share/ament_index/resource_index/packages
[5.000s] copying resource/linorobot2_rect -> /home/pi/linorobot2_ws/src/install/linorobot2_rect/share/ament_index/resource_index/packages
[5.001s] copying package.xml -> /home/pi/linorobot2_ws/src/install/linorobot2_rect/share/linorobot2_rect
[5.001s] running install_egg_info
[5.009s] Copying ../../build/linorobot2_rect/linorobot2_rect.egg-info to /home/pi/linorobot2_ws/src/install/linorobot2_rect/lib/python3.10/site-packages/linorobot2_rect-0.0.0-py3.10.egg-info
[5.014s] running install_scripts
[5.097s] Installing rectangle_motion script to /home/pi/linorobot2_ws/src/install/linorobot2_rect/lib/linorobot2_rect
[5.099s] writing list of installed files to '/home/pi/linorobot2_ws/src/build/linorobot2_rect/install.log'
[5.226s] Invoked command in '/home/pi/linorobot2_ws/src/linorobot2/linorobot2_rect' returned '0': PYTHONPATH=/home/pi/linorobot2_ws/src/build/linorobot2_rect/prefix_override:/usr/lib/python3/dist-packages/colcon_core/task/python/colcon_distutils_commands:/home/pi/linorobot2_ws/src/install/linorobot2_rect/lib/python3.10/site-packages:${PYTHONPATH} /usr/bin/python3 -W ignore:setup.py install is deprecated -W ignore:easy_install command is deprecated setup.py egg_info --egg-base ../../build/linorobot2_rect build --build-base /home/pi/linorobot2_ws/src/build/linorobot2_rect/build install --record /home/pi/linorobot2_ws/src/build/linorobot2_rect/install.log --single-version-externally-managed install_data
