[0.121s] Invoking command in '/home/pi/linorobot2_ws/build/linorobot2': CMAKE_PREFIX_PATH=${CMAKE_PREFIX_PATH}:/opt/ros/humble /usr/bin/cmake --build /home/pi/linorobot2_ws/build/linorobot2 -- -j4 -l4
[0.307s] Invoked command in '/home/pi/linorobot2_ws/build/linorobot2' returned '0': CMAKE_PREFIX_PATH=${CMAKE_PREFIX_PATH}:/opt/ros/humble /usr/bin/cmake --build /home/pi/linorobot2_ws/build/linorobot2 -- -j4 -l4
[0.355s] Invoking command in '/home/pi/linorobot2_ws/build/linorobot2': CMAKE_PREFIX_PATH=${CMAKE_PREFIX_PATH}:/opt/ros/humble /usr/bin/cmake --install /home/pi/linorobot2_ws/build/linorobot2
[0.389s] -- Install configuration: ""
[0.390s] -- Up-to-date: /home/pi/linorobot2_ws/install/linorobot2/share/ament_index/resource_index/package_run_dependencies/linorobot2
[0.392s] -- Up-to-date: /home/pi/linorobot2_ws/install/linorobot2/share/ament_index/resource_index/parent_prefix_path/linorobot2
[0.394s] -- Up-to-date: /home/pi/linorobot2_ws/install/linorobot2/share/linorobot2/environment/ament_prefix_path.sh
[0.403s] -- Up-to-date: /home/pi/linorobot2_ws/install/linorobot2/share/linorobot2/environment/ament_prefix_path.dsv
[0.406s] -- Up-to-date: /home/pi/linorobot2_ws/install/linorobot2/share/linorobot2/environment/path.sh
[0.407s] -- Up-to-date: /home/pi/linorobot2_ws/install/linorobot2/share/linorobot2/environment/path.dsv
[0.409s] -- Up-to-date: /home/pi/linorobot2_ws/install/linorobot2/share/linorobot2/local_setup.bash
[0.410s] -- Up-to-date: /home/pi/linorobot2_ws/install/linorobot2/share/linorobot2/local_setup.sh
[0.412s] -- Up-to-date: /home/pi/linorobot2_ws/install/linorobot2/share/linorobot2/local_setup.zsh
[0.412s] -- Up-to-date: /home/pi/linorobot2_ws/install/linorobot2/share/linorobot2/local_setup.dsv
[0.413s] -- Installing: /home/pi/linorobot2_ws/install/linorobot2/share/linorobot2/package.dsv
[0.414s] -- Up-to-date: /home/pi/linorobot2_ws/install/linorobot2/share/ament_index/resource_index/packages/linorobot2
[0.415s] -- Up-to-date: /home/pi/linorobot2_ws/install/linorobot2/share/linorobot2/cmake/linorobot2Config.cmake
[0.419s] -- Up-to-date: /home/pi/linorobot2_ws/install/linorobot2/share/linorobot2/cmake/linorobot2Config-version.cmake
[0.422s] -- Up-to-date: /home/pi/linorobot2_ws/install/linorobot2/share/linorobot2/package.xml
[0.455s] Invoked command in '/home/pi/linorobot2_ws/build/linorobot2' returned '0': CMAKE_PREFIX_PATH=${CMAKE_PREFIX_PATH}:/opt/ros/humble /usr/bin/cmake --install /home/pi/linorobot2_ws/build/linorobot2
