[1.290s] Invoking command in '/home/pi/linorobot2_ws/build/sllidar_ros2': CMAKE_PREFIX_PATH=${CMAKE_PREFIX_PATH}:/home/pi/linorobot2_ws/install/linorobot2_control:/home/pi/uros_ws/install/my_robot_controller:/opt/ros/humble /usr/bin/cmake --build /home/pi/linorobot2_ws/build/sllidar_ros2 -- -j4 -l4
[1.572s] [ 10%] Built target sllidar_client
[1.589s] [100%] Built target sllidar_node
[1.635s] Invoked command in '/home/pi/linorobot2_ws/build/sllidar_ros2' returned '0': CMAKE_PREFIX_PATH=${CMAKE_PREFIX_PATH}:/home/pi/linorobot2_ws/install/linorobot2_control:/home/pi/uros_ws/install/my_robot_controller:/opt/ros/humble /usr/bin/cmake --build /home/pi/linorobot2_ws/build/sllidar_ros2 -- -j4 -l4
[1.645s] Invoking command in '/home/pi/linorobot2_ws/build/sllidar_ros2': CMAKE_PREFIX_PATH=${CMAKE_PREFIX_PATH}:/home/pi/linorobot2_ws/install/linorobot2_control:/home/pi/uros_ws/install/my_robot_controller:/opt/ros/humble /usr/bin/cmake --install /home/pi/linorobot2_ws/build/sllidar_ros2
[1.683s] -- Install configuration: ""
[1.683s] -- Up-to-date: /home/pi/linorobot2_ws/install/sllidar_ros2/share/sllidar_ros2/launch
[1.684s] -- Up-to-date: /home/pi/linorobot2_ws/install/sllidar_ros2/share/sllidar_ros2/launch/view_sllidar_s1_tcp_launch.py
[1.684s] -- Up-to-date: /home/pi/linorobot2_ws/install/sllidar_ros2/share/sllidar_ros2/launch/sllidar_a2m12_launch .py
[1.686s] -- Up-to-date: /home/pi/linorobot2_ws/install/sllidar_ros2/share/sllidar_ros2/launch/view_sllidar_s1_launch.py
[1.686s] -- Up-to-date: /home/pi/linorobot2_ws/install/sllidar_ros2/share/sllidar_ros2/launch/sllidar_s3_launch.py
[1.687s] -- Up-to-date: /home/pi/linorobot2_ws/install/sllidar_ros2/share/sllidar_ros2/launch/view_sllidar_a2m7_launch.py
[1.693s] -- Up-to-date: /home/pi/linorobot2_ws/install/sllidar_ros2/share/sllidar_ros2/launch/sllidar_a2m8_launch.py
[1.695s] -- Up-to-date: /home/pi/linorobot2_ws/install/sllidar_ros2/share/sllidar_ros2/launch/view_sllidar_s2_launch.py
[1.696s] -- Up-to-date: /home/pi/linorobot2_ws/install/sllidar_ros2/share/sllidar_ros2/launch/view_sllidar_s2e_launch.py
[1.697s] -- Up-to-date: /home/pi/linorobot2_ws/install/sllidar_ros2/share/sllidar_ros2/launch/view_sllidar_a2m12_launch.py
[1.698s] -- Up-to-date: /home/pi/linorobot2_ws/install/sllidar_ros2/share/sllidar_ros2/launch/sllidar_s1_launch.py
[1.698s] -- Up-to-date: /home/pi/linorobot2_ws/install/sllidar_ros2/share/sllidar_ros2/launch/view_sllidar_s3_launch.py
[1.700s] -- Up-to-date: /home/pi/linorobot2_ws/install/sllidar_ros2/share/sllidar_ros2/launch/view_sllidar_a2m8_launch.py
[1.703s] -- Up-to-date: /home/pi/linorobot2_ws/install/sllidar_ros2/share/sllidar_ros2/launch/view_sllidar_t1_launch.py
[1.705s] -- Up-to-date: /home/pi/linorobot2_ws/install/sllidar_ros2/share/sllidar_ros2/launch/view_sllidar_a1_launch.py
[1.706s] -- Up-to-date: /home/pi/linorobot2_ws/install/sllidar_ros2/share/sllidar_ros2/launch/sllidar_s2_launch.py
[1.706s] -- Up-to-date: /home/pi/linorobot2_ws/install/sllidar_ros2/share/sllidar_ros2/launch/sllidar_t1_launch.py
[1.707s] -- Up-to-date: /home/pi/linorobot2_ws/install/sllidar_ros2/share/sllidar_ros2/launch/sllidar_a1_launch.py
[1.707s] -- Up-to-date: /home/pi/linorobot2_ws/install/sllidar_ros2/share/sllidar_ros2/launch/sllidar_c1_launch.py
[1.708s] -- Up-to-date: /home/pi/linorobot2_ws/install/sllidar_ros2/share/sllidar_ros2/launch/view_sllidar_c1_launch.py
[1.709s] -- Up-to-date: /home/pi/linorobot2_ws/install/sllidar_ros2/share/sllidar_ros2/launch/view_sllidar_a3_launch.py
[1.710s] -- Up-to-date: /home/pi/linorobot2_ws/install/sllidar_ros2/share/sllidar_ros2/launch/sllidar_s1_tcp_launch.py
[1.710s] -- Up-to-date: /home/pi/linorobot2_ws/install/sllidar_ros2/share/sllidar_ros2/launch/sllidar_a2m7_launch.py
[1.711s] -- Up-to-date: /home/pi/linorobot2_ws/install/sllidar_ros2/share/sllidar_ros2/launch/sllidar_a3_launch.py
[1.712s] -- Up-to-date: /home/pi/linorobot2_ws/install/sllidar_ros2/share/sllidar_ros2/launch/sllidar_s2e_launch.py
[1.712s] -- Up-to-date: /home/pi/linorobot2_ws/install/sllidar_ros2/share/sllidar_ros2/rviz
[1.713s] -- Up-to-date: /home/pi/linorobot2_ws/install/sllidar_ros2/share/sllidar_ros2/rviz/sllidar_ros2.rviz
[1.714s] -- Up-to-date: /home/pi/linorobot2_ws/install/sllidar_ros2/lib/sllidar_ros2/sllidar_node
[1.715s] -- Up-to-date: /home/pi/linorobot2_ws/install/sllidar_ros2/lib/sllidar_ros2/sllidar_client
[1.715s] -- Up-to-date: /home/pi/linorobot2_ws/install/sllidar_ros2/share/ament_index/resource_index/package_run_dependencies/sllidar_ros2
[1.716s] -- Up-to-date: /home/pi/linorobot2_ws/install/sllidar_ros2/share/ament_index/resource_index/parent_prefix_path/sllidar_ros2
[1.716s] -- Up-to-date: /home/pi/linorobot2_ws/install/sllidar_ros2/share/sllidar_ros2/environment/ament_prefix_path.sh
[1.717s] -- Up-to-date: /home/pi/linorobot2_ws/install/sllidar_ros2/share/sllidar_ros2/environment/ament_prefix_path.dsv
[1.718s] -- Up-to-date: /home/pi/linorobot2_ws/install/sllidar_ros2/share/sllidar_ros2/environment/path.sh
[1.718s] -- Up-to-date: /home/pi/linorobot2_ws/install/sllidar_ros2/share/sllidar_ros2/environment/path.dsv
[1.718s] -- Up-to-date: /home/pi/linorobot2_ws/install/sllidar_ros2/share/sllidar_ros2/local_setup.bash
[1.719s] -- Up-to-date: /home/pi/linorobot2_ws/install/sllidar_ros2/share/sllidar_ros2/local_setup.sh
[1.721s] -- Up-to-date: /home/pi/linorobot2_ws/install/sllidar_ros2/share/sllidar_ros2/local_setup.zsh
[1.722s] -- Up-to-date: /home/pi/linorobot2_ws/install/sllidar_ros2/share/sllidar_ros2/local_setup.dsv
[1.723s] -- Installing: /home/pi/linorobot2_ws/install/sllidar_ros2/share/sllidar_ros2/package.dsv
[1.723s] -- Up-to-date: /home/pi/linorobot2_ws/install/sllidar_ros2/share/ament_index/resource_index/packages/sllidar_ros2
[1.724s] -- Up-to-date: /home/pi/linorobot2_ws/install/sllidar_ros2/share/sllidar_ros2/cmake/ament_cmake_export_dependencies-extras.cmake
[1.726s] -- Up-to-date: /home/pi/linorobot2_ws/install/sllidar_ros2/share/sllidar_ros2/cmake/ament_cmake_export_include_directories-extras.cmake
[1.727s] -- Up-to-date: /home/pi/linorobot2_ws/install/sllidar_ros2/share/sllidar_ros2/cmake/sllidar_ros2Config.cmake
[1.727s] -- Up-to-date: /home/pi/linorobot2_ws/install/sllidar_ros2/share/sllidar_ros2/cmake/sllidar_ros2Config-version.cmake
[1.728s] -- Up-to-date: /home/pi/linorobot2_ws/install/sllidar_ros2/share/sllidar_ros2/package.xml
[1.729s] Invoked command in '/home/pi/linorobot2_ws/build/sllidar_ros2' returned '0': CMAKE_PREFIX_PATH=${CMAKE_PREFIX_PATH}:/home/pi/linorobot2_ws/install/linorobot2_control:/home/pi/uros_ws/install/my_robot_controller:/opt/ros/humble /usr/bin/cmake --install /home/pi/linorobot2_ws/build/sllidar_ros2
