[0.145s] Invoking command in '/home/pi/linorobot2_ws/build/linorobot2_bringup': CMAKE_PREFIX_PATH=${CMAKE_PREFIX_PATH}:/home/pi/linorobot2_ws/install/linorobot2_control:/home/pi/uros_ws/install/my_robot_controller:/opt/ros/humble /usr/bin/cmake --build /home/pi/linorobot2_ws/build/linorobot2_bringup -- -j4 -l4
[1.437s] Invoked command in '/home/pi/linorobot2_ws/build/linorobot2_bringup' returned '0': CMAKE_PREFIX_PATH=${CMAKE_PREFIX_PATH}:/home/pi/linorobot2_ws/install/linorobot2_control:/home/pi/uros_ws/install/my_robot_controller:/opt/ros/humble /usr/bin/cmake --build /home/pi/linorobot2_ws/build/linorobot2_bringup -- -j4 -l4
[1.482s] Invoking command in '/home/pi/linorobot2_ws/build/linorobot2_bringup': CMAKE_PREFIX_PATH=${CMAKE_PREFIX_PATH}:/home/pi/linorobot2_ws/install/linorobot2_control:/home/pi/uros_ws/install/my_robot_controller:/opt/ros/humble /usr/bin/cmake --install /home/pi/linorobot2_ws/build/linorobot2_bringup
[1.522s] -- Install configuration: ""
[1.527s] -- Up-to-date: /home/pi/linorobot2_ws/install/linorobot2_bringup/share/linorobot2_bringup/launch
[1.529s] -- Up-to-date: /home/pi/linorobot2_ws/install/linorobot2_bringup/share/linorobot2_bringup/launch/extra.launch.py
[1.530s] -- Installing: /home/pi/linorobot2_ws/install/linorobot2_bringup/share/linorobot2_bringup/launch/bringup.launch.py
[1.532s] -- Up-to-date: /home/pi/linorobot2_ws/install/linorobot2_bringup/share/linorobot2_bringup/launch/depth.launch.py
[1.533s] -- Up-to-date: /home/pi/linorobot2_ws/install/linorobot2_bringup/share/linorobot2_bringup/launch/joy_teleop.launch.py
[1.534s] -- Up-to-date: /home/pi/linorobot2_ws/install/linorobot2_bringup/share/linorobot2_bringup/launch/lasers.launch.py
[1.545s] -- Up-to-date: /home/pi/linorobot2_ws/install/linorobot2_bringup/share/linorobot2_bringup/launch/sensors.launch.py
[1.546s] -- Up-to-date: /home/pi/linorobot2_ws/install/linorobot2_bringup/share/linorobot2_bringup/launch/custom_robot.launch.py
[1.548s] -- Up-to-date: /home/pi/linorobot2_ws/install/linorobot2_bringup/share/linorobot2_bringup/launch/default_robot.launch.py
[1.555s] -- Up-to-date: /home/pi/linorobot2_ws/install/linorobot2_bringup/share/linorobot2_bringup/config
[1.557s] -- Up-to-date: /home/pi/linorobot2_ws/install/linorobot2_bringup/share/linorobot2_bringup/config/box_laser_filter.yaml
[1.557s] -- Up-to-date: /home/pi/linorobot2_ws/install/linorobot2_bringup/share/linorobot2_bringup/config/zed_common.yaml
[1.559s] -- Up-to-date: /home/pi/linorobot2_ws/install/linorobot2_bringup/share/linorobot2_bringup/config/joy.yaml
[1.560s] -- Up-to-date: /home/pi/linorobot2_ws/install/linorobot2_bringup/share/linorobot2_bringup/config/laser_filter.yaml
[1.561s] -- Up-to-date: /home/pi/linorobot2_ws/install/linorobot2_bringup/share/linorobot2_bringup/config/fake_laser.yaml
[1.572s] -- Up-to-date: /home/pi/linorobot2_ws/install/linorobot2_bringup/share/ament_index/resource_index/package_run_dependencies/linorobot2_bringup
[1.573s] -- Up-to-date: /home/pi/linorobot2_ws/install/linorobot2_bringup/share/ament_index/resource_index/parent_prefix_path/linorobot2_bringup
[1.575s] -- Up-to-date: /home/pi/linorobot2_ws/install/linorobot2_bringup/share/linorobot2_bringup/environment/ament_prefix_path.sh
[1.577s] -- Up-to-date: /home/pi/linorobot2_ws/install/linorobot2_bringup/share/linorobot2_bringup/environment/ament_prefix_path.dsv
[1.578s] -- Up-to-date: /home/pi/linorobot2_ws/install/linorobot2_bringup/share/linorobot2_bringup/environment/path.sh
[1.579s] -- Up-to-date: /home/pi/linorobot2_ws/install/linorobot2_bringup/share/linorobot2_bringup/environment/path.dsv
[1.580s] -- Up-to-date: /home/pi/linorobot2_ws/install/linorobot2_bringup/share/linorobot2_bringup/local_setup.bash
[1.580s] -- Up-to-date: /home/pi/linorobot2_ws/install/linorobot2_bringup/share/linorobot2_bringup/local_setup.sh
[1.582s] -- Up-to-date: /home/pi/linorobot2_ws/install/linorobot2_bringup/share/linorobot2_bringup/local_setup.zsh
[1.582s] -- Up-to-date: /home/pi/linorobot2_ws/install/linorobot2_bringup/share/linorobot2_bringup/local_setup.dsv
[1.584s] -- Up-to-date: /home/pi/linorobot2_ws/install/linorobot2_bringup/share/linorobot2_bringup/package.dsv
[1.585s] -- Up-to-date: /home/pi/linorobot2_ws/install/linorobot2_bringup/share/ament_index/resource_index/packages/linorobot2_bringup
[1.585s] -- Up-to-date: /home/pi/linorobot2_ws/install/linorobot2_bringup/share/linorobot2_bringup/cmake/linorobot2_bringupConfig.cmake
[1.587s] -- Up-to-date: /home/pi/linorobot2_ws/install/linorobot2_bringup/share/linorobot2_bringup/cmake/linorobot2_bringupConfig-version.cmake
[1.588s] -- Up-to-date: /home/pi/linorobot2_ws/install/linorobot2_bringup/share/linorobot2_bringup/package.xml
[1.603s] Invoked command in '/home/pi/linorobot2_ws/build/linorobot2_bringup' returned '0': CMAKE_PREFIX_PATH=${CMAKE_PREFIX_PATH}:/home/pi/linorobot2_ws/install/linorobot2_control:/home/pi/uros_ws/install/my_robot_controller:/opt/ros/humble /usr/bin/cmake --install /home/pi/linorobot2_ws/build/linorobot2_bringup
