running egg_info
writing ../../../build/linorobot2_control/linorobot2_control.egg-info/PKG-INFO
writing dependency_links to ../../../build/linorobot2_control/linorobot2_control.egg-info/dependency_links.txt
writing entry points to ../../../build/linorobot2_control/linorobot2_control.egg-info/entry_points.txt
writing requirements to ../../../build/linorobot2_control/linorobot2_control.egg-info/requires.txt
writing top-level names to ../../../build/linorobot2_control/linorobot2_control.egg-info/top_level.txt
reading manifest file '../../../build/linorobot2_control/linorobot2_control.egg-info/SOURCES.txt'
writing manifest file '../../../build/linorobot2_control/linorobot2_control.egg-info/SOURCES.txt'
running build
running build_py
creating /home/pi/linorobot2_ws/build/linorobot2_control/build
creating /home/pi/linorobot2_ws/build/linorobot2_control/build/lib
creating /home/pi/linorobot2_ws/build/linorobot2_control/build/lib/linorobot2_control
copying linorobot2_control/__init__.py -> /home/pi/linorobot2_ws/build/linorobot2_control/build/lib/linorobot2_control
copying linorobot2_control/rectangle_motion.py -> /home/pi/linorobot2_ws/build/linorobot2_control/build/lib/linorobot2_control
running install
running install_lib
creating /home/pi/linorobot2_ws/install/linorobot2_control/lib/python3.10/site-packages/linorobot2_control
copying /home/pi/linorobot2_ws/build/linorobot2_control/build/lib/linorobot2_control/__init__.py -> /home/pi/linorobot2_ws/install/linorobot2_control/lib/python3.10/site-packages/linorobot2_control
copying /home/pi/linorobot2_ws/build/linorobot2_control/build/lib/linorobot2_control/rectangle_motion.py -> /home/pi/linorobot2_ws/install/linorobot2_control/lib/python3.10/site-packages/linorobot2_control
byte-compiling /home/pi/linorobot2_ws/install/linorobot2_control/lib/python3.10/site-packages/linorobot2_control/__init__.py to __init__.cpython-310.pyc
byte-compiling /home/pi/linorobot2_ws/install/linorobot2_control/lib/python3.10/site-packages/linorobot2_control/rectangle_motion.py to rectangle_motion.cpython-310.pyc
running install_data
running install_egg_info
removing '/home/pi/linorobot2_ws/install/linorobot2_control/lib/python3.10/site-packages/linorobot2_control-0.0.0-py3.10.egg-info' (and everything under it)
Copying ../../../build/linorobot2_control/linorobot2_control.egg-info to /home/pi/linorobot2_ws/install/linorobot2_control/lib/python3.10/site-packages/linorobot2_control-0.0.0-py3.10.egg-info
running install_scripts
Installing rectangle_motion script to /home/pi/linorobot2_ws/install/linorobot2_control/bin
writing list of installed files to '/home/pi/linorobot2_ws/build/linorobot2_control/install.log'
