[0.327s] Invoking command in '/home/pi/linorobot2_ws/build/linorobot2_navigation': CMAKE_PREFIX_PATH=${CMAKE_PREFIX_PATH}:/home/pi/linorobot2_ws/install/linorobot2_control:/home/pi/uros_ws/install/my_robot_controller:/opt/ros/humble /usr/bin/cmake --build /home/pi/linorobot2_ws/build/linorobot2_navigation -- -j4 -l4
[1.522s] Invoked command in '/home/pi/linorobot2_ws/build/linorobot2_navigation' returned '0': CMAKE_PREFIX_PATH=${CMAKE_PREFIX_PATH}:/home/pi/linorobot2_ws/install/linorobot2_control:/home/pi/uros_ws/install/my_robot_controller:/opt/ros/humble /usr/bin/cmake --build /home/pi/linorobot2_ws/build/linorobot2_navigation -- -j4 -l4
[1.525s] Invoking command in '/home/pi/linorobot2_ws/build/linorobot2_navigation': CMAKE_PREFIX_PATH=${CMAKE_PREFIX_PATH}:/home/pi/linorobot2_ws/install/linorobot2_control:/home/pi/uros_ws/install/my_robot_controller:/opt/ros/humble /usr/bin/cmake --install /home/pi/linorobot2_ws/build/linorobot2_navigation
[1.560s] -- Install configuration: ""
[1.562s] -- Up-to-date: /home/pi/linorobot2_ws/install/linorobot2_navigation/share/linorobot2_navigation/launch
[1.564s] -- Up-to-date: /home/pi/linorobot2_ws/install/linorobot2_navigation/share/linorobot2_navigation/launch/slam.launch.py
[1.565s] -- Up-to-date: /home/pi/linorobot2_ws/install/linorobot2_navigation/share/linorobot2_navigation/launch/navigation.launch.py
[1.566s] -- Up-to-date: /home/pi/linorobot2_ws/install/linorobot2_navigation/share/linorobot2_navigation/rviz
[1.566s] -- Up-to-date: /home/pi/linorobot2_ws/install/linorobot2_navigation/share/linorobot2_navigation/rviz/linorobot2_navigation_minimal.rviz
[1.567s] -- Up-to-date: /home/pi/linorobot2_ws/install/linorobot2_navigation/share/linorobot2_navigation/rviz/linorobot2_navigation.rviz
[1.568s] -- Up-to-date: /home/pi/linorobot2_ws/install/linorobot2_navigation/share/linorobot2_navigation/rviz/linorobot2_slam.rviz
[1.568s] -- Up-to-date: /home/pi/linorobot2_ws/install/linorobot2_navigation/share/linorobot2_navigation/config
[1.569s] -- Up-to-date: /home/pi/linorobot2_ws/install/linorobot2_navigation/share/linorobot2_navigation/config/navigation.yaml
[1.569s] -- Up-to-date: /home/pi/linorobot2_ws/install/linorobot2_navigation/share/linorobot2_navigation/config/slam.yaml
[1.570s] -- Up-to-date: /home/pi/linorobot2_ws/install/linorobot2_navigation/share/linorobot2_navigation/config/navigation_sim.yaml
[1.571s] -- Up-to-date: /home/pi/linorobot2_ws/install/linorobot2_navigation/share/linorobot2_navigation/maps
[1.574s] -- Up-to-date: /home/pi/linorobot2_ws/install/linorobot2_navigation/share/linorobot2_navigation/maps/playground.pgm
[1.575s] -- Up-to-date: /home/pi/linorobot2_ws/install/linorobot2_navigation/share/linorobot2_navigation/maps/playground.yaml
[1.575s] -- Up-to-date: /home/pi/linorobot2_ws/install/linorobot2_navigation/share/ament_index/resource_index/package_run_dependencies/linorobot2_navigation
[1.576s] -- Up-to-date: /home/pi/linorobot2_ws/install/linorobot2_navigation/share/ament_index/resource_index/parent_prefix_path/linorobot2_navigation
[1.577s] -- Up-to-date: /home/pi/linorobot2_ws/install/linorobot2_navigation/share/linorobot2_navigation/environment/ament_prefix_path.sh
[1.579s] -- Up-to-date: /home/pi/linorobot2_ws/install/linorobot2_navigation/share/linorobot2_navigation/environment/ament_prefix_path.dsv
[1.585s] -- Up-to-date: /home/pi/linorobot2_ws/install/linorobot2_navigation/share/linorobot2_navigation/environment/path.sh
[1.586s] -- Up-to-date: /home/pi/linorobot2_ws/install/linorobot2_navigation/share/linorobot2_navigation/environment/path.dsv
[1.588s] -- Up-to-date: /home/pi/linorobot2_ws/install/linorobot2_navigation/share/linorobot2_navigation/local_setup.bash
[1.595s] -- Up-to-date: /home/pi/linorobot2_ws/install/linorobot2_navigation/share/linorobot2_navigation/local_setup.sh
[1.596s] -- Up-to-date: /home/pi/linorobot2_ws/install/linorobot2_navigation/share/linorobot2_navigation/local_setup.zsh
[1.597s] -- Up-to-date: /home/pi/linorobot2_ws/install/linorobot2_navigation/share/linorobot2_navigation/local_setup.dsv
[1.597s] -- Installing: /home/pi/linorobot2_ws/install/linorobot2_navigation/share/linorobot2_navigation/package.dsv
[1.599s] -- Up-to-date: /home/pi/linorobot2_ws/install/linorobot2_navigation/share/ament_index/resource_index/packages/linorobot2_navigation
[1.600s] -- Up-to-date: /home/pi/linorobot2_ws/install/linorobot2_navigation/share/linorobot2_navigation/cmake/linorobot2_navigationConfig.cmake
[1.600s] -- Up-to-date: /home/pi/linorobot2_ws/install/linorobot2_navigation/share/linorobot2_navigation/cmake/linorobot2_navigationConfig-version.cmake
[1.601s] -- Up-to-date: /home/pi/linorobot2_ws/install/linorobot2_navigation/share/linorobot2_navigation/package.xml
[1.602s] Invoked command in '/home/pi/linorobot2_ws/build/linorobot2_navigation' returned '0': CMAKE_PREFIX_PATH=${CMAKE_PREFIX_PATH}:/home/pi/linorobot2_ws/install/linorobot2_control:/home/pi/uros_ws/install/my_robot_controller:/opt/ros/humble /usr/bin/cmake --install /home/pi/linorobot2_ws/build/linorobot2_navigation
