[1.233s] Invoking command in '/home/pi/linorobot2_ws/build/sllidar_ros2': CMAKE_PREFIX_PATH=${CMAKE_PREFIX_PATH}:/home/pi/linorobot2_ws/install/linorobot2_control:/home/pi/uros_ws/install/my_robot_controller:/opt/ros/humble /usr/bin/cmake --build /home/pi/linorobot2_ws/build/sllidar_ros2 -- -j4 -l4
[1.534s] [ 10%] Built target sllidar_client
[1.566s] [100%] Built target sllidar_node
[1.614s] Invoked command in '/home/pi/linorobot2_ws/build/sllidar_ros2' returned '0': CMAKE_PREFIX_PATH=${CMAKE_PREFIX_PATH}:/home/pi/linorobot2_ws/install/linorobot2_control:/home/pi/uros_ws/install/my_robot_controller:/opt/ros/humble /usr/bin/cmake --build /home/pi/linorobot2_ws/build/sllidar_ros2 -- -j4 -l4
[1.623s] Invoking command in '/home/pi/linorobot2_ws/build/sllidar_ros2': CMAKE_PREFIX_PATH=${CMAKE_PREFIX_PATH}:/home/pi/linorobot2_ws/install/linorobot2_control:/home/pi/uros_ws/install/my_robot_controller:/opt/ros/humble /usr/bin/cmake --install /home/pi/linorobot2_ws/build/sllidar_ros2
[1.654s] -- Install configuration: ""
[1.655s] -- Up-to-date: /home/pi/linorobot2_ws/install/sllidar_ros2/share/sllidar_ros2/launch
[1.656s] -- Up-to-date: /home/pi/linorobot2_ws/install/sllidar_ros2/share/sllidar_ros2/launch/view_sllidar_s1_tcp_launch.py
[1.659s] -- Up-to-date: /home/pi/linorobot2_ws/install/sllidar_ros2/share/sllidar_ros2/launch/sllidar_a2m12_launch .py
[1.660s] -- Up-to-date: /home/pi/linorobot2_ws/install/sllidar_ros2/share/sllidar_ros2/launch/view_sllidar_s1_launch.py
[1.660s] -- Up-to-date: /home/pi/linorobot2_ws/install/sllidar_ros2/share/sllidar_ros2/launch/sllidar_s3_launch.py
[1.661s] -- Up-to-date: /home/pi/linorobot2_ws/install/sllidar_ros2/share/sllidar_ros2/launch/view_sllidar_a2m7_launch.py
[1.661s] -- Up-to-date: /home/pi/linorobot2_ws/install/sllidar_ros2/share/sllidar_ros2/launch/sllidar_a2m8_launch.py
[1.662s] -- Up-to-date: /home/pi/linorobot2_ws/install/sllidar_ros2/share/sllidar_ros2/launch/view_sllidar_s2_launch.py
[1.662s] -- Up-to-date: /home/pi/linorobot2_ws/install/sllidar_ros2/share/sllidar_ros2/launch/view_sllidar_s2e_launch.py
[1.663s] -- Up-to-date: /home/pi/linorobot2_ws/install/sllidar_ros2/share/sllidar_ros2/launch/view_sllidar_a2m12_launch.py
[1.663s] -- Up-to-date: /home/pi/linorobot2_ws/install/sllidar_ros2/share/sllidar_ros2/launch/sllidar_s1_launch.py
[1.664s] -- Up-to-date: /home/pi/linorobot2_ws/install/sllidar_ros2/share/sllidar_ros2/launch/view_sllidar_s3_launch.py
[1.664s] -- Up-to-date: /home/pi/linorobot2_ws/install/sllidar_ros2/share/sllidar_ros2/launch/view_sllidar_a2m8_launch.py
[1.665s] -- Up-to-date: /home/pi/linorobot2_ws/install/sllidar_ros2/share/sllidar_ros2/launch/view_sllidar_t1_launch.py
[1.665s] -- Up-to-date: /home/pi/linorobot2_ws/install/sllidar_ros2/share/sllidar_ros2/launch/view_sllidar_a1_launch.py
[1.666s] -- Up-to-date: /home/pi/linorobot2_ws/install/sllidar_ros2/share/sllidar_ros2/launch/sllidar_s2_launch.py
[1.666s] -- Up-to-date: /home/pi/linorobot2_ws/install/sllidar_ros2/share/sllidar_ros2/launch/sllidar_t1_launch.py
[1.667s] -- Up-to-date: /home/pi/linorobot2_ws/install/sllidar_ros2/share/sllidar_ros2/launch/sllidar_a1_launch.py
[1.667s] -- Up-to-date: /home/pi/linorobot2_ws/install/sllidar_ros2/share/sllidar_ros2/launch/sllidar_c1_launch.py
[1.668s] -- Up-to-date: /home/pi/linorobot2_ws/install/sllidar_ros2/share/sllidar_ros2/launch/view_sllidar_c1_launch.py
[1.668s] -- Up-to-date: /home/pi/linorobot2_ws/install/sllidar_ros2/share/sllidar_ros2/launch/view_sllidar_a3_launch.py
[1.669s] -- Up-to-date: /home/pi/linorobot2_ws/install/sllidar_ros2/share/sllidar_ros2/launch/sllidar_s1_tcp_launch.py
[1.670s] -- Up-to-date: /home/pi/linorobot2_ws/install/sllidar_ros2/share/sllidar_ros2/launch/sllidar_a2m7_launch.py
[1.670s] -- Up-to-date: /home/pi/linorobot2_ws/install/sllidar_ros2/share/sllidar_ros2/launch/sllidar_a3_launch.py
[1.672s] -- Up-to-date: /home/pi/linorobot2_ws/install/sllidar_ros2/share/sllidar_ros2/launch/sllidar_s2e_launch.py
[1.674s] -- Up-to-date: /home/pi/linorobot2_ws/install/sllidar_ros2/share/sllidar_ros2/rviz
[1.675s] -- Up-to-date: /home/pi/linorobot2_ws/install/sllidar_ros2/share/sllidar_ros2/rviz/sllidar_ros2.rviz
[1.676s] -- Up-to-date: /home/pi/linorobot2_ws/install/sllidar_ros2/lib/sllidar_ros2/sllidar_node
[1.676s] -- Up-to-date: /home/pi/linorobot2_ws/install/sllidar_ros2/lib/sllidar_ros2/sllidar_client
[1.677s] -- Up-to-date: /home/pi/linorobot2_ws/install/sllidar_ros2/share/ament_index/resource_index/package_run_dependencies/sllidar_ros2
[1.678s] -- Up-to-date: /home/pi/linorobot2_ws/install/sllidar_ros2/share/ament_index/resource_index/parent_prefix_path/sllidar_ros2
[1.678s] -- Up-to-date: /home/pi/linorobot2_ws/install/sllidar_ros2/share/sllidar_ros2/environment/ament_prefix_path.sh
[1.679s] -- Up-to-date: /home/pi/linorobot2_ws/install/sllidar_ros2/share/sllidar_ros2/environment/ament_prefix_path.dsv
[1.679s] -- Up-to-date: /home/pi/linorobot2_ws/install/sllidar_ros2/share/sllidar_ros2/environment/path.sh
[1.680s] -- Up-to-date: /home/pi/linorobot2_ws/install/sllidar_ros2/share/sllidar_ros2/environment/path.dsv
[1.681s] -- Up-to-date: /home/pi/linorobot2_ws/install/sllidar_ros2/share/sllidar_ros2/local_setup.bash
[1.682s] -- Up-to-date: /home/pi/linorobot2_ws/install/sllidar_ros2/share/sllidar_ros2/local_setup.sh
[1.683s] -- Up-to-date: /home/pi/linorobot2_ws/install/sllidar_ros2/share/sllidar_ros2/local_setup.zsh
[1.683s] -- Up-to-date: /home/pi/linorobot2_ws/install/sllidar_ros2/share/sllidar_ros2/local_setup.dsv
[1.696s] -- Installing: /home/pi/linorobot2_ws/install/sllidar_ros2/share/sllidar_ros2/package.dsv
[1.697s] -- Up-to-date: /home/pi/linorobot2_ws/install/sllidar_ros2/share/ament_index/resource_index/packages/sllidar_ros2
[1.698s] -- Up-to-date: /home/pi/linorobot2_ws/install/sllidar_ros2/share/sllidar_ros2/cmake/ament_cmake_export_dependencies-extras.cmake
[1.699s] -- Up-to-date: /home/pi/linorobot2_ws/install/sllidar_ros2/share/sllidar_ros2/cmake/ament_cmake_export_include_directories-extras.cmake
[1.699s] -- Up-to-date: /home/pi/linorobot2_ws/install/sllidar_ros2/share/sllidar_ros2/cmake/sllidar_ros2Config.cmake
[1.700s] -- Up-to-date: /home/pi/linorobot2_ws/install/sllidar_ros2/share/sllidar_ros2/cmake/sllidar_ros2Config-version.cmake
[1.700s] -- Up-to-date: /home/pi/linorobot2_ws/install/sllidar_ros2/share/sllidar_ros2/package.xml
[1.701s] Invoked command in '/home/pi/linorobot2_ws/build/sllidar_ros2' returned '0': CMAKE_PREFIX_PATH=${CMAKE_PREFIX_PATH}:/home/pi/linorobot2_ws/install/linorobot2_control:/home/pi/uros_ws/install/my_robot_controller:/opt/ros/humble /usr/bin/cmake --install /home/pi/linorobot2_ws/build/sllidar_ros2
