[0.659s] Invoking command in '/home/pi/linorobot2_ws/build/linorobot2_description': CMAKE_PREFIX_PATH=${CMAKE_PREFIX_PATH}:/home/pi/linorobot2_ws/install/linorobot2_rect:/home/pi/uros_ws/install/my_robot_controller:/opt/ros/humble /usr/bin/cmake --build /home/pi/linorobot2_ws/build/linorobot2_description -- -j4 -l4
[2.559s] Invoked command in '/home/pi/linorobot2_ws/build/linorobot2_description' returned '0': CMAKE_PREFIX_PATH=${CMAKE_PREFIX_PATH}:/home/pi/linorobot2_ws/install/linorobot2_rect:/home/pi/uros_ws/install/my_robot_controller:/opt/ros/humble /usr/bin/cmake --build /home/pi/linorobot2_ws/build/linorobot2_description -- -j4 -l4
[2.641s] Invoking command in '/home/pi/linorobot2_ws/build/linorobot2_description': CMAKE_PREFIX_PATH=${CMAKE_PREFIX_PATH}:/home/pi/linorobot2_ws/install/linorobot2_rect:/home/pi/uros_ws/install/my_robot_controller:/opt/ros/humble /usr/bin/cmake --install /home/pi/linorobot2_ws/build/linorobot2_description
[2.838s] -- Install configuration: ""
[2.839s] -- Up-to-date: /home/pi/linorobot2_ws/install/linorobot2_description/share/linorobot2_description/launch
[2.840s] -- Up-to-date: /home/pi/linorobot2_ws/install/linorobot2_description/share/linorobot2_description/launch/description.launch.py
[2.840s] -- Up-to-date: /home/pi/linorobot2_ws/install/linorobot2_description/share/linorobot2_description/urdf
[2.841s] -- Up-to-date: /home/pi/linorobot2_ws/install/linorobot2_description/share/linorobot2_description/urdf/mech
[2.841s] -- Up-to-date: /home/pi/linorobot2_ws/install/linorobot2_description/share/linorobot2_description/urdf/mech/base.urdf.xacro
[2.842s] -- Up-to-date: /home/pi/linorobot2_ws/install/linorobot2_description/share/linorobot2_description/urdf/mech/caster_wheel.urdf.xacro
[2.842s] -- Up-to-date: /home/pi/linorobot2_ws/install/linorobot2_description/share/linorobot2_description/urdf/mech/wheel.urdf.xacro
[2.842s] -- Up-to-date: /home/pi/linorobot2_ws/install/linorobot2_description/share/linorobot2_description/urdf/mech/mecanum_wheel.urdf.xacro
[2.843s] -- Up-to-date: /home/pi/linorobot2_ws/install/linorobot2_description/share/linorobot2_description/urdf/2wd_properties.urdf.xacro
[2.843s] -- Up-to-date: /home/pi/linorobot2_ws/install/linorobot2_description/share/linorobot2_description/urdf/mecanum_properties.urdf.xacro
[2.844s] -- Up-to-date: /home/pi/linorobot2_ws/install/linorobot2_description/share/linorobot2_description/urdf/4wd_properties.urdf.xacro
[2.844s] -- Up-to-date: /home/pi/linorobot2_ws/install/linorobot2_description/share/linorobot2_description/urdf/sensors
[2.845s] -- Up-to-date: /home/pi/linorobot2_ws/install/linorobot2_description/share/linorobot2_description/urdf/sensors/imu.urdf.xacro
[2.845s] -- Up-to-date: /home/pi/linorobot2_ws/install/linorobot2_description/share/linorobot2_description/urdf/sensors/depth_sensor.urdf.xacro
[2.846s] -- Up-to-date: /home/pi/linorobot2_ws/install/linorobot2_description/share/linorobot2_description/urdf/sensors/sonar.urdf.xacro
[2.846s] -- Up-to-date: /home/pi/linorobot2_ws/install/linorobot2_description/share/linorobot2_description/urdf/sensors/laser.urdf.xacro
[2.847s] -- Up-to-date: /home/pi/linorobot2_ws/install/linorobot2_description/share/linorobot2_description/urdf/sensors/generic_laser.urdf.xacro
[2.848s] -- Up-to-date: /home/pi/linorobot2_ws/install/linorobot2_description/share/linorobot2_description/urdf/controllers
[2.848s] -- Up-to-date: /home/pi/linorobot2_ws/install/linorobot2_description/share/linorobot2_description/urdf/controllers/skid_steer.urdf.xacro
[2.849s] -- Up-to-date: /home/pi/linorobot2_ws/install/linorobot2_description/share/linorobot2_description/urdf/controllers/diff_drive.urdf.xacro
[2.850s] -- Up-to-date: /home/pi/linorobot2_ws/install/linorobot2_description/share/linorobot2_description/urdf/controllers/omni_drive.urdf.xacro
[2.851s] -- Up-to-date: /home/pi/linorobot2_ws/install/linorobot2_description/share/linorobot2_description/urdf/robots
[2.851s] -- Up-to-date: /home/pi/linorobot2_ws/install/linorobot2_description/share/linorobot2_description/urdf/robots/4wd.urdf.xacro
[2.852s] -- Up-to-date: /home/pi/linorobot2_ws/install/linorobot2_description/share/linorobot2_description/urdf/robots/turtlebot.urdf.xacro
[2.852s] -- Up-to-date: /home/pi/linorobot2_ws/install/linorobot2_description/share/linorobot2_description/urdf/robots/2wd.urdf.xacro
[2.852s] -- Up-to-date: /home/pi/linorobot2_ws/install/linorobot2_description/share/linorobot2_description/urdf/robots/vattenkar.urdf.xacro
[2.853s] -- Up-to-date: /home/pi/linorobot2_ws/install/linorobot2_description/share/linorobot2_description/urdf/robots/mecanum.urdf.xacro
[2.853s] -- Up-to-date: /home/pi/linorobot2_ws/install/linorobot2_description/share/linorobot2_description/rviz
[2.853s] -- Up-to-date: /home/pi/linorobot2_ws/install/linorobot2_description/share/linorobot2_description/rviz/description.rviz
[2.853s] -- Up-to-date: /home/pi/linorobot2_ws/install/linorobot2_description/share/ament_index/resource_index/package_run_dependencies/linorobot2_description
[2.854s] -- Up-to-date: /home/pi/linorobot2_ws/install/linorobot2_description/share/ament_index/resource_index/parent_prefix_path/linorobot2_description
[2.854s] -- Up-to-date: /home/pi/linorobot2_ws/install/linorobot2_description/share/linorobot2_description/environment/ament_prefix_path.sh
[2.855s] -- Up-to-date: /home/pi/linorobot2_ws/install/linorobot2_description/share/linorobot2_description/environment/ament_prefix_path.dsv
[2.855s] -- Up-to-date: /home/pi/linorobot2_ws/install/linorobot2_description/share/linorobot2_description/environment/path.sh
[2.855s] -- Up-to-date: /home/pi/linorobot2_ws/install/linorobot2_description/share/linorobot2_description/environment/path.dsv
[2.856s] -- Up-to-date: /home/pi/linorobot2_ws/install/linorobot2_description/share/linorobot2_description/local_setup.bash
[2.856s] -- Up-to-date: /home/pi/linorobot2_ws/install/linorobot2_description/share/linorobot2_description/local_setup.sh
[2.856s] -- Up-to-date: /home/pi/linorobot2_ws/install/linorobot2_description/share/linorobot2_description/local_setup.zsh
[2.857s] -- Up-to-date: /home/pi/linorobot2_ws/install/linorobot2_description/share/linorobot2_description/local_setup.dsv
[2.857s] -- Installing: /home/pi/linorobot2_ws/install/linorobot2_description/share/linorobot2_description/package.dsv
[2.857s] -- Up-to-date: /home/pi/linorobot2_ws/install/linorobot2_description/share/ament_index/resource_index/packages/linorobot2_description
[2.857s] -- Up-to-date: /home/pi/linorobot2_ws/install/linorobot2_description/share/linorobot2_description/cmake/linorobot2_descriptionConfig.cmake
[2.858s] -- Up-to-date: /home/pi/linorobot2_ws/install/linorobot2_description/share/linorobot2_description/cmake/linorobot2_descriptionConfig-version.cmake
[2.858s] -- Up-to-date: /home/pi/linorobot2_ws/install/linorobot2_description/share/linorobot2_description/package.xml
[4.320s] Invoked command in '/home/pi/linorobot2_ws/build/linorobot2_description' returned '0': CMAKE_PREFIX_PATH=${CMAKE_PREFIX_PATH}:/home/pi/linorobot2_ws/install/linorobot2_rect:/home/pi/uros_ws/install/my_robot_controller:/opt/ros/humble /usr/bin/cmake --install /home/pi/linorobot2_ws/build/linorobot2_description
