[0.132s] Invoking command in '/home/pi/linorobot2_ws/build/linorobot2': CMAKE_PREFIX_PATH=${CMAKE_PREFIX_PATH}:/home/pi/linorobot2_ws/install/linorobot2_control:/home/pi/uros_ws/install/my_robot_controller:/opt/ros/humble /usr/bin/cmake --build /home/pi/linorobot2_ws/build/linorobot2 -- -j4 -l4
[0.314s] Invoked command in '/home/pi/linorobot2_ws/build/linorobot2' returned '0': CMAKE_PREFIX_PATH=${CMAKE_PREFIX_PATH}:/home/pi/linorobot2_ws/install/linorobot2_control:/home/pi/uros_ws/install/my_robot_controller:/opt/ros/humble /usr/bin/cmake --build /home/pi/linorobot2_ws/build/linorobot2 -- -j4 -l4
[0.361s] Invoking command in '/home/pi/linorobot2_ws/build/linorobot2': CMAKE_PREFIX_PATH=${CMAKE_PREFIX_PATH}:/home/pi/linorobot2_ws/install/linorobot2_control:/home/pi/uros_ws/install/my_robot_controller:/opt/ros/humble /usr/bin/cmake --install /home/pi/linorobot2_ws/build/linorobot2
[0.441s] -- Install configuration: ""
[0.442s] -- Up-to-date: /home/pi/linorobot2_ws/install/linorobot2/share/ament_index/resource_index/package_run_dependencies/linorobot2
[0.443s] -- Up-to-date: /home/pi/linorobot2_ws/install/linorobot2/share/ament_index/resource_index/parent_prefix_path/linorobot2
[0.443s] -- Up-to-date: /home/pi/linorobot2_ws/install/linorobot2/share/linorobot2/environment/ament_prefix_path.sh
[0.444s] -- Up-to-date: /home/pi/linorobot2_ws/install/linorobot2/share/linorobot2/environment/ament_prefix_path.dsv
[0.444s] -- Up-to-date: /home/pi/linorobot2_ws/install/linorobot2/share/linorobot2/environment/path.sh
[0.445s] -- Up-to-date: /home/pi/linorobot2_ws/install/linorobot2/share/linorobot2/environment/path.dsv
[0.445s] -- Up-to-date: /home/pi/linorobot2_ws/install/linorobot2/share/linorobot2/local_setup.bash
[0.449s] -- Up-to-date: /home/pi/linorobot2_ws/install/linorobot2/share/linorobot2/local_setup.sh
[0.453s] -- Up-to-date: /home/pi/linorobot2_ws/install/linorobot2/share/linorobot2/local_setup.zsh
[0.456s] -- Up-to-date: /home/pi/linorobot2_ws/install/linorobot2/share/linorobot2/local_setup.dsv
[0.459s] -- Installing: /home/pi/linorobot2_ws/install/linorobot2/share/linorobot2/package.dsv
[0.460s] -- Up-to-date: /home/pi/linorobot2_ws/install/linorobot2/share/ament_index/resource_index/packages/linorobot2
[0.460s] -- Up-to-date: /home/pi/linorobot2_ws/install/linorobot2/share/linorobot2/cmake/linorobot2Config.cmake
[0.467s] -- Up-to-date: /home/pi/linorobot2_ws/install/linorobot2/share/linorobot2/cmake/linorobot2Config-version.cmake
[0.469s] -- Up-to-date: /home/pi/linorobot2_ws/install/linorobot2/share/linorobot2/package.xml
[0.505s] Invoked command in '/home/pi/linorobot2_ws/build/linorobot2' returned '0': CMAKE_PREFIX_PATH=${CMAKE_PREFIX_PATH}:/home/pi/linorobot2_ws/install/linorobot2_control:/home/pi/uros_ws/install/my_robot_controller:/opt/ros/humble /usr/bin/cmake --install /home/pi/linorobot2_ws/build/linorobot2
