[0.163s] Invoking command in '/home/pi/linorobot2_ws/build/linorobot2': CMAKE_PREFIX_PATH=${CMAKE_PREFIX_PATH}:/home/pi/linorobot2_ws/install/linorobot2_control:/home/pi/uros_ws/install/my_robot_controller:/opt/ros/humble /usr/bin/cmake --build /home/pi/linorobot2_ws/build/linorobot2 -- -j4 -l4
[1.576s] Invoked command in '/home/pi/linorobot2_ws/build/linorobot2' returned '0': CMAKE_PREFIX_PATH=${CMAKE_PREFIX_PATH}:/home/pi/linorobot2_ws/install/linorobot2_control:/home/pi/uros_ws/install/my_robot_controller:/opt/ros/humble /usr/bin/cmake --build /home/pi/linorobot2_ws/build/linorobot2 -- -j4 -l4
[1.583s] Invoking command in '/home/pi/linorobot2_ws/build/linorobot2': CMAKE_PREFIX_PATH=${CMAKE_PREFIX_PATH}:/home/pi/linorobot2_ws/install/linorobot2_control:/home/pi/uros_ws/install/my_robot_controller:/opt/ros/humble /usr/bin/cmake --install /home/pi/linorobot2_ws/build/linorobot2
[1.672s] -- Install configuration: ""
[1.675s] -- Up-to-date: /home/pi/linorobot2_ws/install/linorobot2/share/ament_index/resource_index/package_run_dependencies/linorobot2
[1.677s] -- Up-to-date: /home/pi/linorobot2_ws/install/linorobot2/share/ament_index/resource_index/parent_prefix_path/linorobot2
[1.678s] -- Up-to-date: /home/pi/linorobot2_ws/install/linorobot2/share/linorobot2/environment/ament_prefix_path.sh
[1.679s] -- Up-to-date: /home/pi/linorobot2_ws/install/linorobot2/share/linorobot2/environment/ament_prefix_path.dsv
[1.683s] -- Up-to-date: /home/pi/linorobot2_ws/install/linorobot2/share/linorobot2/environment/path.sh
[1.687s] -- Up-to-date: /home/pi/linorobot2_ws/install/linorobot2/share/linorobot2/environment/path.dsv
[1.687s] -- Up-to-date: /home/pi/linorobot2_ws/install/linorobot2/share/linorobot2/local_setup.bash
[1.688s] -- Up-to-date: /home/pi/linorobot2_ws/install/linorobot2/share/linorobot2/local_setup.sh
[1.689s] -- Up-to-date: /home/pi/linorobot2_ws/install/linorobot2/share/linorobot2/local_setup.zsh
[1.690s] -- Up-to-date: /home/pi/linorobot2_ws/install/linorobot2/share/linorobot2/local_setup.dsv
[1.691s] -- Up-to-date: /home/pi/linorobot2_ws/install/linorobot2/share/linorobot2/package.dsv
[1.691s] -- Up-to-date: /home/pi/linorobot2_ws/install/linorobot2/share/ament_index/resource_index/packages/linorobot2
[1.692s] -- Up-to-date: /home/pi/linorobot2_ws/install/linorobot2/share/linorobot2/cmake/linorobot2Config.cmake
[1.693s] -- Up-to-date: /home/pi/linorobot2_ws/install/linorobot2/share/linorobot2/cmake/linorobot2Config-version.cmake
[1.693s] -- Up-to-date: /home/pi/linorobot2_ws/install/linorobot2/share/linorobot2/package.xml
[1.831s] Invoked command in '/home/pi/linorobot2_ws/build/linorobot2' returned '0': CMAKE_PREFIX_PATH=${CMAKE_PREFIX_PATH}:/home/pi/linorobot2_ws/install/linorobot2_control:/home/pi/uros_ws/install/my_robot_controller:/opt/ros/humble /usr/bin/cmake --install /home/pi/linorobot2_ws/build/linorobot2
