[0.127s] Invoking command in '/home/pi/linorobot2_ws/src/build/linorobot2': CMAKE_PREFIX_PATH=${CMAKE_PREFIX_PATH}:/home/pi/linorobot2_ws/install/linorobot2_control:/home/pi/uros_ws/install/my_robot_controller:/opt/ros/humble /usr/bin/cmake /home/pi/linorobot2_ws/src/linorobot2/linorobot2 -DCMAKE_INSTALL_PREFIX=/home/pi/linorobot2_ws/src/install/linorobot2
[2.515s] -- The C compiler identification is GNU 11.4.0
[3.362s] -- The CXX compiler identification is GNU 11.4.0
[3.397s] -- Detecting C compiler ABI info
[3.860s] -- Detecting C compiler ABI info - done
[3.890s] -- Check for working C compiler: /usr/bin/cc - skipped
[3.893s] -- Detecting C compile features
[3.895s] -- Detecting C compile features - done
[3.907s] -- Detecting CXX compiler ABI info
[4.411s] -- Detecting CXX compiler ABI info - done
[4.440s] -- Check for working CXX compiler: /usr/bin/c++ - skipped
[4.441s] -- Detecting CXX compile features
[4.444s] -- Detecting CXX compile features - done
[4.486s] -- Found ament_cmake: 1.3.11 (/opt/ros/humble/share/ament_cmake/cmake)
[5.672s] -- Found Python3: /usr/bin/python3 (found version "3.10.12") found components: Interpreter 
[7.101s] -- Configuring done
[7.163s] -- Generating done
[7.186s] -- Build files have been written to: /home/pi/linorobot2_ws/src/build/linorobot2
[7.229s] Invoked command in '/home/pi/linorobot2_ws/src/build/linorobot2' returned '0': CMAKE_PREFIX_PATH=${CMAKE_PREFIX_PATH}:/home/pi/linorobot2_ws/install/linorobot2_control:/home/pi/uros_ws/install/my_robot_controller:/opt/ros/humble /usr/bin/cmake /home/pi/linorobot2_ws/src/linorobot2/linorobot2 -DCMAKE_INSTALL_PREFIX=/home/pi/linorobot2_ws/src/install/linorobot2
[7.231s] Invoking command in '/home/pi/linorobot2_ws/src/build/linorobot2': CMAKE_PREFIX_PATH=${CMAKE_PREFIX_PATH}:/home/pi/linorobot2_ws/install/linorobot2_control:/home/pi/uros_ws/install/my_robot_controller:/opt/ros/humble /usr/bin/cmake --build /home/pi/linorobot2_ws/src/build/linorobot2 -- -j4 -l4
[7.437s] Invoked command in '/home/pi/linorobot2_ws/src/build/linorobot2' returned '0': CMAKE_PREFIX_PATH=${CMAKE_PREFIX_PATH}:/home/pi/linorobot2_ws/install/linorobot2_control:/home/pi/uros_ws/install/my_robot_controller:/opt/ros/humble /usr/bin/cmake --build /home/pi/linorobot2_ws/src/build/linorobot2 -- -j4 -l4
[7.447s] Invoking command in '/home/pi/linorobot2_ws/src/build/linorobot2': CMAKE_PREFIX_PATH=${CMAKE_PREFIX_PATH}:/home/pi/linorobot2_ws/install/linorobot2_control:/home/pi/uros_ws/install/my_robot_controller:/opt/ros/humble /usr/bin/cmake --install /home/pi/linorobot2_ws/src/build/linorobot2
[7.488s] -- Install configuration: ""
[7.514s] -- Installing: /home/pi/linorobot2_ws/src/install/linorobot2/share/ament_index/resource_index/package_run_dependencies/linorobot2
[7.515s] -- Installing: /home/pi/linorobot2_ws/src/install/linorobot2/share/ament_index/resource_index/parent_prefix_path/linorobot2
[7.515s] -- Installing: /home/pi/linorobot2_ws/src/install/linorobot2/share/linorobot2/environment/ament_prefix_path.sh
[7.528s] -- Installing: /home/pi/linorobot2_ws/src/install/linorobot2/share/linorobot2/environment/ament_prefix_path.dsv
[7.528s] -- Installing: /home/pi/linorobot2_ws/src/install/linorobot2/share/linorobot2/environment/path.sh
[7.532s] -- Installing: /home/pi/linorobot2_ws/src/install/linorobot2/share/linorobot2/environment/path.dsv
[7.534s] -- Installing: /home/pi/linorobot2_ws/src/install/linorobot2/share/linorobot2/local_setup.bash
[7.538s] -- Installing: /home/pi/linorobot2_ws/src/install/linorobot2/share/linorobot2/local_setup.sh
[7.540s] -- Installing: /home/pi/linorobot2_ws/src/install/linorobot2/share/linorobot2/local_setup.zsh
[7.541s] -- Installing: /home/pi/linorobot2_ws/src/install/linorobot2/share/linorobot2/local_setup.dsv
[7.541s] -- Installing: /home/pi/linorobot2_ws/src/install/linorobot2/share/linorobot2/package.dsv
[7.544s] -- Installing: /home/pi/linorobot2_ws/src/install/linorobot2/share/ament_index/resource_index/packages/linorobot2
[7.545s] -- Installing: /home/pi/linorobot2_ws/src/install/linorobot2/share/linorobot2/cmake/linorobot2Config.cmake
[7.545s] -- Installing: /home/pi/linorobot2_ws/src/install/linorobot2/share/linorobot2/cmake/linorobot2Config-version.cmake
[7.548s] -- Installing: /home/pi/linorobot2_ws/src/install/linorobot2/share/linorobot2/package.xml
[7.679s] Invoked command in '/home/pi/linorobot2_ws/src/build/linorobot2' returned '0': CMAKE_PREFIX_PATH=${CMAKE_PREFIX_PATH}:/home/pi/linorobot2_ws/install/linorobot2_control:/home/pi/uros_ws/install/my_robot_controller:/opt/ros/humble /usr/bin/cmake --install /home/pi/linorobot2_ws/src/build/linorobot2
