[0.111s] Invoking command in '/home/pi/linorobot2_ws/build/linorobot2_base': CMAKE_PREFIX_PATH=${CMAKE_PREFIX_PATH}:/opt/ros/humble /usr/bin/cmake --build /home/pi/linorobot2_ws/build/linorobot2_base -- -j4 -l4
[0.211s] -- Found ament_cmake: 1.3.11 (/opt/ros/humble/share/ament_cmake/cmake)
[1.460s] -- Configuring done
[1.483s] -- Generating done
[1.495s] -- Build files have been written to: /home/pi/linorobot2_ws/build/linorobot2_base
[1.654s] Invoked command in '/home/pi/linorobot2_ws/build/linorobot2_base' returned '0': CMAKE_PREFIX_PATH=${CMAKE_PREFIX_PATH}:/opt/ros/humble /usr/bin/cmake --build /home/pi/linorobot2_ws/build/linorobot2_base -- -j4 -l4
[1.666s] Invoking command in '/home/pi/linorobot2_ws/build/linorobot2_base': CMAKE_PREFIX_PATH=${CMAKE_PREFIX_PATH}:/opt/ros/humble /usr/bin/cmake --install /home/pi/linorobot2_ws/build/linorobot2_base
[1.706s] -- Install configuration: ""
[1.710s] -- Up-to-date: /home/pi/linorobot2_ws/install/linorobot2_base/share/linorobot2_base/config
[1.714s] -- Installing: /home/pi/linorobot2_ws/install/linorobot2_base/share/linorobot2_base/config/ekf.yaml
[1.715s] -- Up-to-date: /home/pi/linorobot2_ws/install/linorobot2_base/share/ament_index/resource_index/package_run_dependencies/linorobot2_base
[1.719s] -- Up-to-date: /home/pi/linorobot2_ws/install/linorobot2_base/share/ament_index/resource_index/parent_prefix_path/linorobot2_base
[1.719s] -- Up-to-date: /home/pi/linorobot2_ws/install/linorobot2_base/share/linorobot2_base/environment/ament_prefix_path.sh
[1.720s] -- Installing: /home/pi/linorobot2_ws/install/linorobot2_base/share/linorobot2_base/environment/ament_prefix_path.dsv
[1.723s] -- Up-to-date: /home/pi/linorobot2_ws/install/linorobot2_base/share/linorobot2_base/environment/path.sh
[1.725s] -- Installing: /home/pi/linorobot2_ws/install/linorobot2_base/share/linorobot2_base/environment/path.dsv
[1.725s] -- Up-to-date: /home/pi/linorobot2_ws/install/linorobot2_base/share/linorobot2_base/local_setup.bash
[1.726s] -- Up-to-date: /home/pi/linorobot2_ws/install/linorobot2_base/share/linorobot2_base/local_setup.sh
[1.727s] -- Up-to-date: /home/pi/linorobot2_ws/install/linorobot2_base/share/linorobot2_base/local_setup.zsh
[1.728s] -- Installing: /home/pi/linorobot2_ws/install/linorobot2_base/share/linorobot2_base/local_setup.dsv
[1.730s] -- Installing: /home/pi/linorobot2_ws/install/linorobot2_base/share/linorobot2_base/package.dsv
[1.731s] -- Up-to-date: /home/pi/linorobot2_ws/install/linorobot2_base/share/ament_index/resource_index/packages/linorobot2_base
[1.732s] -- Up-to-date: /home/pi/linorobot2_ws/install/linorobot2_base/share/linorobot2_base/cmake/linorobot2_baseConfig.cmake
[1.733s] -- Up-to-date: /home/pi/linorobot2_ws/install/linorobot2_base/share/linorobot2_base/cmake/linorobot2_baseConfig-version.cmake
[1.734s] -- Installing: /home/pi/linorobot2_ws/install/linorobot2_base/share/linorobot2_base/package.xml
[1.885s] Invoked command in '/home/pi/linorobot2_ws/build/linorobot2_base' returned '0': CMAKE_PREFIX_PATH=${CMAKE_PREFIX_PATH}:/opt/ros/humble /usr/bin/cmake --install /home/pi/linorobot2_ws/build/linorobot2_base
