[1.036s] Invoking command in '/home/pi/linorobot2_ws/build/linorobot2': CMAKE_PREFIX_PATH=${CMAKE_PREFIX_PATH}:/home/pi/linorobot2_ws/install/linorobot2_rect:/home/pi/uros_ws/install/my_robot_controller:/opt/ros/humble /usr/bin/cmake --build /home/pi/linorobot2_ws/build/linorobot2 -- -j4 -l4
[3.105s] Invoked command in '/home/pi/linorobot2_ws/build/linorobot2' returned '0': CMAKE_PREFIX_PATH=${CMAKE_PREFIX_PATH}:/home/pi/linorobot2_ws/install/linorobot2_rect:/home/pi/uros_ws/install/my_robot_controller:/opt/ros/humble /usr/bin/cmake --build /home/pi/linorobot2_ws/build/linorobot2 -- -j4 -l4
[3.268s] Invoking command in '/home/pi/linorobot2_ws/build/linorobot2': CMAKE_PREFIX_PATH=${CMAKE_PREFIX_PATH}:/home/pi/linorobot2_ws/install/linorobot2_rect:/home/pi/uros_ws/install/my_robot_controller:/opt/ros/humble /usr/bin/cmake --install /home/pi/linorobot2_ws/build/linorobot2
[3.328s] -- Install configuration: ""
[3.329s] -- Up-to-date: /home/pi/linorobot2_ws/install/linorobot2/share/ament_index/resource_index/package_run_dependencies/linorobot2
[3.330s] -- Up-to-date: /home/pi/linorobot2_ws/install/linorobot2/share/ament_index/resource_index/parent_prefix_path/linorobot2
[3.330s] -- Up-to-date: /home/pi/linorobot2_ws/install/linorobot2/share/linorobot2/environment/ament_prefix_path.sh
[3.331s] -- Up-to-date: /home/pi/linorobot2_ws/install/linorobot2/share/linorobot2/environment/ament_prefix_path.dsv
[3.331s] -- Up-to-date: /home/pi/linorobot2_ws/install/linorobot2/share/linorobot2/environment/path.sh
[3.331s] -- Up-to-date: /home/pi/linorobot2_ws/install/linorobot2/share/linorobot2/environment/path.dsv
[3.332s] -- Up-to-date: /home/pi/linorobot2_ws/install/linorobot2/share/linorobot2/local_setup.bash
[3.332s] -- Up-to-date: /home/pi/linorobot2_ws/install/linorobot2/share/linorobot2/local_setup.sh
[3.332s] -- Up-to-date: /home/pi/linorobot2_ws/install/linorobot2/share/linorobot2/local_setup.zsh
[3.333s] -- Up-to-date: /home/pi/linorobot2_ws/install/linorobot2/share/linorobot2/local_setup.dsv
[3.333s] -- Installing: /home/pi/linorobot2_ws/install/linorobot2/share/linorobot2/package.dsv
[3.412s] -- Up-to-date: /home/pi/linorobot2_ws/install/linorobot2/share/ament_index/resource_index/packages/linorobot2
[3.413s] -- Up-to-date: /home/pi/linorobot2_ws/install/linorobot2/share/linorobot2/cmake/linorobot2Config.cmake
[3.414s] -- Up-to-date: /home/pi/linorobot2_ws/install/linorobot2/share/linorobot2/cmake/linorobot2Config-version.cmake
[3.415s] -- Up-to-date: /home/pi/linorobot2_ws/install/linorobot2/share/linorobot2/package.xml
[3.634s] Invoked command in '/home/pi/linorobot2_ws/build/linorobot2' returned '0': CMAKE_PREFIX_PATH=${CMAKE_PREFIX_PATH}:/home/pi/linorobot2_ws/install/linorobot2_rect:/home/pi/uros_ws/install/my_robot_controller:/opt/ros/humble /usr/bin/cmake --install /home/pi/linorobot2_ws/build/linorobot2
