[0.099s] Invoking command in '/home/pi/linorobot2_ws/build/linorobot2_base': CMAKE_PREFIX_PATH=${CMAKE_PREFIX_PATH}:/opt/ros/humble /usr/bin/cmake /home/pi/linorobot2_ws/src/linorobot2/linorobot2_base -DCMAKE_INSTALL_PREFIX=/home/pi/linorobot2_ws/install/linorobot2_base
[0.420s] -- The C compiler identification is GNU 11.4.0
[0.765s] -- The CXX compiler identification is GNU 11.4.0
[0.796s] -- Detecting C compiler ABI info
[1.202s] -- Detecting C compiler ABI info - done
[1.233s] -- Check for working C compiler: /usr/bin/cc - skipped
[1.234s] -- Detecting C compile features
[1.236s] -- Detecting C compile features - done
[1.247s] -- Detecting CXX compiler ABI info
[1.708s] -- Detecting CXX compiler ABI info - done
[1.738s] -- Check for working CXX compiler: /usr/bin/c++ - skipped
[1.740s] -- Detecting CXX compile features
[1.742s] -- Detecting CXX compile features - done
[1.772s] -- Found ament_cmake: 1.3.11 (/opt/ros/humble/share/ament_cmake/cmake)
[2.861s] -- Found Python3: /usr/bin/python3 (found version "3.10.12") found components: Interpreter 
[3.997s] -- Configuring done
[4.018s] -- Generating done
[4.029s] -- Build files have been written to: /home/pi/linorobot2_ws/build/linorobot2_base
[4.069s] Invoked command in '/home/pi/linorobot2_ws/build/linorobot2_base' returned '0': CMAKE_PREFIX_PATH=${CMAKE_PREFIX_PATH}:/opt/ros/humble /usr/bin/cmake /home/pi/linorobot2_ws/src/linorobot2/linorobot2_base -DCMAKE_INSTALL_PREFIX=/home/pi/linorobot2_ws/install/linorobot2_base
[4.071s] Invoking command in '/home/pi/linorobot2_ws/build/linorobot2_base': CMAKE_PREFIX_PATH=${CMAKE_PREFIX_PATH}:/opt/ros/humble /usr/bin/cmake --build /home/pi/linorobot2_ws/build/linorobot2_base -- -j4 -l4
[4.280s] Invoked command in '/home/pi/linorobot2_ws/build/linorobot2_base' returned '0': CMAKE_PREFIX_PATH=${CMAKE_PREFIX_PATH}:/opt/ros/humble /usr/bin/cmake --build /home/pi/linorobot2_ws/build/linorobot2_base -- -j4 -l4
[4.284s] Invoking command in '/home/pi/linorobot2_ws/build/linorobot2_base': CMAKE_PREFIX_PATH=${CMAKE_PREFIX_PATH}:/opt/ros/humble /usr/bin/cmake --install /home/pi/linorobot2_ws/build/linorobot2_base
[4.325s] -- Install configuration: ""
[4.326s] -- Installing: /home/pi/linorobot2_ws/install/linorobot2_base/share/linorobot2_base/config
[4.328s] -- Installing: /home/pi/linorobot2_ws/install/linorobot2_base/share/linorobot2_base/config/ekf.yaml
[4.330s] -- Installing: /home/pi/linorobot2_ws/install/linorobot2_base/share/ament_index/resource_index/package_run_dependencies/linorobot2_base
[4.333s] -- Installing: /home/pi/linorobot2_ws/install/linorobot2_base/share/ament_index/resource_index/parent_prefix_path/linorobot2_base
[4.335s] -- Installing: /home/pi/linorobot2_ws/install/linorobot2_base/share/linorobot2_base/environment/ament_prefix_path.sh
[4.337s] -- Installing: /home/pi/linorobot2_ws/install/linorobot2_base/share/linorobot2_base/environment/ament_prefix_path.dsv
[4.338s] -- Installing: /home/pi/linorobot2_ws/install/linorobot2_base/share/linorobot2_base/environment/path.sh
[4.340s] -- Installing: /home/pi/linorobot2_ws/install/linorobot2_base/share/linorobot2_base/environment/path.dsv
[4.342s] -- Installing: /home/pi/linorobot2_ws/install/linorobot2_base/share/linorobot2_base/local_setup.bash
[4.344s] -- Installing: /home/pi/linorobot2_ws/install/linorobot2_base/share/linorobot2_base/local_setup.sh
[4.346s] -- Installing: /home/pi/linorobot2_ws/install/linorobot2_base/share/linorobot2_base/local_setup.zsh
[4.349s] -- Installing: /home/pi/linorobot2_ws/install/linorobot2_base/share/linorobot2_base/local_setup.dsv
[4.352s] -- Installing: /home/pi/linorobot2_ws/install/linorobot2_base/share/linorobot2_base/package.dsv
[4.371s] -- Installing: /home/pi/linorobot2_ws/install/linorobot2_base/share/ament_index/resource_index/packages/linorobot2_base
[4.373s] -- Installing: /home/pi/linorobot2_ws/install/linorobot2_base/share/linorobot2_base/cmake/linorobot2_baseConfig.cmake
[4.375s] -- Installing: /home/pi/linorobot2_ws/install/linorobot2_base/share/linorobot2_base/cmake/linorobot2_baseConfig-version.cmake
[4.376s] -- Installing: /home/pi/linorobot2_ws/install/linorobot2_base/share/linorobot2_base/package.xml
[4.389s] Invoked command in '/home/pi/linorobot2_ws/build/linorobot2_base' returned '0': CMAKE_PREFIX_PATH=${CMAKE_PREFIX_PATH}:/opt/ros/humble /usr/bin/cmake --install /home/pi/linorobot2_ws/build/linorobot2_base
