[0.106s] Invoking command in '/home/pi/linorobot2_ws/src/build/linorobot2_bringup': CMAKE_PREFIX_PATH=${CMAKE_PREFIX_PATH}:/home/pi/linorobot2_ws/install/linorobot2_control:/home/pi/uros_ws/install/my_robot_controller:/opt/ros/humble /usr/bin/cmake /home/pi/linorobot2_ws/src/linorobot2/linorobot2_bringup -DCMAKE_INSTALL_PREFIX=/home/pi/linorobot2_ws/src/install/linorobot2_bringup
[2.463s] -- The C compiler identification is GNU 11.4.0
[3.285s] -- The CXX compiler identification is GNU 11.4.0
[3.340s] -- Detecting C compiler ABI info
[3.792s] -- Detecting C compiler ABI info - done
[3.823s] -- Check for working C compiler: /usr/bin/cc - skipped
[3.826s] -- Detecting C compile features
[3.833s] -- Detecting C compile features - done
[3.846s] -- Detecting CXX compiler ABI info
[4.360s] -- Detecting CXX compiler ABI info - done
[4.403s] -- Check for working CXX compiler: /usr/bin/c++ - skipped
[4.406s] -- Detecting CXX compile features
[4.408s] -- Detecting CXX compile features - done
[4.447s] -- Found ament_cmake: 1.3.11 (/opt/ros/humble/share/ament_cmake/cmake)
[5.688s] -- Found Python3: /usr/bin/python3 (found version "3.10.12") found components: Interpreter 
[7.098s] -- Configuring done
[7.113s] -- Generating done
[7.123s] -- Build files have been written to: /home/pi/linorobot2_ws/src/build/linorobot2_bringup
[7.155s] Invoked command in '/home/pi/linorobot2_ws/src/build/linorobot2_bringup' returned '0': CMAKE_PREFIX_PATH=${CMAKE_PREFIX_PATH}:/home/pi/linorobot2_ws/install/linorobot2_control:/home/pi/uros_ws/install/my_robot_controller:/opt/ros/humble /usr/bin/cmake /home/pi/linorobot2_ws/src/linorobot2/linorobot2_bringup -DCMAKE_INSTALL_PREFIX=/home/pi/linorobot2_ws/src/install/linorobot2_bringup
[7.157s] Invoking command in '/home/pi/linorobot2_ws/src/build/linorobot2_bringup': CMAKE_PREFIX_PATH=${CMAKE_PREFIX_PATH}:/home/pi/linorobot2_ws/install/linorobot2_control:/home/pi/uros_ws/install/my_robot_controller:/opt/ros/humble /usr/bin/cmake --build /home/pi/linorobot2_ws/src/build/linorobot2_bringup -- -j4 -l4
[7.388s] Invoked command in '/home/pi/linorobot2_ws/src/build/linorobot2_bringup' returned '0': CMAKE_PREFIX_PATH=${CMAKE_PREFIX_PATH}:/home/pi/linorobot2_ws/install/linorobot2_control:/home/pi/uros_ws/install/my_robot_controller:/opt/ros/humble /usr/bin/cmake --build /home/pi/linorobot2_ws/src/build/linorobot2_bringup -- -j4 -l4
[7.399s] Invoking command in '/home/pi/linorobot2_ws/src/build/linorobot2_bringup': CMAKE_PREFIX_PATH=${CMAKE_PREFIX_PATH}:/home/pi/linorobot2_ws/install/linorobot2_control:/home/pi/uros_ws/install/my_robot_controller:/opt/ros/humble /usr/bin/cmake --install /home/pi/linorobot2_ws/src/build/linorobot2_bringup
[7.488s] -- Install configuration: ""
[7.491s] -- Installing: /home/pi/linorobot2_ws/src/install/linorobot2_bringup/share/linorobot2_bringup/launch
[7.495s] -- Installing: /home/pi/linorobot2_ws/src/install/linorobot2_bringup/share/linorobot2_bringup/launch/extra.launch.py
[7.498s] -- Installing: /home/pi/linorobot2_ws/src/install/linorobot2_bringup/share/linorobot2_bringup/launch/bringup.launch.py
[7.499s] -- Installing: /home/pi/linorobot2_ws/src/install/linorobot2_bringup/share/linorobot2_bringup/launch/depth.launch.py
[7.502s] -- Installing: /home/pi/linorobot2_ws/src/install/linorobot2_bringup/share/linorobot2_bringup/launch/joy_teleop.launch.py
[7.503s] -- Installing: /home/pi/linorobot2_ws/src/install/linorobot2_bringup/share/linorobot2_bringup/launch/lasers.launch.py
[7.505s] -- Installing: /home/pi/linorobot2_ws/src/install/linorobot2_bringup/share/linorobot2_bringup/launch/sensors.launch.py
[7.506s] -- Installing: /home/pi/linorobot2_ws/src/install/linorobot2_bringup/share/linorobot2_bringup/launch/custom_robot.launch.py
[7.511s] -- Installing: /home/pi/linorobot2_ws/src/install/linorobot2_bringup/share/linorobot2_bringup/launch/default_robot.launch.py
[7.511s] -- Installing: /home/pi/linorobot2_ws/src/install/linorobot2_bringup/share/linorobot2_bringup/config
[7.513s] -- Installing: /home/pi/linorobot2_ws/src/install/linorobot2_bringup/share/linorobot2_bringup/config/box_laser_filter.yaml
[7.515s] -- Installing: /home/pi/linorobot2_ws/src/install/linorobot2_bringup/share/linorobot2_bringup/config/zed_common.yaml
[7.516s] -- Installing: /home/pi/linorobot2_ws/src/install/linorobot2_bringup/share/linorobot2_bringup/config/joy.yaml
[7.518s] -- Installing: /home/pi/linorobot2_ws/src/install/linorobot2_bringup/share/linorobot2_bringup/config/laser_filter.yaml
[7.518s] -- Installing: /home/pi/linorobot2_ws/src/install/linorobot2_bringup/share/linorobot2_bringup/config/fake_laser.yaml
[7.519s] -- Installing: /home/pi/linorobot2_ws/src/install/linorobot2_bringup/share/ament_index/resource_index/package_run_dependencies/linorobot2_bringup
[7.523s] -- Installing: /home/pi/linorobot2_ws/src/install/linorobot2_bringup/share/ament_index/resource_index/parent_prefix_path/linorobot2_bringup
[7.525s] -- Installing: /home/pi/linorobot2_ws/src/install/linorobot2_bringup/share/linorobot2_bringup/environment/ament_prefix_path.sh
[7.525s] -- Installing: /home/pi/linorobot2_ws/src/install/linorobot2_bringup/share/linorobot2_bringup/environment/ament_prefix_path.dsv
[7.529s] -- Installing: /home/pi/linorobot2_ws/src/install/linorobot2_bringup/share/linorobot2_bringup/environment/path.sh
[7.530s] -- Installing: /home/pi/linorobot2_ws/src/install/linorobot2_bringup/share/linorobot2_bringup/environment/path.dsv
[7.530s] -- Installing: /home/pi/linorobot2_ws/src/install/linorobot2_bringup/share/linorobot2_bringup/local_setup.bash
[7.534s] -- Installing: /home/pi/linorobot2_ws/src/install/linorobot2_bringup/share/linorobot2_bringup/local_setup.sh
[7.535s] -- Installing: /home/pi/linorobot2_ws/src/install/linorobot2_bringup/share/linorobot2_bringup/local_setup.zsh
[7.536s] -- Installing: /home/pi/linorobot2_ws/src/install/linorobot2_bringup/share/linorobot2_bringup/local_setup.dsv
[7.539s] -- Installing: /home/pi/linorobot2_ws/src/install/linorobot2_bringup/share/linorobot2_bringup/package.dsv
[7.539s] -- Installing: /home/pi/linorobot2_ws/src/install/linorobot2_bringup/share/ament_index/resource_index/packages/linorobot2_bringup
[7.541s] -- Installing: /home/pi/linorobot2_ws/src/install/linorobot2_bringup/share/linorobot2_bringup/cmake/linorobot2_bringupConfig.cmake
[7.541s] -- Installing: /home/pi/linorobot2_ws/src/install/linorobot2_bringup/share/linorobot2_bringup/cmake/linorobot2_bringupConfig-version.cmake
[7.544s] -- Installing: /home/pi/linorobot2_ws/src/install/linorobot2_bringup/share/linorobot2_bringup/package.xml
[7.693s] Invoked command in '/home/pi/linorobot2_ws/src/build/linorobot2_bringup' returned '0': CMAKE_PREFIX_PATH=${CMAKE_PREFIX_PATH}:/home/pi/linorobot2_ws/install/linorobot2_control:/home/pi/uros_ws/install/my_robot_controller:/opt/ros/humble /usr/bin/cmake --install /home/pi/linorobot2_ws/src/build/linorobot2_bringup
