[3.073s] Invoking command in '/home/pi/linorobot2_ws/src/linorobot2/linorobot2_rect': PYTHONPATH=/home/pi/linorobot2_ws/build/linorobot2_rect/prefix_override:/usr/lib/python3/dist-packages/colcon_core/task/python/colcon_distutils_commands:/home/pi/linorobot2_ws/install/linorobot2_rect/lib/python3.10/site-packages:${PYTHONPATH} /usr/bin/python3 -W ignore:setup.py install is deprecated -W ignore:easy_install command is deprecated setup.py egg_info --egg-base ../../../build/linorobot2_rect build --build-base /home/pi/linorobot2_ws/build/linorobot2_rect/build install --record /home/pi/linorobot2_ws/build/linorobot2_rect/install.log --single-version-externally-managed install_data
[4.091s] running egg_info
[4.093s] writing ../../../build/linorobot2_rect/linorobot2_rect.egg-info/PKG-INFO
[4.094s] writing dependency_links to ../../../build/linorobot2_rect/linorobot2_rect.egg-info/dependency_links.txt
[4.095s] writing entry points to ../../../build/linorobot2_rect/linorobot2_rect.egg-info/entry_points.txt
[4.096s] writing requirements to ../../../build/linorobot2_rect/linorobot2_rect.egg-info/requires.txt
[4.097s] writing top-level names to ../../../build/linorobot2_rect/linorobot2_rect.egg-info/top_level.txt
[4.105s] reading manifest file '../../../build/linorobot2_rect/linorobot2_rect.egg-info/SOURCES.txt'
[4.109s] writing manifest file '../../../build/linorobot2_rect/linorobot2_rect.egg-info/SOURCES.txt'
[4.109s] running build
[4.110s] running build_py
[4.111s] running install
[4.112s] running install_lib
[4.118s] running install_data
[4.119s] running install_egg_info
[4.126s] removing '/home/pi/linorobot2_ws/install/linorobot2_rect/lib/python3.10/site-packages/linorobot2_rect-0.0.0-py3.10.egg-info' (and everything under it)
[4.128s] Copying ../../../build/linorobot2_rect/linorobot2_rect.egg-info to /home/pi/linorobot2_ws/install/linorobot2_rect/lib/python3.10/site-packages/linorobot2_rect-0.0.0-py3.10.egg-info
[4.134s] running install_scripts
[4.215s] Installing rectangle_motion script to /home/pi/linorobot2_ws/install/linorobot2_rect/lib/linorobot2_rect
[4.216s] writing list of installed files to '/home/pi/linorobot2_ws/build/linorobot2_rect/install.log'
[4.334s] Invoked command in '/home/pi/linorobot2_ws/src/linorobot2/linorobot2_rect' returned '0': PYTHONPATH=/home/pi/linorobot2_ws/build/linorobot2_rect/prefix_override:/usr/lib/python3/dist-packages/colcon_core/task/python/colcon_distutils_commands:/home/pi/linorobot2_ws/install/linorobot2_rect/lib/python3.10/site-packages:${PYTHONPATH} /usr/bin/python3 -W ignore:setup.py install is deprecated -W ignore:easy_install command is deprecated setup.py egg_info --egg-base ../../../build/linorobot2_rect build --build-base /home/pi/linorobot2_ws/build/linorobot2_rect/build install --record /home/pi/linorobot2_ws/build/linorobot2_rect/install.log --single-version-externally-managed install_data
