-- Found ament_cmake: 1.3.11 (/opt/ros/humble/share/ament_cmake/cmake)
-- Configuring done
-- Generating done
-- Build files have been written to: /home/pi/linorobot2_ws/src/build/linorobot2_base
-- Install configuration: ""
-- Up-to-date: /home/pi/linorobot2_ws/src/install/linorobot2_base/share/linorobot2_base/config
-- Installing: /home/pi/linorobot2_ws/src/install/linorobot2_base/share/linorobot2_base/config/ekf.yaml
-- Up-to-date: /home/pi/linorobot2_ws/src/install/linorobot2_base/share/ament_index/resource_index/package_run_dependencies/linorobot2_base
-- Installing: /home/pi/linorobot2_ws/src/install/linorobot2_base/share/ament_index/resource_index/parent_prefix_path/linorobot2_base
-- Installing: /home/pi/linorobot2_ws/src/install/linorobot2_base/share/linorobot2_base/environment/ament_prefix_path.sh
-- Installing: /home/pi/linorobot2_ws/src/install/linorobot2_base/share/linorobot2_base/environment/ament_prefix_path.dsv
-- Installing: /home/pi/linorobot2_ws/src/install/linorobot2_base/share/linorobot2_base/environment/path.sh
-- Installing: /home/pi/linorobot2_ws/src/install/linorobot2_base/share/linorobot2_base/environment/path.dsv
-- Up-to-date: /home/pi/linorobot2_ws/src/install/linorobot2_base/share/linorobot2_base/local_setup.bash
-- Up-to-date: /home/pi/linorobot2_ws/src/install/linorobot2_base/share/linorobot2_base/local_setup.sh
-- Up-to-date: /home/pi/linorobot2_ws/src/install/linorobot2_base/share/linorobot2_base/local_setup.zsh
-- Installing: /home/pi/linorobot2_ws/src/install/linorobot2_base/share/linorobot2_base/local_setup.dsv
-- Installing: /home/pi/linorobot2_ws/src/install/linorobot2_base/share/linorobot2_base/package.dsv
-- Up-to-date: /home/pi/linorobot2_ws/src/install/linorobot2_base/share/ament_index/resource_index/packages/linorobot2_base
-- Up-to-date: /home/pi/linorobot2_ws/src/install/linorobot2_base/share/linorobot2_base/cmake/linorobot2_baseConfig.cmake
-- Up-to-date: /home/pi/linorobot2_ws/src/install/linorobot2_base/share/linorobot2_base/cmake/linorobot2_baseConfig-version.cmake
-- Installing: /home/pi/linorobot2_ws/src/install/linorobot2_base/share/linorobot2_base/package.xml
