[0.126s] Invoking command in '/home/pi/linorobot2_ws/src/build/linorobot2_base': CMAKE_PREFIX_PATH=${CMAKE_PREFIX_PATH}:/home/pi/linorobot2_ws/install/linorobot2_rect:/home/pi/uros_ws/install/my_robot_controller:/opt/ros/humble /usr/bin/cmake --build /home/pi/linorobot2_ws/src/build/linorobot2_base -- -j4 -l4
[0.267s] -- Found ament_cmake: 1.3.11 (/opt/ros/humble/share/ament_cmake/cmake)
[2.260s] -- Configuring done
[2.326s] -- Generating done
[2.351s] -- Build files have been written to: /home/pi/linorobot2_ws/src/build/linorobot2_base
[2.546s] Invoked command in '/home/pi/linorobot2_ws/src/build/linorobot2_base' returned '0': CMAKE_PREFIX_PATH=${CMAKE_PREFIX_PATH}:/home/pi/linorobot2_ws/install/linorobot2_rect:/home/pi/uros_ws/install/my_robot_controller:/opt/ros/humble /usr/bin/cmake --build /home/pi/linorobot2_ws/src/build/linorobot2_base -- -j4 -l4
[2.687s] Invoking command in '/home/pi/linorobot2_ws/src/build/linorobot2_base': CMAKE_PREFIX_PATH=${CMAKE_PREFIX_PATH}:/home/pi/linorobot2_ws/install/linorobot2_rect:/home/pi/uros_ws/install/my_robot_controller:/opt/ros/humble /usr/bin/cmake --install /home/pi/linorobot2_ws/src/build/linorobot2_base
[2.799s] -- Install configuration: ""
[2.980s] -- Up-to-date: /home/pi/linorobot2_ws/src/install/linorobot2_base/share/linorobot2_base/config
[3.116s] -- Installing: /home/pi/linorobot2_ws/src/install/linorobot2_base/share/linorobot2_base/config/ekf.yaml
[3.241s] -- Up-to-date: /home/pi/linorobot2_ws/src/install/linorobot2_base/share/ament_index/resource_index/package_run_dependencies/linorobot2_base
[3.362s] -- Installing: /home/pi/linorobot2_ws/src/install/linorobot2_base/share/ament_index/resource_index/parent_prefix_path/linorobot2_base
[3.473s] -- Installing: /home/pi/linorobot2_ws/src/install/linorobot2_base/share/linorobot2_base/environment/ament_prefix_path.sh
[3.476s] -- Installing: /home/pi/linorobot2_ws/src/install/linorobot2_base/share/linorobot2_base/environment/ament_prefix_path.dsv
[3.480s] -- Installing: /home/pi/linorobot2_ws/src/install/linorobot2_base/share/linorobot2_base/environment/path.sh
[3.481s] -- Installing: /home/pi/linorobot2_ws/src/install/linorobot2_base/share/linorobot2_base/environment/path.dsv
[3.506s] -- Up-to-date: /home/pi/linorobot2_ws/src/install/linorobot2_base/share/linorobot2_base/local_setup.bash
[3.507s] -- Up-to-date: /home/pi/linorobot2_ws/src/install/linorobot2_base/share/linorobot2_base/local_setup.sh
[3.511s] -- Up-to-date: /home/pi/linorobot2_ws/src/install/linorobot2_base/share/linorobot2_base/local_setup.zsh
[3.533s] -- Installing: /home/pi/linorobot2_ws/src/install/linorobot2_base/share/linorobot2_base/local_setup.dsv
[3.578s] -- Installing: /home/pi/linorobot2_ws/src/install/linorobot2_base/share/linorobot2_base/package.dsv
[3.728s] -- Up-to-date: /home/pi/linorobot2_ws/src/install/linorobot2_base/share/ament_index/resource_index/packages/linorobot2_base
[3.751s] -- Up-to-date: /home/pi/linorobot2_ws/src/install/linorobot2_base/share/linorobot2_base/cmake/linorobot2_baseConfig.cmake
[3.751s] -- Up-to-date: /home/pi/linorobot2_ws/src/install/linorobot2_base/share/linorobot2_base/cmake/linorobot2_baseConfig-version.cmake
[3.752s] -- Installing: /home/pi/linorobot2_ws/src/install/linorobot2_base/share/linorobot2_base/package.xml
[3.768s] Invoked command in '/home/pi/linorobot2_ws/src/build/linorobot2_base' returned '0': CMAKE_PREFIX_PATH=${CMAKE_PREFIX_PATH}:/home/pi/linorobot2_ws/install/linorobot2_rect:/home/pi/uros_ws/install/my_robot_controller:/opt/ros/humble /usr/bin/cmake --install /home/pi/linorobot2_ws/src/build/linorobot2_base
