running egg_info
creating ../../../build/linorobot2_control/linorobot2_control.egg-info
writing ../../../build/linorobot2_control/linorobot2_control.egg-info/PKG-INFO
writing dependency_links to ../../../build/linorobot2_control/linorobot2_control.egg-info/dependency_links.txt
writing entry points to ../../../build/linorobot2_control/linorobot2_control.egg-info/entry_points.txt
writing requirements to ../../../build/linorobot2_control/linorobot2_control.egg-info/requires.txt
writing top-level names to ../../../build/linorobot2_control/linorobot2_control.egg-info/top_level.txt
writing manifest file '../../../build/linorobot2_control/linorobot2_control.egg-info/SOURCES.txt'
reading manifest file '../../../build/linorobot2_control/linorobot2_control.egg-info/SOURCES.txt'
writing manifest file '../../../build/linorobot2_control/linorobot2_control.egg-info/SOURCES.txt'
running build
running install
running install_data
creating /home/pi/linorobot2_ws/install/linorobot2_control/share/ament_index
creating /home/pi/linorobot2_ws/install/linorobot2_control/share/ament_index/resource_index
creating /home/pi/linorobot2_ws/install/linorobot2_control/share/ament_index/resource_index/packages
copying resource/linorobot2_control -> /home/pi/linorobot2_ws/install/linorobot2_control/share/ament_index/resource_index/packages
copying package.xml -> /home/pi/linorobot2_ws/install/linorobot2_control/share/linorobot2_control
running install_egg_info
Copying ../../../build/linorobot2_control/linorobot2_control.egg-info to /home/pi/linorobot2_ws/install/linorobot2_control/lib/python3.10/site-packages/linorobot2_control-0.0.0-py3.10.egg-info
running install_scripts
Installing rectangle_motion script to /home/pi/linorobot2_ws/install/linorobot2_control/bin
writing list of installed files to '/home/pi/linorobot2_ws/build/linorobot2_control/install.log'
