[2.772s] Invoking command in '/home/pi/linorobot2_ws/src/linorobot2/linorobot2_control': PYTHONPATH=/home/pi/linorobot2_ws/build/linorobot2_control/prefix_override:/usr/lib/python3/dist-packages/colcon_core/task/python/colcon_distutils_commands:/home/pi/linorobot2_ws/install/linorobot2_control/lib/python3.10/site-packages:${PYTHONPATH} /usr/bin/python3 -W ignore:setup.py install is deprecated -W ignore:easy_install command is deprecated setup.py egg_info --egg-base ../../../build/linorobot2_control build --build-base /home/pi/linorobot2_ws/build/linorobot2_control/build install --record /home/pi/linorobot2_ws/build/linorobot2_control/install.log --single-version-externally-managed install_data
[3.811s] running egg_info
[3.814s] creating ../../../build/linorobot2_control/linorobot2_control.egg-info
[3.814s] writing ../../../build/linorobot2_control/linorobot2_control.egg-info/PKG-INFO
[3.816s] writing dependency_links to ../../../build/linorobot2_control/linorobot2_control.egg-info/dependency_links.txt
[3.817s] writing entry points to ../../../build/linorobot2_control/linorobot2_control.egg-info/entry_points.txt
[3.818s] writing requirements to ../../../build/linorobot2_control/linorobot2_control.egg-info/requires.txt
[3.819s] writing top-level names to ../../../build/linorobot2_control/linorobot2_control.egg-info/top_level.txt
[3.820s] writing manifest file '../../../build/linorobot2_control/linorobot2_control.egg-info/SOURCES.txt'
[3.822s] reading manifest file '../../../build/linorobot2_control/linorobot2_control.egg-info/SOURCES.txt'
[3.825s] writing manifest file '../../../build/linorobot2_control/linorobot2_control.egg-info/SOURCES.txt'
[3.827s] running build
[3.827s] running install
[3.829s] running install_data
[3.829s] creating /home/pi/linorobot2_ws/install/linorobot2_control/share/ament_index
[3.829s] creating /home/pi/linorobot2_ws/install/linorobot2_control/share/ament_index/resource_index
[3.830s] creating /home/pi/linorobot2_ws/install/linorobot2_control/share/ament_index/resource_index/packages
[3.830s] copying resource/linorobot2_control -> /home/pi/linorobot2_ws/install/linorobot2_control/share/ament_index/resource_index/packages
[3.831s] copying package.xml -> /home/pi/linorobot2_ws/install/linorobot2_control/share/linorobot2_control
[3.831s] running install_egg_info
[3.840s] Copying ../../../build/linorobot2_control/linorobot2_control.egg-info to /home/pi/linorobot2_ws/install/linorobot2_control/lib/python3.10/site-packages/linorobot2_control-0.0.0-py3.10.egg-info
[3.845s] running install_scripts
[3.929s] Installing rectangle_motion script to /home/pi/linorobot2_ws/install/linorobot2_control/bin
[3.930s] writing list of installed files to '/home/pi/linorobot2_ws/build/linorobot2_control/install.log'
[4.047s] Invoked command in '/home/pi/linorobot2_ws/src/linorobot2/linorobot2_control' returned '0': PYTHONPATH=/home/pi/linorobot2_ws/build/linorobot2_control/prefix_override:/usr/lib/python3/dist-packages/colcon_core/task/python/colcon_distutils_commands:/home/pi/linorobot2_ws/install/linorobot2_control/lib/python3.10/site-packages:${PYTHONPATH} /usr/bin/python3 -W ignore:setup.py install is deprecated -W ignore:easy_install command is deprecated setup.py egg_info --egg-base ../../../build/linorobot2_control build --build-base /home/pi/linorobot2_ws/build/linorobot2_control/build install --record /home/pi/linorobot2_ws/build/linorobot2_control/install.log --single-version-externally-managed install_data
