[0.694s] DEBUG:colcon:Command line arguments: ['/usr/bin/colcon', 'build']
[0.695s] DEBUG:colcon:Parsed command line arguments: Namespace(log_base=None, log_level=None, verb_name='build', build_base='build', install_base='install', merge_install=False, symlink_install=False, test_result_base=None, continue_on_error=False, executor='parallel', parallel_workers=4, event_handlers=None, ignore_user_meta=False, metas=['./colcon.meta'], base_paths=['.'], packages_ignore=None, packages_ignore_regex=None, paths=None, packages_up_to=None, packages_up_to_regex=None, packages_above=None, packages_above_and_dependencies=None, packages_above_depth=None, packages_select_by_dep=None, packages_skip_by_dep=None, packages_skip_up_to=None, packages_select_build_failed=False, packages_skip_build_finished=False, packages_select_test_failures=False, packages_skip_test_passed=False, packages_select=None, packages_skip=None, packages_select_regex=None, packages_skip_regex=None, packages_start=None, packages_end=None, allow_overriding=[], cmake_args=None, cmake_target=None, cmake_target_skip_unavailable=False, cmake_clean_cache=False, cmake_clean_first=False, cmake_force_configure=False, ament_cmake_args=None, catkin_cmake_args=None, catkin_skip_building_tests=False, verb_parser=<colcon_defaults.argument_parser.defaults.DefaultArgumentsDecorator object at 0xffff8dab3460>, verb_extension=<colcon_core.verb.build.BuildVerb object at 0xffff8dbf8a90>, main=<bound method BuildVerb.main of <colcon_core.verb.build.BuildVerb object at 0xffff8dbf8a90>>)
[8.758s] Level 1:colcon.colcon_core.package_discovery:discover_packages(colcon_meta) check parameters
[8.759s] Level 1:colcon.colcon_core.package_discovery:discover_packages(recursive) check parameters
[8.759s] Level 1:colcon.colcon_core.package_discovery:discover_packages(ignore) check parameters
[8.759s] Level 1:colcon.colcon_core.package_discovery:discover_packages(path) check parameters
[8.759s] Level 1:colcon.colcon_core.package_discovery:discover_packages(colcon_meta) discover
[8.759s] Level 1:colcon.colcon_core.package_discovery:discover_packages(recursive) discover
[8.759s] INFO:colcon.colcon_core.package_discovery:Crawling recursively for packages in '/home/pi/linorobot2_ws'
[8.760s] Level 1:colcon.colcon_core.package_identification:_identify(.) by extensions ['ignore', 'ignore_ament_install']
[8.760s] Level 1:colcon.colcon_core.package_identification:_identify(.) by extension 'ignore'
[8.760s] Level 1:colcon.colcon_core.package_identification:_identify(.) by extension 'ignore_ament_install'
[8.761s] Level 1:colcon.colcon_core.package_identification:_identify(.) by extensions ['colcon_pkg']
[8.761s] Level 1:colcon.colcon_core.package_identification:_identify(.) by extension 'colcon_pkg'
[8.761s] Level 1:colcon.colcon_core.package_identification:_identify(.) by extensions ['colcon_meta']
[8.761s] Level 1:colcon.colcon_core.package_identification:_identify(.) by extension 'colcon_meta'
[8.762s] Level 1:colcon.colcon_core.package_identification:_identify(.) by extensions ['ros']
[8.762s] Level 1:colcon.colcon_core.package_identification:_identify(.) by extension 'ros'
[8.831s] Level 1:colcon.colcon_core.package_identification:_identify(.) by extensions ['cmake', 'python']
[8.832s] Level 1:colcon.colcon_core.package_identification:_identify(.) by extension 'cmake'
[8.832s] Level 1:colcon.colcon_core.package_identification:_identify(.) by extension 'python'
[8.832s] Level 1:colcon.colcon_core.package_identification:_identify(.) by extensions ['python_setup_py']
[8.832s] Level 1:colcon.colcon_core.package_identification:_identify(.) by extension 'python_setup_py'
[8.833s] Level 1:colcon.colcon_core.package_identification:_identify(build) by extensions ['ignore', 'ignore_ament_install']
[8.833s] Level 1:colcon.colcon_core.package_identification:_identify(build) by extension 'ignore'
[8.833s] Level 1:colcon.colcon_core.package_identification:_identify(build) ignored
[8.834s] Level 1:colcon.colcon_core.package_identification:_identify(install) by extensions ['ignore', 'ignore_ament_install']
[8.834s] Level 1:colcon.colcon_core.package_identification:_identify(install) by extension 'ignore'
[8.835s] Level 1:colcon.colcon_core.package_identification:_identify(install) ignored
[8.835s] Level 1:colcon.colcon_core.package_identification:_identify(log) by extensions ['ignore', 'ignore_ament_install']
[8.835s] Level 1:colcon.colcon_core.package_identification:_identify(log) by extension 'ignore'
[8.836s] Level 1:colcon.colcon_core.package_identification:_identify(log) ignored
[8.836s] Level 1:colcon.colcon_core.package_identification:_identify(src) by extensions ['ignore', 'ignore_ament_install']
[8.836s] Level 1:colcon.colcon_core.package_identification:_identify(src) by extension 'ignore'
[8.836s] Level 1:colcon.colcon_core.package_identification:_identify(src) by extension 'ignore_ament_install'
[8.837s] Level 1:colcon.colcon_core.package_identification:_identify(src) by extensions ['colcon_pkg']
[8.837s] Level 1:colcon.colcon_core.package_identification:_identify(src) by extension 'colcon_pkg'
[8.837s] Level 1:colcon.colcon_core.package_identification:_identify(src) by extensions ['colcon_meta']
[8.837s] Level 1:colcon.colcon_core.package_identification:_identify(src) by extension 'colcon_meta'
[8.837s] Level 1:colcon.colcon_core.package_identification:_identify(src) by extensions ['ros']
[8.837s] Level 1:colcon.colcon_core.package_identification:_identify(src) by extension 'ros'
[8.838s] Level 1:colcon.colcon_core.package_identification:_identify(src) by extensions ['cmake', 'python']
[8.838s] Level 1:colcon.colcon_core.package_identification:_identify(src) by extension 'cmake'
[8.838s] Level 1:colcon.colcon_core.package_identification:_identify(src) by extension 'python'
[8.838s] Level 1:colcon.colcon_core.package_identification:_identify(src) by extensions ['python_setup_py']
[8.838s] Level 1:colcon.colcon_core.package_identification:_identify(src) by extension 'python_setup_py'
[8.839s] Level 1:colcon.colcon_core.package_identification:_identify(src/linorobot2) by extensions ['ignore', 'ignore_ament_install']
[8.839s] Level 1:colcon.colcon_core.package_identification:_identify(src/linorobot2) by extension 'ignore'
[8.840s] Level 1:colcon.colcon_core.package_identification:_identify(src/linorobot2) by extension 'ignore_ament_install'
[8.840s] Level 1:colcon.colcon_core.package_identification:_identify(src/linorobot2) by extensions ['colcon_pkg']
[8.840s] Level 1:colcon.colcon_core.package_identification:_identify(src/linorobot2) by extension 'colcon_pkg'
[8.840s] Level 1:colcon.colcon_core.package_identification:_identify(src/linorobot2) by extensions ['colcon_meta']
[8.840s] Level 1:colcon.colcon_core.package_identification:_identify(src/linorobot2) by extension 'colcon_meta'
[8.840s] Level 1:colcon.colcon_core.package_identification:_identify(src/linorobot2) by extensions ['ros']
[8.841s] Level 1:colcon.colcon_core.package_identification:_identify(src/linorobot2) by extension 'ros'
[8.841s] Level 1:colcon.colcon_core.package_identification:_identify(src/linorobot2) by extensions ['cmake', 'python']
[8.841s] Level 1:colcon.colcon_core.package_identification:_identify(src/linorobot2) by extension 'cmake'
[8.841s] Level 1:colcon.colcon_core.package_identification:_identify(src/linorobot2) by extension 'python'
[8.841s] Level 1:colcon.colcon_core.package_identification:_identify(src/linorobot2) by extensions ['python_setup_py']
[8.842s] Level 1:colcon.colcon_core.package_identification:_identify(src/linorobot2) by extension 'python_setup_py'
[8.842s] Level 1:colcon.colcon_core.package_identification:_identify(src/linorobot2/amcl) by extensions ['ignore', 'ignore_ament_install']
[8.843s] Level 1:colcon.colcon_core.package_identification:_identify(src/linorobot2/amcl) by extension 'ignore'
[8.843s] Level 1:colcon.colcon_core.package_identification:_identify(src/linorobot2/amcl) by extension 'ignore_ament_install'
[8.843s] Level 1:colcon.colcon_core.package_identification:_identify(src/linorobot2/amcl) by extensions ['colcon_pkg']
[8.843s] Level 1:colcon.colcon_core.package_identification:_identify(src/linorobot2/amcl) by extension 'colcon_pkg'
[8.844s] Level 1:colcon.colcon_core.package_identification:_identify(src/linorobot2/amcl) by extensions ['colcon_meta']
[8.844s] Level 1:colcon.colcon_core.package_identification:_identify(src/linorobot2/amcl) by extension 'colcon_meta'
[8.844s] Level 1:colcon.colcon_core.package_identification:_identify(src/linorobot2/amcl) by extensions ['ros']
[8.844s] Level 1:colcon.colcon_core.package_identification:_identify(src/linorobot2/amcl) by extension 'ros'
[8.844s] Level 1:colcon.colcon_core.package_identification:_identify(src/linorobot2/amcl) by extensions ['cmake', 'python']
[8.845s] Level 1:colcon.colcon_core.package_identification:_identify(src/linorobot2/amcl) by extension 'cmake'
[8.845s] Level 1:colcon.colcon_core.package_identification:_identify(src/linorobot2/amcl) by extension 'python'
[8.845s] Level 1:colcon.colcon_core.package_identification:_identify(src/linorobot2/amcl) by extensions ['python_setup_py']
[8.845s] Level 1:colcon.colcon_core.package_identification:_identify(src/linorobot2/amcl) by extension 'python_setup_py'
[8.846s] Level 1:colcon.colcon_core.package_identification:_identify(src/linorobot2/build) by extensions ['ignore', 'ignore_ament_install']
[8.846s] Level 1:colcon.colcon_core.package_identification:_identify(src/linorobot2/build) by extension 'ignore'
[8.847s] Level 1:colcon.colcon_core.package_identification:_identify(src/linorobot2/build) ignored
[8.847s] Level 1:colcon.colcon_core.package_identification:_identify(src/linorobot2/docker) by extensions ['ignore', 'ignore_ament_install']
[8.848s] Level 1:colcon.colcon_core.package_identification:_identify(src/linorobot2/docker) by extension 'ignore'
[8.848s] Level 1:colcon.colcon_core.package_identification:_identify(src/linorobot2/docker) by extension 'ignore_ament_install'
[8.848s] Level 1:colcon.colcon_core.package_identification:_identify(src/linorobot2/docker) by extensions ['colcon_pkg']
[8.849s] Level 1:colcon.colcon_core.package_identification:_identify(src/linorobot2/docker) by extension 'colcon_pkg'
[8.849s] Level 1:colcon.colcon_core.package_identification:_identify(src/linorobot2/docker) by extensions ['colcon_meta']
[8.849s] Level 1:colcon.colcon_core.package_identification:_identify(src/linorobot2/docker) by extension 'colcon_meta'
[8.850s] Level 1:colcon.colcon_core.package_identification:_identify(src/linorobot2/docker) by extensions ['ros']
[8.850s] Level 1:colcon.colcon_core.package_identification:_identify(src/linorobot2/docker) by extension 'ros'
[8.850s] Level 1:colcon.colcon_core.package_identification:_identify(src/linorobot2/docker) by extensions ['cmake', 'python']
[8.850s] Level 1:colcon.colcon_core.package_identification:_identify(src/linorobot2/docker) by extension 'cmake'
[8.850s] Level 1:colcon.colcon_core.package_identification:_identify(src/linorobot2/docker) by extension 'python'
[8.851s] Level 1:colcon.colcon_core.package_identification:_identify(src/linorobot2/docker) by extensions ['python_setup_py']
[8.851s] Level 1:colcon.colcon_core.package_identification:_identify(src/linorobot2/docker) by extension 'python_setup_py'
[8.851s] Level 1:colcon.colcon_core.package_identification:_identify(src/linorobot2/docs) by extensions ['ignore', 'ignore_ament_install']
[8.851s] Level 1:colcon.colcon_core.package_identification:_identify(src/linorobot2/docs) by extension 'ignore'
[8.852s] Level 1:colcon.colcon_core.package_identification:_identify(src/linorobot2/docs) by extension 'ignore_ament_install'
[8.852s] Level 1:colcon.colcon_core.package_identification:_identify(src/linorobot2/docs) by extensions ['colcon_pkg']
[8.852s] Level 1:colcon.colcon_core.package_identification:_identify(src/linorobot2/docs) by extension 'colcon_pkg'
[8.852s] Level 1:colcon.colcon_core.package_identification:_identify(src/linorobot2/docs) by extensions ['colcon_meta']
[8.852s] Level 1:colcon.colcon_core.package_identification:_identify(src/linorobot2/docs) by extension 'colcon_meta'
[8.853s] Level 1:colcon.colcon_core.package_identification:_identify(src/linorobot2/docs) by extensions ['ros']
[8.853s] Level 1:colcon.colcon_core.package_identification:_identify(src/linorobot2/docs) by extension 'ros'
[8.853s] Level 1:colcon.colcon_core.package_identification:_identify(src/linorobot2/docs) by extensions ['cmake', 'python']
[8.853s] Level 1:colcon.colcon_core.package_identification:_identify(src/linorobot2/docs) by extension 'cmake'
[8.853s] Level 1:colcon.colcon_core.package_identification:_identify(src/linorobot2/docs) by extension 'python'
[8.854s] Level 1:colcon.colcon_core.package_identification:_identify(src/linorobot2/docs) by extensions ['python_setup_py']
[8.854s] Level 1:colcon.colcon_core.package_identification:_identify(src/linorobot2/docs) by extension 'python_setup_py'
[8.854s] Level 1:colcon.colcon_core.package_identification:_identify(src/linorobot2/install) by extensions ['ignore', 'ignore_ament_install']
[8.855s] Level 1:colcon.colcon_core.package_identification:_identify(src/linorobot2/install) by extension 'ignore'
[8.855s] Level 1:colcon.colcon_core.package_identification:_identify(src/linorobot2/install) ignored
[8.855s] Level 1:colcon.colcon_core.package_identification:_identify(src/linorobot2/linorobot2) by extensions ['ignore', 'ignore_ament_install']
[8.856s] Level 1:colcon.colcon_core.package_identification:_identify(src/linorobot2/linorobot2) by extension 'ignore'
[8.856s] Level 1:colcon.colcon_core.package_identification:_identify(src/linorobot2/linorobot2) by extension 'ignore_ament_install'
[8.856s] Level 1:colcon.colcon_core.package_identification:_identify(src/linorobot2/linorobot2) by extensions ['colcon_pkg']
[8.856s] Level 1:colcon.colcon_core.package_identification:_identify(src/linorobot2/linorobot2) by extension 'colcon_pkg'
[8.856s] Level 1:colcon.colcon_core.package_identification:_identify(src/linorobot2/linorobot2) by extensions ['colcon_meta']
[8.856s] Level 1:colcon.colcon_core.package_identification:_identify(src/linorobot2/linorobot2) by extension 'colcon_meta'
[8.857s] Level 1:colcon.colcon_core.package_identification:_identify(src/linorobot2/linorobot2) by extensions ['ros']
[8.857s] Level 1:colcon.colcon_core.package_identification:_identify(src/linorobot2/linorobot2) by extension 'ros'
[8.867s] DEBUG:colcon.colcon_core.package_identification:Package 'src/linorobot2/linorobot2' with type 'ros.ament_cmake' and name 'linorobot2'
[8.868s] Level 1:colcon.colcon_core.package_identification:_identify(src/linorobot2/linorobot2_base) by extensions ['ignore', 'ignore_ament_install']
[8.869s] Level 1:colcon.colcon_core.package_identification:_identify(src/linorobot2/linorobot2_base) by extension 'ignore'
[8.869s] Level 1:colcon.colcon_core.package_identification:_identify(src/linorobot2/linorobot2_base) by extension 'ignore_ament_install'
[8.869s] Level 1:colcon.colcon_core.package_identification:_identify(src/linorobot2/linorobot2_base) by extensions ['colcon_pkg']
[8.870s] Level 1:colcon.colcon_core.package_identification:_identify(src/linorobot2/linorobot2_base) by extension 'colcon_pkg'
[8.870s] Level 1:colcon.colcon_core.package_identification:_identify(src/linorobot2/linorobot2_base) by extensions ['colcon_meta']
[8.870s] Level 1:colcon.colcon_core.package_identification:_identify(src/linorobot2/linorobot2_base) by extension 'colcon_meta'
[8.870s] Level 1:colcon.colcon_core.package_identification:_identify(src/linorobot2/linorobot2_base) by extensions ['ros']
[8.870s] Level 1:colcon.colcon_core.package_identification:_identify(src/linorobot2/linorobot2_base) by extension 'ros'
[8.873s] DEBUG:colcon.colcon_core.package_identification:Package 'src/linorobot2/linorobot2_base' with type 'ros.ament_cmake' and name 'linorobot2_base'
[8.874s] Level 1:colcon.colcon_core.package_identification:_identify(src/linorobot2/linorobot2_bringup) by extensions ['ignore', 'ignore_ament_install']
[8.874s] Level 1:colcon.colcon_core.package_identification:_identify(src/linorobot2/linorobot2_bringup) by extension 'ignore'
[8.875s] Level 1:colcon.colcon_core.package_identification:_identify(src/linorobot2/linorobot2_bringup) by extension 'ignore_ament_install'
[8.875s] Level 1:colcon.colcon_core.package_identification:_identify(src/linorobot2/linorobot2_bringup) by extensions ['colcon_pkg']
[8.875s] Level 1:colcon.colcon_core.package_identification:_identify(src/linorobot2/linorobot2_bringup) by extension 'colcon_pkg'
[8.876s] Level 1:colcon.colcon_core.package_identification:_identify(src/linorobot2/linorobot2_bringup) by extensions ['colcon_meta']
[8.876s] Level 1:colcon.colcon_core.package_identification:_identify(src/linorobot2/linorobot2_bringup) by extension 'colcon_meta'
[8.876s] Level 1:colcon.colcon_core.package_identification:_identify(src/linorobot2/linorobot2_bringup) by extensions ['ros']
[8.876s] Level 1:colcon.colcon_core.package_identification:_identify(src/linorobot2/linorobot2_bringup) by extension 'ros'
[8.880s] DEBUG:colcon.colcon_core.package_identification:Package 'src/linorobot2/linorobot2_bringup' with type 'ros.ament_cmake' and name 'linorobot2_bringup'
[8.880s] Level 1:colcon.colcon_core.package_identification:_identify(src/linorobot2/linorobot2_control) by extensions ['ignore', 'ignore_ament_install']
[8.881s] Level 1:colcon.colcon_core.package_identification:_identify(src/linorobot2/linorobot2_control) by extension 'ignore'
[8.881s] Level 1:colcon.colcon_core.package_identification:_identify(src/linorobot2/linorobot2_control) by extension 'ignore_ament_install'
[8.881s] Level 1:colcon.colcon_core.package_identification:_identify(src/linorobot2/linorobot2_control) by extensions ['colcon_pkg']
[8.882s] Level 1:colcon.colcon_core.package_identification:_identify(src/linorobot2/linorobot2_control) by extension 'colcon_pkg'
[8.882s] Level 1:colcon.colcon_core.package_identification:_identify(src/linorobot2/linorobot2_control) by extensions ['colcon_meta']
[8.882s] Level 1:colcon.colcon_core.package_identification:_identify(src/linorobot2/linorobot2_control) by extension 'colcon_meta'
[8.883s] Level 1:colcon.colcon_core.package_identification:_identify(src/linorobot2/linorobot2_control) by extensions ['ros']
[8.883s] Level 1:colcon.colcon_core.package_identification:_identify(src/linorobot2/linorobot2_control) by extension 'ros'
[8.887s] DEBUG:colcon.colcon_core.package_identification:Package 'src/linorobot2/linorobot2_control' with type 'ros.ament_python' and name 'linorobot2_control'
[8.887s] Level 1:colcon.colcon_core.package_identification:_identify(src/linorobot2/linorobot2_description) by extensions ['ignore', 'ignore_ament_install']
[8.888s] Level 1:colcon.colcon_core.package_identification:_identify(src/linorobot2/linorobot2_description) by extension 'ignore'
[8.888s] Level 1:colcon.colcon_core.package_identification:_identify(src/linorobot2/linorobot2_description) by extension 'ignore_ament_install'
[8.888s] Level 1:colcon.colcon_core.package_identification:_identify(src/linorobot2/linorobot2_description) by extensions ['colcon_pkg']
[8.888s] Level 1:colcon.colcon_core.package_identification:_identify(src/linorobot2/linorobot2_description) by extension 'colcon_pkg'
[8.889s] Level 1:colcon.colcon_core.package_identification:_identify(src/linorobot2/linorobot2_description) by extensions ['colcon_meta']
[8.889s] Level 1:colcon.colcon_core.package_identification:_identify(src/linorobot2/linorobot2_description) by extension 'colcon_meta'
[8.889s] Level 1:colcon.colcon_core.package_identification:_identify(src/linorobot2/linorobot2_description) by extensions ['ros']
[8.890s] Level 1:colcon.colcon_core.package_identification:_identify(src/linorobot2/linorobot2_description) by extension 'ros'
[8.892s] DEBUG:colcon.colcon_core.package_identification:Package 'src/linorobot2/linorobot2_description' with type 'ros.ament_cmake' and name 'linorobot2_description'
[8.892s] Level 1:colcon.colcon_core.package_identification:_identify(src/linorobot2/linorobot2_gazebo) by extensions ['ignore', 'ignore_ament_install']
[8.893s] Level 1:colcon.colcon_core.package_identification:_identify(src/linorobot2/linorobot2_gazebo) by extension 'ignore'
[8.893s] Level 1:colcon.colcon_core.package_identification:_identify(src/linorobot2/linorobot2_gazebo) ignored
[8.894s] Level 1:colcon.colcon_core.package_identification:_identify(src/linorobot2/linorobot2_navigation) by extensions ['ignore', 'ignore_ament_install']
[8.894s] Level 1:colcon.colcon_core.package_identification:_identify(src/linorobot2/linorobot2_navigation) by extension 'ignore'
[8.894s] Level 1:colcon.colcon_core.package_identification:_identify(src/linorobot2/linorobot2_navigation) by extension 'ignore_ament_install'
[8.895s] Level 1:colcon.colcon_core.package_identification:_identify(src/linorobot2/linorobot2_navigation) by extensions ['colcon_pkg']
[8.895s] Level 1:colcon.colcon_core.package_identification:_identify(src/linorobot2/linorobot2_navigation) by extension 'colcon_pkg'
[8.895s] Level 1:colcon.colcon_core.package_identification:_identify(src/linorobot2/linorobot2_navigation) by extensions ['colcon_meta']
[8.895s] Level 1:colcon.colcon_core.package_identification:_identify(src/linorobot2/linorobot2_navigation) by extension 'colcon_meta'
[8.895s] Level 1:colcon.colcon_core.package_identification:_identify(src/linorobot2/linorobot2_navigation) by extensions ['ros']
[8.895s] Level 1:colcon.colcon_core.package_identification:_identify(src/linorobot2/linorobot2_navigation) by extension 'ros'
[8.897s] DEBUG:colcon.colcon_core.package_identification:Package 'src/linorobot2/linorobot2_navigation' with type 'ros.ament_cmake' and name 'linorobot2_navigation'
[8.898s] Level 1:colcon.colcon_core.package_identification:_identify(src/linorobot2/linorobot2_rect) by extensions ['ignore', 'ignore_ament_install']
[8.898s] Level 1:colcon.colcon_core.package_identification:_identify(src/linorobot2/linorobot2_rect) by extension 'ignore'
[8.899s] Level 1:colcon.colcon_core.package_identification:_identify(src/linorobot2/linorobot2_rect) by extension 'ignore_ament_install'
[8.899s] Level 1:colcon.colcon_core.package_identification:_identify(src/linorobot2/linorobot2_rect) by extensions ['colcon_pkg']
[8.899s] Level 1:colcon.colcon_core.package_identification:_identify(src/linorobot2/linorobot2_rect) by extension 'colcon_pkg'
[8.899s] Level 1:colcon.colcon_core.package_identification:_identify(src/linorobot2/linorobot2_rect) by extensions ['colcon_meta']
[8.899s] Level 1:colcon.colcon_core.package_identification:_identify(src/linorobot2/linorobot2_rect) by extension 'colcon_meta'
[8.900s] Level 1:colcon.colcon_core.package_identification:_identify(src/linorobot2/linorobot2_rect) by extensions ['ros']
[8.900s] Level 1:colcon.colcon_core.package_identification:_identify(src/linorobot2/linorobot2_rect) by extension 'ros'
[8.903s] DEBUG:colcon.colcon_core.package_identification:Package 'src/linorobot2/linorobot2_rect' with type 'ros.ament_python' and name 'linorobot2_rect'
[8.904s] Level 1:colcon.colcon_core.package_identification:_identify(src/linorobot2/log) by extensions ['ignore', 'ignore_ament_install']
[8.904s] Level 1:colcon.colcon_core.package_identification:_identify(src/linorobot2/log) by extension 'ignore'
[8.904s] Level 1:colcon.colcon_core.package_identification:_identify(src/linorobot2/log) ignored
[8.905s] Level 1:colcon.colcon_core.package_identification:_identify(src/sllidar_ros2) by extensions ['ignore', 'ignore_ament_install']
[8.905s] Level 1:colcon.colcon_core.package_identification:_identify(src/sllidar_ros2) by extension 'ignore'
[8.906s] Level 1:colcon.colcon_core.package_identification:_identify(src/sllidar_ros2) by extension 'ignore_ament_install'
[8.906s] Level 1:colcon.colcon_core.package_identification:_identify(src/sllidar_ros2) by extensions ['colcon_pkg']
[8.906s] Level 1:colcon.colcon_core.package_identification:_identify(src/sllidar_ros2) by extension 'colcon_pkg'
[8.906s] Level 1:colcon.colcon_core.package_identification:_identify(src/sllidar_ros2) by extensions ['colcon_meta']
[8.906s] Level 1:colcon.colcon_core.package_identification:_identify(src/sllidar_ros2) by extension 'colcon_meta'
[8.907s] Level 1:colcon.colcon_core.package_identification:_identify(src/sllidar_ros2) by extensions ['ros']
[8.907s] Level 1:colcon.colcon_core.package_identification:_identify(src/sllidar_ros2) by extension 'ros'
[8.910s] DEBUG:colcon.colcon_core.package_identification:Package 'src/sllidar_ros2' with type 'ros.ament_cmake' and name 'sllidar_ros2'
[8.911s] Level 1:colcon.colcon_core.package_discovery:discover_packages(recursive) using defaults
[8.911s] Level 1:colcon.colcon_core.package_discovery:discover_packages(ignore) discover
[8.911s] Level 1:colcon.colcon_core.package_discovery:discover_packages(ignore) using defaults
[8.911s] Level 1:colcon.colcon_core.package_discovery:discover_packages(path) discover
[8.911s] Level 1:colcon.colcon_core.package_discovery:discover_packages(path) using defaults
[9.064s] Level 1:colcon.colcon_core.package_discovery:discover_packages(prefix_path) check parameters
[9.065s] Level 1:colcon.colcon_core.package_discovery:discover_packages(prefix_path) discover
[9.084s] DEBUG:colcon.colcon_installed_package_information.package_discovery:Found 7 installed packages in /home/pi/linorobot2_ws/install
[9.087s] DEBUG:colcon.colcon_installed_package_information.package_discovery:Found 3 installed packages in /home/pi/uros_ws/install
[9.096s] DEBUG:colcon.colcon_installed_package_information.package_discovery:Found 267 installed packages in /opt/ros/humble
[9.102s] Level 1:colcon.colcon_core.package_discovery:discover_packages(prefix_path) using defaults
[9.278s] Level 5:colcon.colcon_core.verb:set package 'linorobot2' build argument 'cmake_args' from command line to 'None'
[9.278s] Level 5:colcon.colcon_core.verb:set package 'linorobot2' build argument 'cmake_target' from command line to 'None'
[9.278s] Level 5:colcon.colcon_core.verb:set package 'linorobot2' build argument 'cmake_target_skip_unavailable' from command line to 'False'
[9.279s] Level 5:colcon.colcon_core.verb:set package 'linorobot2' build argument 'cmake_clean_cache' from command line to 'False'
[9.279s] Level 5:colcon.colcon_core.verb:set package 'linorobot2' build argument 'cmake_clean_first' from command line to 'False'
[9.279s] Level 5:colcon.colcon_core.verb:set package 'linorobot2' build argument 'cmake_force_configure' from command line to 'False'
[9.279s] Level 5:colcon.colcon_core.verb:set package 'linorobot2' build argument 'ament_cmake_args' from command line to 'None'
[9.279s] Level 5:colcon.colcon_core.verb:set package 'linorobot2' build argument 'catkin_cmake_args' from command line to 'None'
[9.279s] Level 5:colcon.colcon_core.verb:set package 'linorobot2' build argument 'catkin_skip_building_tests' from command line to 'False'
[9.279s] DEBUG:colcon.colcon_core.verb:Building package 'linorobot2' with the following arguments: {'ament_cmake_args': None, 'build_base': '/home/pi/linorobot2_ws/build/linorobot2', 'catkin_cmake_args': None, 'catkin_skip_building_tests': False, 'cmake_args': None, 'cmake_clean_cache': False, 'cmake_clean_first': False, 'cmake_force_configure': False, 'cmake_target': None, 'cmake_target_skip_unavailable': False, 'install_base': '/home/pi/linorobot2_ws/install/linorobot2', 'merge_install': False, 'path': '/home/pi/linorobot2_ws/src/linorobot2/linorobot2', 'symlink_install': False, 'test_result_base': None}
[9.281s] Level 5:colcon.colcon_core.verb:set package 'linorobot2_base' build argument 'cmake_args' from command line to 'None'
[9.281s] Level 5:colcon.colcon_core.verb:set package 'linorobot2_base' build argument 'cmake_target' from command line to 'None'
[9.281s] Level 5:colcon.colcon_core.verb:set package 'linorobot2_base' build argument 'cmake_target_skip_unavailable' from command line to 'False'
[9.281s] Level 5:colcon.colcon_core.verb:set package 'linorobot2_base' build argument 'cmake_clean_cache' from command line to 'False'
[9.281s] Level 5:colcon.colcon_core.verb:set package 'linorobot2_base' build argument 'cmake_clean_first' from command line to 'False'
[9.281s] Level 5:colcon.colcon_core.verb:set package 'linorobot2_base' build argument 'cmake_force_configure' from command line to 'False'
[9.281s] Level 5:colcon.colcon_core.verb:set package 'linorobot2_base' build argument 'ament_cmake_args' from command line to 'None'
[9.282s] Level 5:colcon.colcon_core.verb:set package 'linorobot2_base' build argument 'catkin_cmake_args' from command line to 'None'
[9.282s] Level 5:colcon.colcon_core.verb:set package 'linorobot2_base' build argument 'catkin_skip_building_tests' from command line to 'False'
[9.282s] DEBUG:colcon.colcon_core.verb:Building package 'linorobot2_base' with the following arguments: {'ament_cmake_args': None, 'build_base': '/home/pi/linorobot2_ws/build/linorobot2_base', 'catkin_cmake_args': None, 'catkin_skip_building_tests': False, 'cmake_args': None, 'cmake_clean_cache': False, 'cmake_clean_first': False, 'cmake_force_configure': False, 'cmake_target': None, 'cmake_target_skip_unavailable': False, 'install_base': '/home/pi/linorobot2_ws/install/linorobot2_base', 'merge_install': False, 'path': '/home/pi/linorobot2_ws/src/linorobot2/linorobot2_base', 'symlink_install': False, 'test_result_base': None}
[9.284s] Level 5:colcon.colcon_core.verb:set package 'linorobot2_bringup' build argument 'cmake_args' from command line to 'None'
[9.284s] Level 5:colcon.colcon_core.verb:set package 'linorobot2_bringup' build argument 'cmake_target' from command line to 'None'
[9.284s] Level 5:colcon.colcon_core.verb:set package 'linorobot2_bringup' build argument 'cmake_target_skip_unavailable' from command line to 'False'
[9.284s] Level 5:colcon.colcon_core.verb:set package 'linorobot2_bringup' build argument 'cmake_clean_cache' from command line to 'False'
[9.284s] Level 5:colcon.colcon_core.verb:set package 'linorobot2_bringup' build argument 'cmake_clean_first' from command line to 'False'
[9.284s] Level 5:colcon.colcon_core.verb:set package 'linorobot2_bringup' build argument 'cmake_force_configure' from command line to 'False'
[9.284s] Level 5:colcon.colcon_core.verb:set package 'linorobot2_bringup' build argument 'ament_cmake_args' from command line to 'None'
[9.284s] Level 5:colcon.colcon_core.verb:set package 'linorobot2_bringup' build argument 'catkin_cmake_args' from command line to 'None'
[9.284s] Level 5:colcon.colcon_core.verb:set package 'linorobot2_bringup' build argument 'catkin_skip_building_tests' from command line to 'False'
[9.285s] DEBUG:colcon.colcon_core.verb:Building package 'linorobot2_bringup' with the following arguments: {'ament_cmake_args': None, 'build_base': '/home/pi/linorobot2_ws/build/linorobot2_bringup', 'catkin_cmake_args': None, 'catkin_skip_building_tests': False, 'cmake_args': None, 'cmake_clean_cache': False, 'cmake_clean_first': False, 'cmake_force_configure': False, 'cmake_target': None, 'cmake_target_skip_unavailable': False, 'install_base': '/home/pi/linorobot2_ws/install/linorobot2_bringup', 'merge_install': False, 'path': '/home/pi/linorobot2_ws/src/linorobot2/linorobot2_bringup', 'symlink_install': False, 'test_result_base': None}
[9.286s] Level 5:colcon.colcon_core.verb:set package 'linorobot2_control' build argument 'cmake_args' from command line to 'None'
[9.286s] Level 5:colcon.colcon_core.verb:set package 'linorobot2_control' build argument 'cmake_target' from command line to 'None'
[9.286s] Level 5:colcon.colcon_core.verb:set package 'linorobot2_control' build argument 'cmake_target_skip_unavailable' from command line to 'False'
[9.287s] Level 5:colcon.colcon_core.verb:set package 'linorobot2_control' build argument 'cmake_clean_cache' from command line to 'False'
[9.287s] Level 5:colcon.colcon_core.verb:set package 'linorobot2_control' build argument 'cmake_clean_first' from command line to 'False'
[9.287s] Level 5:colcon.colcon_core.verb:set package 'linorobot2_control' build argument 'cmake_force_configure' from command line to 'False'
[9.287s] Level 5:colcon.colcon_core.verb:set package 'linorobot2_control' build argument 'ament_cmake_args' from command line to 'None'
[9.287s] Level 5:colcon.colcon_core.verb:set package 'linorobot2_control' build argument 'catkin_cmake_args' from command line to 'None'
[9.287s] Level 5:colcon.colcon_core.verb:set package 'linorobot2_control' build argument 'catkin_skip_building_tests' from command line to 'False'
[9.287s] DEBUG:colcon.colcon_core.verb:Building package 'linorobot2_control' with the following arguments: {'ament_cmake_args': None, 'build_base': '/home/pi/linorobot2_ws/build/linorobot2_control', 'catkin_cmake_args': None, 'catkin_skip_building_tests': False, 'cmake_args': None, 'cmake_clean_cache': False, 'cmake_clean_first': False, 'cmake_force_configure': False, 'cmake_target': None, 'cmake_target_skip_unavailable': False, 'install_base': '/home/pi/linorobot2_ws/install/linorobot2_control', 'merge_install': False, 'path': '/home/pi/linorobot2_ws/src/linorobot2/linorobot2_control', 'symlink_install': False, 'test_result_base': None}
[9.289s] Level 5:colcon.colcon_core.verb:set package 'linorobot2_description' build argument 'cmake_args' from command line to 'None'
[9.289s] Level 5:colcon.colcon_core.verb:set package 'linorobot2_description' build argument 'cmake_target' from command line to 'None'
[9.289s] Level 5:colcon.colcon_core.verb:set package 'linorobot2_description' build argument 'cmake_target_skip_unavailable' from command line to 'False'
[9.289s] Level 5:colcon.colcon_core.verb:set package 'linorobot2_description' build argument 'cmake_clean_cache' from command line to 'False'
[9.290s] Level 5:colcon.colcon_core.verb:set package 'linorobot2_description' build argument 'cmake_clean_first' from command line to 'False'
[9.290s] Level 5:colcon.colcon_core.verb:set package 'linorobot2_description' build argument 'cmake_force_configure' from command line to 'False'
[9.290s] Level 5:colcon.colcon_core.verb:set package 'linorobot2_description' build argument 'ament_cmake_args' from command line to 'None'
[9.290s] Level 5:colcon.colcon_core.verb:set package 'linorobot2_description' build argument 'catkin_cmake_args' from command line to 'None'
[9.290s] Level 5:colcon.colcon_core.verb:set package 'linorobot2_description' build argument 'catkin_skip_building_tests' from command line to 'False'
[9.290s] DEBUG:colcon.colcon_core.verb:Building package 'linorobot2_description' with the following arguments: {'ament_cmake_args': None, 'build_base': '/home/pi/linorobot2_ws/build/linorobot2_description', 'catkin_cmake_args': None, 'catkin_skip_building_tests': False, 'cmake_args': None, 'cmake_clean_cache': False, 'cmake_clean_first': False, 'cmake_force_configure': False, 'cmake_target': None, 'cmake_target_skip_unavailable': False, 'install_base': '/home/pi/linorobot2_ws/install/linorobot2_description', 'merge_install': False, 'path': '/home/pi/linorobot2_ws/src/linorobot2/linorobot2_description', 'symlink_install': False, 'test_result_base': None}
[9.292s] Level 5:colcon.colcon_core.verb:set package 'linorobot2_navigation' build argument 'cmake_args' from command line to 'None'
[9.292s] Level 5:colcon.colcon_core.verb:set package 'linorobot2_navigation' build argument 'cmake_target' from command line to 'None'
[9.292s] Level 5:colcon.colcon_core.verb:set package 'linorobot2_navigation' build argument 'cmake_target_skip_unavailable' from command line to 'False'
[9.292s] Level 5:colcon.colcon_core.verb:set package 'linorobot2_navigation' build argument 'cmake_clean_cache' from command line to 'False'
[9.292s] Level 5:colcon.colcon_core.verb:set package 'linorobot2_navigation' build argument 'cmake_clean_first' from command line to 'False'
[9.292s] Level 5:colcon.colcon_core.verb:set package 'linorobot2_navigation' build argument 'cmake_force_configure' from command line to 'False'
[9.292s] Level 5:colcon.colcon_core.verb:set package 'linorobot2_navigation' build argument 'ament_cmake_args' from command line to 'None'
[9.292s] Level 5:colcon.colcon_core.verb:set package 'linorobot2_navigation' build argument 'catkin_cmake_args' from command line to 'None'
[9.292s] Level 5:colcon.colcon_core.verb:set package 'linorobot2_navigation' build argument 'catkin_skip_building_tests' from command line to 'False'
[9.293s] DEBUG:colcon.colcon_core.verb:Building package 'linorobot2_navigation' with the following arguments: {'ament_cmake_args': None, 'build_base': '/home/pi/linorobot2_ws/build/linorobot2_navigation', 'catkin_cmake_args': None, 'catkin_skip_building_tests': False, 'cmake_args': None, 'cmake_clean_cache': False, 'cmake_clean_first': False, 'cmake_force_configure': False, 'cmake_target': None, 'cmake_target_skip_unavailable': False, 'install_base': '/home/pi/linorobot2_ws/install/linorobot2_navigation', 'merge_install': False, 'path': '/home/pi/linorobot2_ws/src/linorobot2/linorobot2_navigation', 'symlink_install': False, 'test_result_base': None}
[9.294s] Level 5:colcon.colcon_core.verb:set package 'linorobot2_rect' build argument 'cmake_args' from command line to 'None'
[9.294s] Level 5:colcon.colcon_core.verb:set package 'linorobot2_rect' build argument 'cmake_target' from command line to 'None'
[9.294s] Level 5:colcon.colcon_core.verb:set package 'linorobot2_rect' build argument 'cmake_target_skip_unavailable' from command line to 'False'
[9.294s] Level 5:colcon.colcon_core.verb:set package 'linorobot2_rect' build argument 'cmake_clean_cache' from command line to 'False'
[9.295s] Level 5:colcon.colcon_core.verb:set package 'linorobot2_rect' build argument 'cmake_clean_first' from command line to 'False'
[9.295s] Level 5:colcon.colcon_core.verb:set package 'linorobot2_rect' build argument 'cmake_force_configure' from command line to 'False'
[9.295s] Level 5:colcon.colcon_core.verb:set package 'linorobot2_rect' build argument 'ament_cmake_args' from command line to 'None'
[9.295s] Level 5:colcon.colcon_core.verb:set package 'linorobot2_rect' build argument 'catkin_cmake_args' from command line to 'None'
[9.295s] Level 5:colcon.colcon_core.verb:set package 'linorobot2_rect' build argument 'catkin_skip_building_tests' from command line to 'False'
[9.295s] DEBUG:colcon.colcon_core.verb:Building package 'linorobot2_rect' with the following arguments: {'ament_cmake_args': None, 'build_base': '/home/pi/linorobot2_ws/build/linorobot2_rect', 'catkin_cmake_args': None, 'catkin_skip_building_tests': False, 'cmake_args': None, 'cmake_clean_cache': False, 'cmake_clean_first': False, 'cmake_force_configure': False, 'cmake_target': None, 'cmake_target_skip_unavailable': False, 'install_base': '/home/pi/linorobot2_ws/install/linorobot2_rect', 'merge_install': False, 'path': '/home/pi/linorobot2_ws/src/linorobot2/linorobot2_rect', 'symlink_install': False, 'test_result_base': None}
[9.296s] Level 5:colcon.colcon_core.verb:set package 'sllidar_ros2' build argument 'cmake_args' from command line to 'None'
[9.297s] Level 5:colcon.colcon_core.verb:set package 'sllidar_ros2' build argument 'cmake_target' from command line to 'None'
[9.297s] Level 5:colcon.colcon_core.verb:set package 'sllidar_ros2' build argument 'cmake_target_skip_unavailable' from command line to 'False'
[9.297s] Level 5:colcon.colcon_core.verb:set package 'sllidar_ros2' build argument 'cmake_clean_cache' from command line to 'False'
[9.297s] Level 5:colcon.colcon_core.verb:set package 'sllidar_ros2' build argument 'cmake_clean_first' from command line to 'False'
[9.297s] Level 5:colcon.colcon_core.verb:set package 'sllidar_ros2' build argument 'cmake_force_configure' from command line to 'False'
[9.297s] Level 5:colcon.colcon_core.verb:set package 'sllidar_ros2' build argument 'ament_cmake_args' from command line to 'None'
[9.297s] Level 5:colcon.colcon_core.verb:set package 'sllidar_ros2' build argument 'catkin_cmake_args' from command line to 'None'
[9.297s] Level 5:colcon.colcon_core.verb:set package 'sllidar_ros2' build argument 'catkin_skip_building_tests' from command line to 'False'
[9.297s] DEBUG:colcon.colcon_core.verb:Building package 'sllidar_ros2' with the following arguments: {'ament_cmake_args': None, 'build_base': '/home/pi/linorobot2_ws/build/sllidar_ros2', 'catkin_cmake_args': None, 'catkin_skip_building_tests': False, 'cmake_args': None, 'cmake_clean_cache': False, 'cmake_clean_first': False, 'cmake_force_configure': False, 'cmake_target': None, 'cmake_target_skip_unavailable': False, 'install_base': '/home/pi/linorobot2_ws/install/sllidar_ros2', 'merge_install': False, 'path': '/home/pi/linorobot2_ws/src/sllidar_ros2', 'symlink_install': False, 'test_result_base': None}
[9.298s] INFO:colcon.colcon_core.executor:Executing jobs using 'parallel' executor
[9.301s] DEBUG:colcon.colcon_parallel_executor.executor.parallel:run_until_complete
[9.302s] INFO:colcon.colcon_ros.task.ament_cmake.build:Building ROS package in '/home/pi/linorobot2_ws/src/linorobot2/linorobot2' with build type 'ament_cmake'
[9.303s] INFO:colcon.colcon_cmake.task.cmake.build:Building CMake package in '/home/pi/linorobot2_ws/src/linorobot2/linorobot2'
[9.325s] INFO:colcon.colcon_core.plugin_system:Skipping extension 'colcon_core.shell.bat': Not used on non-Windows systems
[9.326s] INFO:colcon.colcon_core.shell:Skip shell extension 'powershell' for command environment: Not usable outside of PowerShell
[9.327s] DEBUG:colcon.colcon_core.shell:Skip shell extension 'dsv' for command environment
[9.354s] INFO:colcon.colcon_ros.task.ament_cmake.build:Building ROS package in '/home/pi/linorobot2_ws/src/linorobot2/linorobot2_base' with build type 'ament_cmake'
[9.354s] INFO:colcon.colcon_cmake.task.cmake.build:Building CMake package in '/home/pi/linorobot2_ws/src/linorobot2/linorobot2_base'
[9.355s] INFO:colcon.colcon_core.shell:Skip shell extension 'powershell' for command environment: Not usable outside of PowerShell
[9.356s] DEBUG:colcon.colcon_core.shell:Skip shell extension 'dsv' for command environment
[9.381s] INFO:colcon.colcon_ros.task.ament_cmake.build:Building ROS package in '/home/pi/linorobot2_ws/src/linorobot2/linorobot2_bringup' with build type 'ament_cmake'
[9.382s] INFO:colcon.colcon_cmake.task.cmake.build:Building CMake package in '/home/pi/linorobot2_ws/src/linorobot2/linorobot2_bringup'
[9.384s] INFO:colcon.colcon_core.shell:Skip shell extension 'powershell' for command environment: Not usable outside of PowerShell
[9.384s] DEBUG:colcon.colcon_core.shell:Skip shell extension 'dsv' for command environment
[9.411s] INFO:colcon.colcon_ros.task.ament_python.build:Building ROS package in '/home/pi/linorobot2_ws/src/linorobot2/linorobot2_control' with build type 'ament_python'
[9.412s] Level 1:colcon.colcon_core.shell:create_environment_hook('linorobot2_control', 'ament_prefix_path')
[9.413s] INFO:colcon.colcon_core.shell:Creating environment hook '/home/pi/linorobot2_ws/install/linorobot2_control/share/linorobot2_control/hook/ament_prefix_path.ps1'
[9.418s] INFO:colcon.colcon_core.shell:Creating environment descriptor '/home/pi/linorobot2_ws/install/linorobot2_control/share/linorobot2_control/hook/ament_prefix_path.dsv'
[9.421s] INFO:colcon.colcon_core.shell:Creating environment hook '/home/pi/linorobot2_ws/install/linorobot2_control/share/linorobot2_control/hook/ament_prefix_path.sh'
[9.426s] INFO:colcon.colcon_core.shell:Skip shell extension 'powershell' for command environment: Not usable outside of PowerShell
[9.427s] DEBUG:colcon.colcon_core.shell:Skip shell extension 'dsv' for command environment
[9.468s] DEBUG:colcon.colcon_core.event_handler.log_command:Invoking command in '/home/pi/linorobot2_ws/build/linorobot2': CMAKE_PREFIX_PATH=${CMAKE_PREFIX_PATH}:/home/pi/linorobot2_ws/install/linorobot2_control:/home/pi/uros_ws/install/my_robot_controller:/opt/ros/humble /usr/bin/cmake --build /home/pi/linorobot2_ws/build/linorobot2 -- -j4 -l4
[9.500s] DEBUG:colcon.colcon_core.event_handler.log_command:Invoking command in '/home/pi/linorobot2_ws/build/linorobot2_base': CMAKE_PREFIX_PATH=${CMAKE_PREFIX_PATH}:/home/pi/linorobot2_ws/install/linorobot2_control:/home/pi/uros_ws/install/my_robot_controller:/opt/ros/humble /usr/bin/cmake --build /home/pi/linorobot2_ws/build/linorobot2_base -- -j4 -l4
[9.528s] DEBUG:colcon.colcon_core.event_handler.log_command:Invoking command in '/home/pi/linorobot2_ws/build/linorobot2_bringup': CMAKE_PREFIX_PATH=${CMAKE_PREFIX_PATH}:/home/pi/linorobot2_ws/install/linorobot2_control:/home/pi/uros_ws/install/my_robot_controller:/opt/ros/humble /usr/bin/cmake --build /home/pi/linorobot2_ws/build/linorobot2_bringup -- -j4 -l4
[10.786s] INFO:colcon.colcon_core.task.python.build:Building Python package in '/home/pi/linorobot2_ws/src/linorobot2/linorobot2_control'
[10.787s] INFO:colcon.colcon_core.shell:Skip shell extension 'powershell' for command environment: Not usable outside of PowerShell
[10.787s] DEBUG:colcon.colcon_core.shell:Skip shell extension 'dsv' for command environment
[10.819s] DEBUG:colcon.colcon_core.event_handler.log_command:Invoked command in '/home/pi/linorobot2_ws/build/linorobot2_bringup' returned '0': CMAKE_PREFIX_PATH=${CMAKE_PREFIX_PATH}:/home/pi/linorobot2_ws/install/linorobot2_control:/home/pi/uros_ws/install/my_robot_controller:/opt/ros/humble /usr/bin/cmake --build /home/pi/linorobot2_ws/build/linorobot2_bringup -- -j4 -l4
[10.865s] DEBUG:colcon.colcon_core.event_handler.log_command:Invoking command in '/home/pi/linorobot2_ws/build/linorobot2_bringup': CMAKE_PREFIX_PATH=${CMAKE_PREFIX_PATH}:/home/pi/linorobot2_ws/install/linorobot2_control:/home/pi/uros_ws/install/my_robot_controller:/opt/ros/humble /usr/bin/cmake --install /home/pi/linorobot2_ws/build/linorobot2_bringup
[10.867s] DEBUG:colcon.colcon_core.event_handler.log_command:Invoked command in '/home/pi/linorobot2_ws/build/linorobot2_base' returned '0': CMAKE_PREFIX_PATH=${CMAKE_PREFIX_PATH}:/home/pi/linorobot2_ws/install/linorobot2_control:/home/pi/uros_ws/install/my_robot_controller:/opt/ros/humble /usr/bin/cmake --build /home/pi/linorobot2_ws/build/linorobot2_base -- -j4 -l4
[10.880s] DEBUG:colcon.colcon_core.event_handler.log_command:Invoking command in '/home/pi/linorobot2_ws/build/linorobot2_base': CMAKE_PREFIX_PATH=${CMAKE_PREFIX_PATH}:/home/pi/linorobot2_ws/install/linorobot2_control:/home/pi/uros_ws/install/my_robot_controller:/opt/ros/humble /usr/bin/cmake --install /home/pi/linorobot2_ws/build/linorobot2_base
[10.882s] DEBUG:colcon.colcon_core.event_handler.log_command:Invoked command in '/home/pi/linorobot2_ws/build/linorobot2' returned '0': CMAKE_PREFIX_PATH=${CMAKE_PREFIX_PATH}:/home/pi/linorobot2_ws/install/linorobot2_control:/home/pi/uros_ws/install/my_robot_controller:/opt/ros/humble /usr/bin/cmake --build /home/pi/linorobot2_ws/build/linorobot2 -- -j4 -l4
[10.889s] DEBUG:colcon.colcon_core.event_handler.log_command:Invoking command in '/home/pi/linorobot2_ws/build/linorobot2': CMAKE_PREFIX_PATH=${CMAKE_PREFIX_PATH}:/home/pi/linorobot2_ws/install/linorobot2_control:/home/pi/uros_ws/install/my_robot_controller:/opt/ros/humble /usr/bin/cmake --install /home/pi/linorobot2_ws/build/linorobot2
[10.949s] Level 1:colcon.colcon_core.environment:create_environment_scripts_only(linorobot2_bringup)
[10.987s] DEBUG:colcon.colcon_core.event_handler.log_command:Invoked command in '/home/pi/linorobot2_ws/build/linorobot2_bringup' returned '0': CMAKE_PREFIX_PATH=${CMAKE_PREFIX_PATH}:/home/pi/linorobot2_ws/install/linorobot2_control:/home/pi/uros_ws/install/my_robot_controller:/opt/ros/humble /usr/bin/cmake --install /home/pi/linorobot2_ws/build/linorobot2_bringup
[11.003s] Level 1:colcon.colcon_core.environment:checking '/home/pi/linorobot2_ws/install/linorobot2_bringup' for CMake module files
[11.008s] Level 1:colcon.colcon_core.environment:checking '/home/pi/linorobot2_ws/install/linorobot2_bringup' for CMake config files
[11.010s] Level 1:colcon.colcon_core.shell:create_environment_hook('linorobot2_bringup', 'cmake_prefix_path')
[11.011s] INFO:colcon.colcon_core.shell:Creating environment hook '/home/pi/linorobot2_ws/install/linorobot2_bringup/share/linorobot2_bringup/hook/cmake_prefix_path.ps1'
[11.014s] INFO:colcon.colcon_core.shell:Creating environment descriptor '/home/pi/linorobot2_ws/install/linorobot2_bringup/share/linorobot2_bringup/hook/cmake_prefix_path.dsv'
[11.019s] INFO:colcon.colcon_core.shell:Creating environment hook '/home/pi/linorobot2_ws/install/linorobot2_bringup/share/linorobot2_bringup/hook/cmake_prefix_path.sh'
[11.023s] Level 1:colcon.colcon_core.environment:checking '/home/pi/linorobot2_ws/install/linorobot2_bringup/bin'
[11.024s] Level 1:colcon.colcon_core.environment:checking '/home/pi/linorobot2_ws/install/linorobot2_bringup/lib/pkgconfig/linorobot2_bringup.pc'
[11.025s] Level 1:colcon.colcon_core.environment:checking '/home/pi/linorobot2_ws/install/linorobot2_bringup/lib/python3.10/site-packages'
[11.026s] Level 1:colcon.colcon_core.environment:checking '/home/pi/linorobot2_ws/install/linorobot2_bringup/bin'
[11.028s] INFO:colcon.colcon_core.shell:Creating package script '/home/pi/linorobot2_ws/install/linorobot2_bringup/share/linorobot2_bringup/package.ps1'
[11.032s] INFO:colcon.colcon_core.shell:Creating package descriptor '/home/pi/linorobot2_ws/install/linorobot2_bringup/share/linorobot2_bringup/package.dsv'
[11.037s] INFO:colcon.colcon_core.shell:Creating package script '/home/pi/linorobot2_ws/install/linorobot2_bringup/share/linorobot2_bringup/package.sh'
[11.041s] INFO:colcon.colcon_core.shell:Creating package script '/home/pi/linorobot2_ws/install/linorobot2_bringup/share/linorobot2_bringup/package.bash'
[11.047s] INFO:colcon.colcon_core.shell:Creating package script '/home/pi/linorobot2_ws/install/linorobot2_bringup/share/linorobot2_bringup/package.zsh'
[11.052s] Level 1:colcon.colcon_core.environment:create_file_with_runtime_dependencies(/home/pi/linorobot2_ws/install/linorobot2_bringup/share/colcon-core/packages/linorobot2_bringup)
[11.055s] Level 1:colcon.colcon_core.environment:create_environment_scripts_only(linorobot2_bringup)
[11.056s] Level 1:colcon.colcon_core.environment:checking '/home/pi/linorobot2_ws/install/linorobot2_bringup' for CMake module files
[11.059s] Level 1:colcon.colcon_core.environment:checking '/home/pi/linorobot2_ws/install/linorobot2_bringup' for CMake config files
[11.060s] Level 1:colcon.colcon_core.shell:create_environment_hook('linorobot2_bringup', 'cmake_prefix_path')
[11.062s] INFO:colcon.colcon_core.shell:Creating environment hook '/home/pi/linorobot2_ws/install/linorobot2_bringup/share/linorobot2_bringup/hook/cmake_prefix_path.ps1'
[11.065s] INFO:colcon.colcon_core.shell:Creating environment descriptor '/home/pi/linorobot2_ws/install/linorobot2_bringup/share/linorobot2_bringup/hook/cmake_prefix_path.dsv'
[11.067s] INFO:colcon.colcon_core.shell:Creating environment hook '/home/pi/linorobot2_ws/install/linorobot2_bringup/share/linorobot2_bringup/hook/cmake_prefix_path.sh'
[11.071s] Level 1:colcon.colcon_core.environment:checking '/home/pi/linorobot2_ws/install/linorobot2_bringup/bin'
[11.071s] Level 1:colcon.colcon_core.environment:checking '/home/pi/linorobot2_ws/install/linorobot2_bringup/lib/pkgconfig/linorobot2_bringup.pc'
[11.072s] Level 1:colcon.colcon_core.environment:checking '/home/pi/linorobot2_ws/install/linorobot2_bringup/lib/python3.10/site-packages'
[11.073s] Level 1:colcon.colcon_core.environment:checking '/home/pi/linorobot2_ws/install/linorobot2_bringup/bin'
[11.074s] INFO:colcon.colcon_core.shell:Creating package script '/home/pi/linorobot2_ws/install/linorobot2_bringup/share/linorobot2_bringup/package.ps1'
[11.077s] INFO:colcon.colcon_core.shell:Creating package descriptor '/home/pi/linorobot2_ws/install/linorobot2_bringup/share/linorobot2_bringup/package.dsv'
[11.081s] INFO:colcon.colcon_core.shell:Creating package script '/home/pi/linorobot2_ws/install/linorobot2_bringup/share/linorobot2_bringup/package.sh'
[11.085s] INFO:colcon.colcon_core.shell:Creating package script '/home/pi/linorobot2_ws/install/linorobot2_bringup/share/linorobot2_bringup/package.bash'
[11.088s] INFO:colcon.colcon_core.shell:Creating package script '/home/pi/linorobot2_ws/install/linorobot2_bringup/share/linorobot2_bringup/package.zsh'
[11.091s] Level 1:colcon.colcon_core.environment:create_file_with_runtime_dependencies(/home/pi/linorobot2_ws/install/linorobot2_bringup/share/colcon-core/packages/linorobot2_bringup)
[11.097s] INFO:colcon.colcon_ros.task.ament_cmake.build:Building ROS package in '/home/pi/linorobot2_ws/src/linorobot2/linorobot2_description' with build type 'ament_cmake'
[11.098s] INFO:colcon.colcon_cmake.task.cmake.build:Building CMake package in '/home/pi/linorobot2_ws/src/linorobot2/linorobot2_description'
[11.099s] INFO:colcon.colcon_core.shell:Skip shell extension 'powershell' for command environment: Not usable outside of PowerShell
[11.100s] DEBUG:colcon.colcon_core.shell:Skip shell extension 'dsv' for command environment
[11.133s] Level 1:colcon.colcon_core.environment:create_environment_scripts_only(linorobot2)
[11.134s] Level 1:colcon.colcon_core.environment:checking '/home/pi/linorobot2_ws/install/linorobot2' for CMake module files
[11.136s] DEBUG:colcon.colcon_core.event_handler.log_command:Invoked command in '/home/pi/linorobot2_ws/build/linorobot2' returned '0': CMAKE_PREFIX_PATH=${CMAKE_PREFIX_PATH}:/home/pi/linorobot2_ws/install/linorobot2_control:/home/pi/uros_ws/install/my_robot_controller:/opt/ros/humble /usr/bin/cmake --install /home/pi/linorobot2_ws/build/linorobot2
[11.139s] Level 1:colcon.colcon_core.environment:checking '/home/pi/linorobot2_ws/install/linorobot2' for CMake config files
[11.140s] Level 1:colcon.colcon_core.shell:create_environment_hook('linorobot2', 'cmake_prefix_path')
[11.141s] INFO:colcon.colcon_core.shell:Creating environment hook '/home/pi/linorobot2_ws/install/linorobot2/share/linorobot2/hook/cmake_prefix_path.ps1'
[11.144s] INFO:colcon.colcon_core.shell:Creating environment descriptor '/home/pi/linorobot2_ws/install/linorobot2/share/linorobot2/hook/cmake_prefix_path.dsv'
[11.147s] INFO:colcon.colcon_core.shell:Creating environment hook '/home/pi/linorobot2_ws/install/linorobot2/share/linorobot2/hook/cmake_prefix_path.sh'
[11.150s] Level 1:colcon.colcon_core.environment:checking '/home/pi/linorobot2_ws/install/linorobot2/bin'
[11.151s] Level 1:colcon.colcon_core.environment:checking '/home/pi/linorobot2_ws/install/linorobot2/lib/pkgconfig/linorobot2.pc'
[11.152s] Level 1:colcon.colcon_core.environment:checking '/home/pi/linorobot2_ws/install/linorobot2/lib/python3.10/site-packages'
[11.153s] Level 1:colcon.colcon_core.environment:checking '/home/pi/linorobot2_ws/install/linorobot2/bin'
[11.154s] INFO:colcon.colcon_core.shell:Creating package script '/home/pi/linorobot2_ws/install/linorobot2/share/linorobot2/package.ps1'
[11.158s] INFO:colcon.colcon_core.shell:Creating package descriptor '/home/pi/linorobot2_ws/install/linorobot2/share/linorobot2/package.dsv'
[11.160s] INFO:colcon.colcon_core.shell:Creating package script '/home/pi/linorobot2_ws/install/linorobot2/share/linorobot2/package.sh'
[11.163s] INFO:colcon.colcon_core.shell:Creating package script '/home/pi/linorobot2_ws/install/linorobot2/share/linorobot2/package.bash'
[11.166s] INFO:colcon.colcon_core.shell:Creating package script '/home/pi/linorobot2_ws/install/linorobot2/share/linorobot2/package.zsh'
[11.168s] Level 1:colcon.colcon_core.environment:create_file_with_runtime_dependencies(/home/pi/linorobot2_ws/install/linorobot2/share/colcon-core/packages/linorobot2)
[11.171s] Level 1:colcon.colcon_core.environment:create_environment_scripts_only(linorobot2)
[11.172s] Level 1:colcon.colcon_core.environment:checking '/home/pi/linorobot2_ws/install/linorobot2' for CMake module files
[11.175s] Level 1:colcon.colcon_core.environment:checking '/home/pi/linorobot2_ws/install/linorobot2' for CMake config files
[11.176s] Level 1:colcon.colcon_core.shell:create_environment_hook('linorobot2', 'cmake_prefix_path')
[11.177s] INFO:colcon.colcon_core.shell:Creating environment hook '/home/pi/linorobot2_ws/install/linorobot2/share/linorobot2/hook/cmake_prefix_path.ps1'
[11.180s] INFO:colcon.colcon_core.shell:Creating environment descriptor '/home/pi/linorobot2_ws/install/linorobot2/share/linorobot2/hook/cmake_prefix_path.dsv'
[11.182s] INFO:colcon.colcon_core.shell:Creating environment hook '/home/pi/linorobot2_ws/install/linorobot2/share/linorobot2/hook/cmake_prefix_path.sh'
[11.185s] Level 1:colcon.colcon_core.environment:checking '/home/pi/linorobot2_ws/install/linorobot2/bin'
[11.186s] Level 1:colcon.colcon_core.environment:checking '/home/pi/linorobot2_ws/install/linorobot2/lib/pkgconfig/linorobot2.pc'
[11.187s] Level 1:colcon.colcon_core.environment:checking '/home/pi/linorobot2_ws/install/linorobot2/lib/python3.10/site-packages'
[11.188s] Level 1:colcon.colcon_core.environment:checking '/home/pi/linorobot2_ws/install/linorobot2/bin'
[11.190s] INFO:colcon.colcon_core.shell:Creating package script '/home/pi/linorobot2_ws/install/linorobot2/share/linorobot2/package.ps1'
[11.192s] INFO:colcon.colcon_core.shell:Creating package descriptor '/home/pi/linorobot2_ws/install/linorobot2/share/linorobot2/package.dsv'
[11.195s] INFO:colcon.colcon_core.shell:Creating package script '/home/pi/linorobot2_ws/install/linorobot2/share/linorobot2/package.sh'
[11.197s] INFO:colcon.colcon_core.shell:Creating package script '/home/pi/linorobot2_ws/install/linorobot2/share/linorobot2/package.bash'
[11.200s] INFO:colcon.colcon_core.shell:Creating package script '/home/pi/linorobot2_ws/install/linorobot2/share/linorobot2/package.zsh'
[11.203s] Level 1:colcon.colcon_core.environment:create_file_with_runtime_dependencies(/home/pi/linorobot2_ws/install/linorobot2/share/colcon-core/packages/linorobot2)
[11.206s] Level 1:colcon.colcon_core.environment:create_environment_scripts_only(linorobot2_base)
[11.207s] Level 1:colcon.colcon_core.environment:checking '/home/pi/linorobot2_ws/install/linorobot2_base' for CMake module files
[11.213s] DEBUG:colcon.colcon_core.event_handler.log_command:Invoked command in '/home/pi/linorobot2_ws/build/linorobot2_base' returned '0': CMAKE_PREFIX_PATH=${CMAKE_PREFIX_PATH}:/home/pi/linorobot2_ws/install/linorobot2_control:/home/pi/uros_ws/install/my_robot_controller:/opt/ros/humble /usr/bin/cmake --install /home/pi/linorobot2_ws/build/linorobot2_base
[11.213s] Level 1:colcon.colcon_core.environment:checking '/home/pi/linorobot2_ws/install/linorobot2_base' for CMake config files
[11.215s] Level 1:colcon.colcon_core.shell:create_environment_hook('linorobot2_base', 'cmake_prefix_path')
[11.216s] INFO:colcon.colcon_core.shell:Creating environment hook '/home/pi/linorobot2_ws/install/linorobot2_base/share/linorobot2_base/hook/cmake_prefix_path.ps1'
[11.219s] INFO:colcon.colcon_core.shell:Creating environment descriptor '/home/pi/linorobot2_ws/install/linorobot2_base/share/linorobot2_base/hook/cmake_prefix_path.dsv'
[11.221s] INFO:colcon.colcon_core.shell:Creating environment hook '/home/pi/linorobot2_ws/install/linorobot2_base/share/linorobot2_base/hook/cmake_prefix_path.sh'
[11.225s] Level 1:colcon.colcon_core.environment:checking '/home/pi/linorobot2_ws/install/linorobot2_base/bin'
[11.225s] Level 1:colcon.colcon_core.environment:checking '/home/pi/linorobot2_ws/install/linorobot2_base/lib/pkgconfig/linorobot2_base.pc'
[11.226s] Level 1:colcon.colcon_core.environment:checking '/home/pi/linorobot2_ws/install/linorobot2_base/lib/python3.10/site-packages'
[11.228s] Level 1:colcon.colcon_core.environment:checking '/home/pi/linorobot2_ws/install/linorobot2_base/bin'
[11.229s] INFO:colcon.colcon_core.shell:Creating package script '/home/pi/linorobot2_ws/install/linorobot2_base/share/linorobot2_base/package.ps1'
[11.232s] INFO:colcon.colcon_core.shell:Creating package descriptor '/home/pi/linorobot2_ws/install/linorobot2_base/share/linorobot2_base/package.dsv'
[11.234s] INFO:colcon.colcon_core.shell:Creating package script '/home/pi/linorobot2_ws/install/linorobot2_base/share/linorobot2_base/package.sh'
[11.236s] INFO:colcon.colcon_core.shell:Creating package script '/home/pi/linorobot2_ws/install/linorobot2_base/share/linorobot2_base/package.bash'
[11.239s] INFO:colcon.colcon_core.shell:Creating package script '/home/pi/linorobot2_ws/install/linorobot2_base/share/linorobot2_base/package.zsh'
[11.241s] Level 1:colcon.colcon_core.environment:create_file_with_runtime_dependencies(/home/pi/linorobot2_ws/install/linorobot2_base/share/colcon-core/packages/linorobot2_base)
[11.244s] Level 1:colcon.colcon_core.environment:create_environment_scripts_only(linorobot2_base)
[11.245s] Level 1:colcon.colcon_core.environment:checking '/home/pi/linorobot2_ws/install/linorobot2_base' for CMake module files
[11.248s] Level 1:colcon.colcon_core.environment:checking '/home/pi/linorobot2_ws/install/linorobot2_base' for CMake config files
[11.249s] Level 1:colcon.colcon_core.shell:create_environment_hook('linorobot2_base', 'cmake_prefix_path')
[11.250s] INFO:colcon.colcon_core.shell:Creating environment hook '/home/pi/linorobot2_ws/install/linorobot2_base/share/linorobot2_base/hook/cmake_prefix_path.ps1'
[11.254s] INFO:colcon.colcon_core.shell:Creating environment descriptor '/home/pi/linorobot2_ws/install/linorobot2_base/share/linorobot2_base/hook/cmake_prefix_path.dsv'
[11.256s] INFO:colcon.colcon_core.shell:Creating environment hook '/home/pi/linorobot2_ws/install/linorobot2_base/share/linorobot2_base/hook/cmake_prefix_path.sh'
[11.259s] Level 1:colcon.colcon_core.environment:checking '/home/pi/linorobot2_ws/install/linorobot2_base/bin'
[11.260s] Level 1:colcon.colcon_core.environment:checking '/home/pi/linorobot2_ws/install/linorobot2_base/lib/pkgconfig/linorobot2_base.pc'
[11.261s] Level 1:colcon.colcon_core.environment:checking '/home/pi/linorobot2_ws/install/linorobot2_base/lib/python3.10/site-packages'
[11.262s] Level 1:colcon.colcon_core.environment:checking '/home/pi/linorobot2_ws/install/linorobot2_base/bin'
[11.263s] INFO:colcon.colcon_core.shell:Creating package script '/home/pi/linorobot2_ws/install/linorobot2_base/share/linorobot2_base/package.ps1'
[11.266s] INFO:colcon.colcon_core.shell:Creating package descriptor '/home/pi/linorobot2_ws/install/linorobot2_base/share/linorobot2_base/package.dsv'
[11.269s] INFO:colcon.colcon_core.shell:Creating package script '/home/pi/linorobot2_ws/install/linorobot2_base/share/linorobot2_base/package.sh'
[11.274s] INFO:colcon.colcon_core.shell:Creating package script '/home/pi/linorobot2_ws/install/linorobot2_base/share/linorobot2_base/package.bash'
[11.277s] INFO:colcon.colcon_core.shell:Creating package script '/home/pi/linorobot2_ws/install/linorobot2_base/share/linorobot2_base/package.zsh'
[11.279s] Level 1:colcon.colcon_core.environment:create_file_with_runtime_dependencies(/home/pi/linorobot2_ws/install/linorobot2_base/share/colcon-core/packages/linorobot2_base)
[11.281s] INFO:colcon.colcon_ros.task.ament_cmake.build:Building ROS package in '/home/pi/linorobot2_ws/src/linorobot2/linorobot2_navigation' with build type 'ament_cmake'
[11.282s] INFO:colcon.colcon_cmake.task.cmake.build:Building CMake package in '/home/pi/linorobot2_ws/src/linorobot2/linorobot2_navigation'
[11.283s] INFO:colcon.colcon_core.shell:Skip shell extension 'powershell' for command environment: Not usable outside of PowerShell
[11.284s] DEBUG:colcon.colcon_core.shell:Skip shell extension 'dsv' for command environment
[11.312s] INFO:colcon.colcon_ros.task.ament_python.build:Building ROS package in '/home/pi/linorobot2_ws/src/linorobot2/linorobot2_rect' with build type 'ament_python'
[11.313s] Level 1:colcon.colcon_core.shell:create_environment_hook('linorobot2_rect', 'ament_prefix_path')
[11.315s] INFO:colcon.colcon_core.shell:Creating environment hook '/home/pi/linorobot2_ws/install/linorobot2_rect/share/linorobot2_rect/hook/ament_prefix_path.ps1'
[11.318s] INFO:colcon.colcon_core.shell:Creating environment descriptor '/home/pi/linorobot2_ws/install/linorobot2_rect/share/linorobot2_rect/hook/ament_prefix_path.dsv'
[11.322s] INFO:colcon.colcon_core.shell:Creating environment hook '/home/pi/linorobot2_ws/install/linorobot2_rect/share/linorobot2_rect/hook/ament_prefix_path.sh'
[11.326s] INFO:colcon.colcon_core.shell:Skip shell extension 'powershell' for command environment: Not usable outside of PowerShell
[11.326s] DEBUG:colcon.colcon_core.shell:Skip shell extension 'dsv' for command environment
[11.375s] DEBUG:colcon.colcon_core.event_handler.log_command:Invoking command in '/home/pi/linorobot2_ws/build/linorobot2_description': CMAKE_PREFIX_PATH=${CMAKE_PREFIX_PATH}:/home/pi/linorobot2_ws/install/linorobot2_control:/home/pi/uros_ws/install/my_robot_controller:/opt/ros/humble /usr/bin/cmake --build /home/pi/linorobot2_ws/build/linorobot2_description -- -j4 -l4
[11.410s] DEBUG:colcon.colcon_core.event_handler.log_command:Invoking command in '/home/pi/linorobot2_ws/build/linorobot2_navigation': CMAKE_PREFIX_PATH=${CMAKE_PREFIX_PATH}:/home/pi/linorobot2_ws/install/linorobot2_control:/home/pi/uros_ws/install/my_robot_controller:/opt/ros/humble /usr/bin/cmake --build /home/pi/linorobot2_ws/build/linorobot2_navigation -- -j4 -l4
[12.860s] INFO:colcon.colcon_core.task.python.build:Building Python package in '/home/pi/linorobot2_ws/src/linorobot2/linorobot2_rect'
[12.861s] INFO:colcon.colcon_core.shell:Skip shell extension 'powershell' for command environment: Not usable outside of PowerShell
[12.862s] DEBUG:colcon.colcon_core.shell:Skip shell extension 'dsv' for command environment
[12.891s] DEBUG:colcon.colcon_core.event_handler.log_command:Invoked command in '/home/pi/linorobot2_ws/build/linorobot2_navigation' returned '0': CMAKE_PREFIX_PATH=${CMAKE_PREFIX_PATH}:/home/pi/linorobot2_ws/install/linorobot2_control:/home/pi/uros_ws/install/my_robot_controller:/opt/ros/humble /usr/bin/cmake --build /home/pi/linorobot2_ws/build/linorobot2_navigation -- -j4 -l4
[12.906s] DEBUG:colcon.colcon_core.event_handler.log_command:Invoking command in '/home/pi/linorobot2_ws/build/linorobot2_navigation': CMAKE_PREFIX_PATH=${CMAKE_PREFIX_PATH}:/home/pi/linorobot2_ws/install/linorobot2_control:/home/pi/uros_ws/install/my_robot_controller:/opt/ros/humble /usr/bin/cmake --install /home/pi/linorobot2_ws/build/linorobot2_navigation
[12.912s] DEBUG:colcon.colcon_core.event_handler.log_command:Invoked command in '/home/pi/linorobot2_ws/build/linorobot2_description' returned '0': CMAKE_PREFIX_PATH=${CMAKE_PREFIX_PATH}:/home/pi/linorobot2_ws/install/linorobot2_control:/home/pi/uros_ws/install/my_robot_controller:/opt/ros/humble /usr/bin/cmake --build /home/pi/linorobot2_ws/build/linorobot2_description -- -j4 -l4
[12.919s] DEBUG:colcon.colcon_core.event_handler.log_command:Invoking command in '/home/pi/linorobot2_ws/build/linorobot2_description': CMAKE_PREFIX_PATH=${CMAKE_PREFIX_PATH}:/home/pi/linorobot2_ws/install/linorobot2_control:/home/pi/uros_ws/install/my_robot_controller:/opt/ros/humble /usr/bin/cmake --install /home/pi/linorobot2_ws/build/linorobot2_description
[12.962s] Level 1:colcon.colcon_core.environment:create_environment_scripts_only(linorobot2_navigation)
[12.963s] Level 1:colcon.colcon_core.environment:checking '/home/pi/linorobot2_ws/install/linorobot2_navigation' for CMake module files
[12.976s] Level 1:colcon.colcon_core.environment:checking '/home/pi/linorobot2_ws/install/linorobot2_navigation' for CMake config files
[12.979s] Level 1:colcon.colcon_core.shell:create_environment_hook('linorobot2_navigation', 'cmake_prefix_path')
[12.980s] INFO:colcon.colcon_core.shell:Creating environment hook '/home/pi/linorobot2_ws/install/linorobot2_navigation/share/linorobot2_navigation/hook/cmake_prefix_path.ps1'
[12.991s] INFO:colcon.colcon_core.shell:Creating environment descriptor '/home/pi/linorobot2_ws/install/linorobot2_navigation/share/linorobot2_navigation/hook/cmake_prefix_path.dsv'
[12.997s] INFO:colcon.colcon_core.shell:Creating environment hook '/home/pi/linorobot2_ws/install/linorobot2_navigation/share/linorobot2_navigation/hook/cmake_prefix_path.sh'
[13.008s] DEBUG:colcon.colcon_core.event_handler.log_command:Invoked command in '/home/pi/linorobot2_ws/build/linorobot2_navigation' returned '0': CMAKE_PREFIX_PATH=${CMAKE_PREFIX_PATH}:/home/pi/linorobot2_ws/install/linorobot2_control:/home/pi/uros_ws/install/my_robot_controller:/opt/ros/humble /usr/bin/cmake --install /home/pi/linorobot2_ws/build/linorobot2_navigation
[13.010s] Level 1:colcon.colcon_core.environment:checking '/home/pi/linorobot2_ws/install/linorobot2_navigation/bin'
[13.011s] Level 1:colcon.colcon_core.environment:checking '/home/pi/linorobot2_ws/install/linorobot2_navigation/lib/pkgconfig/linorobot2_navigation.pc'
[13.012s] Level 1:colcon.colcon_core.environment:checking '/home/pi/linorobot2_ws/install/linorobot2_navigation/lib/python3.10/site-packages'
[13.013s] Level 1:colcon.colcon_core.environment:checking '/home/pi/linorobot2_ws/install/linorobot2_navigation/bin'
[13.015s] INFO:colcon.colcon_core.shell:Creating package script '/home/pi/linorobot2_ws/install/linorobot2_navigation/share/linorobot2_navigation/package.ps1'
[13.028s] INFO:colcon.colcon_core.shell:Creating package descriptor '/home/pi/linorobot2_ws/install/linorobot2_navigation/share/linorobot2_navigation/package.dsv'
[13.041s] INFO:colcon.colcon_core.shell:Creating package script '/home/pi/linorobot2_ws/install/linorobot2_navigation/share/linorobot2_navigation/package.sh'
[13.044s] INFO:colcon.colcon_core.shell:Creating package script '/home/pi/linorobot2_ws/install/linorobot2_navigation/share/linorobot2_navigation/package.bash'
[13.050s] INFO:colcon.colcon_core.shell:Creating package script '/home/pi/linorobot2_ws/install/linorobot2_navigation/share/linorobot2_navigation/package.zsh'
[13.057s] Level 1:colcon.colcon_core.environment:create_file_with_runtime_dependencies(/home/pi/linorobot2_ws/install/linorobot2_navigation/share/colcon-core/packages/linorobot2_navigation)
[13.064s] Level 1:colcon.colcon_core.environment:create_environment_scripts_only(linorobot2_navigation)
[13.065s] Level 1:colcon.colcon_core.environment:checking '/home/pi/linorobot2_ws/install/linorobot2_navigation' for CMake module files
[13.071s] Level 1:colcon.colcon_core.environment:checking '/home/pi/linorobot2_ws/install/linorobot2_navigation' for CMake config files
[13.072s] Level 1:colcon.colcon_core.shell:create_environment_hook('linorobot2_navigation', 'cmake_prefix_path')
[13.073s] INFO:colcon.colcon_core.shell:Creating environment hook '/home/pi/linorobot2_ws/install/linorobot2_navigation/share/linorobot2_navigation/hook/cmake_prefix_path.ps1'
[13.076s] INFO:colcon.colcon_core.shell:Creating environment descriptor '/home/pi/linorobot2_ws/install/linorobot2_navigation/share/linorobot2_navigation/hook/cmake_prefix_path.dsv'
[13.078s] INFO:colcon.colcon_core.shell:Creating environment hook '/home/pi/linorobot2_ws/install/linorobot2_navigation/share/linorobot2_navigation/hook/cmake_prefix_path.sh'
[13.081s] Level 1:colcon.colcon_core.environment:checking '/home/pi/linorobot2_ws/install/linorobot2_navigation/bin'
[13.082s] Level 1:colcon.colcon_core.environment:checking '/home/pi/linorobot2_ws/install/linorobot2_navigation/lib/pkgconfig/linorobot2_navigation.pc'
[13.083s] Level 1:colcon.colcon_core.environment:checking '/home/pi/linorobot2_ws/install/linorobot2_navigation/lib/python3.10/site-packages'
[13.084s] Level 1:colcon.colcon_core.environment:checking '/home/pi/linorobot2_ws/install/linorobot2_navigation/bin'
[13.086s] INFO:colcon.colcon_core.shell:Creating package script '/home/pi/linorobot2_ws/install/linorobot2_navigation/share/linorobot2_navigation/package.ps1'
[13.090s] INFO:colcon.colcon_core.shell:Creating package descriptor '/home/pi/linorobot2_ws/install/linorobot2_navigation/share/linorobot2_navigation/package.dsv'
[13.093s] INFO:colcon.colcon_core.shell:Creating package script '/home/pi/linorobot2_ws/install/linorobot2_navigation/share/linorobot2_navigation/package.sh'
[13.096s] INFO:colcon.colcon_core.shell:Creating package script '/home/pi/linorobot2_ws/install/linorobot2_navigation/share/linorobot2_navigation/package.bash'
[13.099s] INFO:colcon.colcon_core.shell:Creating package script '/home/pi/linorobot2_ws/install/linorobot2_navigation/share/linorobot2_navigation/package.zsh'
[13.101s] Level 1:colcon.colcon_core.environment:create_file_with_runtime_dependencies(/home/pi/linorobot2_ws/install/linorobot2_navigation/share/colcon-core/packages/linorobot2_navigation)
[13.105s] INFO:colcon.colcon_ros.task.ament_cmake.build:Building ROS package in '/home/pi/linorobot2_ws/src/sllidar_ros2' with build type 'ament_cmake'
[13.106s] INFO:colcon.colcon_cmake.task.cmake.build:Building CMake package in '/home/pi/linorobot2_ws/src/sllidar_ros2'
[13.112s] INFO:colcon.colcon_core.shell:Skip shell extension 'powershell' for command environment: Not usable outside of PowerShell
[13.113s] DEBUG:colcon.colcon_core.shell:Skip shell extension 'dsv' for command environment
[13.154s] Level 1:colcon.colcon_core.environment:create_environment_scripts_only(linorobot2_description)
[13.155s] Level 1:colcon.colcon_core.environment:checking '/home/pi/linorobot2_ws/install/linorobot2_description' for CMake module files
[13.157s] DEBUG:colcon.colcon_core.event_handler.log_command:Invoked command in '/home/pi/linorobot2_ws/build/linorobot2_description' returned '0': CMAKE_PREFIX_PATH=${CMAKE_PREFIX_PATH}:/home/pi/linorobot2_ws/install/linorobot2_control:/home/pi/uros_ws/install/my_robot_controller:/opt/ros/humble /usr/bin/cmake --install /home/pi/linorobot2_ws/build/linorobot2_description
[13.161s] Level 1:colcon.colcon_core.environment:checking '/home/pi/linorobot2_ws/install/linorobot2_description' for CMake config files
[13.162s] Level 1:colcon.colcon_core.shell:create_environment_hook('linorobot2_description', 'cmake_prefix_path')
[13.164s] INFO:colcon.colcon_core.shell:Creating environment hook '/home/pi/linorobot2_ws/install/linorobot2_description/share/linorobot2_description/hook/cmake_prefix_path.ps1'
[13.167s] INFO:colcon.colcon_core.shell:Creating environment descriptor '/home/pi/linorobot2_ws/install/linorobot2_description/share/linorobot2_description/hook/cmake_prefix_path.dsv'
[13.173s] INFO:colcon.colcon_core.shell:Creating environment hook '/home/pi/linorobot2_ws/install/linorobot2_description/share/linorobot2_description/hook/cmake_prefix_path.sh'
[13.176s] Level 1:colcon.colcon_core.environment:checking '/home/pi/linorobot2_ws/install/linorobot2_description/bin'
[13.177s] Level 1:colcon.colcon_core.environment:checking '/home/pi/linorobot2_ws/install/linorobot2_description/lib/pkgconfig/linorobot2_description.pc'
[13.178s] Level 1:colcon.colcon_core.environment:checking '/home/pi/linorobot2_ws/install/linorobot2_description/lib/python3.10/site-packages'
[13.179s] Level 1:colcon.colcon_core.environment:checking '/home/pi/linorobot2_ws/install/linorobot2_description/bin'
[13.181s] INFO:colcon.colcon_core.shell:Creating package script '/home/pi/linorobot2_ws/install/linorobot2_description/share/linorobot2_description/package.ps1'
[13.184s] INFO:colcon.colcon_core.shell:Creating package descriptor '/home/pi/linorobot2_ws/install/linorobot2_description/share/linorobot2_description/package.dsv'
[13.190s] INFO:colcon.colcon_core.shell:Creating package script '/home/pi/linorobot2_ws/install/linorobot2_description/share/linorobot2_description/package.sh'
[13.193s] INFO:colcon.colcon_core.shell:Creating package script '/home/pi/linorobot2_ws/install/linorobot2_description/share/linorobot2_description/package.bash'
[13.195s] INFO:colcon.colcon_core.shell:Creating package script '/home/pi/linorobot2_ws/install/linorobot2_description/share/linorobot2_description/package.zsh'
[13.197s] Level 1:colcon.colcon_core.environment:create_file_with_runtime_dependencies(/home/pi/linorobot2_ws/install/linorobot2_description/share/colcon-core/packages/linorobot2_description)
[13.201s] Level 1:colcon.colcon_core.environment:create_environment_scripts_only(linorobot2_description)
[13.202s] Level 1:colcon.colcon_core.environment:checking '/home/pi/linorobot2_ws/install/linorobot2_description' for CMake module files
[13.207s] Level 1:colcon.colcon_core.environment:checking '/home/pi/linorobot2_ws/install/linorobot2_description' for CMake config files
[13.210s] Level 1:colcon.colcon_core.shell:create_environment_hook('linorobot2_description', 'cmake_prefix_path')
[13.211s] INFO:colcon.colcon_core.shell:Creating environment hook '/home/pi/linorobot2_ws/install/linorobot2_description/share/linorobot2_description/hook/cmake_prefix_path.ps1'
[13.214s] INFO:colcon.colcon_core.shell:Creating environment descriptor '/home/pi/linorobot2_ws/install/linorobot2_description/share/linorobot2_description/hook/cmake_prefix_path.dsv'
[13.216s] INFO:colcon.colcon_core.shell:Creating environment hook '/home/pi/linorobot2_ws/install/linorobot2_description/share/linorobot2_description/hook/cmake_prefix_path.sh'
[13.219s] Level 1:colcon.colcon_core.environment:checking '/home/pi/linorobot2_ws/install/linorobot2_description/bin'
[13.220s] Level 1:colcon.colcon_core.environment:checking '/home/pi/linorobot2_ws/install/linorobot2_description/lib/pkgconfig/linorobot2_description.pc'
[13.221s] Level 1:colcon.colcon_core.environment:checking '/home/pi/linorobot2_ws/install/linorobot2_description/lib/python3.10/site-packages'
[13.222s] Level 1:colcon.colcon_core.environment:checking '/home/pi/linorobot2_ws/install/linorobot2_description/bin'
[13.224s] INFO:colcon.colcon_core.shell:Creating package script '/home/pi/linorobot2_ws/install/linorobot2_description/share/linorobot2_description/package.ps1'
[13.230s] INFO:colcon.colcon_core.shell:Creating package descriptor '/home/pi/linorobot2_ws/install/linorobot2_description/share/linorobot2_description/package.dsv'
[13.233s] INFO:colcon.colcon_core.shell:Creating package script '/home/pi/linorobot2_ws/install/linorobot2_description/share/linorobot2_description/package.sh'
[13.236s] INFO:colcon.colcon_core.shell:Creating package script '/home/pi/linorobot2_ws/install/linorobot2_description/share/linorobot2_description/package.bash'
[13.239s] INFO:colcon.colcon_core.shell:Creating package script '/home/pi/linorobot2_ws/install/linorobot2_description/share/linorobot2_description/package.zsh'
[13.242s] Level 1:colcon.colcon_core.environment:create_file_with_runtime_dependencies(/home/pi/linorobot2_ws/install/linorobot2_description/share/colcon-core/packages/linorobot2_description)
[13.279s] DEBUG:colcon.colcon_core.event_handler.log_command:Invoking command in '/home/pi/linorobot2_ws/build/sllidar_ros2': CMAKE_PREFIX_PATH=${CMAKE_PREFIX_PATH}:/home/pi/linorobot2_ws/install/linorobot2_control:/home/pi/uros_ws/install/my_robot_controller:/opt/ros/humble /usr/bin/cmake --build /home/pi/linorobot2_ws/build/sllidar_ros2 -- -j4 -l4
[13.758s] DEBUG:colcon.colcon_core.event_handler.log_command:Invoking command in '/home/pi/linorobot2_ws/src/linorobot2/linorobot2_control': PYTHONPATH=/home/pi/linorobot2_ws/build/linorobot2_control/prefix_override:/usr/lib/python3/dist-packages/colcon_core/task/python/colcon_distutils_commands:/home/pi/linorobot2_ws/install/linorobot2_control/lib/python3.10/site-packages:${PYTHONPATH} /usr/bin/python3 -W ignore:setup.py install is deprecated -W ignore:easy_install command is deprecated setup.py egg_info --egg-base ../../../build/linorobot2_control build --build-base /home/pi/linorobot2_ws/build/linorobot2_control/build install --record /home/pi/linorobot2_ws/build/linorobot2_control/install.log --single-version-externally-managed install_data
[13.915s] DEBUG:colcon.colcon_core.event_handler.log_command:Invoked command in '/home/pi/linorobot2_ws/build/sllidar_ros2' returned '0': CMAKE_PREFIX_PATH=${CMAKE_PREFIX_PATH}:/home/pi/linorobot2_ws/install/linorobot2_control:/home/pi/uros_ws/install/my_robot_controller:/opt/ros/humble /usr/bin/cmake --build /home/pi/linorobot2_ws/build/sllidar_ros2 -- -j4 -l4
[13.927s] DEBUG:colcon.colcon_core.event_handler.log_command:Invoking command in '/home/pi/linorobot2_ws/build/sllidar_ros2': CMAKE_PREFIX_PATH=${CMAKE_PREFIX_PATH}:/home/pi/linorobot2_ws/install/linorobot2_control:/home/pi/uros_ws/install/my_robot_controller:/opt/ros/humble /usr/bin/cmake --install /home/pi/linorobot2_ws/build/sllidar_ros2
[14.014s] Level 1:colcon.colcon_core.environment:create_environment_scripts_only(sllidar_ros2)
[14.016s] Level 1:colcon.colcon_core.environment:checking '/home/pi/linorobot2_ws/install/sllidar_ros2' for CMake module files
[14.031s] Level 1:colcon.colcon_core.environment:checking '/home/pi/linorobot2_ws/install/sllidar_ros2' for CMake config files
[14.039s] DEBUG:colcon.colcon_core.event_handler.log_command:Invoked command in '/home/pi/linorobot2_ws/build/sllidar_ros2' returned '0': CMAKE_PREFIX_PATH=${CMAKE_PREFIX_PATH}:/home/pi/linorobot2_ws/install/linorobot2_control:/home/pi/uros_ws/install/my_robot_controller:/opt/ros/humble /usr/bin/cmake --install /home/pi/linorobot2_ws/build/sllidar_ros2
[14.040s] Level 1:colcon.colcon_core.shell:create_environment_hook('sllidar_ros2', 'cmake_prefix_path')
[14.041s] INFO:colcon.colcon_core.shell:Creating environment hook '/home/pi/linorobot2_ws/install/sllidar_ros2/share/sllidar_ros2/hook/cmake_prefix_path.ps1'
[14.044s] INFO:colcon.colcon_core.shell:Creating environment descriptor '/home/pi/linorobot2_ws/install/sllidar_ros2/share/sllidar_ros2/hook/cmake_prefix_path.dsv'
[14.048s] INFO:colcon.colcon_core.shell:Creating environment hook '/home/pi/linorobot2_ws/install/sllidar_ros2/share/sllidar_ros2/hook/cmake_prefix_path.sh'
[14.053s] Level 1:colcon.colcon_core.environment:checking '/home/pi/linorobot2_ws/install/sllidar_ros2/lib'
[14.054s] Level 1:colcon.colcon_core.environment:checking '/home/pi/linorobot2_ws/install/sllidar_ros2/bin'
[14.055s] Level 1:colcon.colcon_core.environment:checking '/home/pi/linorobot2_ws/install/sllidar_ros2/lib/pkgconfig/sllidar_ros2.pc'
[14.056s] Level 1:colcon.colcon_core.environment:checking '/home/pi/linorobot2_ws/install/sllidar_ros2/lib/python3.10/site-packages'
[14.057s] Level 1:colcon.colcon_core.environment:checking '/home/pi/linorobot2_ws/install/sllidar_ros2/bin'
[14.059s] INFO:colcon.colcon_core.shell:Creating package script '/home/pi/linorobot2_ws/install/sllidar_ros2/share/sllidar_ros2/package.ps1'
[14.061s] INFO:colcon.colcon_core.shell:Creating package descriptor '/home/pi/linorobot2_ws/install/sllidar_ros2/share/sllidar_ros2/package.dsv'
[14.064s] INFO:colcon.colcon_core.shell:Creating package script '/home/pi/linorobot2_ws/install/sllidar_ros2/share/sllidar_ros2/package.sh'
[14.070s] INFO:colcon.colcon_core.shell:Creating package script '/home/pi/linorobot2_ws/install/sllidar_ros2/share/sllidar_ros2/package.bash'
[14.073s] INFO:colcon.colcon_core.shell:Creating package script '/home/pi/linorobot2_ws/install/sllidar_ros2/share/sllidar_ros2/package.zsh'
[14.077s] Level 1:colcon.colcon_core.environment:create_file_with_runtime_dependencies(/home/pi/linorobot2_ws/install/sllidar_ros2/share/colcon-core/packages/sllidar_ros2)
[14.083s] Level 1:colcon.colcon_core.environment:create_environment_scripts_only(sllidar_ros2)
[14.084s] Level 1:colcon.colcon_core.environment:checking '/home/pi/linorobot2_ws/install/sllidar_ros2' for CMake module files
[14.090s] Level 1:colcon.colcon_core.environment:checking '/home/pi/linorobot2_ws/install/sllidar_ros2' for CMake config files
[14.092s] Level 1:colcon.colcon_core.shell:create_environment_hook('sllidar_ros2', 'cmake_prefix_path')
[14.093s] INFO:colcon.colcon_core.shell:Creating environment hook '/home/pi/linorobot2_ws/install/sllidar_ros2/share/sllidar_ros2/hook/cmake_prefix_path.ps1'
[14.095s] INFO:colcon.colcon_core.shell:Creating environment descriptor '/home/pi/linorobot2_ws/install/sllidar_ros2/share/sllidar_ros2/hook/cmake_prefix_path.dsv'
[14.098s] INFO:colcon.colcon_core.shell:Creating environment hook '/home/pi/linorobot2_ws/install/sllidar_ros2/share/sllidar_ros2/hook/cmake_prefix_path.sh'
[14.101s] Level 1:colcon.colcon_core.environment:checking '/home/pi/linorobot2_ws/install/sllidar_ros2/lib'
[14.105s] Level 1:colcon.colcon_core.environment:checking '/home/pi/linorobot2_ws/install/sllidar_ros2/bin'
[14.105s] Level 1:colcon.colcon_core.environment:checking '/home/pi/linorobot2_ws/install/sllidar_ros2/lib/pkgconfig/sllidar_ros2.pc'
[14.108s] Level 1:colcon.colcon_core.environment:checking '/home/pi/linorobot2_ws/install/sllidar_ros2/lib/python3.10/site-packages'
[14.109s] Level 1:colcon.colcon_core.environment:checking '/home/pi/linorobot2_ws/install/sllidar_ros2/bin'
[14.111s] INFO:colcon.colcon_core.shell:Creating package script '/home/pi/linorobot2_ws/install/sllidar_ros2/share/sllidar_ros2/package.ps1'
[14.115s] INFO:colcon.colcon_core.shell:Creating package descriptor '/home/pi/linorobot2_ws/install/sllidar_ros2/share/sllidar_ros2/package.dsv'
[14.118s] INFO:colcon.colcon_core.shell:Creating package script '/home/pi/linorobot2_ws/install/sllidar_ros2/share/sllidar_ros2/package.sh'
[14.123s] INFO:colcon.colcon_core.shell:Creating package script '/home/pi/linorobot2_ws/install/sllidar_ros2/share/sllidar_ros2/package.bash'
[14.128s] INFO:colcon.colcon_core.shell:Creating package script '/home/pi/linorobot2_ws/install/sllidar_ros2/share/sllidar_ros2/package.zsh'
[14.133s] Level 1:colcon.colcon_core.environment:create_file_with_runtime_dependencies(/home/pi/linorobot2_ws/install/sllidar_ros2/share/colcon-core/packages/sllidar_ros2)
[15.120s] DEBUG:colcon.colcon_core.event_handler.log_command:Invoking command in '/home/pi/linorobot2_ws/src/linorobot2/linorobot2_rect': PYTHONPATH=/home/pi/linorobot2_ws/build/linorobot2_rect/prefix_override:/usr/lib/python3/dist-packages/colcon_core/task/python/colcon_distutils_commands:/home/pi/linorobot2_ws/install/linorobot2_rect/lib/python3.10/site-packages:${PYTHONPATH} /usr/bin/python3 -W ignore:setup.py install is deprecated -W ignore:easy_install command is deprecated setup.py egg_info --egg-base ../../../build/linorobot2_rect build --build-base /home/pi/linorobot2_ws/build/linorobot2_rect/build install --record /home/pi/linorobot2_ws/build/linorobot2_rect/install.log --single-version-externally-managed install_data
[15.584s] Level 1:colcon.colcon_core.environment:checking '/home/pi/linorobot2_ws/install/linorobot2_control' for CMake module files
[15.586s] DEBUG:colcon.colcon_core.event_handler.log_command:Invoked command in '/home/pi/linorobot2_ws/src/linorobot2/linorobot2_control' returned '0': PYTHONPATH=/home/pi/linorobot2_ws/build/linorobot2_control/prefix_override:/usr/lib/python3/dist-packages/colcon_core/task/python/colcon_distutils_commands:/home/pi/linorobot2_ws/install/linorobot2_control/lib/python3.10/site-packages:${PYTHONPATH} /usr/bin/python3 -W ignore:setup.py install is deprecated -W ignore:easy_install command is deprecated setup.py egg_info --egg-base ../../../build/linorobot2_control build --build-base /home/pi/linorobot2_ws/build/linorobot2_control/build install --record /home/pi/linorobot2_ws/build/linorobot2_control/install.log --single-version-externally-managed install_data
[15.588s] Level 1:colcon.colcon_core.environment:checking '/home/pi/linorobot2_ws/install/linorobot2_control' for CMake config files
[15.593s] Level 1:colcon.colcon_core.environment:checking '/home/pi/linorobot2_ws/install/linorobot2_control/lib'
[15.593s] Level 1:colcon.colcon_core.environment:checking '/home/pi/linorobot2_ws/install/linorobot2_control/bin'
[15.595s] Level 1:colcon.colcon_core.shell:create_environment_hook('linorobot2_control', 'path')
[15.596s] INFO:colcon.colcon_core.shell:Creating environment hook '/home/pi/linorobot2_ws/install/linorobot2_control/share/linorobot2_control/hook/path.ps1'
[15.598s] INFO:colcon.colcon_core.shell:Creating environment descriptor '/home/pi/linorobot2_ws/install/linorobot2_control/share/linorobot2_control/hook/path.dsv'
[15.600s] INFO:colcon.colcon_core.shell:Creating environment hook '/home/pi/linorobot2_ws/install/linorobot2_control/share/linorobot2_control/hook/path.sh'
[15.603s] Level 1:colcon.colcon_core.environment:checking '/home/pi/linorobot2_ws/install/linorobot2_control/lib/pkgconfig/linorobot2_control.pc'
[15.605s] Level 1:colcon.colcon_core.environment:checking '/home/pi/linorobot2_ws/install/linorobot2_control/lib/python3.10/site-packages'
[15.605s] Level 1:colcon.colcon_core.shell:create_environment_hook('linorobot2_control', 'pythonpath')
[15.606s] INFO:colcon.colcon_core.shell:Creating environment hook '/home/pi/linorobot2_ws/install/linorobot2_control/share/linorobot2_control/hook/pythonpath.ps1'
[15.608s] INFO:colcon.colcon_core.shell:Creating environment descriptor '/home/pi/linorobot2_ws/install/linorobot2_control/share/linorobot2_control/hook/pythonpath.dsv'
[15.611s] INFO:colcon.colcon_core.shell:Creating environment hook '/home/pi/linorobot2_ws/install/linorobot2_control/share/linorobot2_control/hook/pythonpath.sh'
[15.614s] Level 1:colcon.colcon_core.environment:checking '/home/pi/linorobot2_ws/install/linorobot2_control/bin'
[15.615s] Level 1:colcon.colcon_core.shell:create_environment_hook('linorobot2_control', 'pythonscriptspath')
[15.616s] INFO:colcon.colcon_core.shell:Creating environment hook '/home/pi/linorobot2_ws/install/linorobot2_control/share/linorobot2_control/hook/pythonscriptspath.ps1'
[15.618s] INFO:colcon.colcon_core.shell:Creating environment descriptor '/home/pi/linorobot2_ws/install/linorobot2_control/share/linorobot2_control/hook/pythonscriptspath.dsv'
[15.620s] INFO:colcon.colcon_core.shell:Creating environment hook '/home/pi/linorobot2_ws/install/linorobot2_control/share/linorobot2_control/hook/pythonscriptspath.sh'
[15.622s] Level 1:colcon.colcon_core.environment:create_environment_scripts_only(linorobot2_control)
[15.624s] INFO:colcon.colcon_core.shell:Creating package script '/home/pi/linorobot2_ws/install/linorobot2_control/share/linorobot2_control/package.ps1'
[15.628s] INFO:colcon.colcon_core.shell:Creating package descriptor '/home/pi/linorobot2_ws/install/linorobot2_control/share/linorobot2_control/package.dsv'
[15.631s] INFO:colcon.colcon_core.shell:Creating package script '/home/pi/linorobot2_ws/install/linorobot2_control/share/linorobot2_control/package.sh'
[15.634s] INFO:colcon.colcon_core.shell:Creating package script '/home/pi/linorobot2_ws/install/linorobot2_control/share/linorobot2_control/package.bash'
[15.637s] INFO:colcon.colcon_core.shell:Creating package script '/home/pi/linorobot2_ws/install/linorobot2_control/share/linorobot2_control/package.zsh'
[15.639s] Level 1:colcon.colcon_core.environment:create_file_with_runtime_dependencies(/home/pi/linorobot2_ws/install/linorobot2_control/share/colcon-core/packages/linorobot2_control)
[16.631s] Level 1:colcon.colcon_core.environment:checking '/home/pi/linorobot2_ws/install/linorobot2_rect' for CMake module files
[16.633s] DEBUG:colcon.colcon_core.event_handler.log_command:Invoked command in '/home/pi/linorobot2_ws/src/linorobot2/linorobot2_rect' returned '0': PYTHONPATH=/home/pi/linorobot2_ws/build/linorobot2_rect/prefix_override:/usr/lib/python3/dist-packages/colcon_core/task/python/colcon_distutils_commands:/home/pi/linorobot2_ws/install/linorobot2_rect/lib/python3.10/site-packages:${PYTHONPATH} /usr/bin/python3 -W ignore:setup.py install is deprecated -W ignore:easy_install command is deprecated setup.py egg_info --egg-base ../../../build/linorobot2_rect build --build-base /home/pi/linorobot2_ws/build/linorobot2_rect/build install --record /home/pi/linorobot2_ws/build/linorobot2_rect/install.log --single-version-externally-managed install_data
[16.634s] Level 1:colcon.colcon_core.environment:checking '/home/pi/linorobot2_ws/install/linorobot2_rect' for CMake config files
[16.637s] Level 1:colcon.colcon_core.environment:checking '/home/pi/linorobot2_ws/install/linorobot2_rect/lib'
[16.638s] Level 1:colcon.colcon_core.environment:checking '/home/pi/linorobot2_ws/install/linorobot2_rect/bin'
[16.638s] Level 1:colcon.colcon_core.environment:checking '/home/pi/linorobot2_ws/install/linorobot2_rect/lib/pkgconfig/linorobot2_rect.pc'
[16.639s] Level 1:colcon.colcon_core.environment:checking '/home/pi/linorobot2_ws/install/linorobot2_rect/lib/python3.10/site-packages'
[16.639s] Level 1:colcon.colcon_core.shell:create_environment_hook('linorobot2_rect', 'pythonpath')
[16.640s] INFO:colcon.colcon_core.shell:Creating environment hook '/home/pi/linorobot2_ws/install/linorobot2_rect/share/linorobot2_rect/hook/pythonpath.ps1'
[16.642s] INFO:colcon.colcon_core.shell:Creating environment descriptor '/home/pi/linorobot2_ws/install/linorobot2_rect/share/linorobot2_rect/hook/pythonpath.dsv'
[16.644s] INFO:colcon.colcon_core.shell:Creating environment hook '/home/pi/linorobot2_ws/install/linorobot2_rect/share/linorobot2_rect/hook/pythonpath.sh'
[16.646s] Level 1:colcon.colcon_core.environment:checking '/home/pi/linorobot2_ws/install/linorobot2_rect/bin'
[16.647s] Level 1:colcon.colcon_core.environment:create_environment_scripts_only(linorobot2_rect)
[16.648s] INFO:colcon.colcon_core.shell:Creating package script '/home/pi/linorobot2_ws/install/linorobot2_rect/share/linorobot2_rect/package.ps1'
[16.651s] INFO:colcon.colcon_core.shell:Creating package descriptor '/home/pi/linorobot2_ws/install/linorobot2_rect/share/linorobot2_rect/package.dsv'
[16.653s] INFO:colcon.colcon_core.shell:Creating package script '/home/pi/linorobot2_ws/install/linorobot2_rect/share/linorobot2_rect/package.sh'
[16.655s] INFO:colcon.colcon_core.shell:Creating package script '/home/pi/linorobot2_ws/install/linorobot2_rect/share/linorobot2_rect/package.bash'
[16.656s] INFO:colcon.colcon_core.shell:Creating package script '/home/pi/linorobot2_ws/install/linorobot2_rect/share/linorobot2_rect/package.zsh'
[16.658s] Level 1:colcon.colcon_core.environment:create_file_with_runtime_dependencies(/home/pi/linorobot2_ws/install/linorobot2_rect/share/colcon-core/packages/linorobot2_rect)
[16.659s] DEBUG:colcon.colcon_parallel_executor.executor.parallel:closing loop
[16.660s] DEBUG:colcon.colcon_parallel_executor.executor.parallel:loop closed
[16.661s] DEBUG:colcon.colcon_parallel_executor.executor.parallel:run_until_complete finished with '0'
[16.661s] DEBUG:colcon.colcon_core.event_reactor:joining thread
[16.693s] INFO:colcon.colcon_core.plugin_system:Skipping extension 'colcon_notification.desktop_notification.notify_send': Could not find 'notify-send'
[16.694s] INFO:colcon.colcon_core.plugin_system:Skipping extension 'colcon_notification.desktop_notification.terminal_notifier': Not used on non-Darwin systems
[16.694s] INFO:colcon.colcon_core.plugin_system:Skipping extension 'colcon_notification.desktop_notification.win32': Not used on non-Windows systems
[16.694s] INFO:colcon.colcon_notification.desktop_notification:Sending desktop notification using 'notify2'
[16.697s] DEBUG:colcon.colcon_notification.desktop_notification.notify2:Failed to initialize notify2: org.freedesktop.DBus.Error.ServiceUnknown: The name org.freedesktop.Notifications was not provided by any .service files
[16.698s] DEBUG:colcon.colcon_core.event_reactor:joined thread
[16.699s] INFO:colcon.colcon_core.shell:Creating prefix script '/home/pi/linorobot2_ws/install/local_setup.ps1'
[16.704s] INFO:colcon.colcon_core.shell:Creating prefix util module '/home/pi/linorobot2_ws/install/_local_setup_util_ps1.py'
[16.714s] INFO:colcon.colcon_core.shell:Creating prefix chain script '/home/pi/linorobot2_ws/install/setup.ps1'
[16.722s] INFO:colcon.colcon_core.shell:Creating prefix script '/home/pi/linorobot2_ws/install/local_setup.sh'
[16.726s] INFO:colcon.colcon_core.shell:Creating prefix util module '/home/pi/linorobot2_ws/install/_local_setup_util_sh.py'
[16.729s] INFO:colcon.colcon_core.shell:Creating prefix chain script '/home/pi/linorobot2_ws/install/setup.sh'
[16.738s] INFO:colcon.colcon_core.shell:Creating prefix script '/home/pi/linorobot2_ws/install/local_setup.bash'
[16.741s] INFO:colcon.colcon_core.shell:Creating prefix chain script '/home/pi/linorobot2_ws/install/setup.bash'
[16.750s] INFO:colcon.colcon_core.shell:Creating prefix script '/home/pi/linorobot2_ws/install/local_setup.zsh'
[16.753s] INFO:colcon.colcon_core.shell:Creating prefix chain script '/home/pi/linorobot2_ws/install/setup.zsh'
