[0.122s] Invoking command in '/home/pi/linorobot2_ws/build/linorobot2_base': CMAKE_PREFIX_PATH=${CMAKE_PREFIX_PATH}:/home/pi/linorobot2_ws/install/linorobot2_control:/home/pi/uros_ws/install/my_robot_controller:/opt/ros/humble /usr/bin/cmake --build /home/pi/linorobot2_ws/build/linorobot2_base -- -j4 -l4
[0.346s] Invoked command in '/home/pi/linorobot2_ws/build/linorobot2_base' returned '0': CMAKE_PREFIX_PATH=${CMAKE_PREFIX_PATH}:/home/pi/linorobot2_ws/install/linorobot2_control:/home/pi/uros_ws/install/my_robot_controller:/opt/ros/humble /usr/bin/cmake --build /home/pi/linorobot2_ws/build/linorobot2_base -- -j4 -l4
[0.350s] Invoking command in '/home/pi/linorobot2_ws/build/linorobot2_base': CMAKE_PREFIX_PATH=${CMAKE_PREFIX_PATH}:/home/pi/linorobot2_ws/install/linorobot2_control:/home/pi/uros_ws/install/my_robot_controller:/opt/ros/humble /usr/bin/cmake --install /home/pi/linorobot2_ws/build/linorobot2_base
[0.420s] -- Install configuration: ""
[0.427s] -- Up-to-date: /home/pi/linorobot2_ws/install/linorobot2_base/share/linorobot2_base/config
[0.431s] -- Up-to-date: /home/pi/linorobot2_ws/install/linorobot2_base/share/linorobot2_base/config/ekf.yaml
[0.432s] -- Up-to-date: /home/pi/linorobot2_ws/install/linorobot2_base/share/ament_index/resource_index/package_run_dependencies/linorobot2_base
[0.432s] -- Up-to-date: /home/pi/linorobot2_ws/install/linorobot2_base/share/ament_index/resource_index/parent_prefix_path/linorobot2_base
[0.434s] -- Up-to-date: /home/pi/linorobot2_ws/install/linorobot2_base/share/linorobot2_base/environment/ament_prefix_path.sh
[0.434s] -- Up-to-date: /home/pi/linorobot2_ws/install/linorobot2_base/share/linorobot2_base/environment/ament_prefix_path.dsv
[0.436s] -- Up-to-date: /home/pi/linorobot2_ws/install/linorobot2_base/share/linorobot2_base/environment/path.sh
[0.437s] -- Up-to-date: /home/pi/linorobot2_ws/install/linorobot2_base/share/linorobot2_base/environment/path.dsv
[0.438s] -- Up-to-date: /home/pi/linorobot2_ws/install/linorobot2_base/share/linorobot2_base/local_setup.bash
[0.439s] -- Up-to-date: /home/pi/linorobot2_ws/install/linorobot2_base/share/linorobot2_base/local_setup.sh
[0.439s] -- Up-to-date: /home/pi/linorobot2_ws/install/linorobot2_base/share/linorobot2_base/local_setup.zsh
[0.441s] -- Up-to-date: /home/pi/linorobot2_ws/install/linorobot2_base/share/linorobot2_base/local_setup.dsv
[0.442s] -- Installing: /home/pi/linorobot2_ws/install/linorobot2_base/share/linorobot2_base/package.dsv
[0.448s] -- Up-to-date: /home/pi/linorobot2_ws/install/linorobot2_base/share/ament_index/resource_index/packages/linorobot2_base
[0.463s] -- Up-to-date: /home/pi/linorobot2_ws/install/linorobot2_base/share/linorobot2_base/cmake/linorobot2_baseConfig.cmake
[0.463s] -- Up-to-date: /home/pi/linorobot2_ws/install/linorobot2_base/share/linorobot2_base/cmake/linorobot2_baseConfig-version.cmake
[0.464s] -- Up-to-date: /home/pi/linorobot2_ws/install/linorobot2_base/share/linorobot2_base/package.xml
[0.477s] Invoked command in '/home/pi/linorobot2_ws/build/linorobot2_base' returned '0': CMAKE_PREFIX_PATH=${CMAKE_PREFIX_PATH}:/home/pi/linorobot2_ws/install/linorobot2_control:/home/pi/uros_ws/install/my_robot_controller:/opt/ros/humble /usr/bin/cmake --install /home/pi/linorobot2_ws/build/linorobot2_base
