[0.125s] Invoking command in '/home/pi/linorobot2_ws/build/linorobot2_description': CMAKE_PREFIX_PATH=${CMAKE_PREFIX_PATH}:/home/pi/linorobot2_ws/install/linorobot2_control:/home/pi/uros_ws/install/my_robot_controller:/opt/ros/humble /usr/bin/cmake --build /home/pi/linorobot2_ws/build/linorobot2_description -- -j4 -l4
[0.401s] Invoked command in '/home/pi/linorobot2_ws/build/linorobot2_description' returned '0': CMAKE_PREFIX_PATH=${CMAKE_PREFIX_PATH}:/home/pi/linorobot2_ws/install/linorobot2_control:/home/pi/uros_ws/install/my_robot_controller:/opt/ros/humble /usr/bin/cmake --build /home/pi/linorobot2_ws/build/linorobot2_description -- -j4 -l4
[0.415s] Invoking command in '/home/pi/linorobot2_ws/build/linorobot2_description': CMAKE_PREFIX_PATH=${CMAKE_PREFIX_PATH}:/home/pi/linorobot2_ws/install/linorobot2_control:/home/pi/uros_ws/install/my_robot_controller:/opt/ros/humble /usr/bin/cmake --install /home/pi/linorobot2_ws/build/linorobot2_description
[0.461s] -- Install configuration: ""
[0.462s] -- Up-to-date: /home/pi/linorobot2_ws/install/linorobot2_description/share/linorobot2_description/launch
[0.462s] -- Up-to-date: /home/pi/linorobot2_ws/install/linorobot2_description/share/linorobot2_description/launch/description.launch.py
[0.465s] -- Up-to-date: /home/pi/linorobot2_ws/install/linorobot2_description/share/linorobot2_description/urdf
[0.466s] -- Up-to-date: /home/pi/linorobot2_ws/install/linorobot2_description/share/linorobot2_description/urdf/mech
[0.467s] -- Up-to-date: /home/pi/linorobot2_ws/install/linorobot2_description/share/linorobot2_description/urdf/mech/base.urdf.xacro
[0.468s] -- Up-to-date: /home/pi/linorobot2_ws/install/linorobot2_description/share/linorobot2_description/urdf/mech/caster_wheel.urdf.xacro
[0.469s] -- Up-to-date: /home/pi/linorobot2_ws/install/linorobot2_description/share/linorobot2_description/urdf/mech/wheel.urdf.xacro
[0.469s] -- Up-to-date: /home/pi/linorobot2_ws/install/linorobot2_description/share/linorobot2_description/urdf/mech/mecanum_wheel.urdf.xacro
[0.470s] -- Up-to-date: /home/pi/linorobot2_ws/install/linorobot2_description/share/linorobot2_description/urdf/2wd_properties.urdf.xacro
[0.470s] -- Up-to-date: /home/pi/linorobot2_ws/install/linorobot2_description/share/linorobot2_description/urdf/mecanum_properties.urdf.xacro
[0.471s] -- Up-to-date: /home/pi/linorobot2_ws/install/linorobot2_description/share/linorobot2_description/urdf/4wd_properties.urdf.xacro
[0.472s] -- Up-to-date: /home/pi/linorobot2_ws/install/linorobot2_description/share/linorobot2_description/urdf/sensors
[0.472s] -- Up-to-date: /home/pi/linorobot2_ws/install/linorobot2_description/share/linorobot2_description/urdf/sensors/imu.urdf.xacro
[0.473s] -- Up-to-date: /home/pi/linorobot2_ws/install/linorobot2_description/share/linorobot2_description/urdf/sensors/depth_sensor.urdf.xacro
[0.473s] -- Up-to-date: /home/pi/linorobot2_ws/install/linorobot2_description/share/linorobot2_description/urdf/sensors/sonar.urdf.xacro
[0.474s] -- Up-to-date: /home/pi/linorobot2_ws/install/linorobot2_description/share/linorobot2_description/urdf/sensors/laser.urdf.xacro
[0.474s] -- Up-to-date: /home/pi/linorobot2_ws/install/linorobot2_description/share/linorobot2_description/urdf/sensors/generic_laser.urdf.xacro
[0.475s] -- Up-to-date: /home/pi/linorobot2_ws/install/linorobot2_description/share/linorobot2_description/urdf/controllers
[0.476s] -- Up-to-date: /home/pi/linorobot2_ws/install/linorobot2_description/share/linorobot2_description/urdf/controllers/skid_steer.urdf.xacro
[0.476s] -- Up-to-date: /home/pi/linorobot2_ws/install/linorobot2_description/share/linorobot2_description/urdf/controllers/diff_drive.urdf.xacro
[0.477s] -- Up-to-date: /home/pi/linorobot2_ws/install/linorobot2_description/share/linorobot2_description/urdf/controllers/omni_drive.urdf.xacro
[0.477s] -- Up-to-date: /home/pi/linorobot2_ws/install/linorobot2_description/share/linorobot2_description/urdf/robots
[0.479s] -- Up-to-date: /home/pi/linorobot2_ws/install/linorobot2_description/share/linorobot2_description/urdf/robots/4wd.urdf.xacro
[0.480s] -- Up-to-date: /home/pi/linorobot2_ws/install/linorobot2_description/share/linorobot2_description/urdf/robots/turtlebot.urdf.xacro
[0.481s] -- Up-to-date: /home/pi/linorobot2_ws/install/linorobot2_description/share/linorobot2_description/urdf/robots/2wd.urdf.xacro
[0.481s] -- Up-to-date: /home/pi/linorobot2_ws/install/linorobot2_description/share/linorobot2_description/urdf/robots/vattenkar.urdf.xacro
[0.482s] -- Up-to-date: /home/pi/linorobot2_ws/install/linorobot2_description/share/linorobot2_description/urdf/robots/mecanum.urdf.xacro
[0.483s] -- Up-to-date: /home/pi/linorobot2_ws/install/linorobot2_description/share/linorobot2_description/rviz
[0.484s] -- Up-to-date: /home/pi/linorobot2_ws/install/linorobot2_description/share/linorobot2_description/rviz/description.rviz
[0.485s] -- Up-to-date: /home/pi/linorobot2_ws/install/linorobot2_description/share/ament_index/resource_index/package_run_dependencies/linorobot2_description
[0.485s] -- Up-to-date: /home/pi/linorobot2_ws/install/linorobot2_description/share/ament_index/resource_index/parent_prefix_path/linorobot2_description
[0.486s] -- Up-to-date: /home/pi/linorobot2_ws/install/linorobot2_description/share/linorobot2_description/environment/ament_prefix_path.sh
[0.487s] -- Up-to-date: /home/pi/linorobot2_ws/install/linorobot2_description/share/linorobot2_description/environment/ament_prefix_path.dsv
[0.488s] -- Up-to-date: /home/pi/linorobot2_ws/install/linorobot2_description/share/linorobot2_description/environment/path.sh
[0.489s] -- Up-to-date: /home/pi/linorobot2_ws/install/linorobot2_description/share/linorobot2_description/environment/path.dsv
[0.490s] -- Up-to-date: /home/pi/linorobot2_ws/install/linorobot2_description/share/linorobot2_description/local_setup.bash
[0.491s] -- Up-to-date: /home/pi/linorobot2_ws/install/linorobot2_description/share/linorobot2_description/local_setup.sh
[0.493s] -- Up-to-date: /home/pi/linorobot2_ws/install/linorobot2_description/share/linorobot2_description/local_setup.zsh
[0.496s] -- Up-to-date: /home/pi/linorobot2_ws/install/linorobot2_description/share/linorobot2_description/local_setup.dsv
[0.496s] -- Installing: /home/pi/linorobot2_ws/install/linorobot2_description/share/linorobot2_description/package.dsv
[0.498s] -- Up-to-date: /home/pi/linorobot2_ws/install/linorobot2_description/share/ament_index/resource_index/packages/linorobot2_description
[0.499s] -- Up-to-date: /home/pi/linorobot2_ws/install/linorobot2_description/share/linorobot2_description/cmake/linorobot2_descriptionConfig.cmake
[0.501s] -- Up-to-date: /home/pi/linorobot2_ws/install/linorobot2_description/share/linorobot2_description/cmake/linorobot2_descriptionConfig-version.cmake
[0.503s] -- Up-to-date: /home/pi/linorobot2_ws/install/linorobot2_description/share/linorobot2_description/package.xml
[0.734s] Invoked command in '/home/pi/linorobot2_ws/build/linorobot2_description' returned '0': CMAKE_PREFIX_PATH=${CMAKE_PREFIX_PATH}:/home/pi/linorobot2_ws/install/linorobot2_control:/home/pi/uros_ws/install/my_robot_controller:/opt/ros/humble /usr/bin/cmake --install /home/pi/linorobot2_ws/build/linorobot2_description
