[2.979s] Invoking command in '/home/pi/linorobot2_ws/src/linorobot2/linorobot2_rect': PYTHONPATH=/home/pi/linorobot2_ws/build/linorobot2_rect/prefix_override:/usr/lib/python3/dist-packages/colcon_core/task/python/colcon_distutils_commands:/home/pi/linorobot2_ws/install/linorobot2_rect/lib/python3.10/site-packages:${PYTHONPATH} /usr/bin/python3 -W ignore:setup.py install is deprecated -W ignore:easy_install command is deprecated setup.py egg_info --egg-base ../../../build/linorobot2_rect build --build-base /home/pi/linorobot2_ws/build/linorobot2_rect/build install --record /home/pi/linorobot2_ws/build/linorobot2_rect/install.log --single-version-externally-managed install_data
[3.997s] running egg_info
[3.999s] writing ../../../build/linorobot2_rect/linorobot2_rect.egg-info/PKG-INFO
[4.000s] writing dependency_links to ../../../build/linorobot2_rect/linorobot2_rect.egg-info/dependency_links.txt
[4.001s] writing entry points to ../../../build/linorobot2_rect/linorobot2_rect.egg-info/entry_points.txt
[4.002s] writing requirements to ../../../build/linorobot2_rect/linorobot2_rect.egg-info/requires.txt
[4.003s] writing top-level names to ../../../build/linorobot2_rect/linorobot2_rect.egg-info/top_level.txt
[4.011s] reading manifest file '../../../build/linorobot2_rect/linorobot2_rect.egg-info/SOURCES.txt'
[4.015s] writing manifest file '../../../build/linorobot2_rect/linorobot2_rect.egg-info/SOURCES.txt'
[4.016s] running build
[4.017s] running build_py
[4.018s] running install
[4.019s] running install_lib
[4.024s] running install_data
[4.025s] running install_egg_info
[4.032s] removing '/home/pi/linorobot2_ws/install/linorobot2_rect/lib/python3.10/site-packages/linorobot2_rect-0.0.0-py3.10.egg-info' (and everything under it)
[4.034s] Copying ../../../build/linorobot2_rect/linorobot2_rect.egg-info to /home/pi/linorobot2_ws/install/linorobot2_rect/lib/python3.10/site-packages/linorobot2_rect-0.0.0-py3.10.egg-info
[4.039s] running install_scripts
[4.120s] Installing rectangle_motion script to /home/pi/linorobot2_ws/install/linorobot2_rect/lib/linorobot2_rect
[4.121s] writing list of installed files to '/home/pi/linorobot2_ws/build/linorobot2_rect/install.log'
[4.239s] Invoked command in '/home/pi/linorobot2_ws/src/linorobot2/linorobot2_rect' returned '0': PYTHONPATH=/home/pi/linorobot2_ws/build/linorobot2_rect/prefix_override:/usr/lib/python3/dist-packages/colcon_core/task/python/colcon_distutils_commands:/home/pi/linorobot2_ws/install/linorobot2_rect/lib/python3.10/site-packages:${PYTHONPATH} /usr/bin/python3 -W ignore:setup.py install is deprecated -W ignore:easy_install command is deprecated setup.py egg_info --egg-base ../../../build/linorobot2_rect build --build-base /home/pi/linorobot2_ws/build/linorobot2_rect/build install --record /home/pi/linorobot2_ws/build/linorobot2_rect/install.log --single-version-externally-managed install_data
