[0.194s] Invoking command in '/home/pi/linorobot2_ws/build/linorobot2_navigation': CMAKE_PREFIX_PATH=${CMAKE_PREFIX_PATH}:/opt/ros/humble /usr/bin/cmake --build /home/pi/linorobot2_ws/build/linorobot2_navigation -- -j4 -l4
[0.293s] -- Found ament_cmake: 1.3.11 (/opt/ros/humble/share/ament_cmake/cmake)
[1.172s] -- Configuring done
[1.188s] -- Generating done
[1.197s] -- Build files have been written to: /home/pi/linorobot2_ws/build/linorobot2_navigation
[1.276s] Invoked command in '/home/pi/linorobot2_ws/build/linorobot2_navigation' returned '0': CMAKE_PREFIX_PATH=${CMAKE_PREFIX_PATH}:/opt/ros/humble /usr/bin/cmake --build /home/pi/linorobot2_ws/build/linorobot2_navigation -- -j4 -l4
[1.284s] Invoking command in '/home/pi/linorobot2_ws/build/linorobot2_navigation': CMAKE_PREFIX_PATH=${CMAKE_PREFIX_PATH}:/opt/ros/humble /usr/bin/cmake --install /home/pi/linorobot2_ws/build/linorobot2_navigation
[1.313s] -- Install configuration: ""
[1.313s] -- Up-to-date: /home/pi/linorobot2_ws/install/linorobot2_navigation/share/linorobot2_navigation/launch
[1.314s] -- Installing: /home/pi/linorobot2_ws/install/linorobot2_navigation/share/linorobot2_navigation/launch/slam.launch.py
[1.315s] -- Installing: /home/pi/linorobot2_ws/install/linorobot2_navigation/share/linorobot2_navigation/launch/navigation.launch.py
[1.316s] -- Up-to-date: /home/pi/linorobot2_ws/install/linorobot2_navigation/share/linorobot2_navigation/rviz
[1.316s] -- Installing: /home/pi/linorobot2_ws/install/linorobot2_navigation/share/linorobot2_navigation/rviz/linorobot2_navigation_minimal.rviz
[1.317s] -- Installing: /home/pi/linorobot2_ws/install/linorobot2_navigation/share/linorobot2_navigation/rviz/linorobot2_navigation.rviz
[1.319s] -- Installing: /home/pi/linorobot2_ws/install/linorobot2_navigation/share/linorobot2_navigation/rviz/linorobot2_slam.rviz
[1.320s] -- Up-to-date: /home/pi/linorobot2_ws/install/linorobot2_navigation/share/linorobot2_navigation/config
[1.320s] -- Installing: /home/pi/linorobot2_ws/install/linorobot2_navigation/share/linorobot2_navigation/config/navigation.yaml
[1.321s] -- Installing: /home/pi/linorobot2_ws/install/linorobot2_navigation/share/linorobot2_navigation/config/slam.yaml
[1.322s] -- Installing: /home/pi/linorobot2_ws/install/linorobot2_navigation/share/linorobot2_navigation/config/navigation_sim.yaml
[1.324s] -- Up-to-date: /home/pi/linorobot2_ws/install/linorobot2_navigation/share/linorobot2_navigation/maps
[1.324s] -- Installing: /home/pi/linorobot2_ws/install/linorobot2_navigation/share/linorobot2_navigation/maps/playground.pgm
[1.328s] -- Installing: /home/pi/linorobot2_ws/install/linorobot2_navigation/share/linorobot2_navigation/maps/playground.yaml
[1.329s] -- Up-to-date: /home/pi/linorobot2_ws/install/linorobot2_navigation/share/ament_index/resource_index/package_run_dependencies/linorobot2_navigation
[1.329s] -- Up-to-date: /home/pi/linorobot2_ws/install/linorobot2_navigation/share/ament_index/resource_index/parent_prefix_path/linorobot2_navigation
[1.330s] -- Up-to-date: /home/pi/linorobot2_ws/install/linorobot2_navigation/share/linorobot2_navigation/environment/ament_prefix_path.sh
[1.330s] -- Installing: /home/pi/linorobot2_ws/install/linorobot2_navigation/share/linorobot2_navigation/environment/ament_prefix_path.dsv
[1.332s] -- Up-to-date: /home/pi/linorobot2_ws/install/linorobot2_navigation/share/linorobot2_navigation/environment/path.sh
[1.332s] -- Installing: /home/pi/linorobot2_ws/install/linorobot2_navigation/share/linorobot2_navigation/environment/path.dsv
[1.333s] -- Up-to-date: /home/pi/linorobot2_ws/install/linorobot2_navigation/share/linorobot2_navigation/local_setup.bash
[1.334s] -- Up-to-date: /home/pi/linorobot2_ws/install/linorobot2_navigation/share/linorobot2_navigation/local_setup.sh
[1.334s] -- Up-to-date: /home/pi/linorobot2_ws/install/linorobot2_navigation/share/linorobot2_navigation/local_setup.zsh
[1.334s] -- Installing: /home/pi/linorobot2_ws/install/linorobot2_navigation/share/linorobot2_navigation/local_setup.dsv
[1.336s] -- Installing: /home/pi/linorobot2_ws/install/linorobot2_navigation/share/linorobot2_navigation/package.dsv
[1.337s] -- Up-to-date: /home/pi/linorobot2_ws/install/linorobot2_navigation/share/ament_index/resource_index/packages/linorobot2_navigation
[1.337s] -- Up-to-date: /home/pi/linorobot2_ws/install/linorobot2_navigation/share/linorobot2_navigation/cmake/linorobot2_navigationConfig.cmake
[1.337s] -- Up-to-date: /home/pi/linorobot2_ws/install/linorobot2_navigation/share/linorobot2_navigation/cmake/linorobot2_navigationConfig-version.cmake
[1.338s] -- Installing: /home/pi/linorobot2_ws/install/linorobot2_navigation/share/linorobot2_navigation/package.xml
[1.345s] Invoked command in '/home/pi/linorobot2_ws/build/linorobot2_navigation' returned '0': CMAKE_PREFIX_PATH=${CMAKE_PREFIX_PATH}:/opt/ros/humble /usr/bin/cmake --install /home/pi/linorobot2_ws/build/linorobot2_navigation
