[0.268s] Invoking command in '/home/pi/linorobot2_ws/src/build/linorobot2_navigation': CMAKE_PREFIX_PATH=${CMAKE_PREFIX_PATH}:/home/pi/linorobot2_ws/install/linorobot2_control:/home/pi/uros_ws/install/my_robot_controller:/opt/ros/humble /usr/bin/cmake /home/pi/linorobot2_ws/src/linorobot2/linorobot2_navigation -DCMAKE_INSTALL_PREFIX=/home/pi/linorobot2_ws/src/install/linorobot2_navigation
[0.565s] -- The C compiler identification is GNU 11.4.0
[0.835s] -- The CXX compiler identification is GNU 11.4.0
[0.866s] -- Detecting C compiler ABI info
[1.198s] -- Detecting C compiler ABI info - done
[1.223s] -- Check for working C compiler: /usr/bin/cc - skipped
[1.224s] -- Detecting C compile features
[1.225s] -- Detecting C compile features - done
[1.238s] -- Detecting CXX compiler ABI info
[1.684s] -- Detecting CXX compiler ABI info - done
[1.714s] -- Check for working CXX compiler: /usr/bin/c++ - skipped
[1.715s] -- Detecting CXX compile features
[1.716s] -- Detecting CXX compile features - done
[1.754s] -- Found ament_cmake: 1.3.11 (/opt/ros/humble/share/ament_cmake/cmake)
[2.739s] -- Found Python3: /usr/bin/python3 (found version "3.10.12") found components: Interpreter 
[3.998s] -- Configuring done
[4.023s] -- Generating done
[4.035s] -- Build files have been written to: /home/pi/linorobot2_ws/src/build/linorobot2_navigation
[4.051s] Invoked command in '/home/pi/linorobot2_ws/src/build/linorobot2_navigation' returned '0': CMAKE_PREFIX_PATH=${CMAKE_PREFIX_PATH}:/home/pi/linorobot2_ws/install/linorobot2_control:/home/pi/uros_ws/install/my_robot_controller:/opt/ros/humble /usr/bin/cmake /home/pi/linorobot2_ws/src/linorobot2/linorobot2_navigation -DCMAKE_INSTALL_PREFIX=/home/pi/linorobot2_ws/src/install/linorobot2_navigation
[4.061s] Invoking command in '/home/pi/linorobot2_ws/src/build/linorobot2_navigation': CMAKE_PREFIX_PATH=${CMAKE_PREFIX_PATH}:/home/pi/linorobot2_ws/install/linorobot2_control:/home/pi/uros_ws/install/my_robot_controller:/opt/ros/humble /usr/bin/cmake --build /home/pi/linorobot2_ws/src/build/linorobot2_navigation -- -j4 -l4
[4.261s] Invoked command in '/home/pi/linorobot2_ws/src/build/linorobot2_navigation' returned '0': CMAKE_PREFIX_PATH=${CMAKE_PREFIX_PATH}:/home/pi/linorobot2_ws/install/linorobot2_control:/home/pi/uros_ws/install/my_robot_controller:/opt/ros/humble /usr/bin/cmake --build /home/pi/linorobot2_ws/src/build/linorobot2_navigation -- -j4 -l4
[4.273s] Invoking command in '/home/pi/linorobot2_ws/src/build/linorobot2_navigation': CMAKE_PREFIX_PATH=${CMAKE_PREFIX_PATH}:/home/pi/linorobot2_ws/install/linorobot2_control:/home/pi/uros_ws/install/my_robot_controller:/opt/ros/humble /usr/bin/cmake --install /home/pi/linorobot2_ws/src/build/linorobot2_navigation
[4.316s] -- Install configuration: ""
[4.318s] -- Installing: /home/pi/linorobot2_ws/src/install/linorobot2_navigation/share/linorobot2_navigation/launch
[4.320s] -- Installing: /home/pi/linorobot2_ws/src/install/linorobot2_navigation/share/linorobot2_navigation/launch/slam.launch.py
[4.322s] -- Installing: /home/pi/linorobot2_ws/src/install/linorobot2_navigation/share/linorobot2_navigation/launch/navigation.launch.py
[4.324s] -- Installing: /home/pi/linorobot2_ws/src/install/linorobot2_navigation/share/linorobot2_navigation/rviz
[4.326s] -- Installing: /home/pi/linorobot2_ws/src/install/linorobot2_navigation/share/linorobot2_navigation/rviz/linorobot2_navigation_minimal.rviz
[4.328s] -- Installing: /home/pi/linorobot2_ws/src/install/linorobot2_navigation/share/linorobot2_navigation/rviz/linorobot2_navigation.rviz
[4.330s] -- Installing: /home/pi/linorobot2_ws/src/install/linorobot2_navigation/share/linorobot2_navigation/rviz/linorobot2_slam.rviz
[4.332s] -- Installing: /home/pi/linorobot2_ws/src/install/linorobot2_navigation/share/linorobot2_navigation/config
[4.333s] -- Installing: /home/pi/linorobot2_ws/src/install/linorobot2_navigation/share/linorobot2_navigation/config/navigation.yaml
[4.335s] -- Installing: /home/pi/linorobot2_ws/src/install/linorobot2_navigation/share/linorobot2_navigation/config/slam.yaml
[4.336s] -- Installing: /home/pi/linorobot2_ws/src/install/linorobot2_navigation/share/linorobot2_navigation/config/navigation_sim.yaml
[4.338s] -- Installing: /home/pi/linorobot2_ws/src/install/linorobot2_navigation/share/linorobot2_navigation/maps
[4.339s] -- Installing: /home/pi/linorobot2_ws/src/install/linorobot2_navigation/share/linorobot2_navigation/maps/playground.pgm
[4.344s] -- Installing: /home/pi/linorobot2_ws/src/install/linorobot2_navigation/share/linorobot2_navigation/maps/playground.yaml
[4.346s] -- Installing: /home/pi/linorobot2_ws/src/install/linorobot2_navigation/share/ament_index/resource_index/package_run_dependencies/linorobot2_navigation
[4.349s] -- Installing: /home/pi/linorobot2_ws/src/install/linorobot2_navigation/share/ament_index/resource_index/parent_prefix_path/linorobot2_navigation
[4.351s] -- Installing: /home/pi/linorobot2_ws/src/install/linorobot2_navigation/share/linorobot2_navigation/environment/ament_prefix_path.sh
[4.353s] -- Installing: /home/pi/linorobot2_ws/src/install/linorobot2_navigation/share/linorobot2_navigation/environment/ament_prefix_path.dsv
[4.355s] -- Installing: /home/pi/linorobot2_ws/src/install/linorobot2_navigation/share/linorobot2_navigation/environment/path.sh
[4.357s] -- Installing: /home/pi/linorobot2_ws/src/install/linorobot2_navigation/share/linorobot2_navigation/environment/path.dsv
[4.358s] -- Installing: /home/pi/linorobot2_ws/src/install/linorobot2_navigation/share/linorobot2_navigation/local_setup.bash
[4.360s] -- Installing: /home/pi/linorobot2_ws/src/install/linorobot2_navigation/share/linorobot2_navigation/local_setup.sh
[4.361s] -- Installing: /home/pi/linorobot2_ws/src/install/linorobot2_navigation/share/linorobot2_navigation/local_setup.zsh
[4.363s] -- Installing: /home/pi/linorobot2_ws/src/install/linorobot2_navigation/share/linorobot2_navigation/local_setup.dsv
[4.364s] -- Installing: /home/pi/linorobot2_ws/src/install/linorobot2_navigation/share/linorobot2_navigation/package.dsv
[4.366s] -- Installing: /home/pi/linorobot2_ws/src/install/linorobot2_navigation/share/ament_index/resource_index/packages/linorobot2_navigation
[4.369s] -- Installing: /home/pi/linorobot2_ws/src/install/linorobot2_navigation/share/linorobot2_navigation/cmake/linorobot2_navigationConfig.cmake
[4.370s] -- Installing: /home/pi/linorobot2_ws/src/install/linorobot2_navigation/share/linorobot2_navigation/cmake/linorobot2_navigationConfig-version.cmake
[4.374s] -- Installing: /home/pi/linorobot2_ws/src/install/linorobot2_navigation/share/linorobot2_navigation/package.xml
[4.396s] Invoked command in '/home/pi/linorobot2_ws/src/build/linorobot2_navigation' returned '0': CMAKE_PREFIX_PATH=${CMAKE_PREFIX_PATH}:/home/pi/linorobot2_ws/install/linorobot2_control:/home/pi/uros_ws/install/my_robot_controller:/opt/ros/humble /usr/bin/cmake --install /home/pi/linorobot2_ws/src/build/linorobot2_navigation
