[0.219s] Invoking command in '/home/pi/linorobot2_ws/build/linorobot2_navigation': CMAKE_PREFIX_PATH=${CMAKE_PREFIX_PATH}:/opt/ros/humble /usr/bin/cmake /home/pi/linorobot2_ws/src/linorobot2/linorobot2_navigation -DCMAKE_INSTALL_PREFIX=/home/pi/linorobot2_ws/install/linorobot2_navigation
[0.528s] -- The C compiler identification is GNU 11.4.0
[0.801s] -- The CXX compiler identification is GNU 11.4.0
[0.829s] -- Detecting C compiler ABI info
[1.150s] -- Detecting C compiler ABI info - done
[1.176s] -- Check for working C compiler: /usr/bin/cc - skipped
[1.177s] -- Detecting C compile features
[1.178s] -- Detecting C compile features - done
[1.189s] -- Detecting CXX compiler ABI info
[1.541s] -- Detecting CXX compiler ABI info - done
[1.568s] -- Check for working CXX compiler: /usr/bin/c++ - skipped
[1.569s] -- Detecting CXX compile features
[1.571s] -- Detecting CXX compile features - done
[1.604s] -- Found ament_cmake: 1.3.11 (/opt/ros/humble/share/ament_cmake/cmake)
[2.310s] -- Found Python3: /usr/bin/python3 (found version "3.10.12") found components: Interpreter 
[3.207s] -- Configuring done
[3.224s] -- Generating done
[3.232s] -- Build files have been written to: /home/pi/linorobot2_ws/build/linorobot2_navigation
[3.245s] Invoked command in '/home/pi/linorobot2_ws/build/linorobot2_navigation' returned '0': CMAKE_PREFIX_PATH=${CMAKE_PREFIX_PATH}:/opt/ros/humble /usr/bin/cmake /home/pi/linorobot2_ws/src/linorobot2/linorobot2_navigation -DCMAKE_INSTALL_PREFIX=/home/pi/linorobot2_ws/install/linorobot2_navigation
[3.253s] Invoking command in '/home/pi/linorobot2_ws/build/linorobot2_navigation': CMAKE_PREFIX_PATH=${CMAKE_PREFIX_PATH}:/opt/ros/humble /usr/bin/cmake --build /home/pi/linorobot2_ws/build/linorobot2_navigation -- -j4 -l4
[3.403s] Invoked command in '/home/pi/linorobot2_ws/build/linorobot2_navigation' returned '0': CMAKE_PREFIX_PATH=${CMAKE_PREFIX_PATH}:/opt/ros/humble /usr/bin/cmake --build /home/pi/linorobot2_ws/build/linorobot2_navigation -- -j4 -l4
[3.412s] Invoking command in '/home/pi/linorobot2_ws/build/linorobot2_navigation': CMAKE_PREFIX_PATH=${CMAKE_PREFIX_PATH}:/opt/ros/humble /usr/bin/cmake --install /home/pi/linorobot2_ws/build/linorobot2_navigation
[3.441s] -- Install configuration: ""
[3.441s] -- Installing: /home/pi/linorobot2_ws/install/linorobot2_navigation/share/linorobot2_navigation/launch
[3.442s] -- Installing: /home/pi/linorobot2_ws/install/linorobot2_navigation/share/linorobot2_navigation/launch/slam.launch.py
[3.444s] -- Installing: /home/pi/linorobot2_ws/install/linorobot2_navigation/share/linorobot2_navigation/launch/navigation.launch.py
[3.444s] -- Installing: /home/pi/linorobot2_ws/install/linorobot2_navigation/share/linorobot2_navigation/rviz
[3.445s] -- Installing: /home/pi/linorobot2_ws/install/linorobot2_navigation/share/linorobot2_navigation/rviz/linorobot2_navigation_minimal.rviz
[3.446s] -- Installing: /home/pi/linorobot2_ws/install/linorobot2_navigation/share/linorobot2_navigation/rviz/linorobot2_navigation.rviz
[3.447s] -- Installing: /home/pi/linorobot2_ws/install/linorobot2_navigation/share/linorobot2_navigation/rviz/linorobot2_slam.rviz
[3.448s] -- Installing: /home/pi/linorobot2_ws/install/linorobot2_navigation/share/linorobot2_navigation/config
[3.449s] -- Installing: /home/pi/linorobot2_ws/install/linorobot2_navigation/share/linorobot2_navigation/config/navigation.yaml
[3.450s] -- Installing: /home/pi/linorobot2_ws/install/linorobot2_navigation/share/linorobot2_navigation/config/slam.yaml
[3.451s] -- Installing: /home/pi/linorobot2_ws/install/linorobot2_navigation/share/linorobot2_navigation/config/navigation_sim.yaml
[3.452s] -- Installing: /home/pi/linorobot2_ws/install/linorobot2_navigation/share/linorobot2_navigation/maps
[3.453s] -- Installing: /home/pi/linorobot2_ws/install/linorobot2_navigation/share/linorobot2_navigation/maps/playground.pgm
[3.456s] -- Installing: /home/pi/linorobot2_ws/install/linorobot2_navigation/share/linorobot2_navigation/maps/playground.yaml
[3.458s] -- Installing: /home/pi/linorobot2_ws/install/linorobot2_navigation/share/ament_index/resource_index/package_run_dependencies/linorobot2_navigation
[3.459s] -- Installing: /home/pi/linorobot2_ws/install/linorobot2_navigation/share/ament_index/resource_index/parent_prefix_path/linorobot2_navigation
[3.461s] -- Installing: /home/pi/linorobot2_ws/install/linorobot2_navigation/share/linorobot2_navigation/environment/ament_prefix_path.sh
[3.462s] -- Installing: /home/pi/linorobot2_ws/install/linorobot2_navigation/share/linorobot2_navigation/environment/ament_prefix_path.dsv
[3.463s] -- Installing: /home/pi/linorobot2_ws/install/linorobot2_navigation/share/linorobot2_navigation/environment/path.sh
[3.464s] -- Installing: /home/pi/linorobot2_ws/install/linorobot2_navigation/share/linorobot2_navigation/environment/path.dsv
[3.465s] -- Installing: /home/pi/linorobot2_ws/install/linorobot2_navigation/share/linorobot2_navigation/local_setup.bash
[3.466s] -- Installing: /home/pi/linorobot2_ws/install/linorobot2_navigation/share/linorobot2_navigation/local_setup.sh
[3.468s] -- Installing: /home/pi/linorobot2_ws/install/linorobot2_navigation/share/linorobot2_navigation/local_setup.zsh
[3.469s] -- Installing: /home/pi/linorobot2_ws/install/linorobot2_navigation/share/linorobot2_navigation/local_setup.dsv
[3.470s] -- Installing: /home/pi/linorobot2_ws/install/linorobot2_navigation/share/linorobot2_navigation/package.dsv
[3.471s] -- Installing: /home/pi/linorobot2_ws/install/linorobot2_navigation/share/ament_index/resource_index/packages/linorobot2_navigation
[3.473s] -- Installing: /home/pi/linorobot2_ws/install/linorobot2_navigation/share/linorobot2_navigation/cmake/linorobot2_navigationConfig.cmake
[3.474s] -- Installing: /home/pi/linorobot2_ws/install/linorobot2_navigation/share/linorobot2_navigation/cmake/linorobot2_navigationConfig-version.cmake
[3.475s] -- Installing: /home/pi/linorobot2_ws/install/linorobot2_navigation/share/linorobot2_navigation/package.xml
[3.483s] Invoked command in '/home/pi/linorobot2_ws/build/linorobot2_navigation' returned '0': CMAKE_PREFIX_PATH=${CMAKE_PREFIX_PATH}:/opt/ros/humble /usr/bin/cmake --install /home/pi/linorobot2_ws/build/linorobot2_navigation
