[0.258s] Invoking command in '/home/pi/linorobot2_ws/build/linorobot2_navigation': CMAKE_PREFIX_PATH=${CMAKE_PREFIX_PATH}:/home/pi/linorobot2_ws/install/linorobot2_rect:/home/pi/uros_ws/install/my_robot_controller:/opt/ros/humble /usr/bin/cmake --build /home/pi/linorobot2_ws/build/linorobot2_navigation -- -j4 -l4
[2.068s] Invoked command in '/home/pi/linorobot2_ws/build/linorobot2_navigation' returned '0': CMAKE_PREFIX_PATH=${CMAKE_PREFIX_PATH}:/home/pi/linorobot2_ws/install/linorobot2_rect:/home/pi/uros_ws/install/my_robot_controller:/opt/ros/humble /usr/bin/cmake --build /home/pi/linorobot2_ws/build/linorobot2_navigation -- -j4 -l4
[2.102s] Invoking command in '/home/pi/linorobot2_ws/build/linorobot2_navigation': CMAKE_PREFIX_PATH=${CMAKE_PREFIX_PATH}:/home/pi/linorobot2_ws/install/linorobot2_rect:/home/pi/uros_ws/install/my_robot_controller:/opt/ros/humble /usr/bin/cmake --install /home/pi/linorobot2_ws/build/linorobot2_navigation
[2.135s] -- Install configuration: ""
[2.135s] -- Up-to-date: /home/pi/linorobot2_ws/install/linorobot2_navigation/share/linorobot2_navigation/launch
[2.136s] -- Up-to-date: /home/pi/linorobot2_ws/install/linorobot2_navigation/share/linorobot2_navigation/launch/slam.launch.py
[2.136s] -- Up-to-date: /home/pi/linorobot2_ws/install/linorobot2_navigation/share/linorobot2_navigation/launch/navigation.launch.py
[2.137s] -- Up-to-date: /home/pi/linorobot2_ws/install/linorobot2_navigation/share/linorobot2_navigation/rviz
[2.138s] -- Up-to-date: /home/pi/linorobot2_ws/install/linorobot2_navigation/share/linorobot2_navigation/rviz/linorobot2_navigation_minimal.rviz
[2.138s] -- Up-to-date: /home/pi/linorobot2_ws/install/linorobot2_navigation/share/linorobot2_navigation/rviz/linorobot2_navigation.rviz
[2.139s] -- Up-to-date: /home/pi/linorobot2_ws/install/linorobot2_navigation/share/linorobot2_navigation/rviz/linorobot2_slam.rviz
[2.139s] -- Up-to-date: /home/pi/linorobot2_ws/install/linorobot2_navigation/share/linorobot2_navigation/config
[2.140s] -- Up-to-date: /home/pi/linorobot2_ws/install/linorobot2_navigation/share/linorobot2_navigation/config/navigation.yaml
[2.140s] -- Up-to-date: /home/pi/linorobot2_ws/install/linorobot2_navigation/share/linorobot2_navigation/config/slam.yaml
[2.141s] -- Up-to-date: /home/pi/linorobot2_ws/install/linorobot2_navigation/share/linorobot2_navigation/config/navigation_sim.yaml
[2.142s] -- Up-to-date: /home/pi/linorobot2_ws/install/linorobot2_navigation/share/linorobot2_navigation/maps
[2.142s] -- Up-to-date: /home/pi/linorobot2_ws/install/linorobot2_navigation/share/linorobot2_navigation/maps/playground.pgm
[2.143s] -- Up-to-date: /home/pi/linorobot2_ws/install/linorobot2_navigation/share/linorobot2_navigation/maps/playground.yaml
[2.144s] -- Up-to-date: /home/pi/linorobot2_ws/install/linorobot2_navigation/share/ament_index/resource_index/package_run_dependencies/linorobot2_navigation
[2.144s] -- Up-to-date: /home/pi/linorobot2_ws/install/linorobot2_navigation/share/ament_index/resource_index/parent_prefix_path/linorobot2_navigation
[2.145s] -- Up-to-date: /home/pi/linorobot2_ws/install/linorobot2_navigation/share/linorobot2_navigation/environment/ament_prefix_path.sh
[2.146s] -- Up-to-date: /home/pi/linorobot2_ws/install/linorobot2_navigation/share/linorobot2_navigation/environment/ament_prefix_path.dsv
[2.147s] -- Up-to-date: /home/pi/linorobot2_ws/install/linorobot2_navigation/share/linorobot2_navigation/environment/path.sh
[2.147s] -- Up-to-date: /home/pi/linorobot2_ws/install/linorobot2_navigation/share/linorobot2_navigation/environment/path.dsv
[2.148s] -- Up-to-date: /home/pi/linorobot2_ws/install/linorobot2_navigation/share/linorobot2_navigation/local_setup.bash
[2.149s] -- Up-to-date: /home/pi/linorobot2_ws/install/linorobot2_navigation/share/linorobot2_navigation/local_setup.sh
[2.149s] -- Up-to-date: /home/pi/linorobot2_ws/install/linorobot2_navigation/share/linorobot2_navigation/local_setup.zsh
[2.150s] -- Up-to-date: /home/pi/linorobot2_ws/install/linorobot2_navigation/share/linorobot2_navigation/local_setup.dsv
[2.151s] -- Installing: /home/pi/linorobot2_ws/install/linorobot2_navigation/share/linorobot2_navigation/package.dsv
[2.151s] -- Up-to-date: /home/pi/linorobot2_ws/install/linorobot2_navigation/share/ament_index/resource_index/packages/linorobot2_navigation
[2.152s] -- Up-to-date: /home/pi/linorobot2_ws/install/linorobot2_navigation/share/linorobot2_navigation/cmake/linorobot2_navigationConfig.cmake
[2.153s] -- Up-to-date: /home/pi/linorobot2_ws/install/linorobot2_navigation/share/linorobot2_navigation/cmake/linorobot2_navigationConfig-version.cmake
[2.153s] -- Up-to-date: /home/pi/linorobot2_ws/install/linorobot2_navigation/share/linorobot2_navigation/package.xml
[2.166s] Invoked command in '/home/pi/linorobot2_ws/build/linorobot2_navigation' returned '0': CMAKE_PREFIX_PATH=${CMAKE_PREFIX_PATH}:/home/pi/linorobot2_ws/install/linorobot2_rect:/home/pi/uros_ws/install/my_robot_controller:/opt/ros/humble /usr/bin/cmake --install /home/pi/linorobot2_ws/build/linorobot2_navigation
