[0.146s] Invoking command in '/home/pi/linorobot2_ws/src/build/linorobot2': CMAKE_PREFIX_PATH=${CMAKE_PREFIX_PATH}:/home/pi/linorobot2_ws/install/linorobot2_rect:/home/pi/uros_ws/install/my_robot_controller:/opt/ros/humble /usr/bin/cmake --build /home/pi/linorobot2_ws/src/build/linorobot2 -- -j4 -l4
[0.313s] -- Found ament_cmake: 1.3.11 (/opt/ros/humble/share/ament_cmake/cmake)
[3.412s] -- Configuring done
[3.816s] -- Generating done
[3.913s] -- Build files have been written to: /home/pi/linorobot2_ws/src/build/linorobot2
[4.824s] Invoked command in '/home/pi/linorobot2_ws/src/build/linorobot2' returned '0': CMAKE_PREFIX_PATH=${CMAKE_PREFIX_PATH}:/home/pi/linorobot2_ws/install/linorobot2_rect:/home/pi/uros_ws/install/my_robot_controller:/opt/ros/humble /usr/bin/cmake --build /home/pi/linorobot2_ws/src/build/linorobot2 -- -j4 -l4
[4.930s] Invoking command in '/home/pi/linorobot2_ws/src/build/linorobot2': CMAKE_PREFIX_PATH=${CMAKE_PREFIX_PATH}:/home/pi/linorobot2_ws/install/linorobot2_rect:/home/pi/uros_ws/install/my_robot_controller:/opt/ros/humble /usr/bin/cmake --install /home/pi/linorobot2_ws/src/build/linorobot2
[4.994s] -- Install configuration: ""
[5.181s] -- Up-to-date: /home/pi/linorobot2_ws/src/install/linorobot2/share/ament_index/resource_index/package_run_dependencies/linorobot2
[5.183s] -- Installing: /home/pi/linorobot2_ws/src/install/linorobot2/share/ament_index/resource_index/parent_prefix_path/linorobot2
[5.304s] -- Installing: /home/pi/linorobot2_ws/src/install/linorobot2/share/linorobot2/environment/ament_prefix_path.sh
[5.314s] -- Installing: /home/pi/linorobot2_ws/src/install/linorobot2/share/linorobot2/environment/ament_prefix_path.dsv
[5.318s] -- Installing: /home/pi/linorobot2_ws/src/install/linorobot2/share/linorobot2/environment/path.sh
[5.322s] -- Installing: /home/pi/linorobot2_ws/src/install/linorobot2/share/linorobot2/environment/path.dsv
[5.325s] -- Up-to-date: /home/pi/linorobot2_ws/src/install/linorobot2/share/linorobot2/local_setup.bash
[5.331s] -- Up-to-date: /home/pi/linorobot2_ws/src/install/linorobot2/share/linorobot2/local_setup.sh
[5.331s] -- Up-to-date: /home/pi/linorobot2_ws/src/install/linorobot2/share/linorobot2/local_setup.zsh
[5.332s] -- Installing: /home/pi/linorobot2_ws/src/install/linorobot2/share/linorobot2/local_setup.dsv
[5.333s] -- Installing: /home/pi/linorobot2_ws/src/install/linorobot2/share/linorobot2/package.dsv
[5.432s] -- Up-to-date: /home/pi/linorobot2_ws/src/install/linorobot2/share/ament_index/resource_index/packages/linorobot2
[5.552s] -- Up-to-date: /home/pi/linorobot2_ws/src/install/linorobot2/share/linorobot2/cmake/linorobot2Config.cmake
[5.574s] -- Up-to-date: /home/pi/linorobot2_ws/src/install/linorobot2/share/linorobot2/cmake/linorobot2Config-version.cmake
[5.574s] -- Installing: /home/pi/linorobot2_ws/src/install/linorobot2/share/linorobot2/package.xml
[5.577s] Invoked command in '/home/pi/linorobot2_ws/src/build/linorobot2' returned '0': CMAKE_PREFIX_PATH=${CMAKE_PREFIX_PATH}:/home/pi/linorobot2_ws/install/linorobot2_rect:/home/pi/uros_ws/install/my_robot_controller:/opt/ros/humble /usr/bin/cmake --install /home/pi/linorobot2_ws/src/build/linorobot2
