[2.001s] Invoking command in '/home/pi/linorobot2_ws/build/sllidar_ros2': CMAKE_PREFIX_PATH=${CMAKE_PREFIX_PATH}:/home/pi/linorobot2_ws/install/linorobot2_rect:/home/pi/uros_ws/install/my_robot_controller:/opt/ros/humble /usr/bin/cmake --build /home/pi/linorobot2_ws/build/sllidar_ros2 -- -j4 -l4
[2.474s] [ 10%] Built target sllidar_client
[2.489s] [100%] Built target sllidar_node
[2.543s] Invoked command in '/home/pi/linorobot2_ws/build/sllidar_ros2' returned '0': CMAKE_PREFIX_PATH=${CMAKE_PREFIX_PATH}:/home/pi/linorobot2_ws/install/linorobot2_rect:/home/pi/uros_ws/install/my_robot_controller:/opt/ros/humble /usr/bin/cmake --build /home/pi/linorobot2_ws/build/sllidar_ros2 -- -j4 -l4
[2.556s] Invoking command in '/home/pi/linorobot2_ws/build/sllidar_ros2': CMAKE_PREFIX_PATH=${CMAKE_PREFIX_PATH}:/home/pi/linorobot2_ws/install/linorobot2_rect:/home/pi/uros_ws/install/my_robot_controller:/opt/ros/humble /usr/bin/cmake --install /home/pi/linorobot2_ws/build/sllidar_ros2
[2.590s] -- Install configuration: ""
[2.590s] -- Up-to-date: /home/pi/linorobot2_ws/install/sllidar_ros2/share/sllidar_ros2/launch
[2.591s] -- Up-to-date: /home/pi/linorobot2_ws/install/sllidar_ros2/share/sllidar_ros2/launch/view_sllidar_s1_tcp_launch.py
[2.592s] -- Up-to-date: /home/pi/linorobot2_ws/install/sllidar_ros2/share/sllidar_ros2/launch/sllidar_a2m12_launch .py
[2.593s] -- Up-to-date: /home/pi/linorobot2_ws/install/sllidar_ros2/share/sllidar_ros2/launch/view_sllidar_s1_launch.py
[2.593s] -- Up-to-date: /home/pi/linorobot2_ws/install/sllidar_ros2/share/sllidar_ros2/launch/sllidar_s3_launch.py
[2.594s] -- Up-to-date: /home/pi/linorobot2_ws/install/sllidar_ros2/share/sllidar_ros2/launch/view_sllidar_a2m7_launch.py
[2.594s] -- Up-to-date: /home/pi/linorobot2_ws/install/sllidar_ros2/share/sllidar_ros2/launch/sllidar_a2m8_launch.py
[2.595s] -- Up-to-date: /home/pi/linorobot2_ws/install/sllidar_ros2/share/sllidar_ros2/launch/view_sllidar_s2_launch.py
[2.595s] -- Up-to-date: /home/pi/linorobot2_ws/install/sllidar_ros2/share/sllidar_ros2/launch/view_sllidar_s2e_launch.py
[2.597s] -- Up-to-date: /home/pi/linorobot2_ws/install/sllidar_ros2/share/sllidar_ros2/launch/view_sllidar_a2m12_launch.py
[2.598s] -- Up-to-date: /home/pi/linorobot2_ws/install/sllidar_ros2/share/sllidar_ros2/launch/sllidar_s1_launch.py
[2.599s] -- Up-to-date: /home/pi/linorobot2_ws/install/sllidar_ros2/share/sllidar_ros2/launch/view_sllidar_s3_launch.py
[2.600s] -- Up-to-date: /home/pi/linorobot2_ws/install/sllidar_ros2/share/sllidar_ros2/launch/view_sllidar_a2m8_launch.py
[2.601s] -- Up-to-date: /home/pi/linorobot2_ws/install/sllidar_ros2/share/sllidar_ros2/launch/view_sllidar_t1_launch.py
[2.602s] -- Up-to-date: /home/pi/linorobot2_ws/install/sllidar_ros2/share/sllidar_ros2/launch/view_sllidar_a1_launch.py
[2.603s] -- Up-to-date: /home/pi/linorobot2_ws/install/sllidar_ros2/share/sllidar_ros2/launch/sllidar_s2_launch.py
[2.604s] -- Up-to-date: /home/pi/linorobot2_ws/install/sllidar_ros2/share/sllidar_ros2/launch/sllidar_t1_launch.py
[2.604s] -- Up-to-date: /home/pi/linorobot2_ws/install/sllidar_ros2/share/sllidar_ros2/launch/sllidar_a1_launch.py
[2.605s] -- Up-to-date: /home/pi/linorobot2_ws/install/sllidar_ros2/share/sllidar_ros2/launch/sllidar_c1_launch.py
[2.605s] -- Up-to-date: /home/pi/linorobot2_ws/install/sllidar_ros2/share/sllidar_ros2/launch/view_sllidar_c1_launch.py
[2.606s] -- Up-to-date: /home/pi/linorobot2_ws/install/sllidar_ros2/share/sllidar_ros2/launch/view_sllidar_a3_launch.py
[2.606s] -- Up-to-date: /home/pi/linorobot2_ws/install/sllidar_ros2/share/sllidar_ros2/launch/sllidar_s1_tcp_launch.py
[2.607s] -- Up-to-date: /home/pi/linorobot2_ws/install/sllidar_ros2/share/sllidar_ros2/launch/sllidar_a2m7_launch.py
[2.607s] -- Up-to-date: /home/pi/linorobot2_ws/install/sllidar_ros2/share/sllidar_ros2/launch/sllidar_a3_launch.py
[2.609s] -- Up-to-date: /home/pi/linorobot2_ws/install/sllidar_ros2/share/sllidar_ros2/launch/sllidar_s2e_launch.py
[2.610s] -- Up-to-date: /home/pi/linorobot2_ws/install/sllidar_ros2/share/sllidar_ros2/rviz
[2.611s] -- Up-to-date: /home/pi/linorobot2_ws/install/sllidar_ros2/share/sllidar_ros2/rviz/sllidar_ros2.rviz
[2.612s] -- Up-to-date: /home/pi/linorobot2_ws/install/sllidar_ros2/lib/sllidar_ros2/sllidar_node
[2.613s] -- Up-to-date: /home/pi/linorobot2_ws/install/sllidar_ros2/lib/sllidar_ros2/sllidar_client
[2.614s] -- Up-to-date: /home/pi/linorobot2_ws/install/sllidar_ros2/share/ament_index/resource_index/package_run_dependencies/sllidar_ros2
[2.614s] -- Up-to-date: /home/pi/linorobot2_ws/install/sllidar_ros2/share/ament_index/resource_index/parent_prefix_path/sllidar_ros2
[2.615s] -- Up-to-date: /home/pi/linorobot2_ws/install/sllidar_ros2/share/sllidar_ros2/environment/ament_prefix_path.sh
[2.616s] -- Up-to-date: /home/pi/linorobot2_ws/install/sllidar_ros2/share/sllidar_ros2/environment/ament_prefix_path.dsv
[2.617s] -- Up-to-date: /home/pi/linorobot2_ws/install/sllidar_ros2/share/sllidar_ros2/environment/path.sh
[2.618s] -- Up-to-date: /home/pi/linorobot2_ws/install/sllidar_ros2/share/sllidar_ros2/environment/path.dsv
[2.619s] -- Up-to-date: /home/pi/linorobot2_ws/install/sllidar_ros2/share/sllidar_ros2/local_setup.bash
[2.620s] -- Up-to-date: /home/pi/linorobot2_ws/install/sllidar_ros2/share/sllidar_ros2/local_setup.sh
[2.621s] -- Up-to-date: /home/pi/linorobot2_ws/install/sllidar_ros2/share/sllidar_ros2/local_setup.zsh
[2.622s] -- Up-to-date: /home/pi/linorobot2_ws/install/sllidar_ros2/share/sllidar_ros2/local_setup.dsv
[2.623s] -- Installing: /home/pi/linorobot2_ws/install/sllidar_ros2/share/sllidar_ros2/package.dsv
[2.624s] -- Up-to-date: /home/pi/linorobot2_ws/install/sllidar_ros2/share/ament_index/resource_index/packages/sllidar_ros2
[2.626s] -- Up-to-date: /home/pi/linorobot2_ws/install/sllidar_ros2/share/sllidar_ros2/cmake/ament_cmake_export_dependencies-extras.cmake
[2.626s] -- Up-to-date: /home/pi/linorobot2_ws/install/sllidar_ros2/share/sllidar_ros2/cmake/ament_cmake_export_include_directories-extras.cmake
[2.628s] -- Up-to-date: /home/pi/linorobot2_ws/install/sllidar_ros2/share/sllidar_ros2/cmake/sllidar_ros2Config.cmake
[2.632s] -- Up-to-date: /home/pi/linorobot2_ws/install/sllidar_ros2/share/sllidar_ros2/cmake/sllidar_ros2Config-version.cmake
[2.633s] -- Up-to-date: /home/pi/linorobot2_ws/install/sllidar_ros2/share/sllidar_ros2/package.xml
[2.634s] Invoked command in '/home/pi/linorobot2_ws/build/sllidar_ros2' returned '0': CMAKE_PREFIX_PATH=${CMAKE_PREFIX_PATH}:/home/pi/linorobot2_ws/install/linorobot2_rect:/home/pi/uros_ws/install/my_robot_controller:/opt/ros/humble /usr/bin/cmake --install /home/pi/linorobot2_ws/build/sllidar_ros2
