[0.109s] Invoking command in '/home/pi/linorobot2_ws/build/linorobot2': CMAKE_PREFIX_PATH=${CMAKE_PREFIX_PATH}:/opt/ros/humble /usr/bin/cmake /home/pi/linorobot2_ws/src/linorobot2/linorobot2 -DCMAKE_INSTALL_PREFIX=/home/pi/linorobot2_ws/install/linorobot2
[0.471s] -- The C compiler identification is GNU 11.4.0
[0.807s] -- The CXX compiler identification is GNU 11.4.0
[0.836s] -- Detecting C compiler ABI info
[1.245s] -- Detecting C compiler ABI info - done
[1.279s] -- Check for working C compiler: /usr/bin/cc - skipped
[1.281s] -- Detecting C compile features
[1.286s] -- Detecting C compile features - done
[1.300s] -- Detecting CXX compiler ABI info
[1.753s] -- Detecting CXX compiler ABI info - done
[1.787s] -- Check for working CXX compiler: /usr/bin/c++ - skipped
[1.790s] -- Detecting CXX compile features
[1.792s] -- Detecting CXX compile features - done
[1.826s] -- Found ament_cmake: 1.3.11 (/opt/ros/humble/share/ament_cmake/cmake)
[2.907s] -- Found Python3: /usr/bin/python3 (found version "3.10.12") found components: Interpreter 
[4.045s] -- Configuring done
[4.073s] -- Generating done
[4.088s] -- Build files have been written to: /home/pi/linorobot2_ws/build/linorobot2
[4.115s] Invoked command in '/home/pi/linorobot2_ws/build/linorobot2' returned '0': CMAKE_PREFIX_PATH=${CMAKE_PREFIX_PATH}:/opt/ros/humble /usr/bin/cmake /home/pi/linorobot2_ws/src/linorobot2/linorobot2 -DCMAKE_INSTALL_PREFIX=/home/pi/linorobot2_ws/install/linorobot2
[4.117s] Invoking command in '/home/pi/linorobot2_ws/build/linorobot2': CMAKE_PREFIX_PATH=${CMAKE_PREFIX_PATH}:/opt/ros/humble /usr/bin/cmake --build /home/pi/linorobot2_ws/build/linorobot2 -- -j4 -l4
[4.321s] Invoked command in '/home/pi/linorobot2_ws/build/linorobot2' returned '0': CMAKE_PREFIX_PATH=${CMAKE_PREFIX_PATH}:/opt/ros/humble /usr/bin/cmake --build /home/pi/linorobot2_ws/build/linorobot2 -- -j4 -l4
[4.331s] Invoking command in '/home/pi/linorobot2_ws/build/linorobot2': CMAKE_PREFIX_PATH=${CMAKE_PREFIX_PATH}:/opt/ros/humble /usr/bin/cmake --install /home/pi/linorobot2_ws/build/linorobot2
[4.377s] -- Install configuration: ""
[4.383s] -- Installing: /home/pi/linorobot2_ws/install/linorobot2/share/ament_index/resource_index/package_run_dependencies/linorobot2
[4.399s] -- Installing: /home/pi/linorobot2_ws/install/linorobot2/share/ament_index/resource_index/parent_prefix_path/linorobot2
[4.401s] -- Installing: /home/pi/linorobot2_ws/install/linorobot2/share/linorobot2/environment/ament_prefix_path.sh
[4.402s] -- Installing: /home/pi/linorobot2_ws/install/linorobot2/share/linorobot2/environment/ament_prefix_path.dsv
[4.403s] -- Installing: /home/pi/linorobot2_ws/install/linorobot2/share/linorobot2/environment/path.sh
[4.407s] -- Installing: /home/pi/linorobot2_ws/install/linorobot2/share/linorobot2/environment/path.dsv
[4.409s] -- Installing: /home/pi/linorobot2_ws/install/linorobot2/share/linorobot2/local_setup.bash
[4.410s] -- Installing: /home/pi/linorobot2_ws/install/linorobot2/share/linorobot2/local_setup.sh
[4.411s] -- Installing: /home/pi/linorobot2_ws/install/linorobot2/share/linorobot2/local_setup.zsh
[4.413s] -- Installing: /home/pi/linorobot2_ws/install/linorobot2/share/linorobot2/local_setup.dsv
[4.414s] -- Installing: /home/pi/linorobot2_ws/install/linorobot2/share/linorobot2/package.dsv
[4.420s] -- Installing: /home/pi/linorobot2_ws/install/linorobot2/share/ament_index/resource_index/packages/linorobot2
[4.422s] -- Installing: /home/pi/linorobot2_ws/install/linorobot2/share/linorobot2/cmake/linorobot2Config.cmake
[4.423s] -- Installing: /home/pi/linorobot2_ws/install/linorobot2/share/linorobot2/cmake/linorobot2Config-version.cmake
[4.424s] -- Installing: /home/pi/linorobot2_ws/install/linorobot2/share/linorobot2/package.xml
[4.528s] Invoked command in '/home/pi/linorobot2_ws/build/linorobot2' returned '0': CMAKE_PREFIX_PATH=${CMAKE_PREFIX_PATH}:/opt/ros/humble /usr/bin/cmake --install /home/pi/linorobot2_ws/build/linorobot2
