[0.415s] DEBUG:colcon:Command line arguments: ['/usr/bin/colcon', 'build']
[0.416s] DEBUG:colcon:Parsed command line arguments: Namespace(log_base=None, log_level=None, verb_name='build', build_base='build', install_base='install', merge_install=False, symlink_install=False, test_result_base=None, continue_on_error=False, executor='parallel', parallel_workers=4, event_handlers=None, ignore_user_meta=False, metas=['./colcon.meta'], base_paths=['.'], packages_ignore=None, packages_ignore_regex=None, paths=None, packages_up_to=None, packages_up_to_regex=None, packages_above=None, packages_above_and_dependencies=None, packages_above_depth=None, packages_select_by_dep=None, packages_skip_by_dep=None, packages_skip_up_to=None, packages_select_build_failed=False, packages_skip_build_finished=False, packages_select_test_failures=False, packages_skip_test_passed=False, packages_select=None, packages_skip=None, packages_select_regex=None, packages_skip_regex=None, packages_start=None, packages_end=None, allow_overriding=[], cmake_args=None, cmake_target=None, cmake_target_skip_unavailable=False, cmake_clean_cache=False, cmake_clean_first=False, cmake_force_configure=False, ament_cmake_args=None, catkin_cmake_args=None, catkin_skip_building_tests=False, verb_parser=<colcon_defaults.argument_parser.defaults.DefaultArgumentsDecorator object at 0xffff9d606ad0>, verb_extension=<colcon_core.verb.build.BuildVerb object at 0xffff9d748100>, main=<bound method BuildVerb.main of <colcon_core.verb.build.BuildVerb object at 0xffff9d748100>>)
[1.127s] Level 1:colcon.colcon_core.package_discovery:discover_packages(colcon_meta) check parameters
[1.128s] Level 1:colcon.colcon_core.package_discovery:discover_packages(recursive) check parameters
[1.128s] Level 1:colcon.colcon_core.package_discovery:discover_packages(ignore) check parameters
[1.128s] Level 1:colcon.colcon_core.package_discovery:discover_packages(path) check parameters
[1.128s] Level 1:colcon.colcon_core.package_discovery:discover_packages(colcon_meta) discover
[1.129s] Level 1:colcon.colcon_core.package_discovery:discover_packages(recursive) discover
[1.129s] INFO:colcon.colcon_core.package_discovery:Crawling recursively for packages in '/home/pi/linorobot2_ws'
[1.129s] Level 1:colcon.colcon_core.package_identification:_identify(.) by extensions ['ignore', 'ignore_ament_install']
[1.129s] Level 1:colcon.colcon_core.package_identification:_identify(.) by extension 'ignore'
[1.130s] Level 1:colcon.colcon_core.package_identification:_identify(.) by extension 'ignore_ament_install'
[1.130s] Level 1:colcon.colcon_core.package_identification:_identify(.) by extensions ['colcon_pkg']
[1.130s] Level 1:colcon.colcon_core.package_identification:_identify(.) by extension 'colcon_pkg'
[1.130s] Level 1:colcon.colcon_core.package_identification:_identify(.) by extensions ['colcon_meta']
[1.130s] Level 1:colcon.colcon_core.package_identification:_identify(.) by extension 'colcon_meta'
[1.130s] Level 1:colcon.colcon_core.package_identification:_identify(.) by extensions ['ros']
[1.130s] Level 1:colcon.colcon_core.package_identification:_identify(.) by extension 'ros'
[1.174s] Level 1:colcon.colcon_core.package_identification:_identify(.) by extensions ['cmake', 'python']
[1.175s] Level 1:colcon.colcon_core.package_identification:_identify(.) by extension 'cmake'
[1.175s] Level 1:colcon.colcon_core.package_identification:_identify(.) by extension 'python'
[1.175s] Level 1:colcon.colcon_core.package_identification:_identify(.) by extensions ['python_setup_py']
[1.175s] Level 1:colcon.colcon_core.package_identification:_identify(.) by extension 'python_setup_py'
[1.176s] Level 1:colcon.colcon_core.package_identification:_identify(build) by extensions ['ignore', 'ignore_ament_install']
[1.176s] Level 1:colcon.colcon_core.package_identification:_identify(build) by extension 'ignore'
[1.176s] Level 1:colcon.colcon_core.package_identification:_identify(build) ignored
[1.177s] Level 1:colcon.colcon_core.package_identification:_identify(install) by extensions ['ignore', 'ignore_ament_install']
[1.177s] Level 1:colcon.colcon_core.package_identification:_identify(install) by extension 'ignore'
[1.177s] Level 1:colcon.colcon_core.package_identification:_identify(install) ignored
[1.178s] Level 1:colcon.colcon_core.package_identification:_identify(log) by extensions ['ignore', 'ignore_ament_install']
[1.178s] Level 1:colcon.colcon_core.package_identification:_identify(log) by extension 'ignore'
[1.178s] Level 1:colcon.colcon_core.package_identification:_identify(log) ignored
[1.179s] Level 1:colcon.colcon_core.package_identification:_identify(src) by extensions ['ignore', 'ignore_ament_install']
[1.179s] Level 1:colcon.colcon_core.package_identification:_identify(src) by extension 'ignore'
[1.179s] Level 1:colcon.colcon_core.package_identification:_identify(src) by extension 'ignore_ament_install'
[1.179s] Level 1:colcon.colcon_core.package_identification:_identify(src) by extensions ['colcon_pkg']
[1.180s] Level 1:colcon.colcon_core.package_identification:_identify(src) by extension 'colcon_pkg'
[1.180s] Level 1:colcon.colcon_core.package_identification:_identify(src) by extensions ['colcon_meta']
[1.180s] Level 1:colcon.colcon_core.package_identification:_identify(src) by extension 'colcon_meta'
[1.180s] Level 1:colcon.colcon_core.package_identification:_identify(src) by extensions ['ros']
[1.180s] Level 1:colcon.colcon_core.package_identification:_identify(src) by extension 'ros'
[1.180s] Level 1:colcon.colcon_core.package_identification:_identify(src) by extensions ['cmake', 'python']
[1.181s] Level 1:colcon.colcon_core.package_identification:_identify(src) by extension 'cmake'
[1.181s] Level 1:colcon.colcon_core.package_identification:_identify(src) by extension 'python'
[1.181s] Level 1:colcon.colcon_core.package_identification:_identify(src) by extensions ['python_setup_py']
[1.181s] Level 1:colcon.colcon_core.package_identification:_identify(src) by extension 'python_setup_py'
[1.181s] Level 1:colcon.colcon_core.package_identification:_identify(src/sllidar_ros2) by extensions ['ignore', 'ignore_ament_install']
[1.182s] Level 1:colcon.colcon_core.package_identification:_identify(src/sllidar_ros2) by extension 'ignore'
[1.182s] Level 1:colcon.colcon_core.package_identification:_identify(src/sllidar_ros2) by extension 'ignore_ament_install'
[1.182s] Level 1:colcon.colcon_core.package_identification:_identify(src/sllidar_ros2) by extensions ['colcon_pkg']
[1.182s] Level 1:colcon.colcon_core.package_identification:_identify(src/sllidar_ros2) by extension 'colcon_pkg'
[1.182s] Level 1:colcon.colcon_core.package_identification:_identify(src/sllidar_ros2) by extensions ['colcon_meta']
[1.183s] Level 1:colcon.colcon_core.package_identification:_identify(src/sllidar_ros2) by extension 'colcon_meta'
[1.183s] Level 1:colcon.colcon_core.package_identification:_identify(src/sllidar_ros2) by extensions ['ros']
[1.183s] Level 1:colcon.colcon_core.package_identification:_identify(src/sllidar_ros2) by extension 'ros'
[1.192s] DEBUG:colcon.colcon_core.package_identification:Package 'src/sllidar_ros2' with type 'ros.ament_cmake' and name 'sllidar_ros2'
[1.192s] Level 1:colcon.colcon_core.package_discovery:discover_packages(recursive) using defaults
[1.193s] Level 1:colcon.colcon_core.package_discovery:discover_packages(ignore) discover
[1.193s] Level 1:colcon.colcon_core.package_discovery:discover_packages(ignore) using defaults
[1.193s] Level 1:colcon.colcon_core.package_discovery:discover_packages(path) discover
[1.193s] Level 1:colcon.colcon_core.package_discovery:discover_packages(path) using defaults
[1.304s] Level 1:colcon.colcon_core.package_discovery:discover_packages(prefix_path) check parameters
[1.304s] Level 1:colcon.colcon_core.package_discovery:discover_packages(prefix_path) discover
[1.309s] WARNING:colcon.colcon_ros.prefix_path.ament:The path '/home/pi/linorobot2_ws/install/micro_ros_setup' in the environment variable AMENT_PREFIX_PATH doesn't exist
[1.310s] WARNING:colcon.colcon_ros.prefix_path.ament:The path '/home/pi/linorobot2_ws/install/micro_ros_agent' in the environment variable AMENT_PREFIX_PATH doesn't exist
[1.310s] WARNING:colcon.colcon_ros.prefix_path.ament:The path '/home/pi/linorobot2_ws/install/micro_ros_msgs' in the environment variable AMENT_PREFIX_PATH doesn't exist
[1.312s] WARNING:colcon.colcon_ros.prefix_path.catkin:The path '/home/pi/linorobot2_ws/install/micro_ros_setup' in the environment variable CMAKE_PREFIX_PATH doesn't exist
[1.312s] WARNING:colcon.colcon_ros.prefix_path.catkin:The path '/home/pi/linorobot2_ws/install/micro_ros_agent' in the environment variable CMAKE_PREFIX_PATH doesn't exist
[1.312s] WARNING:colcon.colcon_ros.prefix_path.catkin:The path '/home/pi/linorobot2_ws/install/micro_ros_msgs' in the environment variable CMAKE_PREFIX_PATH doesn't exist
[1.316s] DEBUG:colcon.colcon_installed_package_information.package_discovery:Found 6 installed packages in /home/pi/linorobot2_ws/install
[1.319s] DEBUG:colcon.colcon_installed_package_information.package_discovery:Found 2 installed packages in /home/pi/uros_ws/install
[1.327s] DEBUG:colcon.colcon_installed_package_information.package_discovery:Found 267 installed packages in /opt/ros/humble
[1.333s] Level 1:colcon.colcon_core.package_discovery:discover_packages(prefix_path) using defaults
[1.480s] Level 5:colcon.colcon_core.verb:set package 'sllidar_ros2' build argument 'cmake_args' from command line to 'None'
[1.480s] Level 5:colcon.colcon_core.verb:set package 'sllidar_ros2' build argument 'cmake_target' from command line to 'None'
[1.480s] Level 5:colcon.colcon_core.verb:set package 'sllidar_ros2' build argument 'cmake_target_skip_unavailable' from command line to 'False'
[1.480s] Level 5:colcon.colcon_core.verb:set package 'sllidar_ros2' build argument 'cmake_clean_cache' from command line to 'False'
[1.480s] Level 5:colcon.colcon_core.verb:set package 'sllidar_ros2' build argument 'cmake_clean_first' from command line to 'False'
[1.480s] Level 5:colcon.colcon_core.verb:set package 'sllidar_ros2' build argument 'cmake_force_configure' from command line to 'False'
[1.480s] Level 5:colcon.colcon_core.verb:set package 'sllidar_ros2' build argument 'ament_cmake_args' from command line to 'None'
[1.480s] Level 5:colcon.colcon_core.verb:set package 'sllidar_ros2' build argument 'catkin_cmake_args' from command line to 'None'
[1.481s] Level 5:colcon.colcon_core.verb:set package 'sllidar_ros2' build argument 'catkin_skip_building_tests' from command line to 'False'
[1.481s] DEBUG:colcon.colcon_core.verb:Building package 'sllidar_ros2' with the following arguments: {'ament_cmake_args': None, 'build_base': '/home/pi/linorobot2_ws/build/sllidar_ros2', 'catkin_cmake_args': None, 'catkin_skip_building_tests': False, 'cmake_args': None, 'cmake_clean_cache': False, 'cmake_clean_first': False, 'cmake_force_configure': False, 'cmake_target': None, 'cmake_target_skip_unavailable': False, 'install_base': '/home/pi/linorobot2_ws/install/sllidar_ros2', 'merge_install': False, 'path': '/home/pi/linorobot2_ws/src/sllidar_ros2', 'symlink_install': False, 'test_result_base': None}
[1.481s] INFO:colcon.colcon_core.executor:Executing jobs using 'parallel' executor
[1.484s] DEBUG:colcon.colcon_parallel_executor.executor.parallel:run_until_complete
[1.485s] INFO:colcon.colcon_ros.task.ament_cmake.build:Building ROS package in '/home/pi/linorobot2_ws/src/sllidar_ros2' with build type 'ament_cmake'
[1.485s] INFO:colcon.colcon_cmake.task.cmake.build:Building CMake package in '/home/pi/linorobot2_ws/src/sllidar_ros2'
[1.494s] INFO:colcon.colcon_core.plugin_system:Skipping extension 'colcon_core.shell.bat': Not used on non-Windows systems
[1.494s] INFO:colcon.colcon_core.shell:Skip shell extension 'powershell' for command environment: Not usable outside of PowerShell
[1.495s] DEBUG:colcon.colcon_core.shell:Skip shell extension 'dsv' for command environment
[1.537s] DEBUG:colcon.colcon_core.event_handler.log_command:Invoking command in '/home/pi/linorobot2_ws/build/sllidar_ros2': CMAKE_PREFIX_PATH=${CMAKE_PREFIX_PATH}:/opt/ros/humble /usr/bin/cmake --build /home/pi/linorobot2_ws/build/sllidar_ros2 -- -j4 -l4
[46.531s] DEBUG:colcon.colcon_core.event_handler.log_command:Invoked command in '/home/pi/linorobot2_ws/build/sllidar_ros2' returned '0': CMAKE_PREFIX_PATH=${CMAKE_PREFIX_PATH}:/opt/ros/humble /usr/bin/cmake --build /home/pi/linorobot2_ws/build/sllidar_ros2 -- -j4 -l4
[46.575s] DEBUG:colcon.colcon_core.event_handler.log_command:Invoking command in '/home/pi/linorobot2_ws/build/sllidar_ros2': CMAKE_PREFIX_PATH=${CMAKE_PREFIX_PATH}:/opt/ros/humble /usr/bin/cmake --install /home/pi/linorobot2_ws/build/sllidar_ros2
[46.689s] Level 1:colcon.colcon_core.environment:create_environment_scripts_only(sllidar_ros2)
[46.690s] DEBUG:colcon.colcon_core.event_handler.log_command:Invoked command in '/home/pi/linorobot2_ws/build/sllidar_ros2' returned '0': CMAKE_PREFIX_PATH=${CMAKE_PREFIX_PATH}:/opt/ros/humble /usr/bin/cmake --install /home/pi/linorobot2_ws/build/sllidar_ros2
[46.701s] Level 1:colcon.colcon_core.environment:checking '/home/pi/linorobot2_ws/install/sllidar_ros2' for CMake module files
[46.705s] Level 1:colcon.colcon_core.environment:checking '/home/pi/linorobot2_ws/install/sllidar_ros2' for CMake config files
[46.707s] Level 1:colcon.colcon_core.shell:create_environment_hook('sllidar_ros2', 'cmake_prefix_path')
[46.708s] INFO:colcon.colcon_core.shell:Creating environment hook '/home/pi/linorobot2_ws/install/sllidar_ros2/share/sllidar_ros2/hook/cmake_prefix_path.ps1'
[46.711s] INFO:colcon.colcon_core.shell:Creating environment descriptor '/home/pi/linorobot2_ws/install/sllidar_ros2/share/sllidar_ros2/hook/cmake_prefix_path.dsv'
[46.713s] INFO:colcon.colcon_core.shell:Creating environment hook '/home/pi/linorobot2_ws/install/sllidar_ros2/share/sllidar_ros2/hook/cmake_prefix_path.sh'
[46.716s] Level 1:colcon.colcon_core.environment:checking '/home/pi/linorobot2_ws/install/sllidar_ros2/lib'
[46.717s] Level 1:colcon.colcon_core.environment:checking '/home/pi/linorobot2_ws/install/sllidar_ros2/bin'
[46.717s] Level 1:colcon.colcon_core.environment:checking '/home/pi/linorobot2_ws/install/sllidar_ros2/lib/pkgconfig/sllidar_ros2.pc'
[46.718s] Level 1:colcon.colcon_core.environment:checking '/home/pi/linorobot2_ws/install/sllidar_ros2/lib/python3.10/site-packages'
[46.719s] Level 1:colcon.colcon_core.environment:checking '/home/pi/linorobot2_ws/install/sllidar_ros2/bin'
[46.720s] INFO:colcon.colcon_core.shell:Creating package script '/home/pi/linorobot2_ws/install/sllidar_ros2/share/sllidar_ros2/package.ps1'
[46.723s] INFO:colcon.colcon_core.shell:Creating package descriptor '/home/pi/linorobot2_ws/install/sllidar_ros2/share/sllidar_ros2/package.dsv'
[46.725s] INFO:colcon.colcon_core.shell:Creating package script '/home/pi/linorobot2_ws/install/sllidar_ros2/share/sllidar_ros2/package.sh'
[46.729s] INFO:colcon.colcon_core.shell:Creating package script '/home/pi/linorobot2_ws/install/sllidar_ros2/share/sllidar_ros2/package.bash'
[46.732s] INFO:colcon.colcon_core.shell:Creating package script '/home/pi/linorobot2_ws/install/sllidar_ros2/share/sllidar_ros2/package.zsh'
[46.735s] Level 1:colcon.colcon_core.environment:create_file_with_runtime_dependencies(/home/pi/linorobot2_ws/install/sllidar_ros2/share/colcon-core/packages/sllidar_ros2)
[46.738s] Level 1:colcon.colcon_core.environment:create_environment_scripts_only(sllidar_ros2)
[46.739s] Level 1:colcon.colcon_core.environment:checking '/home/pi/linorobot2_ws/install/sllidar_ros2' for CMake module files
[46.741s] Level 1:colcon.colcon_core.environment:checking '/home/pi/linorobot2_ws/install/sllidar_ros2' for CMake config files
[46.743s] Level 1:colcon.colcon_core.shell:create_environment_hook('sllidar_ros2', 'cmake_prefix_path')
[46.743s] INFO:colcon.colcon_core.shell:Creating environment hook '/home/pi/linorobot2_ws/install/sllidar_ros2/share/sllidar_ros2/hook/cmake_prefix_path.ps1'
[46.745s] INFO:colcon.colcon_core.shell:Creating environment descriptor '/home/pi/linorobot2_ws/install/sllidar_ros2/share/sllidar_ros2/hook/cmake_prefix_path.dsv'
[46.747s] INFO:colcon.colcon_core.shell:Creating environment hook '/home/pi/linorobot2_ws/install/sllidar_ros2/share/sllidar_ros2/hook/cmake_prefix_path.sh'
[46.750s] Level 1:colcon.colcon_core.environment:checking '/home/pi/linorobot2_ws/install/sllidar_ros2/lib'
[46.750s] Level 1:colcon.colcon_core.environment:checking '/home/pi/linorobot2_ws/install/sllidar_ros2/bin'
[46.750s] Level 1:colcon.colcon_core.environment:checking '/home/pi/linorobot2_ws/install/sllidar_ros2/lib/pkgconfig/sllidar_ros2.pc'
[46.751s] Level 1:colcon.colcon_core.environment:checking '/home/pi/linorobot2_ws/install/sllidar_ros2/lib/python3.10/site-packages'
[46.752s] Level 1:colcon.colcon_core.environment:checking '/home/pi/linorobot2_ws/install/sllidar_ros2/bin'
[46.753s] INFO:colcon.colcon_core.shell:Creating package script '/home/pi/linorobot2_ws/install/sllidar_ros2/share/sllidar_ros2/package.ps1'
[46.755s] INFO:colcon.colcon_core.shell:Creating package descriptor '/home/pi/linorobot2_ws/install/sllidar_ros2/share/sllidar_ros2/package.dsv'
[46.757s] INFO:colcon.colcon_core.shell:Creating package script '/home/pi/linorobot2_ws/install/sllidar_ros2/share/sllidar_ros2/package.sh'
[46.759s] INFO:colcon.colcon_core.shell:Creating package script '/home/pi/linorobot2_ws/install/sllidar_ros2/share/sllidar_ros2/package.bash'
[46.762s] INFO:colcon.colcon_core.shell:Creating package script '/home/pi/linorobot2_ws/install/sllidar_ros2/share/sllidar_ros2/package.zsh'
[46.764s] Level 1:colcon.colcon_core.environment:create_file_with_runtime_dependencies(/home/pi/linorobot2_ws/install/sllidar_ros2/share/colcon-core/packages/sllidar_ros2)
[46.765s] DEBUG:colcon.colcon_parallel_executor.executor.parallel:closing loop
[46.767s] DEBUG:colcon.colcon_parallel_executor.executor.parallel:loop closed
[46.767s] DEBUG:colcon.colcon_parallel_executor.executor.parallel:run_until_complete finished with '0'
[46.768s] DEBUG:colcon.colcon_core.event_reactor:joining thread
[46.789s] INFO:colcon.colcon_core.plugin_system:Skipping extension 'colcon_notification.desktop_notification.notify_send': Could not find 'notify-send'
[46.789s] INFO:colcon.colcon_core.plugin_system:Skipping extension 'colcon_notification.desktop_notification.terminal_notifier': Not used on non-Darwin systems
[46.790s] INFO:colcon.colcon_core.plugin_system:Skipping extension 'colcon_notification.desktop_notification.win32': Not used on non-Windows systems
[46.790s] INFO:colcon.colcon_notification.desktop_notification:Sending desktop notification using 'notify2'
[46.792s] DEBUG:colcon.colcon_notification.desktop_notification.notify2:Failed to initialize notify2: org.freedesktop.DBus.Error.ServiceUnknown: The name org.freedesktop.Notifications was not provided by any .service files
[46.793s] DEBUG:colcon.colcon_core.event_reactor:joined thread
[46.794s] INFO:colcon.colcon_core.shell:Creating prefix script '/home/pi/linorobot2_ws/install/local_setup.ps1'
[46.797s] INFO:colcon.colcon_core.shell:Creating prefix util module '/home/pi/linorobot2_ws/install/_local_setup_util_ps1.py'
[46.803s] INFO:colcon.colcon_core.shell:Creating prefix chain script '/home/pi/linorobot2_ws/install/setup.ps1'
[46.811s] INFO:colcon.colcon_core.shell:Creating prefix script '/home/pi/linorobot2_ws/install/local_setup.sh'
[46.814s] INFO:colcon.colcon_core.shell:Creating prefix util module '/home/pi/linorobot2_ws/install/_local_setup_util_sh.py'
[46.817s] INFO:colcon.colcon_core.shell:Creating prefix chain script '/home/pi/linorobot2_ws/install/setup.sh'
[46.823s] INFO:colcon.colcon_core.shell:Creating prefix script '/home/pi/linorobot2_ws/install/local_setup.bash'
[46.825s] INFO:colcon.colcon_core.shell:Creating prefix chain script '/home/pi/linorobot2_ws/install/setup.bash'
[46.832s] INFO:colcon.colcon_core.shell:Creating prefix script '/home/pi/linorobot2_ws/install/local_setup.zsh'
[46.834s] INFO:colcon.colcon_core.shell:Creating prefix chain script '/home/pi/linorobot2_ws/install/setup.zsh'
