[0.435s] DEBUG:colcon:Command line arguments: ['/usr/bin/colcon', 'build']
[0.436s] DEBUG:colcon:Parsed command line arguments: Namespace(log_base=None, log_level=None, verb_name='build', build_base='build', install_base='install', merge_install=False, symlink_install=False, test_result_base=None, continue_on_error=False, executor='parallel', parallel_workers=4, event_handlers=None, ignore_user_meta=False, metas=['./colcon.meta'], base_paths=['.'], packages_ignore=None, packages_ignore_regex=None, paths=None, packages_up_to=None, packages_up_to_regex=None, packages_above=None, packages_above_and_dependencies=None, packages_above_depth=None, packages_select_by_dep=None, packages_skip_by_dep=None, packages_skip_up_to=None, packages_select_build_failed=False, packages_skip_build_finished=False, packages_select_test_failures=False, packages_skip_test_passed=False, packages_select=None, packages_skip=None, packages_select_regex=None, packages_skip_regex=None, packages_start=None, packages_end=None, allow_overriding=[], cmake_args=None, cmake_target=None, cmake_target_skip_unavailable=False, cmake_clean_cache=False, cmake_clean_first=False, cmake_force_configure=False, ament_cmake_args=None, catkin_cmake_args=None, catkin_skip_building_tests=False, verb_parser=<colcon_defaults.argument_parser.defaults.DefaultArgumentsDecorator object at 0xffff952a2f20>, verb_extension=<colcon_core.verb.build.BuildVerb object at 0xffff953d8550>, main=<bound method BuildVerb.main of <colcon_core.verb.build.BuildVerb object at 0xffff953d8550>>)
[1.204s] Level 1:colcon.colcon_core.package_discovery:discover_packages(colcon_meta) check parameters
[1.204s] Level 1:colcon.colcon_core.package_discovery:discover_packages(recursive) check parameters
[1.205s] Level 1:colcon.colcon_core.package_discovery:discover_packages(ignore) check parameters
[1.205s] Level 1:colcon.colcon_core.package_discovery:discover_packages(path) check parameters
[1.205s] Level 1:colcon.colcon_core.package_discovery:discover_packages(colcon_meta) discover
[1.205s] Level 1:colcon.colcon_core.package_discovery:discover_packages(recursive) discover
[1.205s] INFO:colcon.colcon_core.package_discovery:Crawling recursively for packages in '/home/pi/linorobot2_ws/src'
[1.206s] Level 1:colcon.colcon_core.package_identification:_identify(.) by extensions ['ignore', 'ignore_ament_install']
[1.206s] Level 1:colcon.colcon_core.package_identification:_identify(.) by extension 'ignore'
[1.206s] Level 1:colcon.colcon_core.package_identification:_identify(.) by extension 'ignore_ament_install'
[1.206s] Level 1:colcon.colcon_core.package_identification:_identify(.) by extensions ['colcon_pkg']
[1.207s] Level 1:colcon.colcon_core.package_identification:_identify(.) by extension 'colcon_pkg'
[1.207s] Level 1:colcon.colcon_core.package_identification:_identify(.) by extensions ['colcon_meta']
[1.207s] Level 1:colcon.colcon_core.package_identification:_identify(.) by extension 'colcon_meta'
[1.207s] Level 1:colcon.colcon_core.package_identification:_identify(.) by extensions ['ros']
[1.207s] Level 1:colcon.colcon_core.package_identification:_identify(.) by extension 'ros'
[1.252s] Level 1:colcon.colcon_core.package_identification:_identify(.) by extensions ['cmake', 'python']
[1.252s] Level 1:colcon.colcon_core.package_identification:_identify(.) by extension 'cmake'
[1.252s] Level 1:colcon.colcon_core.package_identification:_identify(.) by extension 'python'
[1.252s] Level 1:colcon.colcon_core.package_identification:_identify(.) by extensions ['python_setup_py']
[1.253s] Level 1:colcon.colcon_core.package_identification:_identify(.) by extension 'python_setup_py'
[1.253s] Level 1:colcon.colcon_core.package_identification:_identify(build) by extensions ['ignore', 'ignore_ament_install']
[1.253s] Level 1:colcon.colcon_core.package_identification:_identify(build) by extension 'ignore'
[1.254s] Level 1:colcon.colcon_core.package_identification:_identify(build) ignored
[1.254s] Level 1:colcon.colcon_core.package_identification:_identify(install) by extensions ['ignore', 'ignore_ament_install']
[1.254s] Level 1:colcon.colcon_core.package_identification:_identify(install) by extension 'ignore'
[1.255s] Level 1:colcon.colcon_core.package_identification:_identify(install) ignored
[1.255s] Level 1:colcon.colcon_core.package_identification:_identify(linorobot2) by extensions ['ignore', 'ignore_ament_install']
[1.255s] Level 1:colcon.colcon_core.package_identification:_identify(linorobot2) by extension 'ignore'
[1.256s] Level 1:colcon.colcon_core.package_identification:_identify(linorobot2) by extension 'ignore_ament_install'
[1.256s] Level 1:colcon.colcon_core.package_identification:_identify(linorobot2) by extensions ['colcon_pkg']
[1.256s] Level 1:colcon.colcon_core.package_identification:_identify(linorobot2) by extension 'colcon_pkg'
[1.256s] Level 1:colcon.colcon_core.package_identification:_identify(linorobot2) by extensions ['colcon_meta']
[1.256s] Level 1:colcon.colcon_core.package_identification:_identify(linorobot2) by extension 'colcon_meta'
[1.256s] Level 1:colcon.colcon_core.package_identification:_identify(linorobot2) by extensions ['ros']
[1.257s] Level 1:colcon.colcon_core.package_identification:_identify(linorobot2) by extension 'ros'
[1.257s] Level 1:colcon.colcon_core.package_identification:_identify(linorobot2) by extensions ['cmake', 'python']
[1.257s] Level 1:colcon.colcon_core.package_identification:_identify(linorobot2) by extension 'cmake'
[1.258s] Level 1:colcon.colcon_core.package_identification:_identify(linorobot2) by extension 'python'
[1.258s] Level 1:colcon.colcon_core.package_identification:_identify(linorobot2) by extensions ['python_setup_py']
[1.258s] Level 1:colcon.colcon_core.package_identification:_identify(linorobot2) by extension 'python_setup_py'
[1.258s] Level 1:colcon.colcon_core.package_identification:_identify(linorobot2/amcl) by extensions ['ignore', 'ignore_ament_install']
[1.259s] Level 1:colcon.colcon_core.package_identification:_identify(linorobot2/amcl) by extension 'ignore'
[1.259s] Level 1:colcon.colcon_core.package_identification:_identify(linorobot2/amcl) by extension 'ignore_ament_install'
[1.259s] Level 1:colcon.colcon_core.package_identification:_identify(linorobot2/amcl) by extensions ['colcon_pkg']
[1.259s] Level 1:colcon.colcon_core.package_identification:_identify(linorobot2/amcl) by extension 'colcon_pkg'
[1.259s] Level 1:colcon.colcon_core.package_identification:_identify(linorobot2/amcl) by extensions ['colcon_meta']
[1.260s] Level 1:colcon.colcon_core.package_identification:_identify(linorobot2/amcl) by extension 'colcon_meta'
[1.260s] Level 1:colcon.colcon_core.package_identification:_identify(linorobot2/amcl) by extensions ['ros']
[1.260s] Level 1:colcon.colcon_core.package_identification:_identify(linorobot2/amcl) by extension 'ros'
[1.260s] Level 1:colcon.colcon_core.package_identification:_identify(linorobot2/amcl) by extensions ['cmake', 'python']
[1.260s] Level 1:colcon.colcon_core.package_identification:_identify(linorobot2/amcl) by extension 'cmake'
[1.261s] Level 1:colcon.colcon_core.package_identification:_identify(linorobot2/amcl) by extension 'python'
[1.261s] Level 1:colcon.colcon_core.package_identification:_identify(linorobot2/amcl) by extensions ['python_setup_py']
[1.261s] Level 1:colcon.colcon_core.package_identification:_identify(linorobot2/amcl) by extension 'python_setup_py'
[1.261s] Level 1:colcon.colcon_core.package_identification:_identify(linorobot2/build) by extensions ['ignore', 'ignore_ament_install']
[1.262s] Level 1:colcon.colcon_core.package_identification:_identify(linorobot2/build) by extension 'ignore'
[1.262s] Level 1:colcon.colcon_core.package_identification:_identify(linorobot2/build) ignored
[1.262s] Level 1:colcon.colcon_core.package_identification:_identify(linorobot2/docker) by extensions ['ignore', 'ignore_ament_install']
[1.263s] Level 1:colcon.colcon_core.package_identification:_identify(linorobot2/docker) by extension 'ignore'
[1.263s] Level 1:colcon.colcon_core.package_identification:_identify(linorobot2/docker) by extension 'ignore_ament_install'
[1.263s] Level 1:colcon.colcon_core.package_identification:_identify(linorobot2/docker) by extensions ['colcon_pkg']
[1.263s] Level 1:colcon.colcon_core.package_identification:_identify(linorobot2/docker) by extension 'colcon_pkg'
[1.263s] Level 1:colcon.colcon_core.package_identification:_identify(linorobot2/docker) by extensions ['colcon_meta']
[1.264s] Level 1:colcon.colcon_core.package_identification:_identify(linorobot2/docker) by extension 'colcon_meta'
[1.264s] Level 1:colcon.colcon_core.package_identification:_identify(linorobot2/docker) by extensions ['ros']
[1.264s] Level 1:colcon.colcon_core.package_identification:_identify(linorobot2/docker) by extension 'ros'
[1.264s] Level 1:colcon.colcon_core.package_identification:_identify(linorobot2/docker) by extensions ['cmake', 'python']
[1.264s] Level 1:colcon.colcon_core.package_identification:_identify(linorobot2/docker) by extension 'cmake'
[1.265s] Level 1:colcon.colcon_core.package_identification:_identify(linorobot2/docker) by extension 'python'
[1.265s] Level 1:colcon.colcon_core.package_identification:_identify(linorobot2/docker) by extensions ['python_setup_py']
[1.265s] Level 1:colcon.colcon_core.package_identification:_identify(linorobot2/docker) by extension 'python_setup_py'
[1.265s] Level 1:colcon.colcon_core.package_identification:_identify(linorobot2/docs) by extensions ['ignore', 'ignore_ament_install']
[1.266s] Level 1:colcon.colcon_core.package_identification:_identify(linorobot2/docs) by extension 'ignore'
[1.266s] Level 1:colcon.colcon_core.package_identification:_identify(linorobot2/docs) by extension 'ignore_ament_install'
[1.266s] Level 1:colcon.colcon_core.package_identification:_identify(linorobot2/docs) by extensions ['colcon_pkg']
[1.266s] Level 1:colcon.colcon_core.package_identification:_identify(linorobot2/docs) by extension 'colcon_pkg'
[1.266s] Level 1:colcon.colcon_core.package_identification:_identify(linorobot2/docs) by extensions ['colcon_meta']
[1.266s] Level 1:colcon.colcon_core.package_identification:_identify(linorobot2/docs) by extension 'colcon_meta'
[1.266s] Level 1:colcon.colcon_core.package_identification:_identify(linorobot2/docs) by extensions ['ros']
[1.267s] Level 1:colcon.colcon_core.package_identification:_identify(linorobot2/docs) by extension 'ros'
[1.267s] Level 1:colcon.colcon_core.package_identification:_identify(linorobot2/docs) by extensions ['cmake', 'python']
[1.267s] Level 1:colcon.colcon_core.package_identification:_identify(linorobot2/docs) by extension 'cmake'
[1.267s] Level 1:colcon.colcon_core.package_identification:_identify(linorobot2/docs) by extension 'python'
[1.268s] Level 1:colcon.colcon_core.package_identification:_identify(linorobot2/docs) by extensions ['python_setup_py']
[1.268s] Level 1:colcon.colcon_core.package_identification:_identify(linorobot2/docs) by extension 'python_setup_py'
[1.269s] Level 1:colcon.colcon_core.package_identification:_identify(linorobot2/install) by extensions ['ignore', 'ignore_ament_install']
[1.269s] Level 1:colcon.colcon_core.package_identification:_identify(linorobot2/install) by extension 'ignore'
[1.269s] Level 1:colcon.colcon_core.package_identification:_identify(linorobot2/install) ignored
[1.269s] Level 1:colcon.colcon_core.package_identification:_identify(linorobot2/linorobot2) by extensions ['ignore', 'ignore_ament_install']
[1.270s] Level 1:colcon.colcon_core.package_identification:_identify(linorobot2/linorobot2) by extension 'ignore'
[1.270s] Level 1:colcon.colcon_core.package_identification:_identify(linorobot2/linorobot2) by extension 'ignore_ament_install'
[1.270s] Level 1:colcon.colcon_core.package_identification:_identify(linorobot2/linorobot2) by extensions ['colcon_pkg']
[1.270s] Level 1:colcon.colcon_core.package_identification:_identify(linorobot2/linorobot2) by extension 'colcon_pkg'
[1.270s] Level 1:colcon.colcon_core.package_identification:_identify(linorobot2/linorobot2) by extensions ['colcon_meta']
[1.270s] Level 1:colcon.colcon_core.package_identification:_identify(linorobot2/linorobot2) by extension 'colcon_meta'
[1.271s] Level 1:colcon.colcon_core.package_identification:_identify(linorobot2/linorobot2) by extensions ['ros']
[1.271s] Level 1:colcon.colcon_core.package_identification:_identify(linorobot2/linorobot2) by extension 'ros'
[1.280s] DEBUG:colcon.colcon_core.package_identification:Package 'linorobot2/linorobot2' with type 'ros.ament_cmake' and name 'linorobot2'
[1.280s] Level 1:colcon.colcon_core.package_identification:_identify(linorobot2/linorobot2_base) by extensions ['ignore', 'ignore_ament_install']
[1.281s] Level 1:colcon.colcon_core.package_identification:_identify(linorobot2/linorobot2_base) by extension 'ignore'
[1.281s] Level 1:colcon.colcon_core.package_identification:_identify(linorobot2/linorobot2_base) by extension 'ignore_ament_install'
[1.281s] Level 1:colcon.colcon_core.package_identification:_identify(linorobot2/linorobot2_base) by extensions ['colcon_pkg']
[1.281s] Level 1:colcon.colcon_core.package_identification:_identify(linorobot2/linorobot2_base) by extension 'colcon_pkg'
[1.281s] Level 1:colcon.colcon_core.package_identification:_identify(linorobot2/linorobot2_base) by extensions ['colcon_meta']
[1.282s] Level 1:colcon.colcon_core.package_identification:_identify(linorobot2/linorobot2_base) by extension 'colcon_meta'
[1.282s] Level 1:colcon.colcon_core.package_identification:_identify(linorobot2/linorobot2_base) by extensions ['ros']
[1.282s] Level 1:colcon.colcon_core.package_identification:_identify(linorobot2/linorobot2_base) by extension 'ros'
[1.284s] DEBUG:colcon.colcon_core.package_identification:Package 'linorobot2/linorobot2_base' with type 'ros.ament_cmake' and name 'linorobot2_base'
[1.285s] Level 1:colcon.colcon_core.package_identification:_identify(linorobot2/linorobot2_bringup) by extensions ['ignore', 'ignore_ament_install']
[1.285s] Level 1:colcon.colcon_core.package_identification:_identify(linorobot2/linorobot2_bringup) by extension 'ignore'
[1.285s] Level 1:colcon.colcon_core.package_identification:_identify(linorobot2/linorobot2_bringup) by extension 'ignore_ament_install'
[1.285s] Level 1:colcon.colcon_core.package_identification:_identify(linorobot2/linorobot2_bringup) by extensions ['colcon_pkg']
[1.286s] Level 1:colcon.colcon_core.package_identification:_identify(linorobot2/linorobot2_bringup) by extension 'colcon_pkg'
[1.286s] Level 1:colcon.colcon_core.package_identification:_identify(linorobot2/linorobot2_bringup) by extensions ['colcon_meta']
[1.286s] Level 1:colcon.colcon_core.package_identification:_identify(linorobot2/linorobot2_bringup) by extension 'colcon_meta'
[1.286s] Level 1:colcon.colcon_core.package_identification:_identify(linorobot2/linorobot2_bringup) by extensions ['ros']
[1.286s] Level 1:colcon.colcon_core.package_identification:_identify(linorobot2/linorobot2_bringup) by extension 'ros'
[1.289s] DEBUG:colcon.colcon_core.package_identification:Package 'linorobot2/linorobot2_bringup' with type 'ros.ament_cmake' and name 'linorobot2_bringup'
[1.289s] Level 1:colcon.colcon_core.package_identification:_identify(linorobot2/linorobot2_description) by extensions ['ignore', 'ignore_ament_install']
[1.290s] Level 1:colcon.colcon_core.package_identification:_identify(linorobot2/linorobot2_description) by extension 'ignore'
[1.290s] Level 1:colcon.colcon_core.package_identification:_identify(linorobot2/linorobot2_description) by extension 'ignore_ament_install'
[1.290s] Level 1:colcon.colcon_core.package_identification:_identify(linorobot2/linorobot2_description) by extensions ['colcon_pkg']
[1.290s] Level 1:colcon.colcon_core.package_identification:_identify(linorobot2/linorobot2_description) by extension 'colcon_pkg'
[1.290s] Level 1:colcon.colcon_core.package_identification:_identify(linorobot2/linorobot2_description) by extensions ['colcon_meta']
[1.291s] Level 1:colcon.colcon_core.package_identification:_identify(linorobot2/linorobot2_description) by extension 'colcon_meta'
[1.291s] Level 1:colcon.colcon_core.package_identification:_identify(linorobot2/linorobot2_description) by extensions ['ros']
[1.291s] Level 1:colcon.colcon_core.package_identification:_identify(linorobot2/linorobot2_description) by extension 'ros'
[1.294s] DEBUG:colcon.colcon_core.package_identification:Package 'linorobot2/linorobot2_description' with type 'ros.ament_cmake' and name 'linorobot2_description'
[1.295s] Level 1:colcon.colcon_core.package_identification:_identify(linorobot2/linorobot2_gazebo) by extensions ['ignore', 'ignore_ament_install']
[1.295s] Level 1:colcon.colcon_core.package_identification:_identify(linorobot2/linorobot2_gazebo) by extension 'ignore'
[1.295s] Level 1:colcon.colcon_core.package_identification:_identify(linorobot2/linorobot2_gazebo) ignored
[1.296s] Level 1:colcon.colcon_core.package_identification:_identify(linorobot2/linorobot2_navigation) by extensions ['ignore', 'ignore_ament_install']
[1.296s] Level 1:colcon.colcon_core.package_identification:_identify(linorobot2/linorobot2_navigation) by extension 'ignore'
[1.296s] Level 1:colcon.colcon_core.package_identification:_identify(linorobot2/linorobot2_navigation) by extension 'ignore_ament_install'
[1.297s] Level 1:colcon.colcon_core.package_identification:_identify(linorobot2/linorobot2_navigation) by extensions ['colcon_pkg']
[1.297s] Level 1:colcon.colcon_core.package_identification:_identify(linorobot2/linorobot2_navigation) by extension 'colcon_pkg'
[1.297s] Level 1:colcon.colcon_core.package_identification:_identify(linorobot2/linorobot2_navigation) by extensions ['colcon_meta']
[1.297s] Level 1:colcon.colcon_core.package_identification:_identify(linorobot2/linorobot2_navigation) by extension 'colcon_meta'
[1.297s] Level 1:colcon.colcon_core.package_identification:_identify(linorobot2/linorobot2_navigation) by extensions ['ros']
[1.297s] Level 1:colcon.colcon_core.package_identification:_identify(linorobot2/linorobot2_navigation) by extension 'ros'
[1.299s] DEBUG:colcon.colcon_core.package_identification:Package 'linorobot2/linorobot2_navigation' with type 'ros.ament_cmake' and name 'linorobot2_navigation'
[1.300s] Level 1:colcon.colcon_core.package_identification:_identify(linorobot2/linorobot2_rect) by extensions ['ignore', 'ignore_ament_install']
[1.300s] Level 1:colcon.colcon_core.package_identification:_identify(linorobot2/linorobot2_rect) by extension 'ignore'
[1.301s] Level 1:colcon.colcon_core.package_identification:_identify(linorobot2/linorobot2_rect) by extension 'ignore_ament_install'
[1.301s] Level 1:colcon.colcon_core.package_identification:_identify(linorobot2/linorobot2_rect) by extensions ['colcon_pkg']
[1.301s] Level 1:colcon.colcon_core.package_identification:_identify(linorobot2/linorobot2_rect) by extension 'colcon_pkg'
[1.301s] Level 1:colcon.colcon_core.package_identification:_identify(linorobot2/linorobot2_rect) by extensions ['colcon_meta']
[1.301s] Level 1:colcon.colcon_core.package_identification:_identify(linorobot2/linorobot2_rect) by extension 'colcon_meta'
[1.302s] Level 1:colcon.colcon_core.package_identification:_identify(linorobot2/linorobot2_rect) by extensions ['ros']
[1.302s] Level 1:colcon.colcon_core.package_identification:_identify(linorobot2/linorobot2_rect) by extension 'ros'
[1.304s] DEBUG:colcon.colcon_core.package_identification:Package 'linorobot2/linorobot2_rect' with type 'ros.ament_python' and name 'linorobot2_rect'
[1.304s] Level 1:colcon.colcon_core.package_identification:_identify(linorobot2/log) by extensions ['ignore', 'ignore_ament_install']
[1.305s] Level 1:colcon.colcon_core.package_identification:_identify(linorobot2/log) by extension 'ignore'
[1.305s] Level 1:colcon.colcon_core.package_identification:_identify(linorobot2/log) ignored
[1.305s] Level 1:colcon.colcon_core.package_identification:_identify(log) by extensions ['ignore', 'ignore_ament_install']
[1.306s] Level 1:colcon.colcon_core.package_identification:_identify(log) by extension 'ignore'
[1.306s] Level 1:colcon.colcon_core.package_identification:_identify(log) ignored
[1.306s] Level 1:colcon.colcon_core.package_identification:_identify(sllidar_ros2) by extensions ['ignore', 'ignore_ament_install']
[1.306s] Level 1:colcon.colcon_core.package_identification:_identify(sllidar_ros2) by extension 'ignore'
[1.307s] Level 1:colcon.colcon_core.package_identification:_identify(sllidar_ros2) by extension 'ignore_ament_install'
[1.307s] Level 1:colcon.colcon_core.package_identification:_identify(sllidar_ros2) by extensions ['colcon_pkg']
[1.307s] Level 1:colcon.colcon_core.package_identification:_identify(sllidar_ros2) by extension 'colcon_pkg'
[1.307s] Level 1:colcon.colcon_core.package_identification:_identify(sllidar_ros2) by extensions ['colcon_meta']
[1.307s] Level 1:colcon.colcon_core.package_identification:_identify(sllidar_ros2) by extension 'colcon_meta'
[1.308s] Level 1:colcon.colcon_core.package_identification:_identify(sllidar_ros2) by extensions ['ros']
[1.308s] Level 1:colcon.colcon_core.package_identification:_identify(sllidar_ros2) by extension 'ros'
[1.310s] DEBUG:colcon.colcon_core.package_identification:Package 'sllidar_ros2' with type 'ros.ament_cmake' and name 'sllidar_ros2'
[1.311s] Level 1:colcon.colcon_core.package_discovery:discover_packages(recursive) using defaults
[1.311s] Level 1:colcon.colcon_core.package_discovery:discover_packages(ignore) discover
[1.311s] Level 1:colcon.colcon_core.package_discovery:discover_packages(ignore) using defaults
[1.311s] Level 1:colcon.colcon_core.package_discovery:discover_packages(path) discover
[1.311s] Level 1:colcon.colcon_core.package_discovery:discover_packages(path) using defaults
[1.429s] Level 1:colcon.colcon_core.package_discovery:discover_packages(prefix_path) check parameters
[1.429s] Level 1:colcon.colcon_core.package_discovery:discover_packages(prefix_path) discover
[1.434s] WARNING:colcon.colcon_ros.prefix_path.ament:The path '/home/pi/linorobot2_ws/install/linorobot2_control' in the environment variable AMENT_PREFIX_PATH doesn't exist
[1.441s] DEBUG:colcon.colcon_installed_package_information.package_discovery:Found 7 installed packages in /home/pi/linorobot2_ws/install
[1.443s] DEBUG:colcon.colcon_installed_package_information.package_discovery:Found 3 installed packages in /home/pi/uros_ws/install
[1.452s] DEBUG:colcon.colcon_installed_package_information.package_discovery:Found 267 installed packages in /opt/ros/humble
[1.458s] Level 1:colcon.colcon_core.package_discovery:discover_packages(prefix_path) using defaults
[1.610s] Level 5:colcon.colcon_core.verb:set package 'linorobot2' build argument 'cmake_args' from command line to 'None'
[1.611s] Level 5:colcon.colcon_core.verb:set package 'linorobot2' build argument 'cmake_target' from command line to 'None'
[1.611s] Level 5:colcon.colcon_core.verb:set package 'linorobot2' build argument 'cmake_target_skip_unavailable' from command line to 'False'
[1.611s] Level 5:colcon.colcon_core.verb:set package 'linorobot2' build argument 'cmake_clean_cache' from command line to 'False'
[1.611s] Level 5:colcon.colcon_core.verb:set package 'linorobot2' build argument 'cmake_clean_first' from command line to 'False'
[1.611s] Level 5:colcon.colcon_core.verb:set package 'linorobot2' build argument 'cmake_force_configure' from command line to 'False'
[1.611s] Level 5:colcon.colcon_core.verb:set package 'linorobot2' build argument 'ament_cmake_args' from command line to 'None'
[1.611s] Level 5:colcon.colcon_core.verb:set package 'linorobot2' build argument 'catkin_cmake_args' from command line to 'None'
[1.611s] Level 5:colcon.colcon_core.verb:set package 'linorobot2' build argument 'catkin_skip_building_tests' from command line to 'False'
[1.612s] DEBUG:colcon.colcon_core.verb:Building package 'linorobot2' with the following arguments: {'ament_cmake_args': None, 'build_base': '/home/pi/linorobot2_ws/src/build/linorobot2', 'catkin_cmake_args': None, 'catkin_skip_building_tests': False, 'cmake_args': None, 'cmake_clean_cache': False, 'cmake_clean_first': False, 'cmake_force_configure': False, 'cmake_target': None, 'cmake_target_skip_unavailable': False, 'install_base': '/home/pi/linorobot2_ws/src/install/linorobot2', 'merge_install': False, 'path': '/home/pi/linorobot2_ws/src/linorobot2/linorobot2', 'symlink_install': False, 'test_result_base': None}
[1.613s] Level 5:colcon.colcon_core.verb:set package 'linorobot2_base' build argument 'cmake_args' from command line to 'None'
[1.613s] Level 5:colcon.colcon_core.verb:set package 'linorobot2_base' build argument 'cmake_target' from command line to 'None'
[1.614s] Level 5:colcon.colcon_core.verb:set package 'linorobot2_base' build argument 'cmake_target_skip_unavailable' from command line to 'False'
[1.614s] Level 5:colcon.colcon_core.verb:set package 'linorobot2_base' build argument 'cmake_clean_cache' from command line to 'False'
[1.614s] Level 5:colcon.colcon_core.verb:set package 'linorobot2_base' build argument 'cmake_clean_first' from command line to 'False'
[1.614s] Level 5:colcon.colcon_core.verb:set package 'linorobot2_base' build argument 'cmake_force_configure' from command line to 'False'
[1.614s] Level 5:colcon.colcon_core.verb:set package 'linorobot2_base' build argument 'ament_cmake_args' from command line to 'None'
[1.614s] Level 5:colcon.colcon_core.verb:set package 'linorobot2_base' build argument 'catkin_cmake_args' from command line to 'None'
[1.614s] Level 5:colcon.colcon_core.verb:set package 'linorobot2_base' build argument 'catkin_skip_building_tests' from command line to 'False'
[1.614s] DEBUG:colcon.colcon_core.verb:Building package 'linorobot2_base' with the following arguments: {'ament_cmake_args': None, 'build_base': '/home/pi/linorobot2_ws/src/build/linorobot2_base', 'catkin_cmake_args': None, 'catkin_skip_building_tests': False, 'cmake_args': None, 'cmake_clean_cache': False, 'cmake_clean_first': False, 'cmake_force_configure': False, 'cmake_target': None, 'cmake_target_skip_unavailable': False, 'install_base': '/home/pi/linorobot2_ws/src/install/linorobot2_base', 'merge_install': False, 'path': '/home/pi/linorobot2_ws/src/linorobot2/linorobot2_base', 'symlink_install': False, 'test_result_base': None}
[1.616s] Level 5:colcon.colcon_core.verb:set package 'linorobot2_bringup' build argument 'cmake_args' from command line to 'None'
[1.616s] Level 5:colcon.colcon_core.verb:set package 'linorobot2_bringup' build argument 'cmake_target' from command line to 'None'
[1.616s] Level 5:colcon.colcon_core.verb:set package 'linorobot2_bringup' build argument 'cmake_target_skip_unavailable' from command line to 'False'
[1.616s] Level 5:colcon.colcon_core.verb:set package 'linorobot2_bringup' build argument 'cmake_clean_cache' from command line to 'False'
[1.616s] Level 5:colcon.colcon_core.verb:set package 'linorobot2_bringup' build argument 'cmake_clean_first' from command line to 'False'
[1.616s] Level 5:colcon.colcon_core.verb:set package 'linorobot2_bringup' build argument 'cmake_force_configure' from command line to 'False'
[1.617s] Level 5:colcon.colcon_core.verb:set package 'linorobot2_bringup' build argument 'ament_cmake_args' from command line to 'None'
[1.617s] Level 5:colcon.colcon_core.verb:set package 'linorobot2_bringup' build argument 'catkin_cmake_args' from command line to 'None'
[1.617s] Level 5:colcon.colcon_core.verb:set package 'linorobot2_bringup' build argument 'catkin_skip_building_tests' from command line to 'False'
[1.617s] DEBUG:colcon.colcon_core.verb:Building package 'linorobot2_bringup' with the following arguments: {'ament_cmake_args': None, 'build_base': '/home/pi/linorobot2_ws/src/build/linorobot2_bringup', 'catkin_cmake_args': None, 'catkin_skip_building_tests': False, 'cmake_args': None, 'cmake_clean_cache': False, 'cmake_clean_first': False, 'cmake_force_configure': False, 'cmake_target': None, 'cmake_target_skip_unavailable': False, 'install_base': '/home/pi/linorobot2_ws/src/install/linorobot2_bringup', 'merge_install': False, 'path': '/home/pi/linorobot2_ws/src/linorobot2/linorobot2_bringup', 'symlink_install': False, 'test_result_base': None}
[1.618s] Level 5:colcon.colcon_core.verb:set package 'linorobot2_description' build argument 'cmake_args' from command line to 'None'
[1.619s] Level 5:colcon.colcon_core.verb:set package 'linorobot2_description' build argument 'cmake_target' from command line to 'None'
[1.619s] Level 5:colcon.colcon_core.verb:set package 'linorobot2_description' build argument 'cmake_target_skip_unavailable' from command line to 'False'
[1.619s] Level 5:colcon.colcon_core.verb:set package 'linorobot2_description' build argument 'cmake_clean_cache' from command line to 'False'
[1.619s] Level 5:colcon.colcon_core.verb:set package 'linorobot2_description' build argument 'cmake_clean_first' from command line to 'False'
[1.619s] Level 5:colcon.colcon_core.verb:set package 'linorobot2_description' build argument 'cmake_force_configure' from command line to 'False'
[1.619s] Level 5:colcon.colcon_core.verb:set package 'linorobot2_description' build argument 'ament_cmake_args' from command line to 'None'
[1.619s] Level 5:colcon.colcon_core.verb:set package 'linorobot2_description' build argument 'catkin_cmake_args' from command line to 'None'
[1.619s] Level 5:colcon.colcon_core.verb:set package 'linorobot2_description' build argument 'catkin_skip_building_tests' from command line to 'False'
[1.619s] DEBUG:colcon.colcon_core.verb:Building package 'linorobot2_description' with the following arguments: {'ament_cmake_args': None, 'build_base': '/home/pi/linorobot2_ws/src/build/linorobot2_description', 'catkin_cmake_args': None, 'catkin_skip_building_tests': False, 'cmake_args': None, 'cmake_clean_cache': False, 'cmake_clean_first': False, 'cmake_force_configure': False, 'cmake_target': None, 'cmake_target_skip_unavailable': False, 'install_base': '/home/pi/linorobot2_ws/src/install/linorobot2_description', 'merge_install': False, 'path': '/home/pi/linorobot2_ws/src/linorobot2/linorobot2_description', 'symlink_install': False, 'test_result_base': None}
[1.621s] Level 5:colcon.colcon_core.verb:set package 'linorobot2_navigation' build argument 'cmake_args' from command line to 'None'
[1.621s] Level 5:colcon.colcon_core.verb:set package 'linorobot2_navigation' build argument 'cmake_target' from command line to 'None'
[1.621s] Level 5:colcon.colcon_core.verb:set package 'linorobot2_navigation' build argument 'cmake_target_skip_unavailable' from command line to 'False'
[1.621s] Level 5:colcon.colcon_core.verb:set package 'linorobot2_navigation' build argument 'cmake_clean_cache' from command line to 'False'
[1.621s] Level 5:colcon.colcon_core.verb:set package 'linorobot2_navigation' build argument 'cmake_clean_first' from command line to 'False'
[1.622s] Level 5:colcon.colcon_core.verb:set package 'linorobot2_navigation' build argument 'cmake_force_configure' from command line to 'False'
[1.622s] Level 5:colcon.colcon_core.verb:set package 'linorobot2_navigation' build argument 'ament_cmake_args' from command line to 'None'
[1.622s] Level 5:colcon.colcon_core.verb:set package 'linorobot2_navigation' build argument 'catkin_cmake_args' from command line to 'None'
[1.622s] Level 5:colcon.colcon_core.verb:set package 'linorobot2_navigation' build argument 'catkin_skip_building_tests' from command line to 'False'
[1.622s] DEBUG:colcon.colcon_core.verb:Building package 'linorobot2_navigation' with the following arguments: {'ament_cmake_args': None, 'build_base': '/home/pi/linorobot2_ws/src/build/linorobot2_navigation', 'catkin_cmake_args': None, 'catkin_skip_building_tests': False, 'cmake_args': None, 'cmake_clean_cache': False, 'cmake_clean_first': False, 'cmake_force_configure': False, 'cmake_target': None, 'cmake_target_skip_unavailable': False, 'install_base': '/home/pi/linorobot2_ws/src/install/linorobot2_navigation', 'merge_install': False, 'path': '/home/pi/linorobot2_ws/src/linorobot2/linorobot2_navigation', 'symlink_install': False, 'test_result_base': None}
[1.623s] Level 5:colcon.colcon_core.verb:set package 'linorobot2_rect' build argument 'cmake_args' from command line to 'None'
[1.624s] Level 5:colcon.colcon_core.verb:set package 'linorobot2_rect' build argument 'cmake_target' from command line to 'None'
[1.624s] Level 5:colcon.colcon_core.verb:set package 'linorobot2_rect' build argument 'cmake_target_skip_unavailable' from command line to 'False'
[1.624s] Level 5:colcon.colcon_core.verb:set package 'linorobot2_rect' build argument 'cmake_clean_cache' from command line to 'False'
[1.624s] Level 5:colcon.colcon_core.verb:set package 'linorobot2_rect' build argument 'cmake_clean_first' from command line to 'False'
[1.624s] Level 5:colcon.colcon_core.verb:set package 'linorobot2_rect' build argument 'cmake_force_configure' from command line to 'False'
[1.624s] Level 5:colcon.colcon_core.verb:set package 'linorobot2_rect' build argument 'ament_cmake_args' from command line to 'None'
[1.624s] Level 5:colcon.colcon_core.verb:set package 'linorobot2_rect' build argument 'catkin_cmake_args' from command line to 'None'
[1.624s] Level 5:colcon.colcon_core.verb:set package 'linorobot2_rect' build argument 'catkin_skip_building_tests' from command line to 'False'
[1.625s] DEBUG:colcon.colcon_core.verb:Building package 'linorobot2_rect' with the following arguments: {'ament_cmake_args': None, 'build_base': '/home/pi/linorobot2_ws/src/build/linorobot2_rect', 'catkin_cmake_args': None, 'catkin_skip_building_tests': False, 'cmake_args': None, 'cmake_clean_cache': False, 'cmake_clean_first': False, 'cmake_force_configure': False, 'cmake_target': None, 'cmake_target_skip_unavailable': False, 'install_base': '/home/pi/linorobot2_ws/src/install/linorobot2_rect', 'merge_install': False, 'path': '/home/pi/linorobot2_ws/src/linorobot2/linorobot2_rect', 'symlink_install': False, 'test_result_base': None}
[1.626s] Level 5:colcon.colcon_core.verb:set package 'sllidar_ros2' build argument 'cmake_args' from command line to 'None'
[1.626s] Level 5:colcon.colcon_core.verb:set package 'sllidar_ros2' build argument 'cmake_target' from command line to 'None'
[1.626s] Level 5:colcon.colcon_core.verb:set package 'sllidar_ros2' build argument 'cmake_target_skip_unavailable' from command line to 'False'
[1.626s] Level 5:colcon.colcon_core.verb:set package 'sllidar_ros2' build argument 'cmake_clean_cache' from command line to 'False'
[1.626s] Level 5:colcon.colcon_core.verb:set package 'sllidar_ros2' build argument 'cmake_clean_first' from command line to 'False'
[1.627s] Level 5:colcon.colcon_core.verb:set package 'sllidar_ros2' build argument 'cmake_force_configure' from command line to 'False'
[1.627s] Level 5:colcon.colcon_core.verb:set package 'sllidar_ros2' build argument 'ament_cmake_args' from command line to 'None'
[1.627s] Level 5:colcon.colcon_core.verb:set package 'sllidar_ros2' build argument 'catkin_cmake_args' from command line to 'None'
[1.627s] Level 5:colcon.colcon_core.verb:set package 'sllidar_ros2' build argument 'catkin_skip_building_tests' from command line to 'False'
[1.627s] DEBUG:colcon.colcon_core.verb:Building package 'sllidar_ros2' with the following arguments: {'ament_cmake_args': None, 'build_base': '/home/pi/linorobot2_ws/src/build/sllidar_ros2', 'catkin_cmake_args': None, 'catkin_skip_building_tests': False, 'cmake_args': None, 'cmake_clean_cache': False, 'cmake_clean_first': False, 'cmake_force_configure': False, 'cmake_target': None, 'cmake_target_skip_unavailable': False, 'install_base': '/home/pi/linorobot2_ws/src/install/sllidar_ros2', 'merge_install': False, 'path': '/home/pi/linorobot2_ws/src/sllidar_ros2', 'symlink_install': False, 'test_result_base': None}
[1.627s] INFO:colcon.colcon_core.executor:Executing jobs using 'parallel' executor
[1.631s] DEBUG:colcon.colcon_parallel_executor.executor.parallel:run_until_complete
[1.632s] INFO:colcon.colcon_ros.task.ament_cmake.build:Building ROS package in '/home/pi/linorobot2_ws/src/linorobot2/linorobot2' with build type 'ament_cmake'
[1.633s] INFO:colcon.colcon_cmake.task.cmake.build:Building CMake package in '/home/pi/linorobot2_ws/src/linorobot2/linorobot2'
[1.642s] INFO:colcon.colcon_core.plugin_system:Skipping extension 'colcon_core.shell.bat': Not used on non-Windows systems
[1.643s] INFO:colcon.colcon_core.shell:Skip shell extension 'powershell' for command environment: Not usable outside of PowerShell
[1.643s] DEBUG:colcon.colcon_core.shell:Skip shell extension 'dsv' for command environment
[1.666s] INFO:colcon.colcon_ros.task.ament_cmake.build:Building ROS package in '/home/pi/linorobot2_ws/src/linorobot2/linorobot2_base' with build type 'ament_cmake'
[1.667s] INFO:colcon.colcon_cmake.task.cmake.build:Building CMake package in '/home/pi/linorobot2_ws/src/linorobot2/linorobot2_base'
[1.668s] INFO:colcon.colcon_core.shell:Skip shell extension 'powershell' for command environment: Not usable outside of PowerShell
[1.668s] DEBUG:colcon.colcon_core.shell:Skip shell extension 'dsv' for command environment
[1.693s] INFO:colcon.colcon_ros.task.ament_cmake.build:Building ROS package in '/home/pi/linorobot2_ws/src/linorobot2/linorobot2_bringup' with build type 'ament_cmake'
[1.693s] INFO:colcon.colcon_cmake.task.cmake.build:Building CMake package in '/home/pi/linorobot2_ws/src/linorobot2/linorobot2_bringup'
[1.694s] INFO:colcon.colcon_core.shell:Skip shell extension 'powershell' for command environment: Not usable outside of PowerShell
[1.695s] DEBUG:colcon.colcon_core.shell:Skip shell extension 'dsv' for command environment
[1.718s] INFO:colcon.colcon_ros.task.ament_cmake.build:Building ROS package in '/home/pi/linorobot2_ws/src/linorobot2/linorobot2_description' with build type 'ament_cmake'
[1.719s] INFO:colcon.colcon_cmake.task.cmake.build:Building CMake package in '/home/pi/linorobot2_ws/src/linorobot2/linorobot2_description'
[1.720s] INFO:colcon.colcon_core.shell:Skip shell extension 'powershell' for command environment: Not usable outside of PowerShell
[1.720s] DEBUG:colcon.colcon_core.shell:Skip shell extension 'dsv' for command environment
[1.761s] DEBUG:colcon.colcon_core.event_handler.log_command:Invoking command in '/home/pi/linorobot2_ws/src/build/linorobot2': CMAKE_PREFIX_PATH=${CMAKE_PREFIX_PATH}:/home/pi/linorobot2_ws/install/linorobot2_control:/home/pi/uros_ws/install/my_robot_controller:/opt/ros/humble /usr/bin/cmake /home/pi/linorobot2_ws/src/linorobot2/linorobot2 -DCMAKE_INSTALL_PREFIX=/home/pi/linorobot2_ws/src/install/linorobot2
[1.782s] DEBUG:colcon.colcon_core.event_handler.log_command:Invoking command in '/home/pi/linorobot2_ws/src/build/linorobot2_base': CMAKE_PREFIX_PATH=${CMAKE_PREFIX_PATH}:/home/pi/linorobot2_ws/install/linorobot2_control:/home/pi/uros_ws/install/my_robot_controller:/opt/ros/humble /usr/bin/cmake /home/pi/linorobot2_ws/src/linorobot2/linorobot2_base -DCMAKE_INSTALL_PREFIX=/home/pi/linorobot2_ws/src/install/linorobot2_base
[1.801s] DEBUG:colcon.colcon_core.event_handler.log_command:Invoking command in '/home/pi/linorobot2_ws/src/build/linorobot2_bringup': CMAKE_PREFIX_PATH=${CMAKE_PREFIX_PATH}:/home/pi/linorobot2_ws/install/linorobot2_control:/home/pi/uros_ws/install/my_robot_controller:/opt/ros/humble /usr/bin/cmake /home/pi/linorobot2_ws/src/linorobot2/linorobot2_bringup -DCMAKE_INSTALL_PREFIX=/home/pi/linorobot2_ws/src/install/linorobot2_bringup
[1.841s] DEBUG:colcon.colcon_core.event_handler.log_command:Invoking command in '/home/pi/linorobot2_ws/src/build/linorobot2_description': CMAKE_PREFIX_PATH=${CMAKE_PREFIX_PATH}:/home/pi/linorobot2_ws/install/linorobot2_control:/home/pi/uros_ws/install/my_robot_controller:/opt/ros/humble /usr/bin/cmake /home/pi/linorobot2_ws/src/linorobot2/linorobot2_description -DCMAKE_INSTALL_PREFIX=/home/pi/linorobot2_ws/src/install/linorobot2_description
[8.783s] DEBUG:colcon.colcon_core.event_handler.log_command:Invoked command in '/home/pi/linorobot2_ws/src/build/linorobot2_base' returned '0': CMAKE_PREFIX_PATH=${CMAKE_PREFIX_PATH}:/home/pi/linorobot2_ws/install/linorobot2_control:/home/pi/uros_ws/install/my_robot_controller:/opt/ros/humble /usr/bin/cmake /home/pi/linorobot2_ws/src/linorobot2/linorobot2_base -DCMAKE_INSTALL_PREFIX=/home/pi/linorobot2_ws/src/install/linorobot2_base
[8.791s] DEBUG:colcon.colcon_core.event_handler.log_command:Invoking command in '/home/pi/linorobot2_ws/src/build/linorobot2_base': CMAKE_PREFIX_PATH=${CMAKE_PREFIX_PATH}:/home/pi/linorobot2_ws/install/linorobot2_control:/home/pi/uros_ws/install/my_robot_controller:/opt/ros/humble /usr/bin/cmake --build /home/pi/linorobot2_ws/src/build/linorobot2_base -- -j4 -l4
[8.850s] DEBUG:colcon.colcon_core.event_handler.log_command:Invoked command in '/home/pi/linorobot2_ws/src/build/linorobot2_bringup' returned '0': CMAKE_PREFIX_PATH=${CMAKE_PREFIX_PATH}:/home/pi/linorobot2_ws/install/linorobot2_control:/home/pi/uros_ws/install/my_robot_controller:/opt/ros/humble /usr/bin/cmake /home/pi/linorobot2_ws/src/linorobot2/linorobot2_bringup -DCMAKE_INSTALL_PREFIX=/home/pi/linorobot2_ws/src/install/linorobot2_bringup
[8.852s] DEBUG:colcon.colcon_core.event_handler.log_command:Invoking command in '/home/pi/linorobot2_ws/src/build/linorobot2_bringup': CMAKE_PREFIX_PATH=${CMAKE_PREFIX_PATH}:/home/pi/linorobot2_ws/install/linorobot2_control:/home/pi/uros_ws/install/my_robot_controller:/opt/ros/humble /usr/bin/cmake --build /home/pi/linorobot2_ws/src/build/linorobot2_bringup -- -j4 -l4
[8.862s] DEBUG:colcon.colcon_core.event_handler.log_command:Invoked command in '/home/pi/linorobot2_ws/src/build/linorobot2' returned '0': CMAKE_PREFIX_PATH=${CMAKE_PREFIX_PATH}:/home/pi/linorobot2_ws/install/linorobot2_control:/home/pi/uros_ws/install/my_robot_controller:/opt/ros/humble /usr/bin/cmake /home/pi/linorobot2_ws/src/linorobot2/linorobot2 -DCMAKE_INSTALL_PREFIX=/home/pi/linorobot2_ws/src/install/linorobot2
[8.864s] DEBUG:colcon.colcon_core.event_handler.log_command:Invoking command in '/home/pi/linorobot2_ws/src/build/linorobot2': CMAKE_PREFIX_PATH=${CMAKE_PREFIX_PATH}:/home/pi/linorobot2_ws/install/linorobot2_control:/home/pi/uros_ws/install/my_robot_controller:/opt/ros/humble /usr/bin/cmake --build /home/pi/linorobot2_ws/src/build/linorobot2 -- -j4 -l4
[9.022s] DEBUG:colcon.colcon_core.event_handler.log_command:Invoked command in '/home/pi/linorobot2_ws/src/build/linorobot2_base' returned '0': CMAKE_PREFIX_PATH=${CMAKE_PREFIX_PATH}:/home/pi/linorobot2_ws/install/linorobot2_control:/home/pi/uros_ws/install/my_robot_controller:/opt/ros/humble /usr/bin/cmake --build /home/pi/linorobot2_ws/src/build/linorobot2_base -- -j4 -l4
[9.065s] DEBUG:colcon.colcon_core.event_handler.log_command:Invoking command in '/home/pi/linorobot2_ws/src/build/linorobot2_base': CMAKE_PREFIX_PATH=${CMAKE_PREFIX_PATH}:/home/pi/linorobot2_ws/install/linorobot2_control:/home/pi/uros_ws/install/my_robot_controller:/opt/ros/humble /usr/bin/cmake --install /home/pi/linorobot2_ws/src/build/linorobot2_base
[9.071s] DEBUG:colcon.colcon_core.event_handler.log_command:Invoked command in '/home/pi/linorobot2_ws/src/build/linorobot2' returned '0': CMAKE_PREFIX_PATH=${CMAKE_PREFIX_PATH}:/home/pi/linorobot2_ws/install/linorobot2_control:/home/pi/uros_ws/install/my_robot_controller:/opt/ros/humble /usr/bin/cmake --build /home/pi/linorobot2_ws/src/build/linorobot2 -- -j4 -l4
[9.081s] DEBUG:colcon.colcon_core.event_handler.log_command:Invoking command in '/home/pi/linorobot2_ws/src/build/linorobot2': CMAKE_PREFIX_PATH=${CMAKE_PREFIX_PATH}:/home/pi/linorobot2_ws/install/linorobot2_control:/home/pi/uros_ws/install/my_robot_controller:/opt/ros/humble /usr/bin/cmake --install /home/pi/linorobot2_ws/src/build/linorobot2
[9.083s] DEBUG:colcon.colcon_core.event_handler.log_command:Invoked command in '/home/pi/linorobot2_ws/src/build/linorobot2_bringup' returned '0': CMAKE_PREFIX_PATH=${CMAKE_PREFIX_PATH}:/home/pi/linorobot2_ws/install/linorobot2_control:/home/pi/uros_ws/install/my_robot_controller:/opt/ros/humble /usr/bin/cmake --build /home/pi/linorobot2_ws/src/build/linorobot2_bringup -- -j4 -l4
[9.094s] DEBUG:colcon.colcon_core.event_handler.log_command:Invoking command in '/home/pi/linorobot2_ws/src/build/linorobot2_bringup': CMAKE_PREFIX_PATH=${CMAKE_PREFIX_PATH}:/home/pi/linorobot2_ws/install/linorobot2_control:/home/pi/uros_ws/install/my_robot_controller:/opt/ros/humble /usr/bin/cmake --install /home/pi/linorobot2_ws/src/build/linorobot2_bringup
[9.131s] Level 1:colcon.colcon_core.environment:create_environment_scripts_only(linorobot2_base)
[9.159s] DEBUG:colcon.colcon_core.event_handler.log_command:Invoked command in '/home/pi/linorobot2_ws/src/build/linorobot2_base' returned '0': CMAKE_PREFIX_PATH=${CMAKE_PREFIX_PATH}:/home/pi/linorobot2_ws/install/linorobot2_control:/home/pi/uros_ws/install/my_robot_controller:/opt/ros/humble /usr/bin/cmake --install /home/pi/linorobot2_ws/src/build/linorobot2_base
[9.171s] Level 1:colcon.colcon_core.environment:checking '/home/pi/linorobot2_ws/src/install/linorobot2_base' for CMake module files
[9.181s] Level 1:colcon.colcon_core.environment:checking '/home/pi/linorobot2_ws/src/install/linorobot2_base' for CMake config files
[9.184s] Level 1:colcon.colcon_core.shell:create_environment_hook('linorobot2_base', 'cmake_prefix_path')
[9.188s] INFO:colcon.colcon_core.shell:Creating environment hook '/home/pi/linorobot2_ws/src/install/linorobot2_base/share/linorobot2_base/hook/cmake_prefix_path.ps1'
[9.199s] INFO:colcon.colcon_core.shell:Creating environment descriptor '/home/pi/linorobot2_ws/src/install/linorobot2_base/share/linorobot2_base/hook/cmake_prefix_path.dsv'
[9.206s] INFO:colcon.colcon_core.shell:Creating environment hook '/home/pi/linorobot2_ws/src/install/linorobot2_base/share/linorobot2_base/hook/cmake_prefix_path.sh'
[9.213s] Level 1:colcon.colcon_core.environment:checking '/home/pi/linorobot2_ws/src/install/linorobot2_base/bin'
[9.214s] Level 1:colcon.colcon_core.environment:checking '/home/pi/linorobot2_ws/src/install/linorobot2_base/lib/pkgconfig/linorobot2_base.pc'
[9.215s] Level 1:colcon.colcon_core.environment:checking '/home/pi/linorobot2_ws/src/install/linorobot2_base/lib/python3.10/site-packages'
[9.217s] Level 1:colcon.colcon_core.environment:checking '/home/pi/linorobot2_ws/src/install/linorobot2_base/bin'
[9.218s] INFO:colcon.colcon_core.shell:Creating package script '/home/pi/linorobot2_ws/src/install/linorobot2_base/share/linorobot2_base/package.ps1'
[9.223s] INFO:colcon.colcon_core.shell:Creating package descriptor '/home/pi/linorobot2_ws/src/install/linorobot2_base/share/linorobot2_base/package.dsv'
[9.229s] INFO:colcon.colcon_core.shell:Creating package script '/home/pi/linorobot2_ws/src/install/linorobot2_base/share/linorobot2_base/package.sh'
[9.234s] INFO:colcon.colcon_core.shell:Creating package script '/home/pi/linorobot2_ws/src/install/linorobot2_base/share/linorobot2_base/package.bash'
[9.239s] INFO:colcon.colcon_core.shell:Creating package script '/home/pi/linorobot2_ws/src/install/linorobot2_base/share/linorobot2_base/package.zsh'
[9.242s] Level 1:colcon.colcon_core.environment:create_file_with_runtime_dependencies(/home/pi/linorobot2_ws/src/install/linorobot2_base/share/colcon-core/packages/linorobot2_base)
[9.245s] Level 1:colcon.colcon_core.environment:create_environment_scripts_only(linorobot2_base)
[9.246s] Level 1:colcon.colcon_core.environment:checking '/home/pi/linorobot2_ws/src/install/linorobot2_base' for CMake module files
[9.249s] Level 1:colcon.colcon_core.environment:checking '/home/pi/linorobot2_ws/src/install/linorobot2_base' for CMake config files
[9.250s] Level 1:colcon.colcon_core.shell:create_environment_hook('linorobot2_base', 'cmake_prefix_path')
[9.251s] INFO:colcon.colcon_core.shell:Creating environment hook '/home/pi/linorobot2_ws/src/install/linorobot2_base/share/linorobot2_base/hook/cmake_prefix_path.ps1'
[9.254s] INFO:colcon.colcon_core.shell:Creating environment descriptor '/home/pi/linorobot2_ws/src/install/linorobot2_base/share/linorobot2_base/hook/cmake_prefix_path.dsv'
[9.256s] INFO:colcon.colcon_core.shell:Creating environment hook '/home/pi/linorobot2_ws/src/install/linorobot2_base/share/linorobot2_base/hook/cmake_prefix_path.sh'
[9.259s] Level 1:colcon.colcon_core.environment:checking '/home/pi/linorobot2_ws/src/install/linorobot2_base/bin'
[9.260s] Level 1:colcon.colcon_core.environment:checking '/home/pi/linorobot2_ws/src/install/linorobot2_base/lib/pkgconfig/linorobot2_base.pc'
[9.261s] Level 1:colcon.colcon_core.environment:checking '/home/pi/linorobot2_ws/src/install/linorobot2_base/lib/python3.10/site-packages'
[9.262s] Level 1:colcon.colcon_core.environment:checking '/home/pi/linorobot2_ws/src/install/linorobot2_base/bin'
[9.263s] INFO:colcon.colcon_core.shell:Creating package script '/home/pi/linorobot2_ws/src/install/linorobot2_base/share/linorobot2_base/package.ps1'
[9.266s] INFO:colcon.colcon_core.shell:Creating package descriptor '/home/pi/linorobot2_ws/src/install/linorobot2_base/share/linorobot2_base/package.dsv'
[9.269s] INFO:colcon.colcon_core.shell:Creating package script '/home/pi/linorobot2_ws/src/install/linorobot2_base/share/linorobot2_base/package.sh'
[9.272s] INFO:colcon.colcon_core.shell:Creating package script '/home/pi/linorobot2_ws/src/install/linorobot2_base/share/linorobot2_base/package.bash'
[9.275s] INFO:colcon.colcon_core.shell:Creating package script '/home/pi/linorobot2_ws/src/install/linorobot2_base/share/linorobot2_base/package.zsh'
[9.278s] Level 1:colcon.colcon_core.environment:create_file_with_runtime_dependencies(/home/pi/linorobot2_ws/src/install/linorobot2_base/share/colcon-core/packages/linorobot2_base)
[9.281s] INFO:colcon.colcon_ros.task.ament_cmake.build:Building ROS package in '/home/pi/linorobot2_ws/src/linorobot2/linorobot2_navigation' with build type 'ament_cmake'
[9.281s] INFO:colcon.colcon_cmake.task.cmake.build:Building CMake package in '/home/pi/linorobot2_ws/src/linorobot2/linorobot2_navigation'
[9.283s] INFO:colcon.colcon_core.shell:Skip shell extension 'powershell' for command environment: Not usable outside of PowerShell
[9.283s] DEBUG:colcon.colcon_core.shell:Skip shell extension 'dsv' for command environment
[9.311s] Level 1:colcon.colcon_core.environment:create_environment_scripts_only(linorobot2)
[9.313s] DEBUG:colcon.colcon_core.event_handler.log_command:Invoked command in '/home/pi/linorobot2_ws/src/build/linorobot2' returned '0': CMAKE_PREFIX_PATH=${CMAKE_PREFIX_PATH}:/home/pi/linorobot2_ws/install/linorobot2_control:/home/pi/uros_ws/install/my_robot_controller:/opt/ros/humble /usr/bin/cmake --install /home/pi/linorobot2_ws/src/build/linorobot2
[9.314s] Level 1:colcon.colcon_core.environment:checking '/home/pi/linorobot2_ws/src/install/linorobot2' for CMake module files
[9.318s] Level 1:colcon.colcon_core.environment:checking '/home/pi/linorobot2_ws/src/install/linorobot2' for CMake config files
[9.319s] Level 1:colcon.colcon_core.shell:create_environment_hook('linorobot2', 'cmake_prefix_path')
[9.320s] INFO:colcon.colcon_core.shell:Creating environment hook '/home/pi/linorobot2_ws/src/install/linorobot2/share/linorobot2/hook/cmake_prefix_path.ps1'
[9.322s] INFO:colcon.colcon_core.shell:Creating environment descriptor '/home/pi/linorobot2_ws/src/install/linorobot2/share/linorobot2/hook/cmake_prefix_path.dsv'
[9.324s] INFO:colcon.colcon_core.shell:Creating environment hook '/home/pi/linorobot2_ws/src/install/linorobot2/share/linorobot2/hook/cmake_prefix_path.sh'
[9.327s] Level 1:colcon.colcon_core.environment:checking '/home/pi/linorobot2_ws/src/install/linorobot2/bin'
[9.328s] Level 1:colcon.colcon_core.environment:checking '/home/pi/linorobot2_ws/src/install/linorobot2/lib/pkgconfig/linorobot2.pc'
[9.329s] Level 1:colcon.colcon_core.environment:checking '/home/pi/linorobot2_ws/src/install/linorobot2/lib/python3.10/site-packages'
[9.330s] Level 1:colcon.colcon_core.environment:checking '/home/pi/linorobot2_ws/src/install/linorobot2/bin'
[9.332s] INFO:colcon.colcon_core.shell:Creating package script '/home/pi/linorobot2_ws/src/install/linorobot2/share/linorobot2/package.ps1'
[9.334s] INFO:colcon.colcon_core.shell:Creating package descriptor '/home/pi/linorobot2_ws/src/install/linorobot2/share/linorobot2/package.dsv'
[9.336s] INFO:colcon.colcon_core.shell:Creating package script '/home/pi/linorobot2_ws/src/install/linorobot2/share/linorobot2/package.sh'
[9.339s] INFO:colcon.colcon_core.shell:Creating package script '/home/pi/linorobot2_ws/src/install/linorobot2/share/linorobot2/package.bash'
[9.341s] INFO:colcon.colcon_core.shell:Creating package script '/home/pi/linorobot2_ws/src/install/linorobot2/share/linorobot2/package.zsh'
[9.343s] Level 1:colcon.colcon_core.environment:create_file_with_runtime_dependencies(/home/pi/linorobot2_ws/src/install/linorobot2/share/colcon-core/packages/linorobot2)
[9.345s] Level 1:colcon.colcon_core.environment:create_environment_scripts_only(linorobot2)
[9.347s] Level 1:colcon.colcon_core.environment:checking '/home/pi/linorobot2_ws/src/install/linorobot2' for CMake module files
[9.349s] Level 1:colcon.colcon_core.environment:checking '/home/pi/linorobot2_ws/src/install/linorobot2' for CMake config files
[9.351s] Level 1:colcon.colcon_core.shell:create_environment_hook('linorobot2', 'cmake_prefix_path')
[9.352s] INFO:colcon.colcon_core.shell:Creating environment hook '/home/pi/linorobot2_ws/src/install/linorobot2/share/linorobot2/hook/cmake_prefix_path.ps1'
[9.354s] INFO:colcon.colcon_core.shell:Creating environment descriptor '/home/pi/linorobot2_ws/src/install/linorobot2/share/linorobot2/hook/cmake_prefix_path.dsv'
[9.356s] INFO:colcon.colcon_core.shell:Creating environment hook '/home/pi/linorobot2_ws/src/install/linorobot2/share/linorobot2/hook/cmake_prefix_path.sh'
[9.359s] Level 1:colcon.colcon_core.environment:checking '/home/pi/linorobot2_ws/src/install/linorobot2/bin'
[9.359s] Level 1:colcon.colcon_core.environment:checking '/home/pi/linorobot2_ws/src/install/linorobot2/lib/pkgconfig/linorobot2.pc'
[9.360s] Level 1:colcon.colcon_core.environment:checking '/home/pi/linorobot2_ws/src/install/linorobot2/lib/python3.10/site-packages'
[9.361s] Level 1:colcon.colcon_core.environment:checking '/home/pi/linorobot2_ws/src/install/linorobot2/bin'
[9.363s] INFO:colcon.colcon_core.shell:Creating package script '/home/pi/linorobot2_ws/src/install/linorobot2/share/linorobot2/package.ps1'
[9.366s] INFO:colcon.colcon_core.shell:Creating package descriptor '/home/pi/linorobot2_ws/src/install/linorobot2/share/linorobot2/package.dsv'
[9.368s] INFO:colcon.colcon_core.shell:Creating package script '/home/pi/linorobot2_ws/src/install/linorobot2/share/linorobot2/package.sh'
[9.371s] INFO:colcon.colcon_core.shell:Creating package script '/home/pi/linorobot2_ws/src/install/linorobot2/share/linorobot2/package.bash'
[9.373s] INFO:colcon.colcon_core.shell:Creating package script '/home/pi/linorobot2_ws/src/install/linorobot2/share/linorobot2/package.zsh'
[9.375s] Level 1:colcon.colcon_core.environment:create_file_with_runtime_dependencies(/home/pi/linorobot2_ws/src/install/linorobot2/share/colcon-core/packages/linorobot2)
[9.378s] Level 1:colcon.colcon_core.environment:create_environment_scripts_only(linorobot2_bringup)
[9.381s] Level 1:colcon.colcon_core.environment:checking '/home/pi/linorobot2_ws/src/install/linorobot2_bringup' for CMake module files
[9.388s] DEBUG:colcon.colcon_core.event_handler.log_command:Invoked command in '/home/pi/linorobot2_ws/src/build/linorobot2_bringup' returned '0': CMAKE_PREFIX_PATH=${CMAKE_PREFIX_PATH}:/home/pi/linorobot2_ws/install/linorobot2_control:/home/pi/uros_ws/install/my_robot_controller:/opt/ros/humble /usr/bin/cmake --install /home/pi/linorobot2_ws/src/build/linorobot2_bringup
[9.390s] Level 1:colcon.colcon_core.environment:checking '/home/pi/linorobot2_ws/src/install/linorobot2_bringup' for CMake config files
[9.392s] Level 1:colcon.colcon_core.shell:create_environment_hook('linorobot2_bringup', 'cmake_prefix_path')
[9.394s] INFO:colcon.colcon_core.shell:Creating environment hook '/home/pi/linorobot2_ws/src/install/linorobot2_bringup/share/linorobot2_bringup/hook/cmake_prefix_path.ps1'
[9.398s] INFO:colcon.colcon_core.shell:Creating environment descriptor '/home/pi/linorobot2_ws/src/install/linorobot2_bringup/share/linorobot2_bringup/hook/cmake_prefix_path.dsv'
[9.401s] INFO:colcon.colcon_core.shell:Creating environment hook '/home/pi/linorobot2_ws/src/install/linorobot2_bringup/share/linorobot2_bringup/hook/cmake_prefix_path.sh'
[9.406s] Level 1:colcon.colcon_core.environment:checking '/home/pi/linorobot2_ws/src/install/linorobot2_bringup/bin'
[9.406s] Level 1:colcon.colcon_core.environment:checking '/home/pi/linorobot2_ws/src/install/linorobot2_bringup/lib/pkgconfig/linorobot2_bringup.pc'
[9.408s] Level 1:colcon.colcon_core.environment:checking '/home/pi/linorobot2_ws/src/install/linorobot2_bringup/lib/python3.10/site-packages'
[9.409s] Level 1:colcon.colcon_core.environment:checking '/home/pi/linorobot2_ws/src/install/linorobot2_bringup/bin'
[9.411s] INFO:colcon.colcon_core.shell:Creating package script '/home/pi/linorobot2_ws/src/install/linorobot2_bringup/share/linorobot2_bringup/package.ps1'
[9.415s] INFO:colcon.colcon_core.shell:Creating package descriptor '/home/pi/linorobot2_ws/src/install/linorobot2_bringup/share/linorobot2_bringup/package.dsv'
[9.420s] INFO:colcon.colcon_core.shell:Creating package script '/home/pi/linorobot2_ws/src/install/linorobot2_bringup/share/linorobot2_bringup/package.sh'
[9.423s] INFO:colcon.colcon_core.shell:Creating package script '/home/pi/linorobot2_ws/src/install/linorobot2_bringup/share/linorobot2_bringup/package.bash'
[9.425s] INFO:colcon.colcon_core.shell:Creating package script '/home/pi/linorobot2_ws/src/install/linorobot2_bringup/share/linorobot2_bringup/package.zsh'
[9.429s] Level 1:colcon.colcon_core.environment:create_file_with_runtime_dependencies(/home/pi/linorobot2_ws/src/install/linorobot2_bringup/share/colcon-core/packages/linorobot2_bringup)
[9.431s] Level 1:colcon.colcon_core.environment:create_environment_scripts_only(linorobot2_bringup)
[9.433s] Level 1:colcon.colcon_core.environment:checking '/home/pi/linorobot2_ws/src/install/linorobot2_bringup' for CMake module files
[9.436s] Level 1:colcon.colcon_core.environment:checking '/home/pi/linorobot2_ws/src/install/linorobot2_bringup' for CMake config files
[9.437s] Level 1:colcon.colcon_core.shell:create_environment_hook('linorobot2_bringup', 'cmake_prefix_path')
[9.438s] INFO:colcon.colcon_core.shell:Creating environment hook '/home/pi/linorobot2_ws/src/install/linorobot2_bringup/share/linorobot2_bringup/hook/cmake_prefix_path.ps1'
[9.440s] INFO:colcon.colcon_core.shell:Creating environment descriptor '/home/pi/linorobot2_ws/src/install/linorobot2_bringup/share/linorobot2_bringup/hook/cmake_prefix_path.dsv'
[9.442s] INFO:colcon.colcon_core.shell:Creating environment hook '/home/pi/linorobot2_ws/src/install/linorobot2_bringup/share/linorobot2_bringup/hook/cmake_prefix_path.sh'
[9.445s] Level 1:colcon.colcon_core.environment:checking '/home/pi/linorobot2_ws/src/install/linorobot2_bringup/bin'
[9.446s] Level 1:colcon.colcon_core.environment:checking '/home/pi/linorobot2_ws/src/install/linorobot2_bringup/lib/pkgconfig/linorobot2_bringup.pc'
[9.447s] Level 1:colcon.colcon_core.environment:checking '/home/pi/linorobot2_ws/src/install/linorobot2_bringup/lib/python3.10/site-packages'
[9.448s] Level 1:colcon.colcon_core.environment:checking '/home/pi/linorobot2_ws/src/install/linorobot2_bringup/bin'
[9.449s] INFO:colcon.colcon_core.shell:Creating package script '/home/pi/linorobot2_ws/src/install/linorobot2_bringup/share/linorobot2_bringup/package.ps1'
[9.453s] INFO:colcon.colcon_core.shell:Creating package descriptor '/home/pi/linorobot2_ws/src/install/linorobot2_bringup/share/linorobot2_bringup/package.dsv'
[9.456s] INFO:colcon.colcon_core.shell:Creating package script '/home/pi/linorobot2_ws/src/install/linorobot2_bringup/share/linorobot2_bringup/package.sh'
[9.458s] INFO:colcon.colcon_core.shell:Creating package script '/home/pi/linorobot2_ws/src/install/linorobot2_bringup/share/linorobot2_bringup/package.bash'
[9.460s] INFO:colcon.colcon_core.shell:Creating package script '/home/pi/linorobot2_ws/src/install/linorobot2_bringup/share/linorobot2_bringup/package.zsh'
[9.463s] Level 1:colcon.colcon_core.environment:create_file_with_runtime_dependencies(/home/pi/linorobot2_ws/src/install/linorobot2_bringup/share/colcon-core/packages/linorobot2_bringup)
[9.466s] INFO:colcon.colcon_ros.task.ament_python.build:Building ROS package in '/home/pi/linorobot2_ws/src/linorobot2/linorobot2_rect' with build type 'ament_python'
[9.466s] Level 1:colcon.colcon_core.shell:create_environment_hook('linorobot2_rect', 'ament_prefix_path')
[9.467s] INFO:colcon.colcon_core.shell:Creating environment hook '/home/pi/linorobot2_ws/src/install/linorobot2_rect/share/linorobot2_rect/hook/ament_prefix_path.ps1'
[9.473s] INFO:colcon.colcon_core.shell:Creating environment descriptor '/home/pi/linorobot2_ws/src/install/linorobot2_rect/share/linorobot2_rect/hook/ament_prefix_path.dsv'
[9.474s] INFO:colcon.colcon_core.shell:Creating environment hook '/home/pi/linorobot2_ws/src/install/linorobot2_rect/share/linorobot2_rect/hook/ament_prefix_path.sh'
[9.478s] INFO:colcon.colcon_core.shell:Skip shell extension 'powershell' for command environment: Not usable outside of PowerShell
[9.478s] DEBUG:colcon.colcon_core.shell:Skip shell extension 'dsv' for command environment
[9.506s] INFO:colcon.colcon_ros.task.ament_cmake.build:Building ROS package in '/home/pi/linorobot2_ws/src/sllidar_ros2' with build type 'ament_cmake'
[9.506s] INFO:colcon.colcon_cmake.task.cmake.build:Building CMake package in '/home/pi/linorobot2_ws/src/sllidar_ros2'
[9.507s] INFO:colcon.colcon_core.shell:Skip shell extension 'powershell' for command environment: Not usable outside of PowerShell
[9.508s] DEBUG:colcon.colcon_core.shell:Skip shell extension 'dsv' for command environment
[9.554s] DEBUG:colcon.colcon_core.event_handler.log_command:Invoking command in '/home/pi/linorobot2_ws/src/build/linorobot2_navigation': CMAKE_PREFIX_PATH=${CMAKE_PREFIX_PATH}:/home/pi/linorobot2_ws/install/linorobot2_control:/home/pi/uros_ws/install/my_robot_controller:/opt/ros/humble /usr/bin/cmake /home/pi/linorobot2_ws/src/linorobot2/linorobot2_navigation -DCMAKE_INSTALL_PREFIX=/home/pi/linorobot2_ws/src/install/linorobot2_navigation
[9.562s] DEBUG:colcon.colcon_core.event_handler.log_command:Invoked command in '/home/pi/linorobot2_ws/src/build/linorobot2_description' returned '0': CMAKE_PREFIX_PATH=${CMAKE_PREFIX_PATH}:/home/pi/linorobot2_ws/install/linorobot2_control:/home/pi/uros_ws/install/my_robot_controller:/opt/ros/humble /usr/bin/cmake /home/pi/linorobot2_ws/src/linorobot2/linorobot2_description -DCMAKE_INSTALL_PREFIX=/home/pi/linorobot2_ws/src/install/linorobot2_description
[9.564s] DEBUG:colcon.colcon_core.event_handler.log_command:Invoking command in '/home/pi/linorobot2_ws/src/build/linorobot2_description': CMAKE_PREFIX_PATH=${CMAKE_PREFIX_PATH}:/home/pi/linorobot2_ws/install/linorobot2_control:/home/pi/uros_ws/install/my_robot_controller:/opt/ros/humble /usr/bin/cmake --build /home/pi/linorobot2_ws/src/build/linorobot2_description -- -j4 -l4
[10.918s] INFO:colcon.colcon_core.task.python.build:Building Python package in '/home/pi/linorobot2_ws/src/linorobot2/linorobot2_rect'
[10.919s] INFO:colcon.colcon_core.shell:Skip shell extension 'powershell' for command environment: Not usable outside of PowerShell
[10.920s] DEBUG:colcon.colcon_core.shell:Skip shell extension 'dsv' for command environment
[10.987s] DEBUG:colcon.colcon_core.event_handler.log_command:Invoking command in '/home/pi/linorobot2_ws/src/build/sllidar_ros2': CMAKE_PREFIX_PATH=${CMAKE_PREFIX_PATH}:/home/pi/linorobot2_ws/install/linorobot2_control:/home/pi/uros_ws/install/my_robot_controller:/opt/ros/humble /usr/bin/cmake /home/pi/linorobot2_ws/src/sllidar_ros2 -DCMAKE_INSTALL_PREFIX=/home/pi/linorobot2_ws/src/install/sllidar_ros2
[10.995s] DEBUG:colcon.colcon_core.event_handler.log_command:Invoked command in '/home/pi/linorobot2_ws/src/build/linorobot2_description' returned '0': CMAKE_PREFIX_PATH=${CMAKE_PREFIX_PATH}:/home/pi/linorobot2_ws/install/linorobot2_control:/home/pi/uros_ws/install/my_robot_controller:/opt/ros/humble /usr/bin/cmake --build /home/pi/linorobot2_ws/src/build/linorobot2_description -- -j4 -l4
[10.998s] DEBUG:colcon.colcon_core.event_handler.log_command:Invoking command in '/home/pi/linorobot2_ws/src/build/linorobot2_description': CMAKE_PREFIX_PATH=${CMAKE_PREFIX_PATH}:/home/pi/linorobot2_ws/install/linorobot2_control:/home/pi/uros_ws/install/my_robot_controller:/opt/ros/humble /usr/bin/cmake --install /home/pi/linorobot2_ws/src/build/linorobot2_description
[11.105s] Level 1:colcon.colcon_core.environment:create_environment_scripts_only(linorobot2_description)
[11.106s] Level 1:colcon.colcon_core.environment:checking '/home/pi/linorobot2_ws/src/install/linorobot2_description' for CMake module files
[11.109s] Level 1:colcon.colcon_core.environment:checking '/home/pi/linorobot2_ws/src/install/linorobot2_description' for CMake config files
[11.110s] Level 1:colcon.colcon_core.shell:create_environment_hook('linorobot2_description', 'cmake_prefix_path')
[11.112s] INFO:colcon.colcon_core.shell:Creating environment hook '/home/pi/linorobot2_ws/src/install/linorobot2_description/share/linorobot2_description/hook/cmake_prefix_path.ps1'
[11.114s] INFO:colcon.colcon_core.shell:Creating environment descriptor '/home/pi/linorobot2_ws/src/install/linorobot2_description/share/linorobot2_description/hook/cmake_prefix_path.dsv'
[11.117s] INFO:colcon.colcon_core.shell:Creating environment hook '/home/pi/linorobot2_ws/src/install/linorobot2_description/share/linorobot2_description/hook/cmake_prefix_path.sh'
[11.122s] DEBUG:colcon.colcon_core.event_handler.log_command:Invoked command in '/home/pi/linorobot2_ws/src/build/linorobot2_description' returned '0': CMAKE_PREFIX_PATH=${CMAKE_PREFIX_PATH}:/home/pi/linorobot2_ws/install/linorobot2_control:/home/pi/uros_ws/install/my_robot_controller:/opt/ros/humble /usr/bin/cmake --install /home/pi/linorobot2_ws/src/build/linorobot2_description
[11.123s] Level 1:colcon.colcon_core.environment:checking '/home/pi/linorobot2_ws/src/install/linorobot2_description/bin'
[11.124s] Level 1:colcon.colcon_core.environment:checking '/home/pi/linorobot2_ws/src/install/linorobot2_description/lib/pkgconfig/linorobot2_description.pc'
[11.125s] Level 1:colcon.colcon_core.environment:checking '/home/pi/linorobot2_ws/src/install/linorobot2_description/lib/python3.10/site-packages'
[11.126s] Level 1:colcon.colcon_core.environment:checking '/home/pi/linorobot2_ws/src/install/linorobot2_description/bin'
[11.127s] INFO:colcon.colcon_core.shell:Creating package script '/home/pi/linorobot2_ws/src/install/linorobot2_description/share/linorobot2_description/package.ps1'
[11.130s] INFO:colcon.colcon_core.shell:Creating package descriptor '/home/pi/linorobot2_ws/src/install/linorobot2_description/share/linorobot2_description/package.dsv'
[11.132s] INFO:colcon.colcon_core.shell:Creating package script '/home/pi/linorobot2_ws/src/install/linorobot2_description/share/linorobot2_description/package.sh'
[11.135s] INFO:colcon.colcon_core.shell:Creating package script '/home/pi/linorobot2_ws/src/install/linorobot2_description/share/linorobot2_description/package.bash'
[11.137s] INFO:colcon.colcon_core.shell:Creating package script '/home/pi/linorobot2_ws/src/install/linorobot2_description/share/linorobot2_description/package.zsh'
[11.139s] Level 1:colcon.colcon_core.environment:create_file_with_runtime_dependencies(/home/pi/linorobot2_ws/src/install/linorobot2_description/share/colcon-core/packages/linorobot2_description)
[11.143s] Level 1:colcon.colcon_core.environment:create_environment_scripts_only(linorobot2_description)
[11.145s] Level 1:colcon.colcon_core.environment:checking '/home/pi/linorobot2_ws/src/install/linorobot2_description' for CMake module files
[11.149s] Level 1:colcon.colcon_core.environment:checking '/home/pi/linorobot2_ws/src/install/linorobot2_description' for CMake config files
[11.150s] Level 1:colcon.colcon_core.shell:create_environment_hook('linorobot2_description', 'cmake_prefix_path')
[11.152s] INFO:colcon.colcon_core.shell:Creating environment hook '/home/pi/linorobot2_ws/src/install/linorobot2_description/share/linorobot2_description/hook/cmake_prefix_path.ps1'
[11.156s] INFO:colcon.colcon_core.shell:Creating environment descriptor '/home/pi/linorobot2_ws/src/install/linorobot2_description/share/linorobot2_description/hook/cmake_prefix_path.dsv'
[11.159s] INFO:colcon.colcon_core.shell:Creating environment hook '/home/pi/linorobot2_ws/src/install/linorobot2_description/share/linorobot2_description/hook/cmake_prefix_path.sh'
[11.164s] Level 1:colcon.colcon_core.environment:checking '/home/pi/linorobot2_ws/src/install/linorobot2_description/bin'
[11.164s] Level 1:colcon.colcon_core.environment:checking '/home/pi/linorobot2_ws/src/install/linorobot2_description/lib/pkgconfig/linorobot2_description.pc'
[11.165s] Level 1:colcon.colcon_core.environment:checking '/home/pi/linorobot2_ws/src/install/linorobot2_description/lib/python3.10/site-packages'
[11.167s] Level 1:colcon.colcon_core.environment:checking '/home/pi/linorobot2_ws/src/install/linorobot2_description/bin'
[11.169s] INFO:colcon.colcon_core.shell:Creating package script '/home/pi/linorobot2_ws/src/install/linorobot2_description/share/linorobot2_description/package.ps1'
[11.172s] INFO:colcon.colcon_core.shell:Creating package descriptor '/home/pi/linorobot2_ws/src/install/linorobot2_description/share/linorobot2_description/package.dsv'
[11.178s] INFO:colcon.colcon_core.shell:Creating package script '/home/pi/linorobot2_ws/src/install/linorobot2_description/share/linorobot2_description/package.sh'
[11.182s] INFO:colcon.colcon_core.shell:Creating package script '/home/pi/linorobot2_ws/src/install/linorobot2_description/share/linorobot2_description/package.bash'
[11.185s] INFO:colcon.colcon_core.shell:Creating package script '/home/pi/linorobot2_ws/src/install/linorobot2_description/share/linorobot2_description/package.zsh'
[11.190s] Level 1:colcon.colcon_core.environment:create_file_with_runtime_dependencies(/home/pi/linorobot2_ws/src/install/linorobot2_description/share/colcon-core/packages/linorobot2_description)
[13.174s] DEBUG:colcon.colcon_core.event_handler.log_command:Invoking command in '/home/pi/linorobot2_ws/src/linorobot2/linorobot2_rect': PYTHONPATH=/home/pi/linorobot2_ws/src/build/linorobot2_rect/prefix_override:/usr/lib/python3/dist-packages/colcon_core/task/python/colcon_distutils_commands:/home/pi/linorobot2_ws/src/install/linorobot2_rect/lib/python3.10/site-packages:${PYTHONPATH} /usr/bin/python3 -W ignore:setup.py install is deprecated -W ignore:easy_install command is deprecated setup.py egg_info --egg-base ../../build/linorobot2_rect build --build-base /home/pi/linorobot2_ws/src/build/linorobot2_rect/build install --record /home/pi/linorobot2_ws/src/build/linorobot2_rect/install.log --single-version-externally-managed install_data
[13.337s] DEBUG:colcon.colcon_core.event_handler.log_command:Invoked command in '/home/pi/linorobot2_ws/src/build/linorobot2_navigation' returned '0': CMAKE_PREFIX_PATH=${CMAKE_PREFIX_PATH}:/home/pi/linorobot2_ws/install/linorobot2_control:/home/pi/uros_ws/install/my_robot_controller:/opt/ros/humble /usr/bin/cmake /home/pi/linorobot2_ws/src/linorobot2/linorobot2_navigation -DCMAKE_INSTALL_PREFIX=/home/pi/linorobot2_ws/src/install/linorobot2_navigation
[13.346s] DEBUG:colcon.colcon_core.event_handler.log_command:Invoking command in '/home/pi/linorobot2_ws/src/build/linorobot2_navigation': CMAKE_PREFIX_PATH=${CMAKE_PREFIX_PATH}:/home/pi/linorobot2_ws/install/linorobot2_control:/home/pi/uros_ws/install/my_robot_controller:/opt/ros/humble /usr/bin/cmake --build /home/pi/linorobot2_ws/src/build/linorobot2_navigation -- -j4 -l4
[13.546s] DEBUG:colcon.colcon_core.event_handler.log_command:Invoked command in '/home/pi/linorobot2_ws/src/build/linorobot2_navigation' returned '0': CMAKE_PREFIX_PATH=${CMAKE_PREFIX_PATH}:/home/pi/linorobot2_ws/install/linorobot2_control:/home/pi/uros_ws/install/my_robot_controller:/opt/ros/humble /usr/bin/cmake --build /home/pi/linorobot2_ws/src/build/linorobot2_navigation -- -j4 -l4
[13.558s] DEBUG:colcon.colcon_core.event_handler.log_command:Invoking command in '/home/pi/linorobot2_ws/src/build/linorobot2_navigation': CMAKE_PREFIX_PATH=${CMAKE_PREFIX_PATH}:/home/pi/linorobot2_ws/install/linorobot2_control:/home/pi/uros_ws/install/my_robot_controller:/opt/ros/humble /usr/bin/cmake --install /home/pi/linorobot2_ws/src/build/linorobot2_navigation
[13.669s] Level 1:colcon.colcon_core.environment:create_environment_scripts_only(linorobot2_navigation)
[13.670s] Level 1:colcon.colcon_core.environment:checking '/home/pi/linorobot2_ws/src/install/linorobot2_navigation' for CMake module files
[13.674s] Level 1:colcon.colcon_core.environment:checking '/home/pi/linorobot2_ws/src/install/linorobot2_navigation' for CMake config files
[13.675s] Level 1:colcon.colcon_core.shell:create_environment_hook('linorobot2_navigation', 'cmake_prefix_path')
[13.676s] INFO:colcon.colcon_core.shell:Creating environment hook '/home/pi/linorobot2_ws/src/install/linorobot2_navigation/share/linorobot2_navigation/hook/cmake_prefix_path.ps1'
[13.679s] INFO:colcon.colcon_core.shell:Creating environment descriptor '/home/pi/linorobot2_ws/src/install/linorobot2_navigation/share/linorobot2_navigation/hook/cmake_prefix_path.dsv'
[13.681s] DEBUG:colcon.colcon_core.event_handler.log_command:Invoked command in '/home/pi/linorobot2_ws/src/build/linorobot2_navigation' returned '0': CMAKE_PREFIX_PATH=${CMAKE_PREFIX_PATH}:/home/pi/linorobot2_ws/install/linorobot2_control:/home/pi/uros_ws/install/my_robot_controller:/opt/ros/humble /usr/bin/cmake --install /home/pi/linorobot2_ws/src/build/linorobot2_navigation
[13.683s] INFO:colcon.colcon_core.shell:Creating environment hook '/home/pi/linorobot2_ws/src/install/linorobot2_navigation/share/linorobot2_navigation/hook/cmake_prefix_path.sh'
[13.686s] Level 1:colcon.colcon_core.environment:checking '/home/pi/linorobot2_ws/src/install/linorobot2_navigation/bin'
[13.687s] Level 1:colcon.colcon_core.environment:checking '/home/pi/linorobot2_ws/src/install/linorobot2_navigation/lib/pkgconfig/linorobot2_navigation.pc'
[13.688s] Level 1:colcon.colcon_core.environment:checking '/home/pi/linorobot2_ws/src/install/linorobot2_navigation/lib/python3.10/site-packages'
[13.689s] Level 1:colcon.colcon_core.environment:checking '/home/pi/linorobot2_ws/src/install/linorobot2_navigation/bin'
[13.691s] INFO:colcon.colcon_core.shell:Creating package script '/home/pi/linorobot2_ws/src/install/linorobot2_navigation/share/linorobot2_navigation/package.ps1'
[13.694s] INFO:colcon.colcon_core.shell:Creating package descriptor '/home/pi/linorobot2_ws/src/install/linorobot2_navigation/share/linorobot2_navigation/package.dsv'
[13.696s] INFO:colcon.colcon_core.shell:Creating package script '/home/pi/linorobot2_ws/src/install/linorobot2_navigation/share/linorobot2_navigation/package.sh'
[13.699s] INFO:colcon.colcon_core.shell:Creating package script '/home/pi/linorobot2_ws/src/install/linorobot2_navigation/share/linorobot2_navigation/package.bash'
[13.701s] INFO:colcon.colcon_core.shell:Creating package script '/home/pi/linorobot2_ws/src/install/linorobot2_navigation/share/linorobot2_navigation/package.zsh'
[13.704s] Level 1:colcon.colcon_core.environment:create_file_with_runtime_dependencies(/home/pi/linorobot2_ws/src/install/linorobot2_navigation/share/colcon-core/packages/linorobot2_navigation)
[13.707s] Level 1:colcon.colcon_core.environment:create_environment_scripts_only(linorobot2_navigation)
[13.708s] Level 1:colcon.colcon_core.environment:checking '/home/pi/linorobot2_ws/src/install/linorobot2_navigation' for CMake module files
[13.711s] Level 1:colcon.colcon_core.environment:checking '/home/pi/linorobot2_ws/src/install/linorobot2_navigation' for CMake config files
[13.713s] Level 1:colcon.colcon_core.shell:create_environment_hook('linorobot2_navigation', 'cmake_prefix_path')
[13.714s] INFO:colcon.colcon_core.shell:Creating environment hook '/home/pi/linorobot2_ws/src/install/linorobot2_navigation/share/linorobot2_navigation/hook/cmake_prefix_path.ps1'
[13.718s] INFO:colcon.colcon_core.shell:Creating environment descriptor '/home/pi/linorobot2_ws/src/install/linorobot2_navigation/share/linorobot2_navigation/hook/cmake_prefix_path.dsv'
[13.724s] INFO:colcon.colcon_core.shell:Creating environment hook '/home/pi/linorobot2_ws/src/install/linorobot2_navigation/share/linorobot2_navigation/hook/cmake_prefix_path.sh'
[13.730s] Level 1:colcon.colcon_core.environment:checking '/home/pi/linorobot2_ws/src/install/linorobot2_navigation/bin'
[13.731s] Level 1:colcon.colcon_core.environment:checking '/home/pi/linorobot2_ws/src/install/linorobot2_navigation/lib/pkgconfig/linorobot2_navigation.pc'
[13.732s] Level 1:colcon.colcon_core.environment:checking '/home/pi/linorobot2_ws/src/install/linorobot2_navigation/lib/python3.10/site-packages'
[13.734s] Level 1:colcon.colcon_core.environment:checking '/home/pi/linorobot2_ws/src/install/linorobot2_navigation/bin'
[13.736s] INFO:colcon.colcon_core.shell:Creating package script '/home/pi/linorobot2_ws/src/install/linorobot2_navigation/share/linorobot2_navigation/package.ps1'
[13.739s] INFO:colcon.colcon_core.shell:Creating package descriptor '/home/pi/linorobot2_ws/src/install/linorobot2_navigation/share/linorobot2_navigation/package.dsv'
[13.743s] INFO:colcon.colcon_core.shell:Creating package script '/home/pi/linorobot2_ws/src/install/linorobot2_navigation/share/linorobot2_navigation/package.sh'
[13.746s] INFO:colcon.colcon_core.shell:Creating package script '/home/pi/linorobot2_ws/src/install/linorobot2_navigation/share/linorobot2_navigation/package.bash'
[13.749s] INFO:colcon.colcon_core.shell:Creating package script '/home/pi/linorobot2_ws/src/install/linorobot2_navigation/share/linorobot2_navigation/package.zsh'
[13.751s] Level 1:colcon.colcon_core.environment:create_file_with_runtime_dependencies(/home/pi/linorobot2_ws/src/install/linorobot2_navigation/share/colcon-core/packages/linorobot2_navigation)
[14.694s] Level 1:colcon.colcon_core.environment:checking '/home/pi/linorobot2_ws/src/install/linorobot2_rect' for CMake module files
[14.696s] DEBUG:colcon.colcon_core.event_handler.log_command:Invoked command in '/home/pi/linorobot2_ws/src/linorobot2/linorobot2_rect' returned '0': PYTHONPATH=/home/pi/linorobot2_ws/src/build/linorobot2_rect/prefix_override:/usr/lib/python3/dist-packages/colcon_core/task/python/colcon_distutils_commands:/home/pi/linorobot2_ws/src/install/linorobot2_rect/lib/python3.10/site-packages:${PYTHONPATH} /usr/bin/python3 -W ignore:setup.py install is deprecated -W ignore:easy_install command is deprecated setup.py egg_info --egg-base ../../build/linorobot2_rect build --build-base /home/pi/linorobot2_ws/src/build/linorobot2_rect/build install --record /home/pi/linorobot2_ws/src/build/linorobot2_rect/install.log --single-version-externally-managed install_data
[14.698s] Level 1:colcon.colcon_core.environment:checking '/home/pi/linorobot2_ws/src/install/linorobot2_rect' for CMake config files
[14.701s] Level 1:colcon.colcon_core.environment:checking '/home/pi/linorobot2_ws/src/install/linorobot2_rect/lib'
[14.702s] Level 1:colcon.colcon_core.environment:checking '/home/pi/linorobot2_ws/src/install/linorobot2_rect/bin'
[14.702s] Level 1:colcon.colcon_core.environment:checking '/home/pi/linorobot2_ws/src/install/linorobot2_rect/lib/pkgconfig/linorobot2_rect.pc'
[14.703s] Level 1:colcon.colcon_core.environment:checking '/home/pi/linorobot2_ws/src/install/linorobot2_rect/lib/python3.10/site-packages'
[14.703s] Level 1:colcon.colcon_core.shell:create_environment_hook('linorobot2_rect', 'pythonpath')
[14.704s] INFO:colcon.colcon_core.shell:Creating environment hook '/home/pi/linorobot2_ws/src/install/linorobot2_rect/share/linorobot2_rect/hook/pythonpath.ps1'
[14.706s] INFO:colcon.colcon_core.shell:Creating environment descriptor '/home/pi/linorobot2_ws/src/install/linorobot2_rect/share/linorobot2_rect/hook/pythonpath.dsv'
[14.708s] INFO:colcon.colcon_core.shell:Creating environment hook '/home/pi/linorobot2_ws/src/install/linorobot2_rect/share/linorobot2_rect/hook/pythonpath.sh'
[14.710s] Level 1:colcon.colcon_core.environment:checking '/home/pi/linorobot2_ws/src/install/linorobot2_rect/bin'
[14.711s] Level 1:colcon.colcon_core.environment:create_environment_scripts_only(linorobot2_rect)
[14.712s] INFO:colcon.colcon_core.shell:Creating package script '/home/pi/linorobot2_ws/src/install/linorobot2_rect/share/linorobot2_rect/package.ps1'
[14.715s] INFO:colcon.colcon_core.shell:Creating package descriptor '/home/pi/linorobot2_ws/src/install/linorobot2_rect/share/linorobot2_rect/package.dsv'
[14.717s] INFO:colcon.colcon_core.shell:Creating package script '/home/pi/linorobot2_ws/src/install/linorobot2_rect/share/linorobot2_rect/package.sh'
[14.718s] INFO:colcon.colcon_core.shell:Creating package script '/home/pi/linorobot2_ws/src/install/linorobot2_rect/share/linorobot2_rect/package.bash'
[14.720s] INFO:colcon.colcon_core.shell:Creating package script '/home/pi/linorobot2_ws/src/install/linorobot2_rect/share/linorobot2_rect/package.zsh'
[14.722s] Level 1:colcon.colcon_core.environment:create_file_with_runtime_dependencies(/home/pi/linorobot2_ws/src/install/linorobot2_rect/share/colcon-core/packages/linorobot2_rect)
[23.462s] DEBUG:colcon.colcon_core.event_handler.log_command:Invoked command in '/home/pi/linorobot2_ws/src/build/sllidar_ros2' returned '0': CMAKE_PREFIX_PATH=${CMAKE_PREFIX_PATH}:/home/pi/linorobot2_ws/install/linorobot2_control:/home/pi/uros_ws/install/my_robot_controller:/opt/ros/humble /usr/bin/cmake /home/pi/linorobot2_ws/src/sllidar_ros2 -DCMAKE_INSTALL_PREFIX=/home/pi/linorobot2_ws/src/install/sllidar_ros2
[23.471s] DEBUG:colcon.colcon_core.event_handler.log_command:Invoking command in '/home/pi/linorobot2_ws/src/build/sllidar_ros2': CMAKE_PREFIX_PATH=${CMAKE_PREFIX_PATH}:/home/pi/linorobot2_ws/install/linorobot2_control:/home/pi/uros_ws/install/my_robot_controller:/opt/ros/humble /usr/bin/cmake --build /home/pi/linorobot2_ws/src/build/sllidar_ros2 -- -j4 -l4
[70.491s] DEBUG:colcon.colcon_core.event_handler.log_command:Invoked command in '/home/pi/linorobot2_ws/src/build/sllidar_ros2' returned '0': CMAKE_PREFIX_PATH=${CMAKE_PREFIX_PATH}:/home/pi/linorobot2_ws/install/linorobot2_control:/home/pi/uros_ws/install/my_robot_controller:/opt/ros/humble /usr/bin/cmake --build /home/pi/linorobot2_ws/src/build/sllidar_ros2 -- -j4 -l4
[70.500s] DEBUG:colcon.colcon_core.event_handler.log_command:Invoking command in '/home/pi/linorobot2_ws/src/build/sllidar_ros2': CMAKE_PREFIX_PATH=${CMAKE_PREFIX_PATH}:/home/pi/linorobot2_ws/install/linorobot2_control:/home/pi/uros_ws/install/my_robot_controller:/opt/ros/humble /usr/bin/cmake --install /home/pi/linorobot2_ws/src/build/sllidar_ros2
[70.638s] Level 1:colcon.colcon_core.environment:create_environment_scripts_only(sllidar_ros2)
[70.639s] Level 1:colcon.colcon_core.environment:checking '/home/pi/linorobot2_ws/src/install/sllidar_ros2' for CMake module files
[70.640s] DEBUG:colcon.colcon_core.event_handler.log_command:Invoked command in '/home/pi/linorobot2_ws/src/build/sllidar_ros2' returned '0': CMAKE_PREFIX_PATH=${CMAKE_PREFIX_PATH}:/home/pi/linorobot2_ws/install/linorobot2_control:/home/pi/uros_ws/install/my_robot_controller:/opt/ros/humble /usr/bin/cmake --install /home/pi/linorobot2_ws/src/build/sllidar_ros2
[70.643s] Level 1:colcon.colcon_core.environment:checking '/home/pi/linorobot2_ws/src/install/sllidar_ros2' for CMake config files
[70.644s] Level 1:colcon.colcon_core.shell:create_environment_hook('sllidar_ros2', 'cmake_prefix_path')
[70.645s] INFO:colcon.colcon_core.shell:Creating environment hook '/home/pi/linorobot2_ws/src/install/sllidar_ros2/share/sllidar_ros2/hook/cmake_prefix_path.ps1'
[70.647s] INFO:colcon.colcon_core.shell:Creating environment descriptor '/home/pi/linorobot2_ws/src/install/sllidar_ros2/share/sllidar_ros2/hook/cmake_prefix_path.dsv'
[70.649s] INFO:colcon.colcon_core.shell:Creating environment hook '/home/pi/linorobot2_ws/src/install/sllidar_ros2/share/sllidar_ros2/hook/cmake_prefix_path.sh'
[70.652s] Level 1:colcon.colcon_core.environment:checking '/home/pi/linorobot2_ws/src/install/sllidar_ros2/lib'
[70.652s] Level 1:colcon.colcon_core.environment:checking '/home/pi/linorobot2_ws/src/install/sllidar_ros2/bin'
[70.653s] Level 1:colcon.colcon_core.environment:checking '/home/pi/linorobot2_ws/src/install/sllidar_ros2/lib/pkgconfig/sllidar_ros2.pc'
[70.654s] Level 1:colcon.colcon_core.environment:checking '/home/pi/linorobot2_ws/src/install/sllidar_ros2/lib/python3.10/site-packages'
[70.655s] Level 1:colcon.colcon_core.environment:checking '/home/pi/linorobot2_ws/src/install/sllidar_ros2/bin'
[70.656s] INFO:colcon.colcon_core.shell:Creating package script '/home/pi/linorobot2_ws/src/install/sllidar_ros2/share/sllidar_ros2/package.ps1'
[70.658s] INFO:colcon.colcon_core.shell:Creating package descriptor '/home/pi/linorobot2_ws/src/install/sllidar_ros2/share/sllidar_ros2/package.dsv'
[70.661s] INFO:colcon.colcon_core.shell:Creating package script '/home/pi/linorobot2_ws/src/install/sllidar_ros2/share/sllidar_ros2/package.sh'
[70.662s] INFO:colcon.colcon_core.shell:Creating package script '/home/pi/linorobot2_ws/src/install/sllidar_ros2/share/sllidar_ros2/package.bash'
[70.665s] INFO:colcon.colcon_core.shell:Creating package script '/home/pi/linorobot2_ws/src/install/sllidar_ros2/share/sllidar_ros2/package.zsh'
[70.667s] Level 1:colcon.colcon_core.environment:create_file_with_runtime_dependencies(/home/pi/linorobot2_ws/src/install/sllidar_ros2/share/colcon-core/packages/sllidar_ros2)
[70.669s] Level 1:colcon.colcon_core.environment:create_environment_scripts_only(sllidar_ros2)
[70.670s] Level 1:colcon.colcon_core.environment:checking '/home/pi/linorobot2_ws/src/install/sllidar_ros2' for CMake module files
[70.673s] Level 1:colcon.colcon_core.environment:checking '/home/pi/linorobot2_ws/src/install/sllidar_ros2' for CMake config files
[70.675s] Level 1:colcon.colcon_core.shell:create_environment_hook('sllidar_ros2', 'cmake_prefix_path')
[70.675s] INFO:colcon.colcon_core.shell:Creating environment hook '/home/pi/linorobot2_ws/src/install/sllidar_ros2/share/sllidar_ros2/hook/cmake_prefix_path.ps1'
[70.677s] INFO:colcon.colcon_core.shell:Creating environment descriptor '/home/pi/linorobot2_ws/src/install/sllidar_ros2/share/sllidar_ros2/hook/cmake_prefix_path.dsv'
[70.679s] INFO:colcon.colcon_core.shell:Creating environment hook '/home/pi/linorobot2_ws/src/install/sllidar_ros2/share/sllidar_ros2/hook/cmake_prefix_path.sh'
[70.682s] Level 1:colcon.colcon_core.environment:checking '/home/pi/linorobot2_ws/src/install/sllidar_ros2/lib'
[70.683s] Level 1:colcon.colcon_core.environment:checking '/home/pi/linorobot2_ws/src/install/sllidar_ros2/bin'
[70.683s] Level 1:colcon.colcon_core.environment:checking '/home/pi/linorobot2_ws/src/install/sllidar_ros2/lib/pkgconfig/sllidar_ros2.pc'
[70.684s] Level 1:colcon.colcon_core.environment:checking '/home/pi/linorobot2_ws/src/install/sllidar_ros2/lib/python3.10/site-packages'
[70.685s] Level 1:colcon.colcon_core.environment:checking '/home/pi/linorobot2_ws/src/install/sllidar_ros2/bin'
[70.686s] INFO:colcon.colcon_core.shell:Creating package script '/home/pi/linorobot2_ws/src/install/sllidar_ros2/share/sllidar_ros2/package.ps1'
[70.688s] INFO:colcon.colcon_core.shell:Creating package descriptor '/home/pi/linorobot2_ws/src/install/sllidar_ros2/share/sllidar_ros2/package.dsv'
[70.691s] INFO:colcon.colcon_core.shell:Creating package script '/home/pi/linorobot2_ws/src/install/sllidar_ros2/share/sllidar_ros2/package.sh'
[70.693s] INFO:colcon.colcon_core.shell:Creating package script '/home/pi/linorobot2_ws/src/install/sllidar_ros2/share/sllidar_ros2/package.bash'
[70.695s] INFO:colcon.colcon_core.shell:Creating package script '/home/pi/linorobot2_ws/src/install/sllidar_ros2/share/sllidar_ros2/package.zsh'
[70.697s] Level 1:colcon.colcon_core.environment:create_file_with_runtime_dependencies(/home/pi/linorobot2_ws/src/install/sllidar_ros2/share/colcon-core/packages/sllidar_ros2)
[70.698s] DEBUG:colcon.colcon_parallel_executor.executor.parallel:closing loop
[70.701s] DEBUG:colcon.colcon_parallel_executor.executor.parallel:loop closed
[70.701s] DEBUG:colcon.colcon_parallel_executor.executor.parallel:run_until_complete finished with '0'
[70.702s] DEBUG:colcon.colcon_core.event_reactor:joining thread
[70.737s] INFO:colcon.colcon_core.plugin_system:Skipping extension 'colcon_notification.desktop_notification.notify_send': Could not find 'notify-send'
[70.738s] INFO:colcon.colcon_core.plugin_system:Skipping extension 'colcon_notification.desktop_notification.terminal_notifier': Not used on non-Darwin systems
[70.738s] INFO:colcon.colcon_core.plugin_system:Skipping extension 'colcon_notification.desktop_notification.win32': Not used on non-Windows systems
[70.739s] INFO:colcon.colcon_notification.desktop_notification:Sending desktop notification using 'notify2'
[70.742s] DEBUG:colcon.colcon_notification.desktop_notification.notify2:Failed to initialize notify2: org.freedesktop.DBus.Error.ServiceUnknown: The name org.freedesktop.Notifications was not provided by any .service files
[70.743s] DEBUG:colcon.colcon_core.event_reactor:joined thread
[70.744s] INFO:colcon.colcon_core.shell:Creating prefix script '/home/pi/linorobot2_ws/src/install/local_setup.ps1'
[70.749s] INFO:colcon.colcon_core.shell:Creating prefix util module '/home/pi/linorobot2_ws/src/install/_local_setup_util_ps1.py'
[70.761s] INFO:colcon.colcon_core.shell:Creating prefix chain script '/home/pi/linorobot2_ws/src/install/setup.ps1'
[70.776s] INFO:colcon.colcon_core.shell:Creating prefix script '/home/pi/linorobot2_ws/src/install/local_setup.sh'
[70.782s] INFO:colcon.colcon_core.shell:Creating prefix util module '/home/pi/linorobot2_ws/src/install/_local_setup_util_sh.py'
[70.789s] INFO:colcon.colcon_core.shell:Creating prefix chain script '/home/pi/linorobot2_ws/src/install/setup.sh'
[70.809s] INFO:colcon.colcon_core.shell:Creating prefix script '/home/pi/linorobot2_ws/src/install/local_setup.bash'
[70.814s] INFO:colcon.colcon_core.shell:Creating prefix chain script '/home/pi/linorobot2_ws/src/install/setup.bash'
[70.826s] INFO:colcon.colcon_core.shell:Creating prefix script '/home/pi/linorobot2_ws/src/install/local_setup.zsh'
[70.829s] INFO:colcon.colcon_core.shell:Creating prefix chain script '/home/pi/linorobot2_ws/src/install/setup.zsh'
